---------------------------------------------------------------
[ 2019-06-02T12:56:13+08:00 ] 0.0.0.0 GET localhost/lmeriPro/newLmeri/web/index.php?s=/store/order/all_list
[运行时间：1.693936s] [吞吐率：0.59req/s] [内存消耗：4,897.23kb] [文件加载：90]
[ info ] [ LANG ] D:\wamp\www\lmeriPro\newLmeri\source\thinkphp\lang\zh-cn.php
[ info ] [ ROUTE ] array (
  'type' => 'module',
  'module' => 
  array (
    0 => 'store',
    1 => 'order',
    2 => 'all_list',
  ),
)
[ info ] [ HEADER ] array (
  'host' => 'localhost',
  'connection' => 'keep-alive',
  'upgrade-insecure-requests' => '1',
  'user-agent' => 'Mozilla/5.0 (Windows NT 10.0; WOW64) AppleWebKit/537.36 (KHTML, like Gecko) Chrome/65.0.3325.181 Safari/537.36',
  'accept' => 'text/html,application/xhtml+xml,application/xml;q=0.9,image/webp,image/apng,*/*;q=0.8',
  'referer' => 'http://localhost/lmeriPro/newLmeri/web/index.php?s=/store/order/all_list',
  'accept-encoding' => 'gzip, deflate, br',
  'accept-language' => 'zh-CN,zh;q=0.9',
  'cookie' => 'PHPSESSID=9512l4e2k6q2itafapo07gcus6',
)
[ info ] [ PARAM ] array (
)
[ info ] [ BEHAVIOR ] Run app\common\behavior\App @app_begin [ RunTime:0.006629s ]
[ info ] [ SESSION ] INIT array (
  'id' => '',
  'var_session_id' => '',
  'prefix' => '',
  'type' => '',
  'auto_start' => true,
)
[ info ] [ DB ] INIT mysql
[ info ] [ CACHE ] INIT File
[ info ] [ RUN ] app\store\controller\Order->all_list[ D:\wamp\www\lmeriPro\newLmeri\source\application\store\controller\Order.php ]
[ info ] [ BEHAVIOR ] Run app\task\behavior\Order @order [ RunTime:0.194669s ]
[ info ] [ BEHAVIOR ] Run app\task\behavior\Order @order [ RunTime:0.194749s ]
[ info ] [ VIEW ] D:\wamp\www\lmeriPro\newLmeri\web/../source/application/store\view\order\index.php [ array (
  0 => 'base_url',
  1 => 'store_url',
  2 => 'group',
  3 => 'menus',
  4 => 'store',
  5 => 'setting',
  6 => 'request',
  7 => 'version',
  8 => 'title',
  9 => 'dataType',
  10 => 'list',
  11 => 'shopList',
) ]
[ info ] [ LOG ] INIT File
