---------------------------------------------------------------
[ 2019-05-30T15:42:04+08:00 ] 0.0.0.0 GET localhost/lmeriPro/newLmeri/web/index.php?s=/store/passport/login
[ sql ] [ DB ] CONNECT:[ UseTime:0.011648s ] mysql:host=127.0.0.1;port=3306;dbname=yoshop_pro;charset=utf8
[ sql ] [ SQL ] SHOW COLUMNS FROM `yoshop_store_user` [ RunTime:0.103735s ]
[ sql ] [ SQL ] SELECT * FROM `yoshop_store_user` WHERE  `is_delete` = 0  AND `store_user_id` = 0 LIMIT 1 [ RunTime:0.000607s ]
---------------------------------------------------------------
[ 2019-05-30T15:43:08+08:00 ] 0.0.0.0 POST localhost/lmeriPro/newLmeri/web/index.php?s=/store/passport/login
[ sql ] [ DB ] CONNECT:[ UseTime:0.011479s ] mysql:host=127.0.0.1;port=3306;dbname=yoshop_pro;charset=utf8
[ sql ] [ SQL ] SHOW COLUMNS FROM `yoshop_store_user` [ RunTime:0.001461s ]
[ sql ] [ SQL ] SELECT * FROM `yoshop_store_user` WHERE  `is_delete` = 0  AND `store_user_id` = 0 LIMIT 1 [ RunTime:0.000374s ]
[ sql ] [ SQL ] SHOW COLUMNS FROM `yoshop_wxapp` [ RunTime:0.001487s ]
[ sql ] [ SQL ] SELECT * FROM `yoshop_store_user` WHERE  `user_name` = 'admin'  AND `password` = '9c4cb25665cf08667c815420ab383cb5'  AND `is_delete` = 0 LIMIT 1 [ RunTime:0.032295s ]
[ sql ] [ SQL ] SELECT * FROM `yoshop_wxapp` WHERE  `wxapp_id` = 10001 [ RunTime:0.000559s ]
---------------------------------------------------------------
[ 2019-05-30T15:43:10+08:00 ] 0.0.0.0 GET localhost/lmeriPro/newLmeri/web/index.php?s=/store/index/index
[ sql ] [ DB ] CONNECT:[ UseTime:0.011729s ] mysql:host=127.0.0.1;port=3306;dbname=yoshop_pro;charset=utf8
[ sql ] [ SQL ] SHOW COLUMNS FROM `yoshop_store_user` [ RunTime:0.002003s ]
[ sql ] [ SQL ] SELECT * FROM `yoshop_store_user` WHERE  `yoshop_store_user`.`wxapp_id` = 10001  AND `is_delete` = 0  AND `store_user_id` = 10001 LIMIT 1 [ RunTime:0.000646s ]
[ sql ] [ SQL ] SHOW COLUMNS FROM `yoshop_setting` [ RunTime:0.001818s ]
[ sql ] [ SQL ] SELECT * FROM `yoshop_setting` WHERE  `yoshop_setting`.`wxapp_id` = 10001  AND `wxapp_id` = 10001 [ RunTime:0.000642s ]
[ sql ] [ SQL ] SHOW COLUMNS FROM `yoshop_order` [ RunTime:0.001324s ]
[ sql ] [ SQL ] SELECT `order_id` FROM `yoshop_order` WHERE  ( `yoshop_order`.`wxapp_id` = 10001 AND `yoshop_order`.`wxapp_id` = 10001 )  AND `pay_status` = 10  AND `order_status` = 10  AND `create_time` < 1558942990 [ RunTime:0.000529s ]
[ sql ] [ SQL ] SELECT `order_id` FROM `yoshop_order` WHERE  `yoshop_order`.`wxapp_id` = 10001  AND `pay_status` = 20  AND `delivery_status` = 20  AND `receipt_status` = 10  AND `delivery_time` < 1558338190 [ RunTime:0.000453s ]
[ sql ] [ SQL ] UPDATE `yoshop_order`  SET `receipt_status`=20,`receipt_time`=1559202190,`order_status`=30,`update_time`=1559202190  WHERE  `order_id` IN ('') [ RunTime:0.011790s ]
[ sql ] [ SQL ] SHOW COLUMNS FROM `yoshop_user` [ RunTime:0.001817s ]
[ sql ] [ SQL ] SHOW COLUMNS FROM `yoshop_express` [ RunTime:0.001443s ]
[ sql ] [ SQL ] SELECT * FROM `yoshop_order` WHERE  `yoshop_order`.`wxapp_id` = 10001  AND `order_id` IN ('')  AND `is_delete` = 0 [ RunTime:0.000539s ]
[ sql ] [ SQL ] SHOW COLUMNS FROM `yoshop_goods` [ RunTime:0.002083s ]
[ sql ] [ SQL ] SELECT COUNT(*) AS tp_count FROM `yoshop_goods` WHERE  ( `yoshop_goods`.`wxapp_id` = 10001 AND `yoshop_goods`.`wxapp_id` = 10001 )  AND `is_delete` = 0 LIMIT 1 [ RunTime:0.022743s ]
[ sql ] [ SQL ] SELECT COUNT(*) AS tp_count FROM `yoshop_user` WHERE  `yoshop_user`.`wxapp_id` = 10001  AND `is_delete` = 0 LIMIT 1 [ RunTime:0.000396s ]
[ sql ] [ SQL ] SELECT COUNT(*) AS tp_count FROM `yoshop_order` WHERE  `yoshop_order`.`wxapp_id` = 10001  AND `pay_status` = 20  AND `order_status` <> 20  AND `is_delete` = 0 LIMIT 1 [ RunTime:0.000363s ]
[ sql ] [ SQL ] SHOW COLUMNS FROM `yoshop_comment` [ RunTime:0.001327s ]
[ sql ] [ SQL ] SELECT COUNT(*) AS tp_count FROM `yoshop_comment` WHERE  `yoshop_comment`.`wxapp_id` = 10001  AND `is_delete` = 0 LIMIT 1 [ RunTime:0.000422s ]
[ sql ] [ SQL ] SELECT SUM(pay_price) AS tp_sum FROM `yoshop_order` WHERE  `yoshop_order`.`wxapp_id` = 10001  AND ( `pay_time` >= 1559145600 AND `pay_time` < 1559232000 )  AND `pay_status` = 20  AND `order_status` <> 20  AND `is_delete` = 0 LIMIT 1 [ RunTime:0.001206s ]
[ sql ] [ SQL ] SELECT SUM(pay_price) AS tp_sum FROM `yoshop_order` WHERE  `yoshop_order`.`wxapp_id` = 10001  AND ( `pay_time` >= 1559059200 AND `pay_time` < 1559145600 )  AND `pay_status` = 20  AND `order_status` <> 20  AND `is_delete` = 0 LIMIT 1 [ RunTime:0.001395s ]
[ sql ] [ SQL ] SELECT COUNT(*) AS tp_count FROM `yoshop_order` WHERE  `yoshop_order`.`wxapp_id` = 10001  AND `pay_status` = 20  AND `order_status` <> 20  AND ( `pay_time` >= 1559145600 AND `pay_time` < 1559232000 )  AND `is_delete` = 0 LIMIT 1 [ RunTime:0.001219s ]
[ sql ] [ SQL ] SELECT COUNT(*) AS tp_count FROM `yoshop_order` WHERE  `yoshop_order`.`wxapp_id` = 10001  AND `pay_status` = 20  AND `order_status` <> 20  AND ( `pay_time` >= 1559059200 AND `pay_time` < 1559145600 )  AND `is_delete` = 0 LIMIT 1 [ RunTime:0.001264s ]
[ sql ] [ SQL ] SELECT COUNT(*) AS tp_count FROM `yoshop_user` WHERE  ( `yoshop_user`.`wxapp_id` = 10001 AND `yoshop_user`.`wxapp_id` = 10001 )  AND ( `create_time` >= 1559145600 AND `create_time` < 1559232000 )  AND `is_delete` = 0 LIMIT 1 [ RunTime:0.001467s ]
[ sql ] [ SQL ] SELECT COUNT(*) AS tp_count FROM `yoshop_user` WHERE  ( `yoshop_user`.`wxapp_id` = 10001 AND `yoshop_user`.`wxapp_id` = 10001 )  AND ( `create_time` >= 1559059200 AND `create_time` < 1559145600 )  AND `is_delete` = 0 LIMIT 1 [ RunTime:0.001208s ]
[ sql ] [ SQL ] SELECT DISTINCT  `user_id` FROM `yoshop_order` WHERE  `yoshop_order`.`wxapp_id` = 10001  AND ( `pay_time` >= 1559145600 AND `pay_time` < 1559232000 )  AND `pay_status` = 20  AND `is_delete` = 0 [ RunTime:0.001701s ]
[ sql ] [ SQL ] SELECT DISTINCT  `user_id` FROM `yoshop_order` WHERE  `yoshop_order`.`wxapp_id` = 10001  AND ( `pay_time` >= 1559059200 AND `pay_time` < 1559145600 )  AND `pay_status` = 20  AND `is_delete` = 0 [ RunTime:0.001423s ]
[ sql ] [ SQL ] SELECT COUNT(*) AS tp_count FROM `yoshop_order` WHERE  `yoshop_order`.`wxapp_id` = 10001  AND `pay_status` = 20  AND `order_status` <> 20  AND ( `pay_time` >= 1558627200 AND `pay_time` < 1558713600 )  AND `is_delete` = 0 LIMIT 1 [ RunTime:0.001295s ]
[ sql ] [ SQL ] SELECT COUNT(*) AS tp_count FROM `yoshop_order` WHERE  `yoshop_order`.`wxapp_id` = 10001  AND `pay_status` = 20  AND `order_status` <> 20  AND ( `pay_time` >= 1558713600 AND `pay_time` < 1558800000 )  AND `is_delete` = 0 LIMIT 1 [ RunTime:0.001796s ]
[ sql ] [ SQL ] SELECT COUNT(*) AS tp_count FROM `yoshop_order` WHERE  `yoshop_order`.`wxapp_id` = 10001  AND `pay_status` = 20  AND `order_status` <> 20  AND ( `pay_time` >= 1558800000 AND `pay_time` < 1558886400 )  AND `is_delete` = 0 LIMIT 1 [ RunTime:0.001353s ]
[ sql ] [ SQL ] SELECT COUNT(*) AS tp_count FROM `yoshop_order` WHERE  `yoshop_order`.`wxapp_id` = 10001  AND `pay_status` = 20  AND `order_status` <> 20  AND ( `pay_time` >= 1558886400 AND `pay_time` < 1558972800 )  AND `is_delete` = 0 LIMIT 1 [ RunTime:0.000705s ]
[ sql ] [ SQL ] SELECT COUNT(*) AS tp_count FROM `yoshop_order` WHERE  `yoshop_order`.`wxapp_id` = 10001  AND `pay_status` = 20  AND `order_status` <> 20  AND ( `pay_time` >= 1558972800 AND `pay_time` < 1559059200 )  AND `is_delete` = 0 LIMIT 1 [ RunTime:0.000698s ]
[ sql ] [ SQL ] SELECT COUNT(*) AS tp_count FROM `yoshop_order` WHERE  `yoshop_order`.`wxapp_id` = 10001  AND `pay_status` = 20  AND `order_status` <> 20  AND ( `pay_time` >= 1559059200 AND `pay_time` < 1559145600 )  AND `is_delete` = 0 LIMIT 1 [ RunTime:0.000712s ]
[ sql ] [ SQL ] SELECT COUNT(*) AS tp_count FROM `yoshop_order` WHERE  `yoshop_order`.`wxapp_id` = 10001  AND `pay_status` = 20  AND `order_status` <> 20  AND ( `pay_time` >= 1559145600 AND `pay_time` < 1559232000 )  AND `is_delete` = 0 LIMIT 1 [ RunTime:0.000705s ]
[ sql ] [ SQL ] SELECT SUM(pay_price) AS tp_sum FROM `yoshop_order` WHERE  `yoshop_order`.`wxapp_id` = 10001  AND ( `pay_time` >= 1558627200 AND `pay_time` < 1558713600 )  AND `pay_status` = 20  AND `order_status` <> 20  AND `is_delete` = 0 LIMIT 1 [ RunTime:0.000850s ]
[ sql ] [ SQL ] SELECT SUM(pay_price) AS tp_sum FROM `yoshop_order` WHERE  `yoshop_order`.`wxapp_id` = 10001  AND ( `pay_time` >= 1558713600 AND `pay_time` < 1558800000 )  AND `pay_status` = 20  AND `order_status` <> 20  AND `is_delete` = 0 LIMIT 1 [ RunTime:0.000697s ]
[ sql ] [ SQL ] SELECT SUM(pay_price) AS tp_sum FROM `yoshop_order` WHERE  `yoshop_order`.`wxapp_id` = 10001  AND ( `pay_time` >= 1558800000 AND `pay_time` < 1558886400 )  AND `pay_status` = 20  AND `order_status` <> 20  AND `is_delete` = 0 LIMIT 1 [ RunTime:0.000681s ]
[ sql ] [ SQL ] SELECT SUM(pay_price) AS tp_sum FROM `yoshop_order` WHERE  `yoshop_order`.`wxapp_id` = 10001  AND ( `pay_time` >= 1558886400 AND `pay_time` < 1558972800 )  AND `pay_status` = 20  AND `order_status` <> 20  AND `is_delete` = 0 LIMIT 1 [ RunTime:0.001021s ]
[ sql ] [ SQL ] SELECT SUM(pay_price) AS tp_sum FROM `yoshop_order` WHERE  `yoshop_order`.`wxapp_id` = 10001  AND ( `pay_time` >= 1558972800 AND `pay_time` < 1559059200 )  AND `pay_status` = 20  AND `order_status` <> 20  AND `is_delete` = 0 LIMIT 1 [ RunTime:0.000874s ]
[ sql ] [ SQL ] SELECT SUM(pay_price) AS tp_sum FROM `yoshop_order` WHERE  `yoshop_order`.`wxapp_id` = 10001  AND ( `pay_time` >= 1559059200 AND `pay_time` < 1559145600 )  AND `pay_status` = 20  AND `order_status` <> 20  AND `is_delete` = 0 LIMIT 1 [ RunTime:0.000649s ]
[ sql ] [ SQL ] SELECT SUM(pay_price) AS tp_sum FROM `yoshop_order` WHERE  `yoshop_order`.`wxapp_id` = 10001  AND ( `pay_time` >= 1559145600 AND `pay_time` < 1559232000 )  AND `pay_status` = 20  AND `order_status` <> 20  AND `is_delete` = 0 LIMIT 1 [ RunTime:0.000517s ]
---------------------------------------------------------------
[ 2019-05-30T15:43:15+08:00 ] 0.0.0.0 GET localhost/lmeriPro/newLmeri/web/index.php?s=/store/goods/index
[ sql ] [ DB ] CONNECT:[ UseTime:0.010817s ] mysql:host=127.0.0.1;port=3306;dbname=yoshop_pro;charset=utf8
[ sql ] [ SQL ] SHOW COLUMNS FROM `yoshop_store_user` [ RunTime:0.001345s ]
[ sql ] [ SQL ] SELECT * FROM `yoshop_store_user` WHERE  `yoshop_store_user`.`wxapp_id` = 10001  AND `is_delete` = 0  AND `store_user_id` = 10001 LIMIT 1 [ RunTime:0.000508s ]
[ sql ] [ SQL ] SHOW COLUMNS FROM `yoshop_category` [ RunTime:0.002811s ]
[ sql ] [ SQL ] SELECT * FROM `yoshop_category` WHERE  `yoshop_category`.`wxapp_id` = 10001 ORDER BY `sort` ASC,`create_time` ASC [ RunTime:0.000454s ]
[ sql ] [ SQL ] SHOW COLUMNS FROM `yoshop_goods_sku` [ RunTime:0.001258s ]
[ sql ] [ SQL ] SHOW COLUMNS FROM `yoshop_goods` [ RunTime:0.001004s ]
[ sql ] [ SQL ] SELECT COUNT(*) AS tp_count FROM `yoshop_goods` WHERE  ( `yoshop_goods`.`wxapp_id` = 10001 AND `yoshop_goods`.`wxapp_id` = 10001 )  AND `is_delete` = 0 LIMIT 1 [ RunTime:0.001725s ]
---------------------------------------------------------------
[ 2019-05-30T15:43:17+08:00 ] 0.0.0.0 GET localhost/lmeriPro/newLmeri/web/index.php?s=/store/index/index
[ sql ] [ DB ] CONNECT:[ UseTime:0.011047s ] mysql:host=127.0.0.1;port=3306;dbname=yoshop_pro;charset=utf8
[ sql ] [ SQL ] SHOW COLUMNS FROM `yoshop_store_user` [ RunTime:0.003079s ]
[ sql ] [ SQL ] SELECT * FROM `yoshop_store_user` WHERE  `yoshop_store_user`.`wxapp_id` = 10001  AND `is_delete` = 0  AND `store_user_id` = 10001 LIMIT 1 [ RunTime:0.001813s ]
[ sql ] [ SQL ] SHOW COLUMNS FROM `yoshop_goods` [ RunTime:0.001490s ]
[ sql ] [ SQL ] SELECT COUNT(*) AS tp_count FROM `yoshop_goods` WHERE  ( `yoshop_goods`.`wxapp_id` = 10001 AND `yoshop_goods`.`wxapp_id` = 10001 )  AND `is_delete` = 0 LIMIT 1 [ RunTime:0.002792s ]
[ sql ] [ SQL ] SHOW COLUMNS FROM `yoshop_user` [ RunTime:0.002316s ]
[ sql ] [ SQL ] SELECT COUNT(*) AS tp_count FROM `yoshop_user` WHERE  `yoshop_user`.`wxapp_id` = 10001  AND `is_delete` = 0 LIMIT 1 [ RunTime:0.000415s ]
[ sql ] [ SQL ] SHOW COLUMNS FROM `yoshop_order` [ RunTime:0.001236s ]
[ sql ] [ SQL ] SELECT COUNT(*) AS tp_count FROM `yoshop_order` WHERE  `yoshop_order`.`wxapp_id` = 10001  AND `pay_status` = 20  AND `order_status` <> 20  AND `is_delete` = 0 LIMIT 1 [ RunTime:0.000386s ]
[ sql ] [ SQL ] SHOW COLUMNS FROM `yoshop_comment` [ RunTime:0.001129s ]
[ sql ] [ SQL ] SELECT COUNT(*) AS tp_count FROM `yoshop_comment` WHERE  `yoshop_comment`.`wxapp_id` = 10001  AND `is_delete` = 0 LIMIT 1 [ RunTime:0.000404s ]
[ sql ] [ SQL ] SELECT SUM(pay_price) AS tp_sum FROM `yoshop_order` WHERE  `yoshop_order`.`wxapp_id` = 10001  AND ( `pay_time` >= 1559145600 AND `pay_time` < 1559232000 )  AND `pay_status` = 20  AND `order_status` <> 20  AND `is_delete` = 0 LIMIT 1 [ RunTime:0.000448s ]
[ sql ] [ SQL ] SELECT SUM(pay_price) AS tp_sum FROM `yoshop_order` WHERE  `yoshop_order`.`wxapp_id` = 10001  AND ( `pay_time` >= 1559059200 AND `pay_time` < 1559145600 )  AND `pay_status` = 20  AND `order_status` <> 20  AND `is_delete` = 0 LIMIT 1 [ RunTime:0.000457s ]
[ sql ] [ SQL ] SELECT COUNT(*) AS tp_count FROM `yoshop_order` WHERE  `yoshop_order`.`wxapp_id` = 10001  AND `pay_status` = 20  AND `order_status` <> 20  AND ( `pay_time` >= 1559145600 AND `pay_time` < 1559232000 )  AND `is_delete` = 0 LIMIT 1 [ RunTime:0.001487s ]
[ sql ] [ SQL ] SELECT COUNT(*) AS tp_count FROM `yoshop_order` WHERE  `yoshop_order`.`wxapp_id` = 10001  AND `pay_status` = 20  AND `order_status` <> 20  AND ( `pay_time` >= 1559059200 AND `pay_time` < 1559145600 )  AND `is_delete` = 0 LIMIT 1 [ RunTime:0.000587s ]
[ sql ] [ SQL ] SELECT COUNT(*) AS tp_count FROM `yoshop_user` WHERE  ( `yoshop_user`.`wxapp_id` = 10001 AND `yoshop_user`.`wxapp_id` = 10001 )  AND ( `create_time` >= 1559145600 AND `create_time` < 1559232000 )  AND `is_delete` = 0 LIMIT 1 [ RunTime:0.000370s ]
[ sql ] [ SQL ] SELECT COUNT(*) AS tp_count FROM `yoshop_user` WHERE  ( `yoshop_user`.`wxapp_id` = 10001 AND `yoshop_user`.`wxapp_id` = 10001 )  AND ( `create_time` >= 1559059200 AND `create_time` < 1559145600 )  AND `is_delete` = 0 LIMIT 1 [ RunTime:0.000357s ]
[ sql ] [ SQL ] SELECT DISTINCT  `user_id` FROM `yoshop_order` WHERE  `yoshop_order`.`wxapp_id` = 10001  AND ( `pay_time` >= 1559145600 AND `pay_time` < 1559232000 )  AND `pay_status` = 20  AND `is_delete` = 0 [ RunTime:0.000379s ]
[ sql ] [ SQL ] SELECT DISTINCT  `user_id` FROM `yoshop_order` WHERE  `yoshop_order`.`wxapp_id` = 10001  AND ( `pay_time` >= 1559059200 AND `pay_time` < 1559145600 )  AND `pay_status` = 20  AND `is_delete` = 0 [ RunTime:0.000340s ]
[ sql ] [ SQL ] SELECT COUNT(*) AS tp_count FROM `yoshop_order` WHERE  `yoshop_order`.`wxapp_id` = 10001  AND `pay_status` = 20  AND `order_status` <> 20  AND ( `pay_time` >= 1558627200 AND `pay_time` < 1558713600 )  AND `is_delete` = 0 LIMIT 1 [ RunTime:0.000423s ]
[ sql ] [ SQL ] SELECT COUNT(*) AS tp_count FROM `yoshop_order` WHERE  `yoshop_order`.`wxapp_id` = 10001  AND `pay_status` = 20  AND `order_status` <> 20  AND ( `pay_time` >= 1558713600 AND `pay_time` < 1558800000 )  AND `is_delete` = 0 LIMIT 1 [ RunTime:0.000423s ]
[ sql ] [ SQL ] SELECT COUNT(*) AS tp_count FROM `yoshop_order` WHERE  `yoshop_order`.`wxapp_id` = 10001  AND `pay_status` = 20  AND `order_status` <> 20  AND ( `pay_time` >= 1558800000 AND `pay_time` < 1558886400 )  AND `is_delete` = 0 LIMIT 1 [ RunTime:0.000399s ]
[ sql ] [ SQL ] SELECT COUNT(*) AS tp_count FROM `yoshop_order` WHERE  `yoshop_order`.`wxapp_id` = 10001  AND `pay_status` = 20  AND `order_status` <> 20  AND ( `pay_time` >= 1558886400 AND `pay_time` < 1558972800 )  AND `is_delete` = 0 LIMIT 1 [ RunTime:0.000494s ]
[ sql ] [ SQL ] SELECT COUNT(*) AS tp_count FROM `yoshop_order` WHERE  `yoshop_order`.`wxapp_id` = 10001  AND `pay_status` = 20  AND `order_status` <> 20  AND ( `pay_time` >= 1558972800 AND `pay_time` < 1559059200 )  AND `is_delete` = 0 LIMIT 1 [ RunTime:0.001046s ]
[ sql ] [ SQL ] SELECT COUNT(*) AS tp_count FROM `yoshop_order` WHERE  `yoshop_order`.`wxapp_id` = 10001  AND `pay_status` = 20  AND `order_status` <> 20  AND ( `pay_time` >= 1559059200 AND `pay_time` < 1559145600 )  AND `is_delete` = 0 LIMIT 1 [ RunTime:0.000395s ]
[ sql ] [ SQL ] SELECT COUNT(*) AS tp_count FROM `yoshop_order` WHERE  `yoshop_order`.`wxapp_id` = 10001  AND `pay_status` = 20  AND `order_status` <> 20  AND ( `pay_time` >= 1559145600 AND `pay_time` < 1559232000 )  AND `is_delete` = 0 LIMIT 1 [ RunTime:0.000402s ]
[ sql ] [ SQL ] SELECT SUM(pay_price) AS tp_sum FROM `yoshop_order` WHERE  `yoshop_order`.`wxapp_id` = 10001  AND ( `pay_time` >= 1558627200 AND `pay_time` < 1558713600 )  AND `pay_status` = 20  AND `order_status` <> 20  AND `is_delete` = 0 LIMIT 1 [ RunTime:0.000352s ]
[ sql ] [ SQL ] SELECT SUM(pay_price) AS tp_sum FROM `yoshop_order` WHERE  `yoshop_order`.`wxapp_id` = 10001  AND ( `pay_time` >= 1558713600 AND `pay_time` < 1558800000 )  AND `pay_status` = 20  AND `order_status` <> 20  AND `is_delete` = 0 LIMIT 1 [ RunTime:0.000780s ]
[ sql ] [ SQL ] SELECT SUM(pay_price) AS tp_sum FROM `yoshop_order` WHERE  `yoshop_order`.`wxapp_id` = 10001  AND ( `pay_time` >= 1558800000 AND `pay_time` < 1558886400 )  AND `pay_status` = 20  AND `order_status` <> 20  AND `is_delete` = 0 LIMIT 1 [ RunTime:0.000444s ]
[ sql ] [ SQL ] SELECT SUM(pay_price) AS tp_sum FROM `yoshop_order` WHERE  `yoshop_order`.`wxapp_id` = 10001  AND ( `pay_time` >= 1558886400 AND `pay_time` < 1558972800 )  AND `pay_status` = 20  AND `order_status` <> 20  AND `is_delete` = 0 LIMIT 1 [ RunTime:0.000368s ]
[ sql ] [ SQL ] SELECT SUM(pay_price) AS tp_sum FROM `yoshop_order` WHERE  `yoshop_order`.`wxapp_id` = 10001  AND ( `pay_time` >= 1558972800 AND `pay_time` < 1559059200 )  AND `pay_status` = 20  AND `order_status` <> 20  AND `is_delete` = 0 LIMIT 1 [ RunTime:0.000374s ]
[ sql ] [ SQL ] SELECT SUM(pay_price) AS tp_sum FROM `yoshop_order` WHERE  `yoshop_order`.`wxapp_id` = 10001  AND ( `pay_time` >= 1559059200 AND `pay_time` < 1559145600 )  AND `pay_status` = 20  AND `order_status` <> 20  AND `is_delete` = 0 LIMIT 1 [ RunTime:0.000287s ]
[ sql ] [ SQL ] SELECT SUM(pay_price) AS tp_sum FROM `yoshop_order` WHERE  `yoshop_order`.`wxapp_id` = 10001  AND ( `pay_time` >= 1559145600 AND `pay_time` < 1559232000 )  AND `pay_status` = 20  AND `order_status` <> 20  AND `is_delete` = 0 LIMIT 1 [ RunTime:0.001128s ]
---------------------------------------------------------------
[ 2019-05-30T15:43:31+08:00 ] 0.0.0.0 GET localhost/lmeriPro/newLmeri/web/index.php?s=/store/order/all_list
[ sql ] [ DB ] CONNECT:[ UseTime:0.010709s ] mysql:host=127.0.0.1;port=3306;dbname=yoshop_pro;charset=utf8
[ sql ] [ SQL ] SHOW COLUMNS FROM `yoshop_store_user` [ RunTime:0.001468s ]
[ sql ] [ SQL ] SELECT * FROM `yoshop_store_user` WHERE  `yoshop_store_user`.`wxapp_id` = 10001  AND `is_delete` = 0  AND `store_user_id` = 10001 LIMIT 1 [ RunTime:0.000390s ]
[ sql ] [ SQL ] SHOW COLUMNS FROM `yoshop_order` [ RunTime:0.001373s ]
[ sql ] [ SQL ] SHOW COLUMNS FROM `yoshop_user` [ RunTime:0.001245s ]
[ sql ] [ SQL ] SELECT COUNT(*) AS tp_count FROM `yoshop_order` `order` INNER JOIN `yoshop_user` `user` ON `user`.`user_id`=`order`.`user_id` WHERE  `order`.`wxapp_id` = 10001  AND `order`.`is_delete` = 0 LIMIT 1 [ RunTime:0.000665s ]
[ sql ] [ SQL ] SELECT `order`.* FROM `yoshop_order` `order` INNER JOIN `yoshop_user` `user` ON `user`.`user_id`=`order`.`user_id` WHERE  `order`.`wxapp_id` = 10001  AND `order`.`is_delete` = 0 ORDER BY `order`.`create_time` DESC LIMIT 0,10 [ RunTime:0.000847s ]
[ sql ] [ SQL ] SHOW COLUMNS FROM `yoshop_store_shop` [ RunTime:0.001522s ]
[ sql ] [ SQL ] SELECT * FROM `yoshop_store_shop` WHERE  `yoshop_store_shop`.`wxapp_id` = 10001  AND `is_delete` = 0 ORDER BY `sort` ASC,`create_time` DESC [ RunTime:0.000567s ]
---------------------------------------------------------------
[ 2019-05-30T15:43:45+08:00 ] 0.0.0.0 GET localhost/lmeriPro/newLmeri/web/index.php?s=/store/order/all_list
[ sql ] [ DB ] CONNECT:[ UseTime:0.010771s ] mysql:host=127.0.0.1;port=3306;dbname=yoshop_pro;charset=utf8
[ sql ] [ SQL ] SHOW COLUMNS FROM `yoshop_store_user` [ RunTime:0.001460s ]
[ sql ] [ SQL ] SELECT * FROM `yoshop_store_user` WHERE  `yoshop_store_user`.`wxapp_id` = 10001  AND `is_delete` = 0  AND `store_user_id` = 10001 LIMIT 1 [ RunTime:0.000425s ]
[ sql ] [ SQL ] SHOW COLUMNS FROM `yoshop_order` [ RunTime:0.001305s ]
[ sql ] [ SQL ] SHOW COLUMNS FROM `yoshop_user` [ RunTime:0.001105s ]
[ sql ] [ SQL ] SELECT COUNT(*) AS tp_count FROM `yoshop_order` `order` INNER JOIN `yoshop_user` `user` ON `user`.`user_id`=`order`.`user_id` WHERE  `order`.`wxapp_id` = 10001  AND `order`.`is_delete` = 0 LIMIT 1 [ RunTime:0.001413s ]
[ sql ] [ SQL ] SELECT `order`.* FROM `yoshop_order` `order` INNER JOIN `yoshop_user` `user` ON `user`.`user_id`=`order`.`user_id` WHERE  `order`.`wxapp_id` = 10001  AND `order`.`is_delete` = 0 ORDER BY `order`.`create_time` DESC LIMIT 0,10 [ RunTime:0.000554s ]
[ sql ] [ SQL ] SHOW COLUMNS FROM `yoshop_store_shop` [ RunTime:0.001214s ]
[ sql ] [ SQL ] SELECT * FROM `yoshop_store_shop` WHERE  `yoshop_store_shop`.`wxapp_id` = 10001  AND `is_delete` = 0 ORDER BY `sort` ASC,`create_time` DESC [ RunTime:0.000522s ]
---------------------------------------------------------------
[ 2019-05-30T15:44:04+08:00 ] 0.0.0.0 GET localhost/lmeriPro/newLmeri/web/index.php?s=/store/goods/index
[ sql ] [ DB ] CONNECT:[ UseTime:0.002816s ] mysql:host=127.0.0.1;port=3306;dbname=yoshop_pro;charset=utf8
[ sql ] [ SQL ] SHOW COLUMNS FROM `yoshop_store_user` [ RunTime:0.002654s ]
[ sql ] [ SQL ] SELECT * FROM `yoshop_store_user` WHERE  `yoshop_store_user`.`wxapp_id` = 10001  AND `is_delete` = 0  AND `store_user_id` = 10001 LIMIT 1 [ RunTime:0.000573s ]
[ sql ] [ SQL ] SHOW COLUMNS FROM `yoshop_goods_sku` [ RunTime:0.001369s ]
[ sql ] [ SQL ] SHOW COLUMNS FROM `yoshop_category` [ RunTime:0.001066s ]
[ sql ] [ SQL ] SHOW COLUMNS FROM `yoshop_goods` [ RunTime:0.000974s ]
[ sql ] [ SQL ] SELECT COUNT(*) AS tp_count FROM `yoshop_goods` WHERE  ( `yoshop_goods`.`wxapp_id` = 10001 AND `yoshop_goods`.`wxapp_id` = 10001 )  AND `is_delete` = 0 LIMIT 1 [ RunTime:0.001727s ]
---------------------------------------------------------------
[ 2019-05-30T15:44:06+08:00 ] 0.0.0.0 GET localhost/lmeriPro/newLmeri/web/index.php?s=/store/order/all_list
[ sql ] [ DB ] CONNECT:[ UseTime:0.010572s ] mysql:host=127.0.0.1;port=3306;dbname=yoshop_pro;charset=utf8
[ sql ] [ SQL ] SHOW COLUMNS FROM `yoshop_store_user` [ RunTime:0.001311s ]
[ sql ] [ SQL ] SELECT * FROM `yoshop_store_user` WHERE  `yoshop_store_user`.`wxapp_id` = 10001  AND `is_delete` = 0  AND `store_user_id` = 10001 LIMIT 1 [ RunTime:0.000390s ]
[ sql ] [ SQL ] SHOW COLUMNS FROM `yoshop_order` [ RunTime:0.001760s ]
[ sql ] [ SQL ] SHOW COLUMNS FROM `yoshop_user` [ RunTime:0.001485s ]
[ sql ] [ SQL ] SELECT COUNT(*) AS tp_count FROM `yoshop_order` `order` INNER JOIN `yoshop_user` `user` ON `user`.`user_id`=`order`.`user_id` WHERE  `order`.`wxapp_id` = 10001  AND `order`.`is_delete` = 0 LIMIT 1 [ RunTime:0.000845s ]
[ sql ] [ SQL ] SELECT `order`.* FROM `yoshop_order` `order` INNER JOIN `yoshop_user` `user` ON `user`.`user_id`=`order`.`user_id` WHERE  `order`.`wxapp_id` = 10001  AND `order`.`is_delete` = 0 ORDER BY `order`.`create_time` DESC LIMIT 0,10 [ RunTime:0.000485s ]
[ sql ] [ SQL ] SHOW COLUMNS FROM `yoshop_store_shop` [ RunTime:0.001311s ]
[ sql ] [ SQL ] SELECT * FROM `yoshop_store_shop` WHERE  `yoshop_store_shop`.`wxapp_id` = 10001  AND `is_delete` = 0 ORDER BY `sort` ASC,`create_time` DESC [ RunTime:0.000536s ]
