---------------------------------------------------------------
[ 2019-08-01T08:05:13+08:00 ] 0.0.0.0 GET localhost/lmeriPro/newLmeri/web/index.php
[运行时间：0.495134s] [吞吐率：2.02req/s] [内存消耗：1,840.42kb] [文件加载：43]
[ info ] [ LANG ] D:\wamp\www\lmeriPro\newLmeri\source\thinkphp\lang\zh-cn.php
[ info ] [ ROUTE ] array (
  'type' => 'module',
  'module' => 
  array (
    0 => '',
    1 => NULL,
    2 => NULL,
  ),
)
[ info ] [ HEADER ] array (
  'host' => 'localhost',
  'connection' => 'keep-alive',
  'upgrade-insecure-requests' => '1',
  'user-agent' => 'Mozilla/5.0 (Windows NT 10.0; WOW64) AppleWebKit/537.36 (KHTML, like Gecko) Chrome/74.0.3729.169 Safari/537.36',
  'accept' => 'text/html,application/xhtml+xml,application/xml;q=0.9,image/webp,image/apng,*/*;q=0.8,application/signed-exchange;v=b3',
  'accept-encoding' => 'gzip, deflate, br',
  'accept-language' => 'zh-CN,zh;q=0.9',
  'cookie' => 'ECS[visit_times]=40',
)
[ info ] [ PARAM ] array (
)
[ info ] [ BEHAVIOR ] Run app\common\behavior\App @app_begin [ RunTime:0.003509s ]
[ info ] [ SESSION ] INIT array (
  'id' => '',
  'var_session_id' => '',
  'prefix' => '',
  'type' => '',
  'auto_start' => true,
)
[ info ] [ LOG ] INIT File
---------------------------------------------------------------
[ 2019-08-01T08:05:13+08:00 ] 0.0.0.0 GET localhost/lmeriPro/newLmeri/web/index.php?s=/store/passport/login
[运行时间：0.464991s] [吞吐率：2.15req/s] [内存消耗：3,237.95kb] [文件加载：53]
[ info ] [ LANG ] D:\wamp\www\lmeriPro\newLmeri\source\thinkphp\lang\zh-cn.php
[ info ] [ ROUTE ] array (
  'type' => 'module',
  'module' => 
  array (
    0 => 'store',
    1 => 'passport',
    2 => 'login',
  ),
)
[ info ] [ HEADER ] array (
  'host' => 'localhost',
  'connection' => 'keep-alive',
  'upgrade-insecure-requests' => '1',
  'user-agent' => 'Mozilla/5.0 (Windows NT 10.0; WOW64) AppleWebKit/537.36 (KHTML, like Gecko) Chrome/74.0.3729.169 Safari/537.36',
  'accept' => 'text/html,application/xhtml+xml,application/xml;q=0.9,image/webp,image/apng,*/*;q=0.8,application/signed-exchange;v=b3',
  'accept-encoding' => 'gzip, deflate, br',
  'accept-language' => 'zh-CN,zh;q=0.9',
  'cookie' => 'ECS[visit_times]=40; PHPSESSID=qv8hj7oitpb5lmic47o88g8g13',
)
[ info ] [ PARAM ] array (
)
[ info ] [ BEHAVIOR ] Run app\common\behavior\App @app_begin [ RunTime:0.000198s ]
[ info ] [ SESSION ] INIT array (
  'id' => '',
  'var_session_id' => '',
  'prefix' => '',
  'type' => '',
  'auto_start' => true,
)
[ info ] [ DB ] INIT mysql
[ info ] [ RUN ] app\store\controller\Passport->login[ D:\wamp\www\lmeriPro\newLmeri\source\application\store\controller\Passport.php ]
[ info ] [ VIEW ] D:\wamp\www\lmeriPro\newLmeri\web/../source/application/store\view\passport\login.php [ array (
  0 => 'version',
) ]
[ info ] [ LOG ] INIT File
---------------------------------------------------------------
[ 2019-08-01T08:05:38+08:00 ] 0.0.0.0 GET localhost/lmeriPro/newLmeri/web/index.php?s=/store/passport/login
[运行时间：0.060448s] [吞吐率：16.54req/s] [内存消耗：3,238.24kb] [文件加载：53]
[ info ] [ LANG ] D:\wamp\www\lmeriPro\newLmeri\source\thinkphp\lang\zh-cn.php
[ info ] [ ROUTE ] array (
  'type' => 'module',
  'module' => 
  array (
    0 => 'store',
    1 => 'passport',
    2 => 'login',
  ),
)
[ info ] [ HEADER ] array (
  'host' => 'localhost',
  'connection' => 'keep-alive',
  'cache-control' => 'max-age=0',
  'upgrade-insecure-requests' => '1',
  'user-agent' => 'Mozilla/5.0 (Windows NT 10.0; WOW64) AppleWebKit/537.36 (KHTML, like Gecko) Chrome/74.0.3729.169 Safari/537.36',
  'accept' => 'text/html,application/xhtml+xml,application/xml;q=0.9,image/webp,image/apng,*/*;q=0.8,application/signed-exchange;v=b3',
  'accept-encoding' => 'gzip, deflate, br',
  'accept-language' => 'zh-CN,zh;q=0.9',
  'cookie' => 'ECS[visit_times]=40; PHPSESSID=qv8hj7oitpb5lmic47o88g8g13',
)
[ info ] [ PARAM ] array (
)
[ info ] [ BEHAVIOR ] Run app\common\behavior\App @app_begin [ RunTime:0.000944s ]
[ info ] [ SESSION ] INIT array (
  'id' => '',
  'var_session_id' => '',
  'prefix' => '',
  'type' => '',
  'auto_start' => true,
)
[ info ] [ DB ] INIT mysql
[ info ] [ RUN ] app\store\controller\Passport->login[ D:\wamp\www\lmeriPro\newLmeri\source\application\store\controller\Passport.php ]
[ info ] [ VIEW ] D:\wamp\www\lmeriPro\newLmeri\web/../source/application/store\view\passport\login.php [ array (
  0 => 'version',
) ]
[ info ] [ LOG ] INIT File
---------------------------------------------------------------
[ 2019-08-01T08:06:35+08:00 ] 0.0.0.0 GET localhost/lmeriPro/newLmeri/web/index.php?s=/store/passport/login
[运行时间：0.045046s] [吞吐率：22.20req/s] [内存消耗：3,238.24kb] [文件加载：53]
[ info ] [ LANG ] D:\wamp\www\lmeriPro\newLmeri\source\thinkphp\lang\zh-cn.php
[ info ] [ ROUTE ] array (
  'type' => 'module',
  'module' => 
  array (
    0 => 'store',
    1 => 'passport',
    2 => 'login',
  ),
)
[ info ] [ HEADER ] array (
  'host' => 'localhost',
  'connection' => 'keep-alive',
  'cache-control' => 'max-age=0',
  'upgrade-insecure-requests' => '1',
  'user-agent' => 'Mozilla/5.0 (Windows NT 10.0; WOW64) AppleWebKit/537.36 (KHTML, like Gecko) Chrome/74.0.3729.169 Safari/537.36',
  'accept' => 'text/html,application/xhtml+xml,application/xml;q=0.9,image/webp,image/apng,*/*;q=0.8,application/signed-exchange;v=b3',
  'accept-encoding' => 'gzip, deflate, br',
  'accept-language' => 'zh-CN,zh;q=0.9',
  'cookie' => 'ECS[visit_times]=40; PHPSESSID=qv8hj7oitpb5lmic47o88g8g13',
)
[ info ] [ PARAM ] array (
)
[ info ] [ BEHAVIOR ] Run app\common\behavior\App @app_begin [ RunTime:0.000200s ]
[ info ] [ SESSION ] INIT array (
  'id' => '',
  'var_session_id' => '',
  'prefix' => '',
  'type' => '',
  'auto_start' => true,
)
[ info ] [ DB ] INIT mysql
[ info ] [ RUN ] app\store\controller\Passport->login[ D:\wamp\www\lmeriPro\newLmeri\source\application\store\controller\Passport.php ]
[ info ] [ VIEW ] D:\wamp\www\lmeriPro\newLmeri\web/../source/application/store\view\passport\login.php [ array (
  0 => 'version',
) ]
[ info ] [ LOG ] INIT File
---------------------------------------------------------------
[ 2019-08-01T08:06:54+08:00 ] 0.0.0.0 GET localhost/lmeriPro/newLmeri/web/index.php?s=/api/order/submitOrderShow/user_id/1/cart_ids/72211
[运行时间：0.267647s] [吞吐率：3.74req/s] [内存消耗：3,057.73kb] [文件加载：47]
[ info ] [ LANG ] D:\wamp\www\lmeriPro\newLmeri\source\thinkphp\lang\zh-cn.php
[ info ] [ ROUTE ] array (
  'type' => 'module',
  'module' => 
  array (
    0 => 'api',
    1 => 'order',
    2 => 'submitOrderShow',
  ),
)
[ info ] [ HEADER ] array (
  'host' => 'localhost',
  'connection' => 'keep-alive',
  'upgrade-insecure-requests' => '1',
  'user-agent' => 'Mozilla/5.0 (Windows NT 10.0; WOW64) AppleWebKit/537.36 (KHTML, like Gecko) Chrome/74.0.3729.169 Safari/537.36',
  'accept' => 'text/html,application/xhtml+xml,application/xml;q=0.9,image/webp,image/apng,*/*;q=0.8,application/signed-exchange;v=b3',
  'accept-encoding' => 'gzip, deflate, br',
  'accept-language' => 'zh-CN,zh;q=0.9',
  'cookie' => 'ECS[visit_times]=40; PHPSESSID=qv8hj7oitpb5lmic47o88g8g13',
)
[ info ] [ PARAM ] array (
  'user_id' => '1',
  'cart_ids' => '72211',
)
[ info ] [ BEHAVIOR ] Run app\common\behavior\App @app_begin [ RunTime:0.000206s ]
[ info ] [ RUN ] app\api\controller\Order->submitOrderShow[ D:\wamp\www\lmeriPro\newLmeri\source\application\api\controller\Order.php ]
[ info ] [ DB ] INIT mysql
[ info ] [ LOG ] INIT File
---------------------------------------------------------------
[ 2019-08-01T08:28:12+08:00 ] 0.0.0.0 GET localhost/lmeriPro/newLmeri/web/index.php?s=/api/order/submitOrderShow/user_id/1/cart_ids/72211
[运行时间：0.037942s] [吞吐率：26.36req/s] [内存消耗：3,071.05kb] [文件加载：47]
[ info ] [ LANG ] D:\wamp\www\lmeriPro\newLmeri\source\thinkphp\lang\zh-cn.php
[ info ] [ ROUTE ] array (
  'type' => 'module',
  'module' => 
  array (
    0 => 'api',
    1 => 'order',
    2 => 'submitOrderShow',
  ),
)
[ info ] [ HEADER ] array (
  'host' => 'localhost',
  'connection' => 'keep-alive',
  'cache-control' => 'max-age=0',
  'upgrade-insecure-requests' => '1',
  'user-agent' => 'Mozilla/5.0 (Windows NT 10.0; WOW64) AppleWebKit/537.36 (KHTML, like Gecko) Chrome/74.0.3729.169 Safari/537.36',
  'accept' => 'text/html,application/xhtml+xml,application/xml;q=0.9,image/webp,image/apng,*/*;q=0.8,application/signed-exchange;v=b3',
  'accept-encoding' => 'gzip, deflate, br',
  'accept-language' => 'zh-CN,zh;q=0.9',
  'cookie' => 'ECS[visit_times]=40; PHPSESSID=qv8hj7oitpb5lmic47o88g8g13',
)
[ info ] [ PARAM ] array (
  'user_id' => '1',
  'cart_ids' => '72211',
)
[ info ] [ BEHAVIOR ] Run app\common\behavior\App @app_begin [ RunTime:0.000354s ]
[ info ] [ RUN ] app\api\controller\Order->submitOrderShow[ D:\wamp\www\lmeriPro\newLmeri\source\application\api\controller\Order.php ]
[ info ] [ DB ] INIT mysql
[ info ] [ LOG ] INIT File
---------------------------------------------------------------
[ 2019-08-01T08:28:18+08:00 ] 0.0.0.0 GET localhost/lmeriPro/newLmeri/web/index.php?s=/api/order/submitOrderShow/user_id/1/cart_ids/72211
[运行时间：0.045914s] [吞吐率：21.78req/s] [内存消耗：3,071.05kb] [文件加载：47]
[ info ] [ LANG ] D:\wamp\www\lmeriPro\newLmeri\source\thinkphp\lang\zh-cn.php
[ info ] [ ROUTE ] array (
  'type' => 'module',
  'module' => 
  array (
    0 => 'api',
    1 => 'order',
    2 => 'submitOrderShow',
  ),
)
[ info ] [ HEADER ] array (
  'host' => 'localhost',
  'connection' => 'keep-alive',
  'cache-control' => 'max-age=0',
  'upgrade-insecure-requests' => '1',
  'user-agent' => 'Mozilla/5.0 (Windows NT 10.0; WOW64) AppleWebKit/537.36 (KHTML, like Gecko) Chrome/74.0.3729.169 Safari/537.36',
  'accept' => 'text/html,application/xhtml+xml,application/xml;q=0.9,image/webp,image/apng,*/*;q=0.8,application/signed-exchange;v=b3',
  'accept-encoding' => 'gzip, deflate, br',
  'accept-language' => 'zh-CN,zh;q=0.9',
  'cookie' => 'ECS[visit_times]=40; PHPSESSID=qv8hj7oitpb5lmic47o88g8g13',
)
[ info ] [ PARAM ] array (
  'user_id' => '1',
  'cart_ids' => '72211',
)
[ info ] [ BEHAVIOR ] Run app\common\behavior\App @app_begin [ RunTime:0.000325s ]
[ info ] [ RUN ] app\api\controller\Order->submitOrderShow[ D:\wamp\www\lmeriPro\newLmeri\source\application\api\controller\Order.php ]
[ info ] [ DB ] INIT mysql
[ info ] [ LOG ] INIT File
---------------------------------------------------------------
[ 2019-08-01T08:33:28+08:00 ] 0.0.0.0 GET localhost/lmeriPro/newLmeri/web/index.php?s=/api/order/submitOrderShow/user_id/1/cart_ids/72211
[运行时间：0.050323s] [吞吐率：19.87req/s] [内存消耗：3,071.05kb] [文件加载：47]
[ info ] [ LANG ] D:\wamp\www\lmeriPro\newLmeri\source\thinkphp\lang\zh-cn.php
[ info ] [ ROUTE ] array (
  'type' => 'module',
  'module' => 
  array (
    0 => 'api',
    1 => 'order',
    2 => 'submitOrderShow',
  ),
)
[ info ] [ HEADER ] array (
  'host' => 'localhost',
  'connection' => 'keep-alive',
  'cache-control' => 'max-age=0',
  'upgrade-insecure-requests' => '1',
  'user-agent' => 'Mozilla/5.0 (Windows NT 10.0; WOW64) AppleWebKit/537.36 (KHTML, like Gecko) Chrome/74.0.3729.169 Safari/537.36',
  'accept' => 'text/html,application/xhtml+xml,application/xml;q=0.9,image/webp,image/apng,*/*;q=0.8,application/signed-exchange;v=b3',
  'accept-encoding' => 'gzip, deflate, br',
  'accept-language' => 'zh-CN,zh;q=0.9',
  'cookie' => 'ECS[visit_times]=40; PHPSESSID=qv8hj7oitpb5lmic47o88g8g13',
)
[ info ] [ PARAM ] array (
  'user_id' => '1',
  'cart_ids' => '72211',
)
[ info ] [ BEHAVIOR ] Run app\common\behavior\App @app_begin [ RunTime:0.000339s ]
[ info ] [ RUN ] app\api\controller\Order->submitOrderShow[ D:\wamp\www\lmeriPro\newLmeri\source\application\api\controller\Order.php ]
[ info ] [ DB ] INIT mysql
[ info ] [ LOG ] INIT File
---------------------------------------------------------------
[ 2019-08-01T08:48:39+08:00 ] 0.0.0.0 GET localhost/lmeriPro/newLmeri/web/index.php?s=/api/order/submitOrderShow/user_id/1/cart_ids/72211
[运行时间：0.047246s] [吞吐率：21.17req/s] [内存消耗：3,071.35kb] [文件加载：47]
[ info ] [ LANG ] D:\wamp\www\lmeriPro\newLmeri\source\thinkphp\lang\zh-cn.php
[ info ] [ ROUTE ] array (
  'type' => 'module',
  'module' => 
  array (
    0 => 'api',
    1 => 'order',
    2 => 'submitOrderShow',
  ),
)
[ info ] [ HEADER ] array (
  'host' => 'localhost',
  'connection' => 'keep-alive',
  'cache-control' => 'max-age=0',
  'upgrade-insecure-requests' => '1',
  'user-agent' => 'Mozilla/5.0 (Windows NT 10.0; WOW64) AppleWebKit/537.36 (KHTML, like Gecko) Chrome/74.0.3729.169 Safari/537.36',
  'accept' => 'text/html,application/xhtml+xml,application/xml;q=0.9,image/webp,image/apng,*/*;q=0.8,application/signed-exchange;v=b3',
  'accept-encoding' => 'gzip, deflate, br',
  'accept-language' => 'zh-CN,zh;q=0.9',
  'cookie' => 'ECS[visit_times]=40; PHPSESSID=qv8hj7oitpb5lmic47o88g8g13',
)
[ info ] [ PARAM ] array (
  'user_id' => '1',
  'cart_ids' => '72211',
)
[ info ] [ BEHAVIOR ] Run app\common\behavior\App @app_begin [ RunTime:0.000331s ]
[ info ] [ RUN ] app\api\controller\Order->submitOrderShow[ D:\wamp\www\lmeriPro\newLmeri\source\application\api\controller\Order.php ]
[ info ] [ DB ] INIT mysql
[ info ] [ LOG ] INIT File
---------------------------------------------------------------
[ 2019-08-01T08:48:55+08:00 ] 0.0.0.0 GET localhost/lmeriPro/newLmeri/web/index.php?s=/api/order/submitOrderShow/user_id/1/cart_ids/72211
[运行时间：0.193982s] [吞吐率：5.16req/s] [内存消耗：3,071.35kb] [文件加载：47]
[ info ] [ LANG ] D:\wamp\www\lmeriPro\newLmeri\source\thinkphp\lang\zh-cn.php
[ info ] [ ROUTE ] array (
  'type' => 'module',
  'module' => 
  array (
    0 => 'api',
    1 => 'order',
    2 => 'submitOrderShow',
  ),
)
[ info ] [ HEADER ] array (
  'host' => 'localhost',
  'connection' => 'keep-alive',
  'cache-control' => 'max-age=0',
  'upgrade-insecure-requests' => '1',
  'user-agent' => 'Mozilla/5.0 (Windows NT 10.0; WOW64) AppleWebKit/537.36 (KHTML, like Gecko) Chrome/74.0.3729.169 Safari/537.36',
  'accept' => 'text/html,application/xhtml+xml,application/xml;q=0.9,image/webp,image/apng,*/*;q=0.8,application/signed-exchange;v=b3',
  'accept-encoding' => 'gzip, deflate, br',
  'accept-language' => 'zh-CN,zh;q=0.9',
  'cookie' => 'ECS[visit_times]=40; PHPSESSID=qv8hj7oitpb5lmic47o88g8g13',
)
[ info ] [ PARAM ] array (
  'user_id' => '1',
  'cart_ids' => '72211',
)
[ info ] [ BEHAVIOR ] Run app\common\behavior\App @app_begin [ RunTime:0.000673s ]
[ info ] [ RUN ] app\api\controller\Order->submitOrderShow[ D:\wamp\www\lmeriPro\newLmeri\source\application\api\controller\Order.php ]
[ info ] [ DB ] INIT mysql
[ info ] [ LOG ] INIT File
---------------------------------------------------------------
[ 2019-08-01T08:49:03+08:00 ] 0.0.0.0 GET localhost/lmeriPro/newLmeri/web/index.php?s=/api/order/submitOrderShow/user_id/1/cart_ids/72211
[运行时间：0.053207s] [吞吐率：18.79req/s] [内存消耗：3,071.05kb] [文件加载：47]
[ info ] [ LANG ] D:\wamp\www\lmeriPro\newLmeri\source\thinkphp\lang\zh-cn.php
[ info ] [ ROUTE ] array (
  'type' => 'module',
  'module' => 
  array (
    0 => 'api',
    1 => 'order',
    2 => 'submitOrderShow',
  ),
)
[ info ] [ HEADER ] array (
  'host' => 'localhost',
  'connection' => 'keep-alive',
  'cache-control' => 'max-age=0',
  'upgrade-insecure-requests' => '1',
  'user-agent' => 'Mozilla/5.0 (Windows NT 10.0; WOW64) AppleWebKit/537.36 (KHTML, like Gecko) Chrome/74.0.3729.169 Safari/537.36',
  'accept' => 'text/html,application/xhtml+xml,application/xml;q=0.9,image/webp,image/apng,*/*;q=0.8,application/signed-exchange;v=b3',
  'accept-encoding' => 'gzip, deflate, br',
  'accept-language' => 'zh-CN,zh;q=0.9',
  'cookie' => 'ECS[visit_times]=40; PHPSESSID=qv8hj7oitpb5lmic47o88g8g13',
)
[ info ] [ PARAM ] array (
  'user_id' => '1',
  'cart_ids' => '72211',
)
[ info ] [ BEHAVIOR ] Run app\common\behavior\App @app_begin [ RunTime:0.000220s ]
[ info ] [ RUN ] app\api\controller\Order->submitOrderShow[ D:\wamp\www\lmeriPro\newLmeri\source\application\api\controller\Order.php ]
[ info ] [ DB ] INIT mysql
[ info ] [ LOG ] INIT File
---------------------------------------------------------------
[ 2019-08-01T14:34:51+08:00 ] 0.0.0.0 GET localhost/lmeriPro/newLmeri/web/index.php?s=/api/order/submitOrderShow/user_id/1/cart_ids/72211
[运行时间：0.101168s] [吞吐率：9.88req/s] [内存消耗：3,120.45kb] [文件加载：48]
[ info ] [ LANG ] D:\wamp\www\lmeriPro\newLmeri\source\thinkphp\lang\zh-cn.php
[ info ] [ ROUTE ] array (
  'type' => 'module',
  'module' => 
  array (
    0 => 'api',
    1 => 'order',
    2 => 'submitOrderShow',
  ),
)
[ info ] [ HEADER ] array (
  'host' => 'localhost',
  'connection' => 'keep-alive',
  'cache-control' => 'max-age=0',
  'upgrade-insecure-requests' => '1',
  'user-agent' => 'Mozilla/5.0 (Windows NT 10.0; WOW64) AppleWebKit/537.36 (KHTML, like Gecko) Chrome/74.0.3729.169 Safari/537.36',
  'accept' => 'text/html,application/xhtml+xml,application/xml;q=0.9,image/webp,image/apng,*/*;q=0.8,application/signed-exchange;v=b3',
  'accept-encoding' => 'gzip, deflate, br',
  'accept-language' => 'zh-CN,zh;q=0.9',
  'cookie' => 'ECS[visit_times]=40; PHPSESSID=qv8hj7oitpb5lmic47o88g8g13',
)
[ info ] [ PARAM ] array (
  'user_id' => '1',
  'cart_ids' => '72211',
)
[ info ] [ BEHAVIOR ] Run app\common\behavior\App @app_begin [ RunTime:0.001204s ]
[ info ] [ RUN ] app\api\controller\Order->submitOrderShow[ D:\wamp\www\lmeriPro\newLmeri\source\application\api\controller\Order.php ]
[ info ] [ DB ] INIT mysql
[ info ] [ LOG ] INIT File
---------------------------------------------------------------
[ 2019-08-01T14:35:11+08:00 ] 0.0.0.0 GET localhost/lmeriPro/newLmeri/web/index.php?s=/api/order/submitOrderShow/user_id/1/cart_ids/72211
[运行时间：0.276445s] [吞吐率：3.62req/s] [内存消耗：3,263.49kb] [文件加载：55]
[ info ] [ LANG ] D:\wamp\www\lmeriPro\newLmeri\source\thinkphp\lang\zh-cn.php
[ info ] [ ROUTE ] array (
  'type' => 'module',
  'module' => 
  array (
    0 => 'api',
    1 => 'order',
    2 => 'submitOrderShow',
  ),
)
[ info ] [ HEADER ] array (
  'host' => 'localhost',
  'connection' => 'keep-alive',
  'cache-control' => 'max-age=0',
  'upgrade-insecure-requests' => '1',
  'user-agent' => 'Mozilla/5.0 (Windows NT 10.0; WOW64) AppleWebKit/537.36 (KHTML, like Gecko) Chrome/74.0.3729.169 Safari/537.36',
  'accept' => 'text/html,application/xhtml+xml,application/xml;q=0.9,image/webp,image/apng,*/*;q=0.8,application/signed-exchange;v=b3',
  'accept-encoding' => 'gzip, deflate, br',
  'accept-language' => 'zh-CN,zh;q=0.9',
  'cookie' => 'ECS[visit_times]=40; PHPSESSID=qv8hj7oitpb5lmic47o88g8g13',
)
[ info ] [ PARAM ] array (
  'user_id' => '1',
  'cart_ids' => '72211',
)
[ info ] [ BEHAVIOR ] Run app\common\behavior\App @app_begin [ RunTime:0.000822s ]
[ info ] [ RUN ] app\api\controller\Order->submitOrderShow[ D:\wamp\www\lmeriPro\newLmeri\source\application\api\controller\Order.php ]
[ info ] [ DB ] INIT mysql
[ info ] [ LOG ] INIT File
---------------------------------------------------------------
[ 2019-08-01T14:57:37+08:00 ] 0.0.0.0 GET localhost/lmeriPro/newLmeri/web/index.php?s=/api/order/submitOrderShow/user_id/1/cart_ids/72211
[运行时间：0.258297s] [吞吐率：3.87req/s] [内存消耗：3,738.09kb] [文件加载：53]
[ info ] [ LANG ] D:\wamp\www\lmeriPro\newLmeri\source\thinkphp\lang\zh-cn.php
[ info ] [ ROUTE ] array (
  'type' => 'module',
  'module' => 
  array (
    0 => 'api',
    1 => 'order',
    2 => 'submitOrderShow',
  ),
)
[ info ] [ HEADER ] array (
  'host' => 'localhost',
  'connection' => 'keep-alive',
  'cache-control' => 'max-age=0',
  'upgrade-insecure-requests' => '1',
  'user-agent' => 'Mozilla/5.0 (Windows NT 10.0; WOW64) AppleWebKit/537.36 (KHTML, like Gecko) Chrome/74.0.3729.169 Safari/537.36',
  'accept' => 'text/html,application/xhtml+xml,application/xml;q=0.9,image/webp,image/apng,*/*;q=0.8,application/signed-exchange;v=b3',
  'accept-encoding' => 'gzip, deflate, br',
  'accept-language' => 'zh-CN,zh;q=0.9',
  'cookie' => 'ECS[visit_times]=40; PHPSESSID=qv8hj7oitpb5lmic47o88g8g13',
)
[ info ] [ PARAM ] array (
  'user_id' => '1',
  'cart_ids' => '72211',
)
[ info ] [ BEHAVIOR ] Run app\common\behavior\App @app_begin [ RunTime:0.000317s ]
[ info ] [ RUN ] app\api\controller\Order->submitOrderShow[ D:\wamp\www\lmeriPro\newLmeri\source\application\api\controller\Order.php ]
[ info ] [ DB ] INIT mysql
[ info ] [ CACHE ] INIT File
[ info ] [ LOG ] INIT File
---------------------------------------------------------------
[ 2019-08-01T15:57:16+08:00 ] 0.0.0.0 GET localhost/lmeriPro/newLmeri/web/index.php?s=/api/order/submitOrderShow/user_id/1/cart_ids/72211
[运行时间：0.115429s] [吞吐率：8.66req/s] [内存消耗：3,540.27kb] [文件加载：53]
[ info ] [ LANG ] D:\wamp\www\lmeriPro\newLmeri\source\thinkphp\lang\zh-cn.php
[ info ] [ ROUTE ] array (
  'type' => 'module',
  'module' => 
  array (
    0 => 'api',
    1 => 'order',
    2 => 'submitOrderShow',
  ),
)
[ info ] [ HEADER ] array (
  'host' => 'localhost',
  'connection' => 'keep-alive',
  'cache-control' => 'max-age=0',
  'upgrade-insecure-requests' => '1',
  'user-agent' => 'Mozilla/5.0 (Windows NT 10.0; WOW64) AppleWebKit/537.36 (KHTML, like Gecko) Chrome/74.0.3729.169 Safari/537.36',
  'accept' => 'text/html,application/xhtml+xml,application/xml;q=0.9,image/webp,image/apng,*/*;q=0.8,application/signed-exchange;v=b3',
  'accept-encoding' => 'gzip, deflate, br',
  'accept-language' => 'zh-CN,zh;q=0.9',
  'cookie' => 'ECS[visit_times]=40; PHPSESSID=qv8hj7oitpb5lmic47o88g8g13',
)
[ info ] [ PARAM ] array (
  'user_id' => '1',
  'cart_ids' => '72211',
)
[ info ] [ BEHAVIOR ] Run app\common\behavior\App @app_begin [ RunTime:0.000866s ]
[ info ] [ RUN ] app\api\controller\Order->submitOrderShow[ D:\wamp\www\lmeriPro\newLmeri\source\application\api\controller\Order.php ]
[ info ] [ DB ] INIT mysql
[ info ] [ CACHE ] INIT File
[ info ] [ LOG ] INIT File
---------------------------------------------------------------
[ 2019-08-01T16:02:22+08:00 ] 0.0.0.0 GET localhost/lmeriPro/newLmeri/web/index.php?s=/api/order/submitOrderShow/user_id/1/cart_ids/72211
[运行时间：0.112907s] [吞吐率：8.86req/s] [内存消耗：3,282.17kb] [文件加载：53]
[ info ] [ LANG ] D:\wamp\www\lmeriPro\newLmeri\source\thinkphp\lang\zh-cn.php
[ info ] [ ROUTE ] array (
  'type' => 'module',
  'module' => 
  array (
    0 => 'api',
    1 => 'order',
    2 => 'submitOrderShow',
  ),
)
[ info ] [ HEADER ] array (
  'host' => 'localhost',
  'connection' => 'keep-alive',
  'cache-control' => 'max-age=0',
  'upgrade-insecure-requests' => '1',
  'user-agent' => 'Mozilla/5.0 (Windows NT 10.0; WOW64) AppleWebKit/537.36 (KHTML, like Gecko) Chrome/74.0.3729.169 Safari/537.36',
  'accept' => 'text/html,application/xhtml+xml,application/xml;q=0.9,image/webp,image/apng,*/*;q=0.8,application/signed-exchange;v=b3',
  'accept-encoding' => 'gzip, deflate, br',
  'accept-language' => 'zh-CN,zh;q=0.9',
  'cookie' => 'ECS[visit_times]=40; PHPSESSID=qv8hj7oitpb5lmic47o88g8g13',
)
[ info ] [ PARAM ] array (
  'user_id' => '1',
  'cart_ids' => '72211',
)
[ info ] [ BEHAVIOR ] Run app\common\behavior\App @app_begin [ RunTime:0.001176s ]
[ info ] [ RUN ] app\api\controller\Order->submitOrderShow[ D:\wamp\www\lmeriPro\newLmeri\source\application\api\controller\Order.php ]
[ info ] [ DB ] INIT mysql
[ info ] [ CACHE ] INIT File
[ info ] [ LOG ] INIT File
---------------------------------------------------------------
[ 2019-08-01T16:02:28+08:00 ] 0.0.0.0 GET localhost/lmeriPro/newLmeri/web/index.php?s=/api/order/submitOrderShow/user_id/1/cart_ids/72211
[运行时间：0.072754s] [吞吐率：13.74req/s] [内存消耗：3,282.17kb] [文件加载：53]
[ info ] [ LANG ] D:\wamp\www\lmeriPro\newLmeri\source\thinkphp\lang\zh-cn.php
[ info ] [ ROUTE ] array (
  'type' => 'module',
  'module' => 
  array (
    0 => 'api',
    1 => 'order',
    2 => 'submitOrderShow',
  ),
)
[ info ] [ HEADER ] array (
  'host' => 'localhost',
  'connection' => 'keep-alive',
  'cache-control' => 'max-age=0',
  'upgrade-insecure-requests' => '1',
  'user-agent' => 'Mozilla/5.0 (Windows NT 10.0; WOW64) AppleWebKit/537.36 (KHTML, like Gecko) Chrome/74.0.3729.169 Safari/537.36',
  'accept' => 'text/html,application/xhtml+xml,application/xml;q=0.9,image/webp,image/apng,*/*;q=0.8,application/signed-exchange;v=b3',
  'accept-encoding' => 'gzip, deflate, br',
  'accept-language' => 'zh-CN,zh;q=0.9',
  'cookie' => 'ECS[visit_times]=40; PHPSESSID=qv8hj7oitpb5lmic47o88g8g13',
)
[ info ] [ PARAM ] array (
  'user_id' => '1',
  'cart_ids' => '72211',
)
[ info ] [ BEHAVIOR ] Run app\common\behavior\App @app_begin [ RunTime:0.000469s ]
[ info ] [ RUN ] app\api\controller\Order->submitOrderShow[ D:\wamp\www\lmeriPro\newLmeri\source\application\api\controller\Order.php ]
[ info ] [ DB ] INIT mysql
[ info ] [ CACHE ] INIT File
[ info ] [ LOG ] INIT File
---------------------------------------------------------------
[ 2019-08-01T16:02:40+08:00 ] 0.0.0.0 GET localhost/lmeriPro/newLmeri/web/index.php?s=/api/order/submitOrderShow/user_id/1/cart_ids/72211
[运行时间：0.094387s] [吞吐率：10.59req/s] [内存消耗：3,473.90kb] [文件加载：53]
[ info ] [ LANG ] D:\wamp\www\lmeriPro\newLmeri\source\thinkphp\lang\zh-cn.php
[ info ] [ ROUTE ] array (
  'type' => 'module',
  'module' => 
  array (
    0 => 'api',
    1 => 'order',
    2 => 'submitOrderShow',
  ),
)
[ info ] [ HEADER ] array (
  'host' => 'localhost',
  'connection' => 'keep-alive',
  'cache-control' => 'max-age=0',
  'upgrade-insecure-requests' => '1',
  'user-agent' => 'Mozilla/5.0 (Windows NT 10.0; WOW64) AppleWebKit/537.36 (KHTML, like Gecko) Chrome/74.0.3729.169 Safari/537.36',
  'accept' => 'text/html,application/xhtml+xml,application/xml;q=0.9,image/webp,image/apng,*/*;q=0.8,application/signed-exchange;v=b3',
  'accept-encoding' => 'gzip, deflate, br',
  'accept-language' => 'zh-CN,zh;q=0.9',
  'cookie' => 'ECS[visit_times]=40; PHPSESSID=qv8hj7oitpb5lmic47o88g8g13',
)
[ info ] [ PARAM ] array (
  'user_id' => '1',
  'cart_ids' => '72211',
)
[ info ] [ BEHAVIOR ] Run app\common\behavior\App @app_begin [ RunTime:0.000358s ]
[ info ] [ RUN ] app\api\controller\Order->submitOrderShow[ D:\wamp\www\lmeriPro\newLmeri\source\application\api\controller\Order.php ]
[ info ] [ DB ] INIT mysql
[ info ] [ CACHE ] INIT File
[ info ] [ LOG ] INIT File
---------------------------------------------------------------
[ 2019-08-01T16:04:18+08:00 ] 0.0.0.0 GET localhost/lmeriPro/newLmeri/web/index.php?s=/api/order/submitOrderShow/user_id/1/cart_ids/72211
[运行时间：0.132164s] [吞吐率：7.57req/s] [内存消耗：3,608.06kb] [文件加载：53]
[ info ] [ LANG ] D:\wamp\www\lmeriPro\newLmeri\source\thinkphp\lang\zh-cn.php
[ info ] [ ROUTE ] array (
  'type' => 'module',
  'module' => 
  array (
    0 => 'api',
    1 => 'order',
    2 => 'submitOrderShow',
  ),
)
[ info ] [ HEADER ] array (
  'host' => 'localhost',
  'connection' => 'keep-alive',
  'cache-control' => 'max-age=0',
  'upgrade-insecure-requests' => '1',
  'user-agent' => 'Mozilla/5.0 (Windows NT 10.0; WOW64) AppleWebKit/537.36 (KHTML, like Gecko) Chrome/74.0.3729.169 Safari/537.36',
  'accept' => 'text/html,application/xhtml+xml,application/xml;q=0.9,image/webp,image/apng,*/*;q=0.8,application/signed-exchange;v=b3',
  'accept-encoding' => 'gzip, deflate, br',
  'accept-language' => 'zh-CN,zh;q=0.9',
  'cookie' => 'ECS[visit_times]=40; PHPSESSID=qv8hj7oitpb5lmic47o88g8g13',
)
[ info ] [ PARAM ] array (
  'user_id' => '1',
  'cart_ids' => '72211',
)
[ info ] [ BEHAVIOR ] Run app\common\behavior\App @app_begin [ RunTime:0.000361s ]
[ info ] [ RUN ] app\api\controller\Order->submitOrderShow[ D:\wamp\www\lmeriPro\newLmeri\source\application\api\controller\Order.php ]
[ info ] [ DB ] INIT mysql
[ info ] [ CACHE ] INIT File
[ info ] [ LOG ] INIT File
---------------------------------------------------------------
[ 2019-08-01T16:04:32+08:00 ] 0.0.0.0 GET localhost/lmeriPro/newLmeri/web/index.php?s=/api/order/submitOrderShow/user_id/1/cart_ids/72211
[运行时间：0.090997s] [吞吐率：10.99req/s] [内存消耗：3,248.37kb] [文件加载：51]
[ info ] [ LANG ] D:\wamp\www\lmeriPro\newLmeri\source\thinkphp\lang\zh-cn.php
[ info ] [ ROUTE ] array (
  'type' => 'module',
  'module' => 
  array (
    0 => 'api',
    1 => 'order',
    2 => 'submitOrderShow',
  ),
)
[ info ] [ HEADER ] array (
  'host' => 'localhost',
  'connection' => 'keep-alive',
  'cache-control' => 'max-age=0',
  'upgrade-insecure-requests' => '1',
  'user-agent' => 'Mozilla/5.0 (Windows NT 10.0; WOW64) AppleWebKit/537.36 (KHTML, like Gecko) Chrome/74.0.3729.169 Safari/537.36',
  'accept' => 'text/html,application/xhtml+xml,application/xml;q=0.9,image/webp,image/apng,*/*;q=0.8,application/signed-exchange;v=b3',
  'accept-encoding' => 'gzip, deflate, br',
  'accept-language' => 'zh-CN,zh;q=0.9',
  'cookie' => 'ECS[visit_times]=40; PHPSESSID=qv8hj7oitpb5lmic47o88g8g13',
)
[ info ] [ PARAM ] array (
  'user_id' => '1',
  'cart_ids' => '72211',
)
[ info ] [ BEHAVIOR ] Run app\common\behavior\App @app_begin [ RunTime:0.000673s ]
[ info ] [ RUN ] app\api\controller\Order->submitOrderShow[ D:\wamp\www\lmeriPro\newLmeri\source\application\api\controller\Order.php ]
[ info ] [ DB ] INIT mysql
[ info ] [ CACHE ] INIT File
[ info ] [ LOG ] INIT File
---------------------------------------------------------------
[ 2019-08-01T16:04:33+08:00 ] 0.0.0.0 GET localhost/lmeriPro/newLmeri/web/index.php?s=/api/order/submitOrderShow/user_id/1/cart_ids/72211
[运行时间：0.054926s] [吞吐率：18.21req/s] [内存消耗：3,248.37kb] [文件加载：51]
[ info ] [ LANG ] D:\wamp\www\lmeriPro\newLmeri\source\thinkphp\lang\zh-cn.php
[ info ] [ ROUTE ] array (
  'type' => 'module',
  'module' => 
  array (
    0 => 'api',
    1 => 'order',
    2 => 'submitOrderShow',
  ),
)
[ info ] [ HEADER ] array (
  'host' => 'localhost',
  'connection' => 'keep-alive',
  'cache-control' => 'max-age=0',
  'upgrade-insecure-requests' => '1',
  'user-agent' => 'Mozilla/5.0 (Windows NT 10.0; WOW64) AppleWebKit/537.36 (KHTML, like Gecko) Chrome/74.0.3729.169 Safari/537.36',
  'accept' => 'text/html,application/xhtml+xml,application/xml;q=0.9,image/webp,image/apng,*/*;q=0.8,application/signed-exchange;v=b3',
  'accept-encoding' => 'gzip, deflate, br',
  'accept-language' => 'zh-CN,zh;q=0.9',
  'cookie' => 'ECS[visit_times]=40; PHPSESSID=qv8hj7oitpb5lmic47o88g8g13',
)
[ info ] [ PARAM ] array (
  'user_id' => '1',
  'cart_ids' => '72211',
)
[ info ] [ BEHAVIOR ] Run app\common\behavior\App @app_begin [ RunTime:0.000297s ]
[ info ] [ RUN ] app\api\controller\Order->submitOrderShow[ D:\wamp\www\lmeriPro\newLmeri\source\application\api\controller\Order.php ]
[ info ] [ DB ] INIT mysql
[ info ] [ CACHE ] INIT File
[ info ] [ LOG ] INIT File
---------------------------------------------------------------
[ 2019-08-01T16:35:46+08:00 ] 0.0.0.0 GET localhost/lmeriPro/newLmeri/web/index.php?s=/api/order/submitOrderShow/user_id/1/cart_ids/72211
[运行时间：0.061684s] [吞吐率：16.21req/s] [内存消耗：3,217.17kb] [文件加载：51]
[ info ] [ LANG ] D:\wamp\www\lmeriPro\newLmeri\source\thinkphp\lang\zh-cn.php
[ info ] [ ROUTE ] array (
  'type' => 'module',
  'module' => 
  array (
    0 => 'api',
    1 => 'order',
    2 => 'submitOrderShow',
  ),
)
[ info ] [ HEADER ] array (
  'host' => 'localhost',
  'connection' => 'keep-alive',
  'cache-control' => 'max-age=0',
  'upgrade-insecure-requests' => '1',
  'user-agent' => 'Mozilla/5.0 (Windows NT 10.0; WOW64) AppleWebKit/537.36 (KHTML, like Gecko) Chrome/74.0.3729.169 Safari/537.36',
  'accept' => 'text/html,application/xhtml+xml,application/xml;q=0.9,image/webp,image/apng,*/*;q=0.8,application/signed-exchange;v=b3',
  'accept-encoding' => 'gzip, deflate, br',
  'accept-language' => 'zh-CN,zh;q=0.9',
  'cookie' => 'ECS[visit_times]=40; PHPSESSID=qv8hj7oitpb5lmic47o88g8g13',
)
[ info ] [ PARAM ] array (
  'user_id' => '1',
  'cart_ids' => '72211',
)
[ info ] [ BEHAVIOR ] Run app\common\behavior\App @app_begin [ RunTime:0.000431s ]
[ info ] [ RUN ] app\api\controller\Order->submitOrderShow[ D:\wamp\www\lmeriPro\newLmeri\source\application\api\controller\Order.php ]
[ info ] [ DB ] INIT mysql
[ info ] [ CACHE ] INIT File
[ info ] [ LOG ] INIT File
---------------------------------------------------------------
[ 2019-08-01T16:35:53+08:00 ] 0.0.0.0 GET localhost/lmeriPro/newLmeri/web/index.php?s=/api/order/submitOrderShow/user_id/1/cart_ids/72211
[运行时间：0.141389s] [吞吐率：7.07req/s] [内存消耗：3,607.63kb] [文件加载：53]
[ info ] [ LANG ] D:\wamp\www\lmeriPro\newLmeri\source\thinkphp\lang\zh-cn.php
[ info ] [ ROUTE ] array (
  'type' => 'module',
  'module' => 
  array (
    0 => 'api',
    1 => 'order',
    2 => 'submitOrderShow',
  ),
)
[ info ] [ HEADER ] array (
  'host' => 'localhost',
  'connection' => 'keep-alive',
  'cache-control' => 'max-age=0',
  'upgrade-insecure-requests' => '1',
  'user-agent' => 'Mozilla/5.0 (Windows NT 10.0; WOW64) AppleWebKit/537.36 (KHTML, like Gecko) Chrome/74.0.3729.169 Safari/537.36',
  'accept' => 'text/html,application/xhtml+xml,application/xml;q=0.9,image/webp,image/apng,*/*;q=0.8,application/signed-exchange;v=b3',
  'accept-encoding' => 'gzip, deflate, br',
  'accept-language' => 'zh-CN,zh;q=0.9',
  'cookie' => 'ECS[visit_times]=40; PHPSESSID=qv8hj7oitpb5lmic47o88g8g13',
)
[ info ] [ PARAM ] array (
  'user_id' => '1',
  'cart_ids' => '72211',
)
[ info ] [ BEHAVIOR ] Run app\common\behavior\App @app_begin [ RunTime:0.000714s ]
[ info ] [ RUN ] app\api\controller\Order->submitOrderShow[ D:\wamp\www\lmeriPro\newLmeri\source\application\api\controller\Order.php ]
[ info ] [ DB ] INIT mysql
[ info ] [ CACHE ] INIT File
[ info ] [ LOG ] INIT File
---------------------------------------------------------------
[ 2019-08-01T16:36:59+08:00 ] 0.0.0.0 GET localhost/lmeriPro/newLmeri/web/index.php?s=/api/order/submitOrderShow/user_id/1/cart_ids/72211
[运行时间：0.076109s] [吞吐率：13.14req/s] [内存消耗：3,245.55kb] [文件加载：51]
[ info ] [ LANG ] D:\wamp\www\lmeriPro\newLmeri\source\thinkphp\lang\zh-cn.php
[ info ] [ ROUTE ] array (
  'type' => 'module',
  'module' => 
  array (
    0 => 'api',
    1 => 'order',
    2 => 'submitOrderShow',
  ),
)
[ info ] [ HEADER ] array (
  'host' => 'localhost',
  'connection' => 'keep-alive',
  'cache-control' => 'max-age=0',
  'upgrade-insecure-requests' => '1',
  'user-agent' => 'Mozilla/5.0 (Windows NT 10.0; WOW64) AppleWebKit/537.36 (KHTML, like Gecko) Chrome/74.0.3729.169 Safari/537.36',
  'accept' => 'text/html,application/xhtml+xml,application/xml;q=0.9,image/webp,image/apng,*/*;q=0.8,application/signed-exchange;v=b3',
  'accept-encoding' => 'gzip, deflate, br',
  'accept-language' => 'zh-CN,zh;q=0.9',
  'cookie' => 'ECS[visit_times]=40; PHPSESSID=qv8hj7oitpb5lmic47o88g8g13',
)
[ info ] [ PARAM ] array (
  'user_id' => '1',
  'cart_ids' => '72211',
)
[ info ] [ BEHAVIOR ] Run app\common\behavior\App @app_begin [ RunTime:0.000302s ]
[ info ] [ RUN ] app\api\controller\Order->submitOrderShow[ D:\wamp\www\lmeriPro\newLmeri\source\application\api\controller\Order.php ]
[ info ] [ DB ] INIT mysql
[ info ] [ CACHE ] INIT File
[ info ] [ LOG ] INIT File
---------------------------------------------------------------
[ 2019-08-01T16:37:03+08:00 ] 0.0.0.0 GET localhost/lmeriPro/newLmeri/web/index.php?s=/api/order/submitOrderShow/user_id/1/cart_ids/72211
[运行时间：0.069600s] [吞吐率：14.37req/s] [内存消耗：3,245.55kb] [文件加载：51]
[ info ] [ LANG ] D:\wamp\www\lmeriPro\newLmeri\source\thinkphp\lang\zh-cn.php
[ info ] [ ROUTE ] array (
  'type' => 'module',
  'module' => 
  array (
    0 => 'api',
    1 => 'order',
    2 => 'submitOrderShow',
  ),
)
[ info ] [ HEADER ] array (
  'host' => 'localhost',
  'connection' => 'keep-alive',
  'cache-control' => 'max-age=0',
  'upgrade-insecure-requests' => '1',
  'user-agent' => 'Mozilla/5.0 (Windows NT 10.0; WOW64) AppleWebKit/537.36 (KHTML, like Gecko) Chrome/74.0.3729.169 Safari/537.36',
  'accept' => 'text/html,application/xhtml+xml,application/xml;q=0.9,image/webp,image/apng,*/*;q=0.8,application/signed-exchange;v=b3',
  'accept-encoding' => 'gzip, deflate, br',
  'accept-language' => 'zh-CN,zh;q=0.9',
  'cookie' => 'ECS[visit_times]=40; PHPSESSID=qv8hj7oitpb5lmic47o88g8g13',
)
[ info ] [ PARAM ] array (
  'user_id' => '1',
  'cart_ids' => '72211',
)
[ info ] [ BEHAVIOR ] Run app\common\behavior\App @app_begin [ RunTime:0.000356s ]
[ info ] [ RUN ] app\api\controller\Order->submitOrderShow[ D:\wamp\www\lmeriPro\newLmeri\source\application\api\controller\Order.php ]
[ info ] [ DB ] INIT mysql
[ info ] [ CACHE ] INIT File
[ info ] [ LOG ] INIT File
---------------------------------------------------------------
[ 2019-08-01T16:37:04+08:00 ] 0.0.0.0 GET localhost/lmeriPro/newLmeri/web/index.php?s=/api/order/submitOrderShow/user_id/1/cart_ids/72211
[运行时间：0.068802s] [吞吐率：14.53req/s] [内存消耗：3,245.55kb] [文件加载：51]
[ info ] [ LANG ] D:\wamp\www\lmeriPro\newLmeri\source\thinkphp\lang\zh-cn.php
[ info ] [ ROUTE ] array (
  'type' => 'module',
  'module' => 
  array (
    0 => 'api',
    1 => 'order',
    2 => 'submitOrderShow',
  ),
)
[ info ] [ HEADER ] array (
  'host' => 'localhost',
  'connection' => 'keep-alive',
  'cache-control' => 'max-age=0',
  'upgrade-insecure-requests' => '1',
  'user-agent' => 'Mozilla/5.0 (Windows NT 10.0; WOW64) AppleWebKit/537.36 (KHTML, like Gecko) Chrome/74.0.3729.169 Safari/537.36',
  'accept' => 'text/html,application/xhtml+xml,application/xml;q=0.9,image/webp,image/apng,*/*;q=0.8,application/signed-exchange;v=b3',
  'accept-encoding' => 'gzip, deflate, br',
  'accept-language' => 'zh-CN,zh;q=0.9',
  'cookie' => 'ECS[visit_times]=40; PHPSESSID=qv8hj7oitpb5lmic47o88g8g13',
)
[ info ] [ PARAM ] array (
  'user_id' => '1',
  'cart_ids' => '72211',
)
[ info ] [ BEHAVIOR ] Run app\common\behavior\App @app_begin [ RunTime:0.000359s ]
[ info ] [ RUN ] app\api\controller\Order->submitOrderShow[ D:\wamp\www\lmeriPro\newLmeri\source\application\api\controller\Order.php ]
[ info ] [ DB ] INIT mysql
[ info ] [ CACHE ] INIT File
[ info ] [ LOG ] INIT File
---------------------------------------------------------------
[ 2019-08-01T16:38:56+08:00 ] 0.0.0.0 GET localhost/lmeriPro/newLmeri/web/index.php?s=/api/order/submitOrderShow/user_id/1/cart_ids/72211
[运行时间：0.135188s] [吞吐率：7.40req/s] [内存消耗：3,607.71kb] [文件加载：53]
[ info ] [ LANG ] D:\wamp\www\lmeriPro\newLmeri\source\thinkphp\lang\zh-cn.php
[ info ] [ ROUTE ] array (
  'type' => 'module',
  'module' => 
  array (
    0 => 'api',
    1 => 'order',
    2 => 'submitOrderShow',
  ),
)
[ info ] [ HEADER ] array (
  'host' => 'localhost',
  'connection' => 'keep-alive',
  'cache-control' => 'max-age=0',
  'upgrade-insecure-requests' => '1',
  'user-agent' => 'Mozilla/5.0 (Windows NT 10.0; WOW64) AppleWebKit/537.36 (KHTML, like Gecko) Chrome/74.0.3729.169 Safari/537.36',
  'accept' => 'text/html,application/xhtml+xml,application/xml;q=0.9,image/webp,image/apng,*/*;q=0.8,application/signed-exchange;v=b3',
  'accept-encoding' => 'gzip, deflate, br',
  'accept-language' => 'zh-CN,zh;q=0.9',
  'cookie' => 'ECS[visit_times]=40; PHPSESSID=qv8hj7oitpb5lmic47o88g8g13',
)
[ info ] [ PARAM ] array (
  'user_id' => '1',
  'cart_ids' => '72211',
)
[ info ] [ BEHAVIOR ] Run app\common\behavior\App @app_begin [ RunTime:0.000436s ]
[ info ] [ RUN ] app\api\controller\Order->submitOrderShow[ D:\wamp\www\lmeriPro\newLmeri\source\application\api\controller\Order.php ]
[ info ] [ DB ] INIT mysql
[ info ] [ CACHE ] INIT File
[ info ] [ LOG ] INIT File
---------------------------------------------------------------
[ 2019-08-01T16:39:08+08:00 ] 0.0.0.0 GET localhost/lmeriPro/newLmeri/web/index.php?s=/api/order/submitOrderShow/user_id/1/cart_ids/72211
[运行时间：0.146304s] [吞吐率：6.84req/s] [内存消耗：3,576.69kb] [文件加载：53]
[ info ] [ LANG ] D:\wamp\www\lmeriPro\newLmeri\source\thinkphp\lang\zh-cn.php
[ info ] [ ROUTE ] array (
  'type' => 'module',
  'module' => 
  array (
    0 => 'api',
    1 => 'order',
    2 => 'submitOrderShow',
  ),
)
[ info ] [ HEADER ] array (
  'host' => 'localhost',
  'connection' => 'keep-alive',
  'cache-control' => 'max-age=0',
  'upgrade-insecure-requests' => '1',
  'user-agent' => 'Mozilla/5.0 (Windows NT 10.0; WOW64) AppleWebKit/537.36 (KHTML, like Gecko) Chrome/74.0.3729.169 Safari/537.36',
  'accept' => 'text/html,application/xhtml+xml,application/xml;q=0.9,image/webp,image/apng,*/*;q=0.8,application/signed-exchange;v=b3',
  'accept-encoding' => 'gzip, deflate, br',
  'accept-language' => 'zh-CN,zh;q=0.9',
  'cookie' => 'ECS[visit_times]=40; PHPSESSID=qv8hj7oitpb5lmic47o88g8g13',
)
[ info ] [ PARAM ] array (
  'user_id' => '1',
  'cart_ids' => '72211',
)
[ info ] [ BEHAVIOR ] Run app\common\behavior\App @app_begin [ RunTime:0.000475s ]
[ info ] [ RUN ] app\api\controller\Order->submitOrderShow[ D:\wamp\www\lmeriPro\newLmeri\source\application\api\controller\Order.php ]
[ info ] [ DB ] INIT mysql
[ info ] [ CACHE ] INIT File
[ info ] [ LOG ] INIT File
---------------------------------------------------------------
[ 2019-08-01T16:39:13+08:00 ] 0.0.0.0 GET localhost/lmeriPro/newLmeri/web/index.php?s=/api/order/submitOrderShow/user_id/1/cart_ids/72211
[运行时间：0.111398s] [吞吐率：8.98req/s] [内存消耗：3,640.66kb] [文件加载：53]
[ info ] [ LANG ] D:\wamp\www\lmeriPro\newLmeri\source\thinkphp\lang\zh-cn.php
[ info ] [ ROUTE ] array (
  'type' => 'module',
  'module' => 
  array (
    0 => 'api',
    1 => 'order',
    2 => 'submitOrderShow',
  ),
)
[ info ] [ HEADER ] array (
  'host' => 'localhost',
  'connection' => 'keep-alive',
  'cache-control' => 'max-age=0',
  'upgrade-insecure-requests' => '1',
  'user-agent' => 'Mozilla/5.0 (Windows NT 10.0; WOW64) AppleWebKit/537.36 (KHTML, like Gecko) Chrome/74.0.3729.169 Safari/537.36',
  'accept' => 'text/html,application/xhtml+xml,application/xml;q=0.9,image/webp,image/apng,*/*;q=0.8,application/signed-exchange;v=b3',
  'accept-encoding' => 'gzip, deflate, br',
  'accept-language' => 'zh-CN,zh;q=0.9',
  'cookie' => 'ECS[visit_times]=40; PHPSESSID=qv8hj7oitpb5lmic47o88g8g13',
)
[ info ] [ PARAM ] array (
  'user_id' => '1',
  'cart_ids' => '72211',
)
[ info ] [ BEHAVIOR ] Run app\common\behavior\App @app_begin [ RunTime:0.000299s ]
[ info ] [ RUN ] app\api\controller\Order->submitOrderShow[ D:\wamp\www\lmeriPro\newLmeri\source\application\api\controller\Order.php ]
[ info ] [ DB ] INIT mysql
[ info ] [ CACHE ] INIT File
[ info ] [ LOG ] INIT File
---------------------------------------------------------------
[ 2019-08-01T16:40:45+08:00 ] 0.0.0.0 GET localhost/lmeriPro/newLmeri/web/index.php?s=/api/order/submitOrderShow/user_id/1/cart_ids/72211
[运行时间：0.086989s] [吞吐率：11.50req/s] [内存消耗：3,608.78kb] [文件加载：53]
[ info ] [ LANG ] D:\wamp\www\lmeriPro\newLmeri\source\thinkphp\lang\zh-cn.php
[ info ] [ ROUTE ] array (
  'type' => 'module',
  'module' => 
  array (
    0 => 'api',
    1 => 'order',
    2 => 'submitOrderShow',
  ),
)
[ info ] [ HEADER ] array (
  'host' => 'localhost',
  'connection' => 'keep-alive',
  'cache-control' => 'max-age=0',
  'upgrade-insecure-requests' => '1',
  'user-agent' => 'Mozilla/5.0 (Windows NT 10.0; WOW64) AppleWebKit/537.36 (KHTML, like Gecko) Chrome/74.0.3729.169 Safari/537.36',
  'accept' => 'text/html,application/xhtml+xml,application/xml;q=0.9,image/webp,image/apng,*/*;q=0.8,application/signed-exchange;v=b3',
  'accept-encoding' => 'gzip, deflate, br',
  'accept-language' => 'zh-CN,zh;q=0.9',
  'cookie' => 'ECS[visit_times]=40; PHPSESSID=qv8hj7oitpb5lmic47o88g8g13',
)
[ info ] [ PARAM ] array (
  'user_id' => '1',
  'cart_ids' => '72211',
)
[ info ] [ BEHAVIOR ] Run app\common\behavior\App @app_begin [ RunTime:0.000387s ]
[ info ] [ RUN ] app\api\controller\Order->submitOrderShow[ D:\wamp\www\lmeriPro\newLmeri\source\application\api\controller\Order.php ]
[ info ] [ DB ] INIT mysql
[ info ] [ CACHE ] INIT File
[ info ] [ LOG ] INIT File
---------------------------------------------------------------
[ 2019-08-01T16:42:27+08:00 ] 0.0.0.0 GET localhost/lmeriPro/newLmeri/web/index.php?s=/api/order/submitOrderShow/user_id/1/cart_ids/72211
[运行时间：0.077950s] [吞吐率：12.83req/s] [内存消耗：3,381.80kb] [文件加载：53]
[ info ] [ LANG ] D:\wamp\www\lmeriPro\newLmeri\source\thinkphp\lang\zh-cn.php
[ info ] [ ROUTE ] array (
  'type' => 'module',
  'module' => 
  array (
    0 => 'api',
    1 => 'order',
    2 => 'submitOrderShow',
  ),
)
[ info ] [ HEADER ] array (
  'host' => 'localhost',
  'connection' => 'keep-alive',
  'cache-control' => 'max-age=0',
  'upgrade-insecure-requests' => '1',
  'user-agent' => 'Mozilla/5.0 (Windows NT 10.0; WOW64) AppleWebKit/537.36 (KHTML, like Gecko) Chrome/74.0.3729.169 Safari/537.36',
  'accept' => 'text/html,application/xhtml+xml,application/xml;q=0.9,image/webp,image/apng,*/*;q=0.8,application/signed-exchange;v=b3',
  'accept-encoding' => 'gzip, deflate, br',
  'accept-language' => 'zh-CN,zh;q=0.9',
  'cookie' => 'ECS[visit_times]=40; PHPSESSID=qv8hj7oitpb5lmic47o88g8g13',
)
[ info ] [ PARAM ] array (
  'user_id' => '1',
  'cart_ids' => '72211',
)
[ info ] [ BEHAVIOR ] Run app\common\behavior\App @app_begin [ RunTime:0.000300s ]
[ info ] [ RUN ] app\api\controller\Order->submitOrderShow[ D:\wamp\www\lmeriPro\newLmeri\source\application\api\controller\Order.php ]
[ info ] [ DB ] INIT mysql
[ info ] [ CACHE ] INIT File
[ info ] [ LOG ] INIT File
---------------------------------------------------------------
[ 2019-08-01T16:45:10+08:00 ] 0.0.0.0 GET localhost/lmeriPro/newLmeri/web/index.php?s=/api/order/submitOrderShow/user_id/1/cart_ids/72211
[运行时间：0.053922s] [吞吐率：18.55req/s] [内存消耗：3,470.66kb] [文件加载：58]
[ info ] [ LANG ] D:\wamp\www\lmeriPro\newLmeri\source\thinkphp\lang\zh-cn.php
[ info ] [ ROUTE ] array (
  'type' => 'module',
  'module' => 
  array (
    0 => 'api',
    1 => 'order',
    2 => 'submitOrderShow',
  ),
)
[ info ] [ HEADER ] array (
  'host' => 'localhost',
  'connection' => 'keep-alive',
  'cache-control' => 'max-age=0',
  'upgrade-insecure-requests' => '1',
  'user-agent' => 'Mozilla/5.0 (Windows NT 10.0; WOW64) AppleWebKit/537.36 (KHTML, like Gecko) Chrome/74.0.3729.169 Safari/537.36',
  'accept' => 'text/html,application/xhtml+xml,application/xml;q=0.9,image/webp,image/apng,*/*;q=0.8,application/signed-exchange;v=b3',
  'accept-encoding' => 'gzip, deflate, br',
  'accept-language' => 'zh-CN,zh;q=0.9',
  'cookie' => 'ECS[visit_times]=40; PHPSESSID=qv8hj7oitpb5lmic47o88g8g13',
)
[ info ] [ PARAM ] array (
  'user_id' => '1',
  'cart_ids' => '72211',
)
[ info ] [ BEHAVIOR ] Run app\common\behavior\App @app_begin [ RunTime:0.000326s ]
[ info ] [ RUN ] app\api\controller\Order->submitOrderShow[ D:\wamp\www\lmeriPro\newLmeri\source\application\api\controller\Order.php ]
[ info ] [ DB ] INIT mysql
[ info ] [ CACHE ] INIT File
[ info ] [ LOG ] INIT File
---------------------------------------------------------------
[ 2019-08-01T16:45:32+08:00 ] 0.0.0.0 GET localhost/lmeriPro/newLmeri/web/index.php?s=/api/order/submitOrderShow/user_id/1/cart_ids/72211
[运行时间：0.053166s] [吞吐率：18.81req/s] [内存消耗：3,258.09kb] [文件加载：55]
[ info ] [ LANG ] D:\wamp\www\lmeriPro\newLmeri\source\thinkphp\lang\zh-cn.php
[ info ] [ ROUTE ] array (
  'type' => 'module',
  'module' => 
  array (
    0 => 'api',
    1 => 'order',
    2 => 'submitOrderShow',
  ),
)
[ info ] [ HEADER ] array (
  'host' => 'localhost',
  'connection' => 'keep-alive',
  'cache-control' => 'max-age=0',
  'upgrade-insecure-requests' => '1',
  'user-agent' => 'Mozilla/5.0 (Windows NT 10.0; WOW64) AppleWebKit/537.36 (KHTML, like Gecko) Chrome/74.0.3729.169 Safari/537.36',
  'accept' => 'text/html,application/xhtml+xml,application/xml;q=0.9,image/webp,image/apng,*/*;q=0.8,application/signed-exchange;v=b3',
  'accept-encoding' => 'gzip, deflate, br',
  'accept-language' => 'zh-CN,zh;q=0.9',
  'cookie' => 'ECS[visit_times]=40; PHPSESSID=qv8hj7oitpb5lmic47o88g8g13',
)
[ info ] [ PARAM ] array (
  'user_id' => '1',
  'cart_ids' => '72211',
)
[ info ] [ BEHAVIOR ] Run app\common\behavior\App @app_begin [ RunTime:0.000345s ]
[ info ] [ RUN ] app\api\controller\Order->submitOrderShow[ D:\wamp\www\lmeriPro\newLmeri\source\application\api\controller\Order.php ]
[ info ] [ DB ] INIT mysql
[ info ] [ LOG ] INIT File
---------------------------------------------------------------
[ 2019-08-01T16:45:43+08:00 ] 0.0.0.0 GET localhost/lmeriPro/newLmeri/web/index.php?s=/api/order/submitOrderShow/user_id/1/cart_ids/72211
[运行时间：0.042194s] [吞吐率：23.70req/s] [内存消耗：3,110.60kb] [文件加载：48]
[ info ] [ LANG ] D:\wamp\www\lmeriPro\newLmeri\source\thinkphp\lang\zh-cn.php
[ info ] [ ROUTE ] array (
  'type' => 'module',
  'module' => 
  array (
    0 => 'api',
    1 => 'order',
    2 => 'submitOrderShow',
  ),
)
[ info ] [ HEADER ] array (
  'host' => 'localhost',
  'connection' => 'keep-alive',
  'cache-control' => 'max-age=0',
  'upgrade-insecure-requests' => '1',
  'user-agent' => 'Mozilla/5.0 (Windows NT 10.0; WOW64) AppleWebKit/537.36 (KHTML, like Gecko) Chrome/74.0.3729.169 Safari/537.36',
  'accept' => 'text/html,application/xhtml+xml,application/xml;q=0.9,image/webp,image/apng,*/*;q=0.8,application/signed-exchange;v=b3',
  'accept-encoding' => 'gzip, deflate, br',
  'accept-language' => 'zh-CN,zh;q=0.9',
  'cookie' => 'ECS[visit_times]=40; PHPSESSID=qv8hj7oitpb5lmic47o88g8g13',
)
[ info ] [ PARAM ] array (
  'user_id' => '1',
  'cart_ids' => '72211',
)
[ info ] [ BEHAVIOR ] Run app\common\behavior\App @app_begin [ RunTime:0.000197s ]
[ info ] [ RUN ] app\api\controller\Order->submitOrderShow[ D:\wamp\www\lmeriPro\newLmeri\source\application\api\controller\Order.php ]
[ info ] [ DB ] INIT mysql
[ info ] [ LOG ] INIT File
---------------------------------------------------------------
[ 2019-08-01T16:45:51+08:00 ] 0.0.0.0 GET localhost/lmeriPro/newLmeri/web/index.php?s=/api/order/submitOrderShow/user_id/1/cart_ids/72211
[运行时间：0.047177s] [吞吐率：21.20req/s] [内存消耗：3,110.60kb] [文件加载：48]
[ info ] [ LANG ] D:\wamp\www\lmeriPro\newLmeri\source\thinkphp\lang\zh-cn.php
[ info ] [ ROUTE ] array (
  'type' => 'module',
  'module' => 
  array (
    0 => 'api',
    1 => 'order',
    2 => 'submitOrderShow',
  ),
)
[ info ] [ HEADER ] array (
  'host' => 'localhost',
  'connection' => 'keep-alive',
  'cache-control' => 'max-age=0',
  'upgrade-insecure-requests' => '1',
  'user-agent' => 'Mozilla/5.0 (Windows NT 10.0; WOW64) AppleWebKit/537.36 (KHTML, like Gecko) Chrome/74.0.3729.169 Safari/537.36',
  'accept' => 'text/html,application/xhtml+xml,application/xml;q=0.9,image/webp,image/apng,*/*;q=0.8,application/signed-exchange;v=b3',
  'accept-encoding' => 'gzip, deflate, br',
  'accept-language' => 'zh-CN,zh;q=0.9',
  'cookie' => 'ECS[visit_times]=40; PHPSESSID=qv8hj7oitpb5lmic47o88g8g13',
)
[ info ] [ PARAM ] array (
  'user_id' => '1',
  'cart_ids' => '72211',
)
[ info ] [ BEHAVIOR ] Run app\common\behavior\App @app_begin [ RunTime:0.000214s ]
[ info ] [ RUN ] app\api\controller\Order->submitOrderShow[ D:\wamp\www\lmeriPro\newLmeri\source\application\api\controller\Order.php ]
[ info ] [ DB ] INIT mysql
[ info ] [ LOG ] INIT File
---------------------------------------------------------------
[ 2019-08-01T16:46:07+08:00 ] 0.0.0.0 GET localhost/lmeriPro/newLmeri/web/index.php?s=/api/order/submitOrderShow/user_id/1/cart_ids/72211
[运行时间：0.053545s] [吞吐率：18.68req/s] [内存消耗：3,070.67kb] [文件加载：47]
[ info ] [ LANG ] D:\wamp\www\lmeriPro\newLmeri\source\thinkphp\lang\zh-cn.php
[ info ] [ ROUTE ] array (
  'type' => 'module',
  'module' => 
  array (
    0 => 'api',
    1 => 'order',
    2 => 'submitOrderShow',
  ),
)
[ info ] [ HEADER ] array (
  'host' => 'localhost',
  'connection' => 'keep-alive',
  'cache-control' => 'max-age=0',
  'upgrade-insecure-requests' => '1',
  'user-agent' => 'Mozilla/5.0 (Windows NT 10.0; WOW64) AppleWebKit/537.36 (KHTML, like Gecko) Chrome/74.0.3729.169 Safari/537.36',
  'accept' => 'text/html,application/xhtml+xml,application/xml;q=0.9,image/webp,image/apng,*/*;q=0.8,application/signed-exchange;v=b3',
  'accept-encoding' => 'gzip, deflate, br',
  'accept-language' => 'zh-CN,zh;q=0.9',
  'cookie' => 'ECS[visit_times]=40; PHPSESSID=qv8hj7oitpb5lmic47o88g8g13',
)
[ info ] [ PARAM ] array (
  'user_id' => '1',
  'cart_ids' => '72211',
)
[ info ] [ BEHAVIOR ] Run app\common\behavior\App @app_begin [ RunTime:0.000197s ]
[ info ] [ RUN ] app\api\controller\Order->submitOrderShow[ D:\wamp\www\lmeriPro\newLmeri\source\application\api\controller\Order.php ]
[ info ] [ DB ] INIT mysql
[ info ] [ LOG ] INIT File
---------------------------------------------------------------
[ 2019-08-01T16:46:32+08:00 ] 0.0.0.0 GET localhost/lmeriPro/newLmeri/web/index.php?s=/api/order/submitOrderShow/user_id/1/cart_ids/72211
[运行时间：0.044399s] [吞吐率：22.52req/s] [内存消耗：3,069.05kb] [文件加载：47]
[ info ] [ LANG ] D:\wamp\www\lmeriPro\newLmeri\source\thinkphp\lang\zh-cn.php
[ info ] [ ROUTE ] array (
  'type' => 'module',
  'module' => 
  array (
    0 => 'api',
    1 => 'order',
    2 => 'submitOrderShow',
  ),
)
[ info ] [ HEADER ] array (
  'host' => 'localhost',
  'connection' => 'keep-alive',
  'cache-control' => 'max-age=0',
  'upgrade-insecure-requests' => '1',
  'user-agent' => 'Mozilla/5.0 (Windows NT 10.0; WOW64) AppleWebKit/537.36 (KHTML, like Gecko) Chrome/74.0.3729.169 Safari/537.36',
  'accept' => 'text/html,application/xhtml+xml,application/xml;q=0.9,image/webp,image/apng,*/*;q=0.8,application/signed-exchange;v=b3',
  'accept-encoding' => 'gzip, deflate, br',
  'accept-language' => 'zh-CN,zh;q=0.9',
  'cookie' => 'ECS[visit_times]=40; PHPSESSID=qv8hj7oitpb5lmic47o88g8g13',
)
[ info ] [ PARAM ] array (
  'user_id' => '1',
  'cart_ids' => '72211',
)
[ info ] [ BEHAVIOR ] Run app\common\behavior\App @app_begin [ RunTime:0.000208s ]
[ info ] [ RUN ] app\api\controller\Order->submitOrderShow[ D:\wamp\www\lmeriPro\newLmeri\source\application\api\controller\Order.php ]
[ info ] [ DB ] INIT mysql
[ info ] [ LOG ] INIT File
---------------------------------------------------------------
[ 2019-08-01T16:46:48+08:00 ] 0.0.0.0 GET localhost/lmeriPro/newLmeri/web/index.php?s=/api/order/submitOrderShow/user_id/1/cart_ids/72211
[运行时间：0.046563s] [吞吐率：21.48req/s] [内存消耗：3,070.67kb] [文件加载：47]
[ info ] [ LANG ] D:\wamp\www\lmeriPro\newLmeri\source\thinkphp\lang\zh-cn.php
[ info ] [ ROUTE ] array (
  'type' => 'module',
  'module' => 
  array (
    0 => 'api',
    1 => 'order',
    2 => 'submitOrderShow',
  ),
)
[ info ] [ HEADER ] array (
  'host' => 'localhost',
  'connection' => 'keep-alive',
  'cache-control' => 'max-age=0',
  'upgrade-insecure-requests' => '1',
  'user-agent' => 'Mozilla/5.0 (Windows NT 10.0; WOW64) AppleWebKit/537.36 (KHTML, like Gecko) Chrome/74.0.3729.169 Safari/537.36',
  'accept' => 'text/html,application/xhtml+xml,application/xml;q=0.9,image/webp,image/apng,*/*;q=0.8,application/signed-exchange;v=b3',
  'accept-encoding' => 'gzip, deflate, br',
  'accept-language' => 'zh-CN,zh;q=0.9',
  'cookie' => 'ECS[visit_times]=40; PHPSESSID=qv8hj7oitpb5lmic47o88g8g13',
)
[ info ] [ PARAM ] array (
  'user_id' => '1',
  'cart_ids' => '72211',
)
[ info ] [ BEHAVIOR ] Run app\common\behavior\App @app_begin [ RunTime:0.000195s ]
[ info ] [ RUN ] app\api\controller\Order->submitOrderShow[ D:\wamp\www\lmeriPro\newLmeri\source\application\api\controller\Order.php ]
[ info ] [ DB ] INIT mysql
[ info ] [ LOG ] INIT File
---------------------------------------------------------------
[ 2019-08-01T16:49:55+08:00 ] 0.0.0.0 GET localhost/lmeriPro/newLmeri/web/index.php?s=/api/order/submitOrderShow/user_id/1/cart_ids/72211
[运行时间：0.043535s] [吞吐率：22.97req/s] [内存消耗：3,070.67kb] [文件加载：47]
[ info ] [ LANG ] D:\wamp\www\lmeriPro\newLmeri\source\thinkphp\lang\zh-cn.php
[ info ] [ ROUTE ] array (
  'type' => 'module',
  'module' => 
  array (
    0 => 'api',
    1 => 'order',
    2 => 'submitOrderShow',
  ),
)
[ info ] [ HEADER ] array (
  'host' => 'localhost',
  'connection' => 'keep-alive',
  'cache-control' => 'max-age=0',
  'upgrade-insecure-requests' => '1',
  'user-agent' => 'Mozilla/5.0 (Windows NT 10.0; WOW64) AppleWebKit/537.36 (KHTML, like Gecko) Chrome/74.0.3729.169 Safari/537.36',
  'accept' => 'text/html,application/xhtml+xml,application/xml;q=0.9,image/webp,image/apng,*/*;q=0.8,application/signed-exchange;v=b3',
  'accept-encoding' => 'gzip, deflate, br',
  'accept-language' => 'zh-CN,zh;q=0.9',
  'cookie' => 'ECS[visit_times]=40; PHPSESSID=qv8hj7oitpb5lmic47o88g8g13',
)
[ info ] [ PARAM ] array (
  'user_id' => '1',
  'cart_ids' => '72211',
)
[ info ] [ BEHAVIOR ] Run app\common\behavior\App @app_begin [ RunTime:0.000337s ]
[ info ] [ RUN ] app\api\controller\Order->submitOrderShow[ D:\wamp\www\lmeriPro\newLmeri\source\application\api\controller\Order.php ]
[ info ] [ DB ] INIT mysql
[ info ] [ LOG ] INIT File
---------------------------------------------------------------
[ 2019-08-01T16:51:55+08:00 ] 0.0.0.0 GET localhost/lmeriPro/newLmeri/web/index.php?s=/api/order/submitOrderShow/user_id/1/cart_ids/72211
[运行时间：0.048174s] [吞吐率：20.76req/s] [内存消耗：3,066.52kb] [文件加载：47]
[ info ] [ LANG ] D:\wamp\www\lmeriPro\newLmeri\source\thinkphp\lang\zh-cn.php
[ info ] [ ROUTE ] array (
  'type' => 'module',
  'module' => 
  array (
    0 => 'api',
    1 => 'order',
    2 => 'submitOrderShow',
  ),
)
[ info ] [ HEADER ] array (
  'host' => 'localhost',
  'connection' => 'keep-alive',
  'cache-control' => 'max-age=0',
  'upgrade-insecure-requests' => '1',
  'user-agent' => 'Mozilla/5.0 (Windows NT 10.0; WOW64) AppleWebKit/537.36 (KHTML, like Gecko) Chrome/74.0.3729.169 Safari/537.36',
  'accept' => 'text/html,application/xhtml+xml,application/xml;q=0.9,image/webp,image/apng,*/*;q=0.8,application/signed-exchange;v=b3',
  'accept-encoding' => 'gzip, deflate, br',
  'accept-language' => 'zh-CN,zh;q=0.9',
  'cookie' => 'ECS[visit_times]=40; PHPSESSID=qv8hj7oitpb5lmic47o88g8g13',
)
[ info ] [ PARAM ] array (
  'user_id' => '1',
  'cart_ids' => '72211',
)
[ info ] [ BEHAVIOR ] Run app\common\behavior\App @app_begin [ RunTime:0.000428s ]
[ info ] [ RUN ] app\api\controller\Order->submitOrderShow[ D:\wamp\www\lmeriPro\newLmeri\source\application\api\controller\Order.php ]
[ info ] [ DB ] INIT mysql
[ info ] [ LOG ] INIT File
---------------------------------------------------------------
[ 2019-08-01T16:54:03+08:00 ] 0.0.0.0 GET localhost/lmeriPro/newLmeri/web/index.php?s=/api/order/submitOrderShow/user_id/1/cart_ids/72211
[运行时间：0.050947s] [吞吐率：19.63req/s] [内存消耗：3,066.87kb] [文件加载：47]
[ info ] [ LANG ] D:\wamp\www\lmeriPro\newLmeri\source\thinkphp\lang\zh-cn.php
[ info ] [ ROUTE ] array (
  'type' => 'module',
  'module' => 
  array (
    0 => 'api',
    1 => 'order',
    2 => 'submitOrderShow',
  ),
)
[ info ] [ HEADER ] array (
  'host' => 'localhost',
  'connection' => 'keep-alive',
  'cache-control' => 'max-age=0',
  'upgrade-insecure-requests' => '1',
  'user-agent' => 'Mozilla/5.0 (Windows NT 10.0; WOW64) AppleWebKit/537.36 (KHTML, like Gecko) Chrome/74.0.3729.169 Safari/537.36',
  'accept' => 'text/html,application/xhtml+xml,application/xml;q=0.9,image/webp,image/apng,*/*;q=0.8,application/signed-exchange;v=b3',
  'accept-encoding' => 'gzip, deflate, br',
  'accept-language' => 'zh-CN,zh;q=0.9',
  'cookie' => 'ECS[visit_times]=40; PHPSESSID=qv8hj7oitpb5lmic47o88g8g13',
)
[ info ] [ PARAM ] array (
  'user_id' => '1',
  'cart_ids' => '72211',
)
[ info ] [ BEHAVIOR ] Run app\common\behavior\App @app_begin [ RunTime:0.000439s ]
[ info ] [ RUN ] app\api\controller\Order->submitOrderShow[ D:\wamp\www\lmeriPro\newLmeri\source\application\api\controller\Order.php ]
[ info ] [ DB ] INIT mysql
[ info ] [ LOG ] INIT File
---------------------------------------------------------------
[ 2019-08-01T16:59:19+08:00 ] 0.0.0.0 GET localhost/lmeriPro/newLmeri/web/index.php?s=/api/order/submitOrderShow/user_id/1/cart_ids/72211
[运行时间：0.037517s] [吞吐率：26.65req/s] [内存消耗：3,066.80kb] [文件加载：47]
[ info ] [ LANG ] D:\wamp\www\lmeriPro\newLmeri\source\thinkphp\lang\zh-cn.php
[ info ] [ ROUTE ] array (
  'type' => 'module',
  'module' => 
  array (
    0 => 'api',
    1 => 'order',
    2 => 'submitOrderShow',
  ),
)
[ info ] [ HEADER ] array (
  'host' => 'localhost',
  'connection' => 'keep-alive',
  'cache-control' => 'max-age=0',
  'upgrade-insecure-requests' => '1',
  'user-agent' => 'Mozilla/5.0 (Windows NT 10.0; WOW64) AppleWebKit/537.36 (KHTML, like Gecko) Chrome/74.0.3729.169 Safari/537.36',
  'accept' => 'text/html,application/xhtml+xml,application/xml;q=0.9,image/webp,image/apng,*/*;q=0.8,application/signed-exchange;v=b3',
  'accept-encoding' => 'gzip, deflate, br',
  'accept-language' => 'zh-CN,zh;q=0.9',
  'cookie' => 'ECS[visit_times]=40; PHPSESSID=qv8hj7oitpb5lmic47o88g8g13',
)
[ info ] [ PARAM ] array (
  'user_id' => '1',
  'cart_ids' => '72211',
)
[ info ] [ BEHAVIOR ] Run app\common\behavior\App @app_begin [ RunTime:0.000323s ]
[ info ] [ RUN ] app\api\controller\Order->submitOrderShow[ D:\wamp\www\lmeriPro\newLmeri\source\application\api\controller\Order.php ]
[ info ] [ DB ] INIT mysql
[ info ] [ LOG ] INIT File
---------------------------------------------------------------
[ 2019-08-01T16:59:31+08:00 ] 0.0.0.0 GET localhost/lmeriPro/newLmeri/web/index.php?s=/api/order/submitOrderShow/user_id/1/cart_ids/72211
[运行时间：0.045244s] [吞吐率：22.10req/s] [内存消耗：3,066.78kb] [文件加载：47]
[ info ] [ LANG ] D:\wamp\www\lmeriPro\newLmeri\source\thinkphp\lang\zh-cn.php
[ info ] [ ROUTE ] array (
  'type' => 'module',
  'module' => 
  array (
    0 => 'api',
    1 => 'order',
    2 => 'submitOrderShow',
  ),
)
[ info ] [ HEADER ] array (
  'host' => 'localhost',
  'connection' => 'keep-alive',
  'cache-control' => 'max-age=0',
  'upgrade-insecure-requests' => '1',
  'user-agent' => 'Mozilla/5.0 (Windows NT 10.0; WOW64) AppleWebKit/537.36 (KHTML, like Gecko) Chrome/74.0.3729.169 Safari/537.36',
  'accept' => 'text/html,application/xhtml+xml,application/xml;q=0.9,image/webp,image/apng,*/*;q=0.8,application/signed-exchange;v=b3',
  'accept-encoding' => 'gzip, deflate, br',
  'accept-language' => 'zh-CN,zh;q=0.9',
  'cookie' => 'ECS[visit_times]=40; PHPSESSID=qv8hj7oitpb5lmic47o88g8g13',
)
[ info ] [ PARAM ] array (
  'user_id' => '1',
  'cart_ids' => '72211',
)
[ info ] [ BEHAVIOR ] Run app\common\behavior\App @app_begin [ RunTime:0.000333s ]
[ info ] [ RUN ] app\api\controller\Order->submitOrderShow[ D:\wamp\www\lmeriPro\newLmeri\source\application\api\controller\Order.php ]
[ info ] [ DB ] INIT mysql
[ info ] [ LOG ] INIT File
---------------------------------------------------------------
[ 2019-08-01T17:05:29+08:00 ] 0.0.0.0 GET localhost/lmeriPro/newLmeri/web/index.php?s=/api/order/submitOrderShow/user_id/1/cart_ids/72211
[运行时间：0.034476s] [吞吐率：29.01req/s] [内存消耗：3,067.34kb] [文件加载：47]
[ info ] [ LANG ] D:\wamp\www\lmeriPro\newLmeri\source\thinkphp\lang\zh-cn.php
[ info ] [ ROUTE ] array (
  'type' => 'module',
  'module' => 
  array (
    0 => 'api',
    1 => 'order',
    2 => 'submitOrderShow',
  ),
)
[ info ] [ HEADER ] array (
  'host' => 'localhost',
  'connection' => 'keep-alive',
  'cache-control' => 'max-age=0',
  'upgrade-insecure-requests' => '1',
  'user-agent' => 'Mozilla/5.0 (Windows NT 10.0; WOW64) AppleWebKit/537.36 (KHTML, like Gecko) Chrome/74.0.3729.169 Safari/537.36',
  'accept' => 'text/html,application/xhtml+xml,application/xml;q=0.9,image/webp,image/apng,*/*;q=0.8,application/signed-exchange;v=b3',
  'accept-encoding' => 'gzip, deflate, br',
  'accept-language' => 'zh-CN,zh;q=0.9',
  'cookie' => 'ECS[visit_times]=40; PHPSESSID=qv8hj7oitpb5lmic47o88g8g13',
)
[ info ] [ PARAM ] array (
  'user_id' => '1',
  'cart_ids' => '72211',
)
[ info ] [ BEHAVIOR ] Run app\common\behavior\App @app_begin [ RunTime:0.000347s ]
[ info ] [ RUN ] app\api\controller\Order->submitOrderShow[ D:\wamp\www\lmeriPro\newLmeri\source\application\api\controller\Order.php ]
[ info ] [ DB ] INIT mysql
[ info ] [ LOG ] INIT File
---------------------------------------------------------------
[ 2019-08-01T17:05:41+08:00 ] 0.0.0.0 GET localhost/lmeriPro/newLmeri/web/index.php?s=/api/order/submitOrderShow/user_id/1/cart_ids/72211
[运行时间：0.053103s] [吞吐率：18.83req/s] [内存消耗：3,071.10kb] [文件加载：47]
[ info ] [ LANG ] D:\wamp\www\lmeriPro\newLmeri\source\thinkphp\lang\zh-cn.php
[ info ] [ ROUTE ] array (
  'type' => 'module',
  'module' => 
  array (
    0 => 'api',
    1 => 'order',
    2 => 'submitOrderShow',
  ),
)
[ info ] [ HEADER ] array (
  'host' => 'localhost',
  'connection' => 'keep-alive',
  'cache-control' => 'max-age=0',
  'upgrade-insecure-requests' => '1',
  'user-agent' => 'Mozilla/5.0 (Windows NT 10.0; WOW64) AppleWebKit/537.36 (KHTML, like Gecko) Chrome/74.0.3729.169 Safari/537.36',
  'accept' => 'text/html,application/xhtml+xml,application/xml;q=0.9,image/webp,image/apng,*/*;q=0.8,application/signed-exchange;v=b3',
  'accept-encoding' => 'gzip, deflate, br',
  'accept-language' => 'zh-CN,zh;q=0.9',
  'cookie' => 'ECS[visit_times]=40; PHPSESSID=qv8hj7oitpb5lmic47o88g8g13',
)
[ info ] [ PARAM ] array (
  'user_id' => '1',
  'cart_ids' => '72211',
)
[ info ] [ BEHAVIOR ] Run app\common\behavior\App @app_begin [ RunTime:0.000310s ]
[ info ] [ RUN ] app\api\controller\Order->submitOrderShow[ D:\wamp\www\lmeriPro\newLmeri\source\application\api\controller\Order.php ]
[ info ] [ DB ] INIT mysql
[ info ] [ LOG ] INIT File
---------------------------------------------------------------
[ 2019-08-01T17:06:12+08:00 ] 0.0.0.0 GET localhost/lmeriPro/newLmeri/web/index.php?s=/api/order/submitOrderShow/user_id/1/cart_ids/72211
[运行时间：0.057794s] [吞吐率：17.30req/s] [内存消耗：3,071.67kb] [文件加载：47]
[ info ] [ LANG ] D:\wamp\www\lmeriPro\newLmeri\source\thinkphp\lang\zh-cn.php
[ info ] [ ROUTE ] array (
  'type' => 'module',
  'module' => 
  array (
    0 => 'api',
    1 => 'order',
    2 => 'submitOrderShow',
  ),
)
[ info ] [ HEADER ] array (
  'host' => 'localhost',
  'connection' => 'keep-alive',
  'cache-control' => 'max-age=0',
  'upgrade-insecure-requests' => '1',
  'user-agent' => 'Mozilla/5.0 (Windows NT 10.0; WOW64) AppleWebKit/537.36 (KHTML, like Gecko) Chrome/74.0.3729.169 Safari/537.36',
  'accept' => 'text/html,application/xhtml+xml,application/xml;q=0.9,image/webp,image/apng,*/*;q=0.8,application/signed-exchange;v=b3',
  'accept-encoding' => 'gzip, deflate, br',
  'accept-language' => 'zh-CN,zh;q=0.9',
  'cookie' => 'ECS[visit_times]=40; PHPSESSID=qv8hj7oitpb5lmic47o88g8g13',
)
[ info ] [ PARAM ] array (
  'user_id' => '1',
  'cart_ids' => '72211',
)
[ info ] [ BEHAVIOR ] Run app\common\behavior\App @app_begin [ RunTime:0.000190s ]
[ info ] [ RUN ] app\api\controller\Order->submitOrderShow[ D:\wamp\www\lmeriPro\newLmeri\source\application\api\controller\Order.php ]
[ info ] [ DB ] INIT mysql
[ info ] [ LOG ] INIT File
---------------------------------------------------------------
[ 2019-08-01T17:06:19+08:00 ] 0.0.0.0 GET localhost/lmeriPro/newLmeri/web/index.php?s=/api/order/submitOrderShow/user_id/1/cart_ids/72211
[运行时间：0.068472s] [吞吐率：14.60req/s] [内存消耗：3,361.63kb] [文件加载：58]
[ info ] [ LANG ] D:\wamp\www\lmeriPro\newLmeri\source\thinkphp\lang\zh-cn.php
[ info ] [ ROUTE ] array (
  'type' => 'module',
  'module' => 
  array (
    0 => 'api',
    1 => 'order',
    2 => 'submitOrderShow',
  ),
)
[ info ] [ HEADER ] array (
  'host' => 'localhost',
  'connection' => 'keep-alive',
  'cache-control' => 'max-age=0',
  'upgrade-insecure-requests' => '1',
  'user-agent' => 'Mozilla/5.0 (Windows NT 10.0; WOW64) AppleWebKit/537.36 (KHTML, like Gecko) Chrome/74.0.3729.169 Safari/537.36',
  'accept' => 'text/html,application/xhtml+xml,application/xml;q=0.9,image/webp,image/apng,*/*;q=0.8,application/signed-exchange;v=b3',
  'accept-encoding' => 'gzip, deflate, br',
  'accept-language' => 'zh-CN,zh;q=0.9',
  'cookie' => 'ECS[visit_times]=40; PHPSESSID=qv8hj7oitpb5lmic47o88g8g13',
)
[ info ] [ PARAM ] array (
  'user_id' => '1',
  'cart_ids' => '72211',
)
[ info ] [ BEHAVIOR ] Run app\common\behavior\App @app_begin [ RunTime:0.000287s ]
[ info ] [ RUN ] app\api\controller\Order->submitOrderShow[ D:\wamp\www\lmeriPro\newLmeri\source\application\api\controller\Order.php ]
[ info ] [ DB ] INIT mysql
[ info ] [ CACHE ] INIT File
[ info ] [ LOG ] INIT File
---------------------------------------------------------------
[ 2019-08-01T17:06:31+08:00 ] 0.0.0.0 GET localhost/lmeriPro/newLmeri/web/index.php?s=/api/order/submitOrderShow/user_id/1/cart_ids/72211
[运行时间：0.069833s] [吞吐率：14.32req/s] [内存消耗：3,324.98kb] [文件加载：51]
[ info ] [ LANG ] D:\wamp\www\lmeriPro\newLmeri\source\thinkphp\lang\zh-cn.php
[ info ] [ ROUTE ] array (
  'type' => 'module',
  'module' => 
  array (
    0 => 'api',
    1 => 'order',
    2 => 'submitOrderShow',
  ),
)
[ info ] [ HEADER ] array (
  'host' => 'localhost',
  'connection' => 'keep-alive',
  'cache-control' => 'max-age=0',
  'upgrade-insecure-requests' => '1',
  'user-agent' => 'Mozilla/5.0 (Windows NT 10.0; WOW64) AppleWebKit/537.36 (KHTML, like Gecko) Chrome/74.0.3729.169 Safari/537.36',
  'accept' => 'text/html,application/xhtml+xml,application/xml;q=0.9,image/webp,image/apng,*/*;q=0.8,application/signed-exchange;v=b3',
  'accept-encoding' => 'gzip, deflate, br',
  'accept-language' => 'zh-CN,zh;q=0.9',
  'cookie' => 'ECS[visit_times]=40; PHPSESSID=qv8hj7oitpb5lmic47o88g8g13',
)
[ info ] [ PARAM ] array (
  'user_id' => '1',
  'cart_ids' => '72211',
)
[ info ] [ BEHAVIOR ] Run app\common\behavior\App @app_begin [ RunTime:0.000230s ]
[ info ] [ RUN ] app\api\controller\Order->submitOrderShow[ D:\wamp\www\lmeriPro\newLmeri\source\application\api\controller\Order.php ]
[ info ] [ DB ] INIT mysql
[ info ] [ CACHE ] INIT File
[ info ] [ LOG ] INIT File
---------------------------------------------------------------
[ 2019-08-01T17:06:43+08:00 ] 0.0.0.0 GET localhost/lmeriPro/newLmeri/web/index.php?s=/api/order/submitOrderShow/user_id/1/cart_ids/72211
[运行时间：0.045286s] [吞吐率：22.08req/s] [内存消耗：3,324.88kb] [文件加载：51]
[ info ] [ LANG ] D:\wamp\www\lmeriPro\newLmeri\source\thinkphp\lang\zh-cn.php
[ info ] [ ROUTE ] array (
  'type' => 'module',
  'module' => 
  array (
    0 => 'api',
    1 => 'order',
    2 => 'submitOrderShow',
  ),
)
[ info ] [ HEADER ] array (
  'host' => 'localhost',
  'connection' => 'keep-alive',
  'cache-control' => 'max-age=0',
  'upgrade-insecure-requests' => '1',
  'user-agent' => 'Mozilla/5.0 (Windows NT 10.0; WOW64) AppleWebKit/537.36 (KHTML, like Gecko) Chrome/74.0.3729.169 Safari/537.36',
  'accept' => 'text/html,application/xhtml+xml,application/xml;q=0.9,image/webp,image/apng,*/*;q=0.8,application/signed-exchange;v=b3',
  'accept-encoding' => 'gzip, deflate, br',
  'accept-language' => 'zh-CN,zh;q=0.9',
  'cookie' => 'ECS[visit_times]=40; PHPSESSID=qv8hj7oitpb5lmic47o88g8g13',
)
[ info ] [ PARAM ] array (
  'user_id' => '1',
  'cart_ids' => '72211',
)
[ info ] [ BEHAVIOR ] Run app\common\behavior\App @app_begin [ RunTime:0.000180s ]
[ info ] [ RUN ] app\api\controller\Order->submitOrderShow[ D:\wamp\www\lmeriPro\newLmeri\source\application\api\controller\Order.php ]
[ info ] [ DB ] INIT mysql
[ info ] [ CACHE ] INIT File
[ info ] [ LOG ] INIT File
---------------------------------------------------------------
[ 2019-08-01T17:07:16+08:00 ] 0.0.0.0 GET localhost/lmeriPro/newLmeri/web/index.php?s=/api/order/submitOrderShow/user_id/1/cart_ids/72211
[运行时间：0.043776s] [吞吐率：22.84req/s] [内存消耗：3,071.84kb] [文件加载：47]
[ info ] [ LANG ] D:\wamp\www\lmeriPro\newLmeri\source\thinkphp\lang\zh-cn.php
[ info ] [ ROUTE ] array (
  'type' => 'module',
  'module' => 
  array (
    0 => 'api',
    1 => 'order',
    2 => 'submitOrderShow',
  ),
)
[ info ] [ HEADER ] array (
  'host' => 'localhost',
  'connection' => 'keep-alive',
  'cache-control' => 'max-age=0',
  'upgrade-insecure-requests' => '1',
  'user-agent' => 'Mozilla/5.0 (Windows NT 10.0; WOW64) AppleWebKit/537.36 (KHTML, like Gecko) Chrome/74.0.3729.169 Safari/537.36',
  'accept' => 'text/html,application/xhtml+xml,application/xml;q=0.9,image/webp,image/apng,*/*;q=0.8,application/signed-exchange;v=b3',
  'accept-encoding' => 'gzip, deflate, br',
  'accept-language' => 'zh-CN,zh;q=0.9',
  'cookie' => 'ECS[visit_times]=40; PHPSESSID=qv8hj7oitpb5lmic47o88g8g13',
)
[ info ] [ PARAM ] array (
  'user_id' => '1',
  'cart_ids' => '72211',
)
[ info ] [ BEHAVIOR ] Run app\common\behavior\App @app_begin [ RunTime:0.000204s ]
[ info ] [ RUN ] app\api\controller\Order->submitOrderShow[ D:\wamp\www\lmeriPro\newLmeri\source\application\api\controller\Order.php ]
[ info ] [ DB ] INIT mysql
[ info ] [ LOG ] INIT File
---------------------------------------------------------------
[ 2019-08-01T17:07:26+08:00 ] 0.0.0.0 GET localhost/lmeriPro/newLmeri/web/index.php?s=/api/order/submitOrderShow/user_id/1/cart_ids/72211
[运行时间：0.041174s] [吞吐率：24.29req/s] [内存消耗：3,070.18kb] [文件加载：47]
[ info ] [ LANG ] D:\wamp\www\lmeriPro\newLmeri\source\thinkphp\lang\zh-cn.php
[ info ] [ ROUTE ] array (
  'type' => 'module',
  'module' => 
  array (
    0 => 'api',
    1 => 'order',
    2 => 'submitOrderShow',
  ),
)
[ info ] [ HEADER ] array (
  'host' => 'localhost',
  'connection' => 'keep-alive',
  'cache-control' => 'max-age=0',
  'upgrade-insecure-requests' => '1',
  'user-agent' => 'Mozilla/5.0 (Windows NT 10.0; WOW64) AppleWebKit/537.36 (KHTML, like Gecko) Chrome/74.0.3729.169 Safari/537.36',
  'accept' => 'text/html,application/xhtml+xml,application/xml;q=0.9,image/webp,image/apng,*/*;q=0.8,application/signed-exchange;v=b3',
  'accept-encoding' => 'gzip, deflate, br',
  'accept-language' => 'zh-CN,zh;q=0.9',
  'cookie' => 'ECS[visit_times]=40; PHPSESSID=qv8hj7oitpb5lmic47o88g8g13',
)
[ info ] [ PARAM ] array (
  'user_id' => '1',
  'cart_ids' => '72211',
)
[ info ] [ BEHAVIOR ] Run app\common\behavior\App @app_begin [ RunTime:0.000200s ]
[ info ] [ RUN ] app\api\controller\Order->submitOrderShow[ D:\wamp\www\lmeriPro\newLmeri\source\application\api\controller\Order.php ]
[ info ] [ DB ] INIT mysql
[ info ] [ LOG ] INIT File
---------------------------------------------------------------
[ 2019-08-01T17:08:24+08:00 ] 0.0.0.0 GET localhost/lmeriPro/newLmeri/web/index.php?s=/api/order/submitOrderShow/user_id/1/cart_ids/72211
[运行时间：0.060658s] [吞吐率：16.49req/s] [内存消耗：3,069.67kb] [文件加载：47]
[ info ] [ LANG ] D:\wamp\www\lmeriPro\newLmeri\source\thinkphp\lang\zh-cn.php
[ info ] [ ROUTE ] array (
  'type' => 'module',
  'module' => 
  array (
    0 => 'api',
    1 => 'order',
    2 => 'submitOrderShow',
  ),
)
[ info ] [ HEADER ] array (
  'host' => 'localhost',
  'connection' => 'keep-alive',
  'cache-control' => 'max-age=0',
  'upgrade-insecure-requests' => '1',
  'user-agent' => 'Mozilla/5.0 (Windows NT 10.0; WOW64) AppleWebKit/537.36 (KHTML, like Gecko) Chrome/74.0.3729.169 Safari/537.36',
  'accept' => 'text/html,application/xhtml+xml,application/xml;q=0.9,image/webp,image/apng,*/*;q=0.8,application/signed-exchange;v=b3',
  'accept-encoding' => 'gzip, deflate, br',
  'accept-language' => 'zh-CN,zh;q=0.9',
  'cookie' => 'ECS[visit_times]=40; PHPSESSID=qv8hj7oitpb5lmic47o88g8g13',
)
[ info ] [ PARAM ] array (
  'user_id' => '1',
  'cart_ids' => '72211',
)
[ info ] [ BEHAVIOR ] Run app\common\behavior\App @app_begin [ RunTime:0.000306s ]
[ info ] [ RUN ] app\api\controller\Order->submitOrderShow[ D:\wamp\www\lmeriPro\newLmeri\source\application\api\controller\Order.php ]
[ info ] [ DB ] INIT mysql
[ info ] [ LOG ] INIT File
---------------------------------------------------------------
[ 2019-08-01T17:08:30+08:00 ] 0.0.0.0 GET localhost/lmeriPro/newLmeri/web/index.php?s=/api/order/submitOrderShow/user_id/1/cart_ids/72211
[运行时间：0.046359s] [吞吐率：21.57req/s] [内存消耗：3,069.34kb] [文件加载：47]
[ info ] [ LANG ] D:\wamp\www\lmeriPro\newLmeri\source\thinkphp\lang\zh-cn.php
[ info ] [ ROUTE ] array (
  'type' => 'module',
  'module' => 
  array (
    0 => 'api',
    1 => 'order',
    2 => 'submitOrderShow',
  ),
)
[ info ] [ HEADER ] array (
  'host' => 'localhost',
  'connection' => 'keep-alive',
  'cache-control' => 'max-age=0',
  'upgrade-insecure-requests' => '1',
  'user-agent' => 'Mozilla/5.0 (Windows NT 10.0; WOW64) AppleWebKit/537.36 (KHTML, like Gecko) Chrome/74.0.3729.169 Safari/537.36',
  'accept' => 'text/html,application/xhtml+xml,application/xml;q=0.9,image/webp,image/apng,*/*;q=0.8,application/signed-exchange;v=b3',
  'accept-encoding' => 'gzip, deflate, br',
  'accept-language' => 'zh-CN,zh;q=0.9',
  'cookie' => 'ECS[visit_times]=40; PHPSESSID=qv8hj7oitpb5lmic47o88g8g13',
)
[ info ] [ PARAM ] array (
  'user_id' => '1',
  'cart_ids' => '72211',
)
[ info ] [ BEHAVIOR ] Run app\common\behavior\App @app_begin [ RunTime:0.000316s ]
[ info ] [ RUN ] app\api\controller\Order->submitOrderShow[ D:\wamp\www\lmeriPro\newLmeri\source\application\api\controller\Order.php ]
[ info ] [ DB ] INIT mysql
[ info ] [ LOG ] INIT File
---------------------------------------------------------------
[ 2019-08-01T17:08:33+08:00 ] 0.0.0.0 GET localhost/lmeriPro/newLmeri/web/index.php?s=/api/order/submitOrderShow/user_id/1/cart_ids/72211
[运行时间：0.043701s] [吞吐率：22.88req/s] [内存消耗：3,069.67kb] [文件加载：47]
[ info ] [ LANG ] D:\wamp\www\lmeriPro\newLmeri\source\thinkphp\lang\zh-cn.php
[ info ] [ ROUTE ] array (
  'type' => 'module',
  'module' => 
  array (
    0 => 'api',
    1 => 'order',
    2 => 'submitOrderShow',
  ),
)
[ info ] [ HEADER ] array (
  'host' => 'localhost',
  'connection' => 'keep-alive',
  'cache-control' => 'max-age=0',
  'upgrade-insecure-requests' => '1',
  'user-agent' => 'Mozilla/5.0 (Windows NT 10.0; WOW64) AppleWebKit/537.36 (KHTML, like Gecko) Chrome/74.0.3729.169 Safari/537.36',
  'accept' => 'text/html,application/xhtml+xml,application/xml;q=0.9,image/webp,image/apng,*/*;q=0.8,application/signed-exchange;v=b3',
  'accept-encoding' => 'gzip, deflate, br',
  'accept-language' => 'zh-CN,zh;q=0.9',
  'cookie' => 'ECS[visit_times]=40; PHPSESSID=qv8hj7oitpb5lmic47o88g8g13',
)
[ info ] [ PARAM ] array (
  'user_id' => '1',
  'cart_ids' => '72211',
)
[ info ] [ BEHAVIOR ] Run app\common\behavior\App @app_begin [ RunTime:0.000197s ]
[ info ] [ RUN ] app\api\controller\Order->submitOrderShow[ D:\wamp\www\lmeriPro\newLmeri\source\application\api\controller\Order.php ]
[ info ] [ DB ] INIT mysql
[ info ] [ LOG ] INIT File
---------------------------------------------------------------
[ 2019-08-01T17:08:39+08:00 ] 0.0.0.0 GET localhost/lmeriPro/newLmeri/web/index.php?s=/api/order/submitOrderShow/user_id/1/cart_ids/72211
[运行时间：0.046273s] [吞吐率：21.61req/s] [内存消耗：3,071.84kb] [文件加载：47]
[ info ] [ LANG ] D:\wamp\www\lmeriPro\newLmeri\source\thinkphp\lang\zh-cn.php
[ info ] [ ROUTE ] array (
  'type' => 'module',
  'module' => 
  array (
    0 => 'api',
    1 => 'order',
    2 => 'submitOrderShow',
  ),
)
[ info ] [ HEADER ] array (
  'host' => 'localhost',
  'connection' => 'keep-alive',
  'cache-control' => 'max-age=0',
  'upgrade-insecure-requests' => '1',
  'user-agent' => 'Mozilla/5.0 (Windows NT 10.0; WOW64) AppleWebKit/537.36 (KHTML, like Gecko) Chrome/74.0.3729.169 Safari/537.36',
  'accept' => 'text/html,application/xhtml+xml,application/xml;q=0.9,image/webp,image/apng,*/*;q=0.8,application/signed-exchange;v=b3',
  'accept-encoding' => 'gzip, deflate, br',
  'accept-language' => 'zh-CN,zh;q=0.9',
  'cookie' => 'ECS[visit_times]=40; PHPSESSID=qv8hj7oitpb5lmic47o88g8g13',
)
[ info ] [ PARAM ] array (
  'user_id' => '1',
  'cart_ids' => '72211',
)
[ info ] [ BEHAVIOR ] Run app\common\behavior\App @app_begin [ RunTime:0.000209s ]
[ info ] [ RUN ] app\api\controller\Order->submitOrderShow[ D:\wamp\www\lmeriPro\newLmeri\source\application\api\controller\Order.php ]
[ info ] [ DB ] INIT mysql
[ info ] [ LOG ] INIT File
---------------------------------------------------------------
[ 2019-08-01T17:09:42+08:00 ] 0.0.0.0 GET localhost/lmeriPro/newLmeri/web/index.php?s=/api/order/submitOrderShow/user_id/1/cart_ids/72123,72125,72126
[运行时间：0.386979s] [吞吐率：2.58req/s] [内存消耗：3,073.24kb] [文件加载：47]
[ info ] [ LANG ] D:\wamp\www\lmeriPro\newLmeri\source\thinkphp\lang\zh-cn.php
[ info ] [ ROUTE ] array (
  'type' => 'module',
  'module' => 
  array (
    0 => 'api',
    1 => 'order',
    2 => 'submitOrderShow',
  ),
)
[ info ] [ HEADER ] array (
  'host' => 'localhost',
  'connection' => 'keep-alive',
  'upgrade-insecure-requests' => '1',
  'user-agent' => 'Mozilla/5.0 (Windows NT 10.0; WOW64) AppleWebKit/537.36 (KHTML, like Gecko) Chrome/74.0.3729.169 Safari/537.36',
  'accept' => 'text/html,application/xhtml+xml,application/xml;q=0.9,image/webp,image/apng,*/*;q=0.8,application/signed-exchange;v=b3',
  'accept-encoding' => 'gzip, deflate, br',
  'accept-language' => 'zh-CN,zh;q=0.9',
  'cookie' => 'ECS[visit_times]=40; PHPSESSID=qv8hj7oitpb5lmic47o88g8g13',
)
[ info ] [ PARAM ] array (
  'user_id' => '1',
  'cart_ids' => '72123,72125,72126',
)
[ info ] [ BEHAVIOR ] Run app\common\behavior\App @app_begin [ RunTime:0.000204s ]
[ info ] [ RUN ] app\api\controller\Order->submitOrderShow[ D:\wamp\www\lmeriPro\newLmeri\source\application\api\controller\Order.php ]
[ info ] [ DB ] INIT mysql
[ info ] [ LOG ] INIT File
---------------------------------------------------------------
[ 2019-08-01T17:10:43+08:00 ] 0.0.0.0 GET localhost/lmeriPro/newLmeri/web/index.php?s=/api/order/submitOrderShow/user_id/1/cart_ids/72123,72125,72126
[运行时间：0.064104s] [吞吐率：15.60req/s] [内存消耗：3,155.45kb] [文件加载：49]
[ info ] [ LANG ] D:\wamp\www\lmeriPro\newLmeri\source\thinkphp\lang\zh-cn.php
[ info ] [ ROUTE ] array (
  'type' => 'module',
  'module' => 
  array (
    0 => 'api',
    1 => 'order',
    2 => 'submitOrderShow',
  ),
)
[ info ] [ HEADER ] array (
  'host' => 'localhost',
  'connection' => 'keep-alive',
  'cache-control' => 'max-age=0',
  'upgrade-insecure-requests' => '1',
  'user-agent' => 'Mozilla/5.0 (Windows NT 10.0; WOW64) AppleWebKit/537.36 (KHTML, like Gecko) Chrome/74.0.3729.169 Safari/537.36',
  'accept' => 'text/html,application/xhtml+xml,application/xml;q=0.9,image/webp,image/apng,*/*;q=0.8,application/signed-exchange;v=b3',
  'accept-encoding' => 'gzip, deflate, br',
  'accept-language' => 'zh-CN,zh;q=0.9',
  'cookie' => 'ECS[visit_times]=40; PHPSESSID=qv8hj7oitpb5lmic47o88g8g13',
)
[ info ] [ PARAM ] array (
  'user_id' => '1',
  'cart_ids' => '72123,72125,72126',
)
[ info ] [ BEHAVIOR ] Run app\common\behavior\App @app_begin [ RunTime:0.000321s ]
[ info ] [ RUN ] app\api\controller\Order->submitOrderShow[ D:\wamp\www\lmeriPro\newLmeri\source\application\api\controller\Order.php ]
[ info ] [ DB ] INIT mysql
[ info ] [ LOG ] INIT File
---------------------------------------------------------------
[ 2019-08-01T17:10:56+08:00 ] 0.0.0.0 GET localhost/lmeriPro/newLmeri/web/index.php?s=/api/order/submitOrderShow/user_id/1/cart_ids/72123,72125,72126
[运行时间：0.049261s] [吞吐率：20.30req/s] [内存消耗：3,405.69kb] [文件加载：53]
[ info ] [ LANG ] D:\wamp\www\lmeriPro\newLmeri\source\thinkphp\lang\zh-cn.php
[ info ] [ ROUTE ] array (
  'type' => 'module',
  'module' => 
  array (
    0 => 'api',
    1 => 'order',
    2 => 'submitOrderShow',
  ),
)
[ info ] [ HEADER ] array (
  'host' => 'localhost',
  'connection' => 'keep-alive',
  'cache-control' => 'max-age=0',
  'upgrade-insecure-requests' => '1',
  'user-agent' => 'Mozilla/5.0 (Windows NT 10.0; WOW64) AppleWebKit/537.36 (KHTML, like Gecko) Chrome/74.0.3729.169 Safari/537.36',
  'accept' => 'text/html,application/xhtml+xml,application/xml;q=0.9,image/webp,image/apng,*/*;q=0.8,application/signed-exchange;v=b3',
  'accept-encoding' => 'gzip, deflate, br',
  'accept-language' => 'zh-CN,zh;q=0.9',
  'cookie' => 'ECS[visit_times]=40; PHPSESSID=qv8hj7oitpb5lmic47o88g8g13',
)
[ info ] [ PARAM ] array (
  'user_id' => '1',
  'cart_ids' => '72123,72125,72126',
)
[ info ] [ BEHAVIOR ] Run app\common\behavior\App @app_begin [ RunTime:0.000426s ]
[ info ] [ RUN ] app\api\controller\Order->submitOrderShow[ D:\wamp\www\lmeriPro\newLmeri\source\application\api\controller\Order.php ]
[ info ] [ DB ] INIT mysql
[ info ] [ CACHE ] INIT File
[ info ] [ LOG ] INIT File
---------------------------------------------------------------
[ 2019-08-01T17:11:09+08:00 ] 0.0.0.0 GET localhost/lmeriPro/newLmeri/web/index.php?s=/api/order/submitOrderShow/user_id/1/cart_ids/72123,72125,72126
[运行时间：0.047558s] [吞吐率：21.03req/s] [内存消耗：3,405.69kb] [文件加载：53]
[ info ] [ LANG ] D:\wamp\www\lmeriPro\newLmeri\source\thinkphp\lang\zh-cn.php
[ info ] [ ROUTE ] array (
  'type' => 'module',
  'module' => 
  array (
    0 => 'api',
    1 => 'order',
    2 => 'submitOrderShow',
  ),
)
[ info ] [ HEADER ] array (
  'host' => 'localhost',
  'connection' => 'keep-alive',
  'cache-control' => 'max-age=0',
  'upgrade-insecure-requests' => '1',
  'user-agent' => 'Mozilla/5.0 (Windows NT 10.0; WOW64) AppleWebKit/537.36 (KHTML, like Gecko) Chrome/74.0.3729.169 Safari/537.36',
  'accept' => 'text/html,application/xhtml+xml,application/xml;q=0.9,image/webp,image/apng,*/*;q=0.8,application/signed-exchange;v=b3',
  'accept-encoding' => 'gzip, deflate, br',
  'accept-language' => 'zh-CN,zh;q=0.9',
  'cookie' => 'ECS[visit_times]=40; PHPSESSID=qv8hj7oitpb5lmic47o88g8g13',
)
[ info ] [ PARAM ] array (
  'user_id' => '1',
  'cart_ids' => '72123,72125,72126',
)
[ info ] [ BEHAVIOR ] Run app\common\behavior\App @app_begin [ RunTime:0.000199s ]
[ info ] [ RUN ] app\api\controller\Order->submitOrderShow[ D:\wamp\www\lmeriPro\newLmeri\source\application\api\controller\Order.php ]
[ info ] [ DB ] INIT mysql
[ info ] [ CACHE ] INIT File
[ info ] [ LOG ] INIT File
---------------------------------------------------------------
[ 2019-08-01T17:20:55+08:00 ] 0.0.0.0 GET localhost/lmeriPro/newLmeri/web/index.php?s=/api/order/submitOrderShow/user_id/1/cart_ids/72123,72125,72126
[运行时间：0.181093s] [吞吐率：5.52req/s] [内存消耗：3,297.71kb] [文件加载：53]
[ info ] [ LANG ] D:\wamp\www\lmeriPro\newLmeri\source\thinkphp\lang\zh-cn.php
[ info ] [ ROUTE ] array (
  'type' => 'module',
  'module' => 
  array (
    0 => 'api',
    1 => 'order',
    2 => 'submitOrderShow',
  ),
)
[ info ] [ HEADER ] array (
  'host' => 'localhost',
  'connection' => 'keep-alive',
  'cache-control' => 'max-age=0',
  'upgrade-insecure-requests' => '1',
  'user-agent' => 'Mozilla/5.0 (Windows NT 10.0; WOW64) AppleWebKit/537.36 (KHTML, like Gecko) Chrome/74.0.3729.169 Safari/537.36',
  'accept' => 'text/html,application/xhtml+xml,application/xml;q=0.9,image/webp,image/apng,*/*;q=0.8,application/signed-exchange;v=b3',
  'accept-encoding' => 'gzip, deflate, br',
  'accept-language' => 'zh-CN,zh;q=0.9',
  'cookie' => 'ECS[visit_times]=40; PHPSESSID=qv8hj7oitpb5lmic47o88g8g13',
)
[ info ] [ PARAM ] array (
  'user_id' => '1',
  'cart_ids' => '72123,72125,72126',
)
[ info ] [ BEHAVIOR ] Run app\common\behavior\App @app_begin [ RunTime:0.000664s ]
[ info ] [ RUN ] app\api\controller\Order->submitOrderShow[ D:\wamp\www\lmeriPro\newLmeri\source\application\api\controller\Order.php ]
[ info ] [ DB ] INIT mysql
[ info ] [ CACHE ] INIT File
[ info ] [ LOG ] INIT File
---------------------------------------------------------------
[ 2019-08-01T17:34:31+08:00 ] 0.0.0.0 GET localhost/lmeriPro/newLmeri/web/index.php?s=/api/order/submitOrderShow/user_id/1/cart_ids/72123,72125,72126
[运行时间：0.064554s] [吞吐率：15.49req/s] [内存消耗：3,466.17kb] [文件加载：61]
[ info ] [ LANG ] D:\wamp\www\lmeriPro\newLmeri\source\thinkphp\lang\zh-cn.php
[ info ] [ ROUTE ] array (
  'type' => 'module',
  'module' => 
  array (
    0 => 'api',
    1 => 'order',
    2 => 'submitOrderShow',
  ),
)
[ info ] [ HEADER ] array (
  'host' => 'localhost',
  'connection' => 'keep-alive',
  'cache-control' => 'max-age=0',
  'upgrade-insecure-requests' => '1',
  'user-agent' => 'Mozilla/5.0 (Windows NT 10.0; WOW64) AppleWebKit/537.36 (KHTML, like Gecko) Chrome/74.0.3729.169 Safari/537.36',
  'accept' => 'text/html,application/xhtml+xml,application/xml;q=0.9,image/webp,image/apng,*/*;q=0.8,application/signed-exchange;v=b3',
  'accept-encoding' => 'gzip, deflate, br',
  'accept-language' => 'zh-CN,zh;q=0.9',
  'cookie' => 'ECS[visit_times]=40; PHPSESSID=qv8hj7oitpb5lmic47o88g8g13',
)
[ info ] [ PARAM ] array (
  'user_id' => '1',
  'cart_ids' => '72123,72125,72126',
)
[ info ] [ BEHAVIOR ] Run app\common\behavior\App @app_begin [ RunTime:0.000299s ]
[ info ] [ RUN ] app\api\controller\Order->submitOrderShow[ D:\wamp\www\lmeriPro\newLmeri\source\application\api\controller\Order.php ]
[ info ] [ DB ] INIT mysql
[ info ] [ CACHE ] INIT File
[ info ] [ LOG ] INIT File
---------------------------------------------------------------
[ 2019-08-01T17:34:44+08:00 ] 0.0.0.0 GET localhost/lmeriPro/newLmeri/web/index.php?s=/api/order/submitOrderShow/user_id/1/cart_ids/72123,72125,72126
[运行时间：0.059695s] [吞吐率：16.75req/s] [内存消耗：3,332.13kb] [文件加载：54]
[ info ] [ LANG ] D:\wamp\www\lmeriPro\newLmeri\source\thinkphp\lang\zh-cn.php
[ info ] [ ROUTE ] array (
  'type' => 'module',
  'module' => 
  array (
    0 => 'api',
    1 => 'order',
    2 => 'submitOrderShow',
  ),
)
[ info ] [ HEADER ] array (
  'host' => 'localhost',
  'connection' => 'keep-alive',
  'cache-control' => 'max-age=0',
  'upgrade-insecure-requests' => '1',
  'user-agent' => 'Mozilla/5.0 (Windows NT 10.0; WOW64) AppleWebKit/537.36 (KHTML, like Gecko) Chrome/74.0.3729.169 Safari/537.36',
  'accept' => 'text/html,application/xhtml+xml,application/xml;q=0.9,image/webp,image/apng,*/*;q=0.8,application/signed-exchange;v=b3',
  'accept-encoding' => 'gzip, deflate, br',
  'accept-language' => 'zh-CN,zh;q=0.9',
  'cookie' => 'ECS[visit_times]=40; PHPSESSID=qv8hj7oitpb5lmic47o88g8g13',
)
[ info ] [ PARAM ] array (
  'user_id' => '1',
  'cart_ids' => '72123,72125,72126',
)
[ info ] [ BEHAVIOR ] Run app\common\behavior\App @app_begin [ RunTime:0.000329s ]
[ info ] [ RUN ] app\api\controller\Order->submitOrderShow[ D:\wamp\www\lmeriPro\newLmeri\source\application\api\controller\Order.php ]
[ info ] [ DB ] INIT mysql
[ info ] [ CACHE ] INIT File
[ info ] [ LOG ] INIT File
