---------------------------------------------------------------
[ 2019-08-03T10:39:20+08:00 ] 0.0.0.0 GET localhost/lmeriPro/newLmeri/web/index.php
[运行时间：0.632999s] [吞吐率：1.58req/s] [内存消耗：1,840.40kb] [文件加载：43]
[ info ] [ LANG ] D:\wamp\www\lmeriPro\newLmeri\source\thinkphp\lang\zh-cn.php
[ info ] [ ROUTE ] array (
  'type' => 'module',
  'module' => 
  array (
    0 => '',
    1 => NULL,
    2 => NULL,
  ),
)
[ info ] [ HEADER ] array (
  'host' => 'localhost',
  'connection' => 'keep-alive',
  'upgrade-insecure-requests' => '1',
  'user-agent' => 'Mozilla/5.0 (Windows NT 10.0; WOW64) AppleWebKit/537.36 (KHTML, like Gecko) Chrome/74.0.3729.169 Safari/537.36',
  'accept' => 'text/html,application/xhtml+xml,application/xml;q=0.9,image/webp,image/apng,*/*;q=0.8,application/signed-exchange;v=b3',
  'accept-encoding' => 'gzip, deflate, br',
  'accept-language' => 'zh-CN,zh;q=0.9',
  'cookie' => 'ECS[visit_times]=40',
)
[ info ] [ PARAM ] array (
)
[ info ] [ BEHAVIOR ] Run app\common\behavior\App @app_begin [ RunTime:0.003864s ]
[ info ] [ SESSION ] INIT array (
  'id' => '',
  'var_session_id' => '',
  'prefix' => '',
  'type' => '',
  'auto_start' => true,
)
[ info ] [ LOG ] INIT File
---------------------------------------------------------------
[ 2019-08-03T10:39:21+08:00 ] 0.0.0.0 GET localhost/lmeriPro/newLmeri/web/index.php?s=/store/passport/login
[运行时间：0.684668s] [吞吐率：1.46req/s] [内存消耗：3,237.95kb] [文件加载：53]
[ info ] [ LANG ] D:\wamp\www\lmeriPro\newLmeri\source\thinkphp\lang\zh-cn.php
[ info ] [ ROUTE ] array (
  'type' => 'module',
  'module' => 
  array (
    0 => 'store',
    1 => 'passport',
    2 => 'login',
  ),
)
[ info ] [ HEADER ] array (
  'host' => 'localhost',
  'connection' => 'keep-alive',
  'upgrade-insecure-requests' => '1',
  'user-agent' => 'Mozilla/5.0 (Windows NT 10.0; WOW64) AppleWebKit/537.36 (KHTML, like Gecko) Chrome/74.0.3729.169 Safari/537.36',
  'accept' => 'text/html,application/xhtml+xml,application/xml;q=0.9,image/webp,image/apng,*/*;q=0.8,application/signed-exchange;v=b3',
  'accept-encoding' => 'gzip, deflate, br',
  'accept-language' => 'zh-CN,zh;q=0.9',
  'cookie' => 'ECS[visit_times]=40; PHPSESSID=i47tmpqq9b5d8rvjbbgbi10i07',
)
[ info ] [ PARAM ] array (
)
[ info ] [ BEHAVIOR ] Run app\common\behavior\App @app_begin [ RunTime:0.001158s ]
[ info ] [ SESSION ] INIT array (
  'id' => '',
  'var_session_id' => '',
  'prefix' => '',
  'type' => '',
  'auto_start' => true,
)
[ info ] [ DB ] INIT mysql
[ info ] [ RUN ] app\store\controller\Passport->login[ D:\wamp\www\lmeriPro\newLmeri\source\application\store\controller\Passport.php ]
[ info ] [ VIEW ] D:\wamp\www\lmeriPro\newLmeri\web/../source/application/store\view\passport\login.php [ array (
  0 => 'version',
) ]
[ info ] [ LOG ] INIT File
---------------------------------------------------------------
[ 2019-08-03T11:20:51+08:00 ] 0.0.0.0 GET localhost/lmeriPro/newLmeri/web/index.php?s=/store/passport/login
[运行时间：0.074185s] [吞吐率：13.48req/s] [内存消耗：3,237.95kb] [文件加载：53]
[ info ] [ LANG ] D:\wamp\www\lmeriPro\newLmeri\source\thinkphp\lang\zh-cn.php
[ info ] [ ROUTE ] array (
  'type' => 'module',
  'module' => 
  array (
    0 => 'store',
    1 => 'passport',
    2 => 'login',
  ),
)
[ info ] [ HEADER ] array (
  'host' => 'localhost',
  'connection' => 'keep-alive',
  'upgrade-insecure-requests' => '1',
  'user-agent' => 'Mozilla/5.0 (Windows NT 10.0; WOW64) AppleWebKit/537.36 (KHTML, like Gecko) Chrome/74.0.3729.169 Safari/537.36',
  'accept' => 'text/html,application/xhtml+xml,application/xml;q=0.9,image/webp,image/apng,*/*;q=0.8,application/signed-exchange;v=b3',
  'accept-encoding' => 'gzip, deflate, br',
  'accept-language' => 'zh-CN,zh;q=0.9',
  'cookie' => 'ECS[visit_times]=40; PHPSESSID=i47tmpqq9b5d8rvjbbgbi10i07',
)
[ info ] [ PARAM ] array (
)
[ info ] [ BEHAVIOR ] Run app\common\behavior\App @app_begin [ RunTime:0.002025s ]
[ info ] [ SESSION ] INIT array (
  'id' => '',
  'var_session_id' => '',
  'prefix' => '',
  'type' => '',
  'auto_start' => true,
)
[ info ] [ DB ] INIT mysql
[ info ] [ RUN ] app\store\controller\Passport->login[ D:\wamp\www\lmeriPro\newLmeri\source\application\store\controller\Passport.php ]
[ info ] [ VIEW ] D:\wamp\www\lmeriPro\newLmeri\web/../source/application/store\view\passport\login.php [ array (
  0 => 'version',
) ]
[ info ] [ LOG ] INIT File
---------------------------------------------------------------
[ 2019-08-03T11:21:22+08:00 ] 0.0.0.0 GET localhost/lmeriPro/newLmeri/web/index.php?s=/store/passport/login
[运行时间：0.048460s] [吞吐率：20.64req/s] [内存消耗：3,238.24kb] [文件加载：53]
[ info ] [ LANG ] D:\wamp\www\lmeriPro\newLmeri\source\thinkphp\lang\zh-cn.php
[ info ] [ ROUTE ] array (
  'type' => 'module',
  'module' => 
  array (
    0 => 'store',
    1 => 'passport',
    2 => 'login',
  ),
)
[ info ] [ HEADER ] array (
  'host' => 'localhost',
  'connection' => 'keep-alive',
  'cache-control' => 'max-age=0',
  'upgrade-insecure-requests' => '1',
  'user-agent' => 'Mozilla/5.0 (Windows NT 10.0; WOW64) AppleWebKit/537.36 (KHTML, like Gecko) Chrome/74.0.3729.169 Safari/537.36',
  'accept' => 'text/html,application/xhtml+xml,application/xml;q=0.9,image/webp,image/apng,*/*;q=0.8,application/signed-exchange;v=b3',
  'accept-encoding' => 'gzip, deflate, br',
  'accept-language' => 'zh-CN,zh;q=0.9',
  'cookie' => 'ECS[visit_times]=40; PHPSESSID=i47tmpqq9b5d8rvjbbgbi10i07',
)
[ info ] [ PARAM ] array (
)
[ info ] [ BEHAVIOR ] Run app\common\behavior\App @app_begin [ RunTime:0.000362s ]
[ info ] [ SESSION ] INIT array (
  'id' => '',
  'var_session_id' => '',
  'prefix' => '',
  'type' => '',
  'auto_start' => true,
)
[ info ] [ DB ] INIT mysql
[ info ] [ RUN ] app\store\controller\Passport->login[ D:\wamp\www\lmeriPro\newLmeri\source\application\store\controller\Passport.php ]
[ info ] [ VIEW ] D:\wamp\www\lmeriPro\newLmeri\web/../source/application/store\view\passport\login.php [ array (
  0 => 'version',
) ]
[ info ] [ LOG ] INIT File
---------------------------------------------------------------
[ 2019-08-03T13:02:58+08:00 ] 0.0.0.0 POST localhost/lmeriPro/newLmeri/web/index.php?s=/store/passport/login
[运行时间：0.070902s] [吞吐率：14.10req/s] [内存消耗：3,250.49kb] [文件加载：53]
[ info ] [ LANG ] D:\wamp\www\lmeriPro\newLmeri\source\thinkphp\lang\zh-cn.php
[ info ] [ ROUTE ] array (
  'type' => 'module',
  'module' => 
  array (
    0 => 'store',
    1 => 'passport',
    2 => 'login',
  ),
)
[ info ] [ HEADER ] array (
  'host' => 'localhost',
  'connection' => 'keep-alive',
  'content-length' => '53',
  'accept' => 'application/json, text/javascript, */*; q=0.01',
  'origin' => 'http://localhost',
  'x-requested-with' => 'XMLHttpRequest',
  'user-agent' => 'Mozilla/5.0 (Windows NT 10.0; WOW64) AppleWebKit/537.36 (KHTML, like Gecko) Chrome/74.0.3729.169 Safari/537.36',
  'content-type' => 'application/x-www-form-urlencoded; charset=UTF-8',
  'referer' => 'http://localhost/lmeriPro/newLmeri/web/index.php?s=/store/passport/login',
  'accept-encoding' => 'gzip, deflate, br',
  'accept-language' => 'zh-CN,zh;q=0.9',
  'cookie' => 'ECS[visit_times]=40; PHPSESSID=i47tmpqq9b5d8rvjbbgbi10i07',
)
[ info ] [ PARAM ] array (
  'User' => 
  array (
    'user_name' => 'luffy',
    'password' => 'luffy521',
  ),
)
[ info ] [ BEHAVIOR ] Run app\common\behavior\App @app_begin [ RunTime:0.000476s ]
[ info ] [ SESSION ] INIT array (
  'id' => '',
  'var_session_id' => '',
  'prefix' => '',
  'type' => '',
  'auto_start' => true,
)
[ info ] [ DB ] INIT mysql
[ info ] [ RUN ] app\store\controller\Passport->login[ D:\wamp\www\lmeriPro\newLmeri\source\application\store\controller\Passport.php ]
[ info ] [ LOG ] INIT File
---------------------------------------------------------------
[ 2019-08-03T13:03:02+08:00 ] 0.0.0.0 POST localhost/lmeriPro/newLmeri/web/index.php?s=/store/passport/login
[运行时间：0.215632s] [吞吐率：4.64req/s] [内存消耗：3,533.85kb] [文件加载：60]
[ info ] [ LANG ] D:\wamp\www\lmeriPro\newLmeri\source\thinkphp\lang\zh-cn.php
[ info ] [ ROUTE ] array (
  'type' => 'module',
  'module' => 
  array (
    0 => 'store',
    1 => 'passport',
    2 => 'login',
  ),
)
[ info ] [ HEADER ] array (
  'host' => 'localhost',
  'connection' => 'keep-alive',
  'content-length' => '51',
  'accept' => 'application/json, text/javascript, */*; q=0.01',
  'origin' => 'http://localhost',
  'x-requested-with' => 'XMLHttpRequest',
  'user-agent' => 'Mozilla/5.0 (Windows NT 10.0; WOW64) AppleWebKit/537.36 (KHTML, like Gecko) Chrome/74.0.3729.169 Safari/537.36',
  'content-type' => 'application/x-www-form-urlencoded; charset=UTF-8',
  'referer' => 'http://localhost/lmeriPro/newLmeri/web/index.php?s=/store/passport/login',
  'accept-encoding' => 'gzip, deflate, br',
  'accept-language' => 'zh-CN,zh;q=0.9',
  'cookie' => 'ECS[visit_times]=40; PHPSESSID=i47tmpqq9b5d8rvjbbgbi10i07',
)
[ info ] [ PARAM ] array (
  'User' => 
  array (
    'user_name' => 'luffy',
    'password' => '123456',
  ),
)
[ info ] [ BEHAVIOR ] Run app\common\behavior\App @app_begin [ RunTime:0.000277s ]
[ info ] [ SESSION ] INIT array (
  'id' => '',
  'var_session_id' => '',
  'prefix' => '',
  'type' => '',
  'auto_start' => true,
)
[ info ] [ DB ] INIT mysql
[ info ] [ RUN ] app\store\controller\Passport->login[ D:\wamp\www\lmeriPro\newLmeri\source\application\store\controller\Passport.php ]
[ info ] [ LOG ] INIT File
---------------------------------------------------------------
[ 2019-08-03T13:03:04+08:00 ] 0.0.0.0 GET localhost/lmeriPro/newLmeri/web/index.php?s=/store/index/index
[运行时间：0.941900s] [吞吐率：1.06req/s] [内存消耗：4,115.45kb] [文件加载：65]
[ info ] [ LANG ] D:\wamp\www\lmeriPro\newLmeri\source\thinkphp\lang\zh-cn.php
[ info ] [ ROUTE ] array (
  'type' => 'module',
  'module' => 
  array (
    0 => 'store',
    1 => 'index',
    2 => 'index',
  ),
)
[ info ] [ HEADER ] array (
  'host' => 'localhost',
  'connection' => 'keep-alive',
  'upgrade-insecure-requests' => '1',
  'user-agent' => 'Mozilla/5.0 (Windows NT 10.0; WOW64) AppleWebKit/537.36 (KHTML, like Gecko) Chrome/74.0.3729.169 Safari/537.36',
  'accept' => 'text/html,application/xhtml+xml,application/xml;q=0.9,image/webp,image/apng,*/*;q=0.8,application/signed-exchange;v=b3',
  'referer' => 'http://localhost/lmeriPro/newLmeri/web/index.php?s=/store/passport/login',
  'accept-encoding' => 'gzip, deflate, br',
  'accept-language' => 'zh-CN,zh;q=0.9',
  'cookie' => 'ECS[visit_times]=40; PHPSESSID=i47tmpqq9b5d8rvjbbgbi10i07',
)
[ info ] [ PARAM ] array (
)
[ info ] [ BEHAVIOR ] Run app\common\behavior\App @app_begin [ RunTime:0.000463s ]
[ info ] [ SESSION ] INIT array (
  'id' => '',
  'var_session_id' => '',
  'prefix' => '',
  'type' => '',
  'auto_start' => true,
)
[ info ] [ DB ] INIT mysql
[ info ] [ RUN ] app\store\controller\Index->index[ D:\wamp\www\lmeriPro\newLmeri\source\application\store\controller\Index.php ]
[ info ] [ VIEW ] D:\wamp\www\lmeriPro\newLmeri\web/../source/application/store\view\index\index.php [ array (
  0 => 'base_url',
  1 => 'store_url',
  2 => 'group',
  3 => 'menus',
  4 => 'store',
  5 => 'request',
  6 => 'version',
  7 => 'data',
  8 => 'storeList',
) ]
[ info ] [ LOG ] INIT File
---------------------------------------------------------------
[ 2019-08-03T21:02:46+08:00 ] 0.0.0.0 GET localhost/lmeriPro/newLmeri/web/index.php?s=/store/index/index
[运行时间：1.205755s] [吞吐率：0.83req/s] [内存消耗：4,115.77kb] [文件加载：65]
[ info ] [ LANG ] D:\wamp\www\lmeriPro\newLmeri\source\thinkphp\lang\zh-cn.php
[ info ] [ ROUTE ] array (
  'type' => 'module',
  'module' => 
  array (
    0 => 'store',
    1 => 'index',
    2 => 'index',
  ),
)
[ info ] [ HEADER ] array (
  'host' => 'localhost',
  'connection' => 'keep-alive',
  'cache-control' => 'max-age=0',
  'upgrade-insecure-requests' => '1',
  'user-agent' => 'Mozilla/5.0 (Windows NT 10.0; WOW64) AppleWebKit/537.36 (KHTML, like Gecko) Chrome/74.0.3729.169 Safari/537.36',
  'accept' => 'text/html,application/xhtml+xml,application/xml;q=0.9,image/webp,image/apng,*/*;q=0.8,application/signed-exchange;v=b3',
  'referer' => 'http://localhost/lmeriPro/newLmeri/web/index.php?s=/store/passport/login',
  'accept-encoding' => 'gzip, deflate, br',
  'accept-language' => 'zh-CN,zh;q=0.9',
  'cookie' => 'ECS[visit_times]=40; PHPSESSID=i47tmpqq9b5d8rvjbbgbi10i07',
)
[ info ] [ PARAM ] array (
)
[ info ] [ BEHAVIOR ] Run app\common\behavior\App @app_begin [ RunTime:0.001168s ]
[ info ] [ SESSION ] INIT array (
  'id' => '',
  'var_session_id' => '',
  'prefix' => '',
  'type' => '',
  'auto_start' => true,
)
[ info ] [ DB ] INIT mysql
[ info ] [ RUN ] app\store\controller\Index->index[ D:\wamp\www\lmeriPro\newLmeri\source\application\store\controller\Index.php ]
[ info ] [ VIEW ] D:\wamp\www\lmeriPro\newLmeri\web/../source/application/store\view\index\index.php [ array (
  0 => 'base_url',
  1 => 'store_url',
  2 => 'group',
  3 => 'menus',
  4 => 'store',
  5 => 'request',
  6 => 'version',
  7 => 'data',
  8 => 'storeList',
) ]
[ info ] [ LOG ] INIT File
---------------------------------------------------------------
[ 2019-08-03T21:02:49+08:00 ] 0.0.0.0 GET localhost/lmeriPro/newLmeri/web/index.php?s=/store/index/index
[运行时间：0.327404s] [吞吐率：3.05req/s] [内存消耗：4,115.77kb] [文件加载：65]
[ info ] [ LANG ] D:\wamp\www\lmeriPro\newLmeri\source\thinkphp\lang\zh-cn.php
[ info ] [ ROUTE ] array (
  'type' => 'module',
  'module' => 
  array (
    0 => 'store',
    1 => 'index',
    2 => 'index',
  ),
)
[ info ] [ HEADER ] array (
  'host' => 'localhost',
  'connection' => 'keep-alive',
  'cache-control' => 'max-age=0',
  'upgrade-insecure-requests' => '1',
  'user-agent' => 'Mozilla/5.0 (Windows NT 10.0; WOW64) AppleWebKit/537.36 (KHTML, like Gecko) Chrome/74.0.3729.169 Safari/537.36',
  'accept' => 'text/html,application/xhtml+xml,application/xml;q=0.9,image/webp,image/apng,*/*;q=0.8,application/signed-exchange;v=b3',
  'referer' => 'http://localhost/lmeriPro/newLmeri/web/index.php?s=/store/passport/login',
  'accept-encoding' => 'gzip, deflate, br',
  'accept-language' => 'zh-CN,zh;q=0.9',
  'cookie' => 'ECS[visit_times]=40; PHPSESSID=i47tmpqq9b5d8rvjbbgbi10i07',
)
[ info ] [ PARAM ] array (
)
[ info ] [ BEHAVIOR ] Run app\common\behavior\App @app_begin [ RunTime:0.000286s ]
[ info ] [ SESSION ] INIT array (
  'id' => '',
  'var_session_id' => '',
  'prefix' => '',
  'type' => '',
  'auto_start' => true,
)
[ info ] [ DB ] INIT mysql
[ info ] [ RUN ] app\store\controller\Index->index[ D:\wamp\www\lmeriPro\newLmeri\source\application\store\controller\Index.php ]
[ info ] [ VIEW ] D:\wamp\www\lmeriPro\newLmeri\web/../source/application/store\view\index\index.php [ array (
  0 => 'base_url',
  1 => 'store_url',
  2 => 'group',
  3 => 'menus',
  4 => 'store',
  5 => 'request',
  6 => 'version',
  7 => 'data',
  8 => 'storeList',
) ]
[ info ] [ LOG ] INIT File
---------------------------------------------------------------
[ 2019-08-03T21:36:32+08:00 ] 0.0.0.0 GET localhost/lmeriPro/newLmeri/web/index.php
[运行时间：0.268155s] [吞吐率：3.73req/s] [内存消耗：4,112.09kb] [文件加载：65]
[ info ] [ LANG ] D:\wamp\www\lmeriPro\newLmeri\source\thinkphp\lang\zh-cn.php
[ info ] [ ROUTE ] array (
  'type' => 'module',
  'module' => 
  array (
    0 => '',
    1 => NULL,
    2 => NULL,
  ),
)
[ info ] [ HEADER ] array (
  'host' => 'localhost',
  'connection' => 'keep-alive',
  'upgrade-insecure-requests' => '1',
  'user-agent' => 'Mozilla/5.0 (Windows NT 10.0; WOW64) AppleWebKit/537.36 (KHTML, like Gecko) Chrome/74.0.3729.169 Safari/537.36',
  'accept' => 'text/html,application/xhtml+xml,application/xml;q=0.9,image/webp,image/apng,*/*;q=0.8,application/signed-exchange;v=b3',
  'accept-encoding' => 'gzip, deflate, br',
  'accept-language' => 'zh-CN,zh;q=0.9',
  'cookie' => 'ECS[visit_times]=40; PHPSESSID=i47tmpqq9b5d8rvjbbgbi10i07',
)
[ info ] [ PARAM ] array (
)
[ info ] [ BEHAVIOR ] Run app\common\behavior\App @app_begin [ RunTime:0.000968s ]
[ info ] [ SESSION ] INIT array (
  'id' => '',
  'var_session_id' => '',
  'prefix' => '',
  'type' => '',
  'auto_start' => true,
)
[ info ] [ DB ] INIT mysql
[ info ] [ RUN ] app\store\controller\Index->index[ D:\wamp\www\lmeriPro\newLmeri\source\application\store\controller\Index.php ]
[ info ] [ VIEW ] D:\wamp\www\lmeriPro\newLmeri\web/../source/application/store\view\index\index.php [ array (
  0 => 'base_url',
  1 => 'store_url',
  2 => 'group',
  3 => 'menus',
  4 => 'store',
  5 => 'request',
  6 => 'version',
  7 => 'data',
  8 => 'storeList',
) ]
[ info ] [ LOG ] INIT File
---------------------------------------------------------------
[ 2019-08-03T21:36:43+08:00 ] 0.0.0.0 GET localhost/lmeriPro/newLmeri/web/index.php
[运行时间：0.269058s] [吞吐率：3.72req/s] [内存消耗：4,112.46kb] [文件加载：65]
[ info ] [ LANG ] D:\wamp\www\lmeriPro\newLmeri\source\thinkphp\lang\zh-cn.php
[ info ] [ ROUTE ] array (
  'type' => 'module',
  'module' => 
  array (
    0 => '',
    1 => NULL,
    2 => NULL,
  ),
)
[ info ] [ HEADER ] array (
  'host' => 'localhost',
  'connection' => 'keep-alive',
  'cache-control' => 'max-age=0',
  'upgrade-insecure-requests' => '1',
  'user-agent' => 'Mozilla/5.0 (Windows NT 10.0; WOW64) AppleWebKit/537.36 (KHTML, like Gecko) Chrome/74.0.3729.169 Safari/537.36',
  'accept' => 'text/html,application/xhtml+xml,application/xml;q=0.9,image/webp,image/apng,*/*;q=0.8,application/signed-exchange;v=b3',
  'accept-encoding' => 'gzip, deflate, br',
  'accept-language' => 'zh-CN,zh;q=0.9',
  'cookie' => 'ECS[visit_times]=40; PHPSESSID=i47tmpqq9b5d8rvjbbgbi10i07',
)
[ info ] [ PARAM ] array (
)
[ info ] [ BEHAVIOR ] Run app\common\behavior\App @app_begin [ RunTime:0.000520s ]
[ info ] [ SESSION ] INIT array (
  'id' => '',
  'var_session_id' => '',
  'prefix' => '',
  'type' => '',
  'auto_start' => true,
)
[ info ] [ DB ] INIT mysql
[ info ] [ RUN ] app\store\controller\Index->index[ D:\wamp\www\lmeriPro\newLmeri\source\application\store\controller\Index.php ]
[ info ] [ VIEW ] D:\wamp\www\lmeriPro\newLmeri\web/../source/application/store\view\index\index.php [ array (
  0 => 'base_url',
  1 => 'store_url',
  2 => 'group',
  3 => 'menus',
  4 => 'store',
  5 => 'request',
  6 => 'version',
  7 => 'data',
  8 => 'storeList',
) ]
[ info ] [ LOG ] INIT File
---------------------------------------------------------------
[ 2019-08-03T21:36:47+08:00 ] 0.0.0.0 GET localhost/lmeriPro/newLmeri/web/index.php?s=/api/order/submitOrderShow
[运行时间：0.084446s] [吞吐率：11.84req/s] [内存消耗：1,799.16kb] [文件加载：40]
[ info ] [ LANG ] D:\wamp\www\lmeriPro\newLmeri\source\thinkphp\lang\zh-cn.php
[ info ] [ ROUTE ] array (
  'type' => 'module',
  'module' => 
  array (
    0 => 'api',
    1 => 'order',
    2 => 'submitOrderShow',
  ),
)
[ info ] [ HEADER ] array (
  'host' => 'localhost',
  'connection' => 'keep-alive',
  'upgrade-insecure-requests' => '1',
  'user-agent' => 'Mozilla/5.0 (Windows NT 10.0; WOW64) AppleWebKit/537.36 (KHTML, like Gecko) Chrome/74.0.3729.169 Safari/537.36',
  'accept' => 'text/html,application/xhtml+xml,application/xml;q=0.9,image/webp,image/apng,*/*;q=0.8,application/signed-exchange;v=b3',
  'accept-encoding' => 'gzip, deflate, br',
  'accept-language' => 'zh-CN,zh;q=0.9',
  'cookie' => 'ECS[visit_times]=40; PHPSESSID=i47tmpqq9b5d8rvjbbgbi10i07',
)
[ info ] [ PARAM ] array (
)
[ info ] [ BEHAVIOR ] Run app\common\behavior\App @app_begin [ RunTime:0.000257s ]
[ info ] [ RUN ] app\api\controller\Order->submitOrderShow[ D:\wamp\www\lmeriPro\newLmeri\source\application\api\controller\Order.php ]
[ info ] [ LOG ] INIT File
---------------------------------------------------------------
[ 2019-08-03T21:36:55+08:00 ] 0.0.0.0 GET localhost/lmeriPro/newLmeri/web/index.php?s=/api/order/submitOrderShow/user_id/1/cart_ids/71987
[运行时间：0.219981s] [吞吐率：4.55req/s] [内存消耗：3,394.27kb] [文件加载：56]
[ info ] [ LANG ] D:\wamp\www\lmeriPro\newLmeri\source\thinkphp\lang\zh-cn.php
[ info ] [ ROUTE ] array (
  'type' => 'module',
  'module' => 
  array (
    0 => 'api',
    1 => 'order',
    2 => 'submitOrderShow',
  ),
)
[ info ] [ HEADER ] array (
  'host' => 'localhost',
  'connection' => 'keep-alive',
  'upgrade-insecure-requests' => '1',
  'user-agent' => 'Mozilla/5.0 (Windows NT 10.0; WOW64) AppleWebKit/537.36 (KHTML, like Gecko) Chrome/74.0.3729.169 Safari/537.36',
  'accept' => 'text/html,application/xhtml+xml,application/xml;q=0.9,image/webp,image/apng,*/*;q=0.8,application/signed-exchange;v=b3',
  'accept-encoding' => 'gzip, deflate, br',
  'accept-language' => 'zh-CN,zh;q=0.9',
  'cookie' => 'ECS[visit_times]=40; PHPSESSID=i47tmpqq9b5d8rvjbbgbi10i07',
)
[ info ] [ PARAM ] array (
  'user_id' => '1',
  'cart_ids' => '71987',
)
[ info ] [ BEHAVIOR ] Run app\common\behavior\App @app_begin [ RunTime:0.000186s ]
[ info ] [ RUN ] app\api\controller\Order->submitOrderShow[ D:\wamp\www\lmeriPro\newLmeri\source\application\api\controller\Order.php ]
[ info ] [ DB ] INIT mysql
[ info ] [ CACHE ] INIT File
[ info ] [ LOG ] INIT File
---------------------------------------------------------------
[ 2019-08-03T21:36:59+08:00 ] 0.0.0.0 GET localhost/lmeriPro/newLmeri/web/index.php?s=/api/order/submitOrderShow/user_id/1/cart_ids/72123,72125,72126
[运行时间：0.059132s] [吞吐率：16.91req/s] [内存消耗：3,406.90kb] [文件加载：56]
[ info ] [ LANG ] D:\wamp\www\lmeriPro\newLmeri\source\thinkphp\lang\zh-cn.php
[ info ] [ ROUTE ] array (
  'type' => 'module',
  'module' => 
  array (
    0 => 'api',
    1 => 'order',
    2 => 'submitOrderShow',
  ),
)
[ info ] [ HEADER ] array (
  'host' => 'localhost',
  'connection' => 'keep-alive',
  'upgrade-insecure-requests' => '1',
  'user-agent' => 'Mozilla/5.0 (Windows NT 10.0; WOW64) AppleWebKit/537.36 (KHTML, like Gecko) Chrome/74.0.3729.169 Safari/537.36',
  'accept' => 'text/html,application/xhtml+xml,application/xml;q=0.9,image/webp,image/apng,*/*;q=0.8,application/signed-exchange;v=b3',
  'accept-encoding' => 'gzip, deflate, br',
  'accept-language' => 'zh-CN,zh;q=0.9',
  'cookie' => 'ECS[visit_times]=40; PHPSESSID=i47tmpqq9b5d8rvjbbgbi10i07',
)
[ info ] [ PARAM ] array (
  'user_id' => '1',
  'cart_ids' => '72123,72125,72126',
)
[ info ] [ BEHAVIOR ] Run app\common\behavior\App @app_begin [ RunTime:0.000295s ]
[ info ] [ RUN ] app\api\controller\Order->submitOrderShow[ D:\wamp\www\lmeriPro\newLmeri\source\application\api\controller\Order.php ]
[ info ] [ DB ] INIT mysql
[ info ] [ CACHE ] INIT File
[ info ] [ LOG ] INIT File
---------------------------------------------------------------
[ 2019-08-03T21:37:57+08:00 ] 0.0.0.0 GET localhost/lmeriPro/newLmeri/web/index.php?s=/api/order/submitOrderShow/user_id/1/cart_ids/72123,72125,72126
[运行时间：0.071255s] [吞吐率：14.03req/s] [内存消耗：3,407.13kb] [文件加载：56]
[ info ] [ LANG ] D:\wamp\www\lmeriPro\newLmeri\source\thinkphp\lang\zh-cn.php
[ info ] [ ROUTE ] array (
  'type' => 'module',
  'module' => 
  array (
    0 => 'api',
    1 => 'order',
    2 => 'submitOrderShow',
  ),
)
[ info ] [ HEADER ] array (
  'host' => 'localhost',
  'connection' => 'keep-alive',
  'cache-control' => 'max-age=0',
  'upgrade-insecure-requests' => '1',
  'user-agent' => 'Mozilla/5.0 (Windows NT 10.0; WOW64) AppleWebKit/537.36 (KHTML, like Gecko) Chrome/74.0.3729.169 Safari/537.36',
  'accept' => 'text/html,application/xhtml+xml,application/xml;q=0.9,image/webp,image/apng,*/*;q=0.8,application/signed-exchange;v=b3',
  'accept-encoding' => 'gzip, deflate, br',
  'accept-language' => 'zh-CN,zh;q=0.9',
  'cookie' => 'ECS[visit_times]=40; PHPSESSID=i47tmpqq9b5d8rvjbbgbi10i07',
)
[ info ] [ PARAM ] array (
  'user_id' => '1',
  'cart_ids' => '72123,72125,72126',
)
[ info ] [ BEHAVIOR ] Run app\common\behavior\App @app_begin [ RunTime:0.000210s ]
[ info ] [ RUN ] app\api\controller\Order->submitOrderShow[ D:\wamp\www\lmeriPro\newLmeri\source\application\api\controller\Order.php ]
[ info ] [ DB ] INIT mysql
[ info ] [ CACHE ] INIT File
[ info ] [ LOG ] INIT File
