---------------------------------------------------------------
[ 2019-08-03T10:39:20+08:00 ] 0.0.0.0 GET localhost/lmeriPro/newLmeri/web/index.php?s=/store/passport/login
[ sql ] [ DB ] CONNECT:[ UseTime:0.220399s ] mysql:host=127.0.0.1;port=3306;dbname=bspm711;charset=utf8
[ sql ] [ SQL ] SHOW COLUMNS FROM `bs_store_user` [ RunTime:0.106633s ]
[ sql ] [ SQL ] SELECT * FROM `bs_store_user` WHERE  `mark` = 1  AND `id` = 0 LIMIT 1 [ RunTime:0.003551s ]
---------------------------------------------------------------
[ 2019-08-03T11:20:51+08:00 ] 0.0.0.0 GET localhost/lmeriPro/newLmeri/web/index.php?s=/store/passport/login
[ sql ] [ DB ] CONNECT:[ UseTime:0.005983s ] mysql:host=127.0.0.1;port=3306;dbname=bspm711;charset=utf8
[ sql ] [ SQL ] SHOW COLUMNS FROM `bs_store_user` [ RunTime:0.003513s ]
[ sql ] [ SQL ] SELECT * FROM `bs_store_user` WHERE  `mark` = 1  AND `id` = 0 LIMIT 1 [ RunTime:0.000880s ]
---------------------------------------------------------------
[ 2019-08-03T11:21:22+08:00 ] 0.0.0.0 GET localhost/lmeriPro/newLmeri/web/index.php?s=/store/passport/login
[ sql ] [ DB ] CONNECT:[ UseTime:0.002040s ] mysql:host=127.0.0.1;port=3306;dbname=bspm711;charset=utf8
[ sql ] [ SQL ] SHOW COLUMNS FROM `bs_store_user` [ RunTime:0.001897s ]
[ sql ] [ SQL ] SELECT * FROM `bs_store_user` WHERE  `mark` = 1  AND `id` = 0 LIMIT 1 [ RunTime:0.000842s ]
---------------------------------------------------------------
[ 2019-08-03T13:02:58+08:00 ] 0.0.0.0 POST localhost/lmeriPro/newLmeri/web/index.php?s=/store/passport/login
[ sql ] [ DB ] CONNECT:[ UseTime:0.003535s ] mysql:host=127.0.0.1;port=3306;dbname=bspm711;charset=utf8
[ sql ] [ SQL ] SHOW COLUMNS FROM `bs_store_user` [ RunTime:0.002154s ]
[ sql ] [ SQL ] SELECT * FROM `bs_store_user` WHERE  `mark` = 1  AND `id` = 0 LIMIT 1 [ RunTime:0.000604s ]
[ sql ] [ SQL ] SELECT * FROM `bs_store_user` WHERE  `user_name` = 'luffy'  AND `password` = '1315871850ede99d8cbd8e191d6c070c'  AND `mark` = 1 LIMIT 1 [ RunTime:0.011241s ]
---------------------------------------------------------------
[ 2019-08-03T13:03:02+08:00 ] 0.0.0.0 POST localhost/lmeriPro/newLmeri/web/index.php?s=/store/passport/login
[ sql ] [ DB ] CONNECT:[ UseTime:0.010469s ] mysql:host=127.0.0.1;port=3306;dbname=bspm711;charset=utf8
[ sql ] [ SQL ] SHOW COLUMNS FROM `bs_store_user` [ RunTime:0.001338s ]
[ sql ] [ SQL ] SELECT * FROM `bs_store_user` WHERE  `mark` = 1  AND `id` = 0 LIMIT 1 [ RunTime:0.000483s ]
[ sql ] [ SQL ] SELECT * FROM `bs_store_user` WHERE  `user_name` = 'luffy'  AND `password` = 'e10adc3949ba59abbe56e057f20f883e'  AND `mark` = 1 LIMIT 1 [ RunTime:0.000645s ]
[ sql ] [ SQL ] SELECT * FROM `bs_store_user` WHERE  `id` = 52 LIMIT 1 [ RunTime:0.001392s ]
[ sql ] [ SQL ] SHOW COLUMNS FROM `bs_store` [ RunTime:0.003837s ]
[ sql ] [ SQL ] SELECT * FROM `bs_store` WHERE  `id` = 58 [ RunTime:0.002319s ]
---------------------------------------------------------------
[ 2019-08-03T13:03:04+08:00 ] 0.0.0.0 GET localhost/lmeriPro/newLmeri/web/index.php?s=/store/index/index
[ sql ] [ DB ] CONNECT:[ UseTime:0.010995s ] mysql:host=127.0.0.1;port=3306;dbname=bspm711;charset=utf8
[ sql ] [ SQL ] SHOW COLUMNS FROM `bs_store_user` [ RunTime:0.001657s ]
[ sql ] [ SQL ] SELECT * FROM `bs_store_user` WHERE  `mark` = 1  AND `id` = 52 LIMIT 1 [ RunTime:0.000631s ]
[ sql ] [ SQL ] SHOW COLUMNS FROM `bs_store` [ RunTime:0.001299s ]
[ sql ] [ SQL ] SELECT `id`,`store_name` FROM `bs_store` WHERE  `lang_id` = 29  AND `is_open` = 1 [ RunTime:0.049596s ]
[ sql ] [ SQL ] SHOW COLUMNS FROM `bs_store_goods` [ RunTime:0.035526s ]
[ sql ] [ SQL ] SELECT COUNT(*) AS tp_count FROM `bs_store_goods` WHERE  `store_id` = 58  AND `mark` = 1 LIMIT 1 [ RunTime:0.151467s ]
[ sql ] [ SQL ] SELECT COUNT(*) AS tp_count FROM `bs_store_goods` WHERE  `is_on_sale` = 1  AND `store_id` = 58  AND `mark` = 1 LIMIT 1 [ RunTime:0.028041s ]
[ sql ] [ SQL ] SELECT COUNT(*) AS tp_count FROM `bs_store_goods` WHERE  `is_on_sale` = 2  AND `store_id` = 58  AND `mark` = 1 LIMIT 1 [ RunTime:0.023252s ]
[ sql ] [ SQL ] SHOW COLUMNS FROM `bs_order_58` [ RunTime:0.001298s ]
[ sql ] [ SQL ] SELECT COUNT(a.order_sn) AS tp_count FROM `bs_order_58` `a` LEFT JOIN `bs_order_relation_58` `b` ON `a`.`order_sn`=`b`.`order_sn` WHERE  `a`.`store_id` = 58 LIMIT 1 [ RunTime:0.031512s ]
[ sql ] [ SQL ] SELECT COUNT(a.order_sn) AS tp_count FROM `bs_order_58` `a` LEFT JOIN `bs_order_relation_58` `b` ON `a`.`order_sn`=`b`.`order_sn` WHERE  ( `a`.`order_state` >= 20 AND `a`.`order_state` <= 50 )  AND `mark` = 1  AND `a`.`store_id` = 58 LIMIT 1 [ RunTime:0.000876s ]
[ sql ] [ SQL ] SELECT COUNT(a.order_sn) AS tp_count FROM `bs_order_58` `a` LEFT JOIN `bs_order_relation_58` `b` ON `a`.`order_sn`=`b`.`order_sn` WHERE  `a`.`order_state` >= 60  AND `mark` = 1  AND `a`.`store_id` = 58 LIMIT 1 [ RunTime:0.000567s ]
[ sql ] [ SQL ] SELECT COUNT(a.order_sn) AS tp_count FROM `bs_order_58` `a` LEFT JOIN `bs_order_relation_58` `b` ON `a`.`order_sn`=`b`.`order_sn` WHERE  `a`.`order_state` = 0  AND `mark` = 1  AND `a`.`store_id` = 58 LIMIT 1 [ RunTime:0.000709s ]
[ sql ] [ SQL ] SELECT COUNT(a.order_sn) AS tp_count FROM `bs_order_58` `a` LEFT JOIN `bs_order_relation_58` `b` ON `a`.`order_sn`=`b`.`order_sn` WHERE  `mark` = 0  AND `a`.`store_id` = 58 LIMIT 1 [ RunTime:0.000463s ]
[ sql ] [ SQL ] SHOW COLUMNS FROM `bs_balance_recharge_coupon` [ RunTime:0.025406s ]
[ sql ] [ SQL ] SELECT `a`.`id`,`a`.`money` FROM `bs_balance_recharge_coupon` `a` LEFT JOIN `bs_store_user` `b` ON `a`.`store_user`=`b`.`id` WHERE  `b`.`store_id` = 58  AND `a`.`mark` = 1  AND `a`.`is_use` = 2 ORDER BY `a`.`add_time` DESC [ RunTime:0.034835s ]
[ sql ] [ SQL ] SELECT `order_amount` FROM `bs_order_58` WHERE  `store_id` = 58  AND `mark` = 1  AND `order_state` >= 20 [ RunTime:0.000883s ]
[ sql ] [ SQL ] SELECT `order_amount` FROM `bs_order_58` `a` LEFT JOIN `bs_order_relation_58` `b` ON `a`.`order_sn`=`b`.`order_sn` WHERE  `a`.`store_id` = 58  AND ( `b`.`payment_time` >= 1564761600 AND `b`.`payment_time` <= 1564847999 ) [ RunTime:0.002657s ]
[ sql ] [ SQL ] SELECT `order_amount` FROM `bs_order_58` `a` LEFT JOIN `bs_order_relation_58` `b` ON `a`.`order_sn`=`b`.`order_sn` WHERE  `a`.`store_id` = 58  AND ( `b`.`payment_time` >= 1564675200 AND `b`.`payment_time` <= 1564761599 ) [ RunTime:0.001418s ]
[ sql ] [ SQL ] SELECT COUNT(a.order_sn) AS tp_count FROM `bs_order_58` `a` LEFT JOIN `bs_order_relation_58` `b` ON `a`.`order_sn`=`b`.`order_sn` WHERE  `a`.`order_state` >= 20  AND `mark` = 1  AND ( `b`.`payment_time` >= 1564761600 AND `b`.`payment_time` <= 1564847999 )  AND `a`.`store_id` = 58 LIMIT 1 [ RunTime:0.000970s ]
[ sql ] [ SQL ] SELECT COUNT(a.order_sn) AS tp_count FROM `bs_order_58` `a` LEFT JOIN `bs_order_relation_58` `b` ON `a`.`order_sn`=`b`.`order_sn` WHERE  `a`.`order_state` >= 20  AND `mark` = 1  AND ( `b`.`payment_time` >= 1564675200 AND `b`.`payment_time` <= 1564761599 )  AND `a`.`store_id` = 58 LIMIT 1 [ RunTime:0.000907s ]
[ sql ] [ SQL ] SHOW COLUMNS FROM `bs_order` [ RunTime:0.009661s ]
[ sql ] [ SQL ] SELECT DISTINCT  `a`.`buyer_id` FROM `bs_order` `a` LEFT JOIN `bs_order_relation_58` `b` ON `a`.`order_sn`=`b`.`order_sn` WHERE  `a`.`store_id` = 58  AND `a`.`order_state` >= 20  AND ( `b`.`payment_time` >= 1564761600 AND `b`.`payment_time` <= 1564847999 ) [ RunTime:0.000916s ]
[ sql ] [ SQL ] SELECT DISTINCT  `a`.`buyer_id` FROM `bs_order` `a` LEFT JOIN `bs_order_relation_58` `b` ON `a`.`order_sn`=`b`.`order_sn` WHERE  `a`.`store_id` = 58  AND `a`.`order_state` >= 20  AND ( `b`.`payment_time` >= 1564675200 AND `b`.`payment_time` <= 1564761599 ) [ RunTime:0.000550s ]
[ sql ] [ SQL ] SELECT COUNT(a.order_sn) AS tp_count FROM `bs_order_58` `a` LEFT JOIN `bs_order_relation_58` `b` ON `a`.`order_sn`=`b`.`order_sn` WHERE  `a`.`order_state` >= 20  AND `mark` = 1  AND ( `b`.`payment_time` >= 1564243200 AND `b`.`payment_time` <= 1564329599 )  AND `a`.`store_id` = 58 LIMIT 1 [ RunTime:0.001075s ]
[ sql ] [ SQL ] SELECT COUNT(a.order_sn) AS tp_count FROM `bs_order_58` `a` LEFT JOIN `bs_order_relation_58` `b` ON `a`.`order_sn`=`b`.`order_sn` WHERE  `a`.`order_state` >= 20  AND `mark` = 1  AND ( `b`.`payment_time` >= 1564329600 AND `b`.`payment_time` <= 1564415999 )  AND `a`.`store_id` = 58 LIMIT 1 [ RunTime:0.001001s ]
[ sql ] [ SQL ] SELECT COUNT(a.order_sn) AS tp_count FROM `bs_order_58` `a` LEFT JOIN `bs_order_relation_58` `b` ON `a`.`order_sn`=`b`.`order_sn` WHERE  `a`.`order_state` >= 20  AND `mark` = 1  AND ( `b`.`payment_time` >= 1564416000 AND `b`.`payment_time` <= 1564502399 )  AND `a`.`store_id` = 58 LIMIT 1 [ RunTime:0.000942s ]
[ sql ] [ SQL ] SELECT COUNT(a.order_sn) AS tp_count FROM `bs_order_58` `a` LEFT JOIN `bs_order_relation_58` `b` ON `a`.`order_sn`=`b`.`order_sn` WHERE  `a`.`order_state` >= 20  AND `mark` = 1  AND ( `b`.`payment_time` >= 1564502400 AND `b`.`payment_time` <= 1564588799 )  AND `a`.`store_id` = 58 LIMIT 1 [ RunTime:0.000926s ]
[ sql ] [ SQL ] SELECT COUNT(a.order_sn) AS tp_count FROM `bs_order_58` `a` LEFT JOIN `bs_order_relation_58` `b` ON `a`.`order_sn`=`b`.`order_sn` WHERE  `a`.`order_state` >= 20  AND `mark` = 1  AND ( `b`.`payment_time` >= 1564588800 AND `b`.`payment_time` <= 1564675199 )  AND `a`.`store_id` = 58 LIMIT 1 [ RunTime:0.000904s ]
[ sql ] [ SQL ] SELECT COUNT(a.order_sn) AS tp_count FROM `bs_order_58` `a` LEFT JOIN `bs_order_relation_58` `b` ON `a`.`order_sn`=`b`.`order_sn` WHERE  `a`.`order_state` >= 20  AND `mark` = 1  AND ( `b`.`payment_time` >= 1564675200 AND `b`.`payment_time` <= 1564761599 )  AND `a`.`store_id` = 58 LIMIT 1 [ RunTime:0.000898s ]
[ sql ] [ SQL ] SELECT COUNT(a.order_sn) AS tp_count FROM `bs_order_58` `a` LEFT JOIN `bs_order_relation_58` `b` ON `a`.`order_sn`=`b`.`order_sn` WHERE  `a`.`order_state` >= 20  AND `mark` = 1  AND ( `b`.`payment_time` >= 1564761600 AND `b`.`payment_time` <= 1564847999 )  AND `a`.`store_id` = 58 LIMIT 1 [ RunTime:0.000983s ]
[ sql ] [ SQL ] SELECT `order_amount` FROM `bs_order_58` `a` LEFT JOIN `bs_order_relation_58` `b` ON `a`.`order_sn`=`b`.`order_sn` WHERE  `a`.`store_id` = 58  AND ( `b`.`payment_time` >= 1564243200 AND `b`.`payment_time` <= 1564329599 ) [ RunTime:0.001346s ]
[ sql ] [ SQL ] SELECT `order_amount` FROM `bs_order_58` `a` LEFT JOIN `bs_order_relation_58` `b` ON `a`.`order_sn`=`b`.`order_sn` WHERE  `a`.`store_id` = 58  AND ( `b`.`payment_time` >= 1564329600 AND `b`.`payment_time` <= 1564415999 ) [ RunTime:0.001320s ]
[ sql ] [ SQL ] SELECT `order_amount` FROM `bs_order_58` `a` LEFT JOIN `bs_order_relation_58` `b` ON `a`.`order_sn`=`b`.`order_sn` WHERE  `a`.`store_id` = 58  AND ( `b`.`payment_time` >= 1564416000 AND `b`.`payment_time` <= 1564502399 ) [ RunTime:0.001402s ]
[ sql ] [ SQL ] SELECT `order_amount` FROM `bs_order_58` `a` LEFT JOIN `bs_order_relation_58` `b` ON `a`.`order_sn`=`b`.`order_sn` WHERE  `a`.`store_id` = 58  AND ( `b`.`payment_time` >= 1564502400 AND `b`.`payment_time` <= 1564588799 ) [ RunTime:0.001430s ]
[ sql ] [ SQL ] SELECT `order_amount` FROM `bs_order_58` `a` LEFT JOIN `bs_order_relation_58` `b` ON `a`.`order_sn`=`b`.`order_sn` WHERE  `a`.`store_id` = 58  AND ( `b`.`payment_time` >= 1564588800 AND `b`.`payment_time` <= 1564675199 ) [ RunTime:0.001316s ]
[ sql ] [ SQL ] SELECT `order_amount` FROM `bs_order_58` `a` LEFT JOIN `bs_order_relation_58` `b` ON `a`.`order_sn`=`b`.`order_sn` WHERE  `a`.`store_id` = 58  AND ( `b`.`payment_time` >= 1564675200 AND `b`.`payment_time` <= 1564761599 ) [ RunTime:0.001316s ]
[ sql ] [ SQL ] SELECT `order_amount` FROM `bs_order_58` `a` LEFT JOIN `bs_order_relation_58` `b` ON `a`.`order_sn`=`b`.`order_sn` WHERE  `a`.`store_id` = 58  AND ( `b`.`payment_time` >= 1564761600 AND `b`.`payment_time` <= 1564847999 ) [ RunTime:0.001327s ]
---------------------------------------------------------------
[ 2019-08-03T21:02:46+08:00 ] 0.0.0.0 GET localhost/lmeriPro/newLmeri/web/index.php?s=/store/index/index
[ sql ] [ DB ] CONNECT:[ UseTime:0.006938s ] mysql:host=127.0.0.1;port=3306;dbname=bspm711;charset=utf8
[ sql ] [ SQL ] SHOW COLUMNS FROM `bs_store_user` [ RunTime:0.016138s ]
[ sql ] [ SQL ] SELECT * FROM `bs_store_user` WHERE  `mark` = 1  AND `id` = 52 LIMIT 1 [ RunTime:0.017604s ]
[ sql ] [ SQL ] SHOW COLUMNS FROM `bs_store` [ RunTime:0.002922s ]
[ sql ] [ SQL ] SELECT `id`,`store_name` FROM `bs_store` WHERE  `lang_id` = 29  AND `is_open` = 1 [ RunTime:0.001910s ]
[ sql ] [ SQL ] SHOW COLUMNS FROM `bs_store_goods` [ RunTime:0.003565s ]
[ sql ] [ SQL ] SELECT COUNT(*) AS tp_count FROM `bs_store_goods` WHERE  `store_id` = 58  AND `mark` = 1 LIMIT 1 [ RunTime:0.155784s ]
[ sql ] [ SQL ] SELECT COUNT(*) AS tp_count FROM `bs_store_goods` WHERE  `is_on_sale` = 1  AND `store_id` = 58  AND `mark` = 1 LIMIT 1 [ RunTime:0.030113s ]
[ sql ] [ SQL ] SELECT COUNT(*) AS tp_count FROM `bs_store_goods` WHERE  `is_on_sale` = 2  AND `store_id` = 58  AND `mark` = 1 LIMIT 1 [ RunTime:0.028763s ]
[ sql ] [ SQL ] SHOW COLUMNS FROM `bs_order_58` [ RunTime:0.007821s ]
[ sql ] [ SQL ] SELECT COUNT(a.order_sn) AS tp_count FROM `bs_order_58` `a` LEFT JOIN `bs_order_relation_58` `b` ON `a`.`order_sn`=`b`.`order_sn` WHERE  `a`.`store_id` = 58 LIMIT 1 [ RunTime:0.006507s ]
[ sql ] [ SQL ] SELECT COUNT(a.order_sn) AS tp_count FROM `bs_order_58` `a` LEFT JOIN `bs_order_relation_58` `b` ON `a`.`order_sn`=`b`.`order_sn` WHERE  ( `a`.`order_state` >= 20 AND `a`.`order_state` <= 50 )  AND `mark` = 1  AND `a`.`store_id` = 58 LIMIT 1 [ RunTime:0.001128s ]
[ sql ] [ SQL ] SELECT COUNT(a.order_sn) AS tp_count FROM `bs_order_58` `a` LEFT JOIN `bs_order_relation_58` `b` ON `a`.`order_sn`=`b`.`order_sn` WHERE  `a`.`order_state` >= 60  AND `mark` = 1  AND `a`.`store_id` = 58 LIMIT 1 [ RunTime:0.000789s ]
[ sql ] [ SQL ] SELECT COUNT(a.order_sn) AS tp_count FROM `bs_order_58` `a` LEFT JOIN `bs_order_relation_58` `b` ON `a`.`order_sn`=`b`.`order_sn` WHERE  `a`.`order_state` = 0  AND `mark` = 1  AND `a`.`store_id` = 58 LIMIT 1 [ RunTime:0.001024s ]
[ sql ] [ SQL ] SELECT COUNT(a.order_sn) AS tp_count FROM `bs_order_58` `a` LEFT JOIN `bs_order_relation_58` `b` ON `a`.`order_sn`=`b`.`order_sn` WHERE  `mark` = 0  AND `a`.`store_id` = 58 LIMIT 1 [ RunTime:0.000760s ]
[ sql ] [ SQL ] SHOW COLUMNS FROM `bs_balance_recharge_coupon` [ RunTime:0.013620s ]
[ sql ] [ SQL ] SELECT `a`.`id`,`a`.`money` FROM `bs_balance_recharge_coupon` `a` LEFT JOIN `bs_store_user` `b` ON `a`.`store_user`=`b`.`id` WHERE  `b`.`store_id` = 58  AND `a`.`mark` = 1  AND `a`.`is_use` = 2 ORDER BY `a`.`add_time` DESC [ RunTime:0.010498s ]
[ sql ] [ SQL ] SELECT `order_amount` FROM `bs_order_58` WHERE  `store_id` = 58  AND `mark` = 1  AND `order_state` >= 20 [ RunTime:0.001052s ]
[ sql ] [ SQL ] SELECT `order_amount` FROM `bs_order_58` `a` LEFT JOIN `bs_order_relation_58` `b` ON `a`.`order_sn`=`b`.`order_sn` WHERE  `a`.`store_id` = 58  AND ( `b`.`payment_time` >= 1564761600 AND `b`.`payment_time` <= 1564847999 ) [ RunTime:0.005615s ]
[ sql ] [ SQL ] SELECT `order_amount` FROM `bs_order_58` `a` LEFT JOIN `bs_order_relation_58` `b` ON `a`.`order_sn`=`b`.`order_sn` WHERE  `a`.`store_id` = 58  AND ( `b`.`payment_time` >= 1564675200 AND `b`.`payment_time` <= 1564761599 ) [ RunTime:0.001874s ]
[ sql ] [ SQL ] SELECT COUNT(a.order_sn) AS tp_count FROM `bs_order_58` `a` LEFT JOIN `bs_order_relation_58` `b` ON `a`.`order_sn`=`b`.`order_sn` WHERE  `a`.`order_state` >= 20  AND `mark` = 1  AND ( `b`.`payment_time` >= 1564761600 AND `b`.`payment_time` <= 1564847999 )  AND `a`.`store_id` = 58 LIMIT 1 [ RunTime:0.001331s ]
[ sql ] [ SQL ] SELECT COUNT(a.order_sn) AS tp_count FROM `bs_order_58` `a` LEFT JOIN `bs_order_relation_58` `b` ON `a`.`order_sn`=`b`.`order_sn` WHERE  `a`.`order_state` >= 20  AND `mark` = 1  AND ( `b`.`payment_time` >= 1564675200 AND `b`.`payment_time` <= 1564761599 )  AND `a`.`store_id` = 58 LIMIT 1 [ RunTime:0.001154s ]
[ sql ] [ SQL ] SHOW COLUMNS FROM `bs_order` [ RunTime:0.003866s ]
[ sql ] [ SQL ] SELECT DISTINCT  `a`.`buyer_id` FROM `bs_order` `a` LEFT JOIN `bs_order_relation_58` `b` ON `a`.`order_sn`=`b`.`order_sn` WHERE  `a`.`store_id` = 58  AND `a`.`order_state` >= 20  AND ( `b`.`payment_time` >= 1564761600 AND `b`.`payment_time` <= 1564847999 ) [ RunTime:0.002614s ]
[ sql ] [ SQL ] SELECT DISTINCT  `a`.`buyer_id` FROM `bs_order` `a` LEFT JOIN `bs_order_relation_58` `b` ON `a`.`order_sn`=`b`.`order_sn` WHERE  `a`.`store_id` = 58  AND `a`.`order_state` >= 20  AND ( `b`.`payment_time` >= 1564675200 AND `b`.`payment_time` <= 1564761599 ) [ RunTime:0.000873s ]
[ sql ] [ SQL ] SELECT COUNT(a.order_sn) AS tp_count FROM `bs_order_58` `a` LEFT JOIN `bs_order_relation_58` `b` ON `a`.`order_sn`=`b`.`order_sn` WHERE  `a`.`order_state` >= 20  AND `mark` = 1  AND ( `b`.`payment_time` >= 1564243200 AND `b`.`payment_time` <= 1564329599 )  AND `a`.`store_id` = 58 LIMIT 1 [ RunTime:0.001330s ]
[ sql ] [ SQL ] SELECT COUNT(a.order_sn) AS tp_count FROM `bs_order_58` `a` LEFT JOIN `bs_order_relation_58` `b` ON `a`.`order_sn`=`b`.`order_sn` WHERE  `a`.`order_state` >= 20  AND `mark` = 1  AND ( `b`.`payment_time` >= 1564329600 AND `b`.`payment_time` <= 1564415999 )  AND `a`.`store_id` = 58 LIMIT 1 [ RunTime:0.001865s ]
[ sql ] [ SQL ] SELECT COUNT(a.order_sn) AS tp_count FROM `bs_order_58` `a` LEFT JOIN `bs_order_relation_58` `b` ON `a`.`order_sn`=`b`.`order_sn` WHERE  `a`.`order_state` >= 20  AND `mark` = 1  AND ( `b`.`payment_time` >= 1564416000 AND `b`.`payment_time` <= 1564502399 )  AND `a`.`store_id` = 58 LIMIT 1 [ RunTime:0.001492s ]
[ sql ] [ SQL ] SELECT COUNT(a.order_sn) AS tp_count FROM `bs_order_58` `a` LEFT JOIN `bs_order_relation_58` `b` ON `a`.`order_sn`=`b`.`order_sn` WHERE  `a`.`order_state` >= 20  AND `mark` = 1  AND ( `b`.`payment_time` >= 1564502400 AND `b`.`payment_time` <= 1564588799 )  AND `a`.`store_id` = 58 LIMIT 1 [ RunTime:0.002098s ]
[ sql ] [ SQL ] SELECT COUNT(a.order_sn) AS tp_count FROM `bs_order_58` `a` LEFT JOIN `bs_order_relation_58` `b` ON `a`.`order_sn`=`b`.`order_sn` WHERE  `a`.`order_state` >= 20  AND `mark` = 1  AND ( `b`.`payment_time` >= 1564588800 AND `b`.`payment_time` <= 1564675199 )  AND `a`.`store_id` = 58 LIMIT 1 [ RunTime:0.001235s ]
[ sql ] [ SQL ] SELECT COUNT(a.order_sn) AS tp_count FROM `bs_order_58` `a` LEFT JOIN `bs_order_relation_58` `b` ON `a`.`order_sn`=`b`.`order_sn` WHERE  `a`.`order_state` >= 20  AND `mark` = 1  AND ( `b`.`payment_time` >= 1564675200 AND `b`.`payment_time` <= 1564761599 )  AND `a`.`store_id` = 58 LIMIT 1 [ RunTime:0.001253s ]
[ sql ] [ SQL ] SELECT COUNT(a.order_sn) AS tp_count FROM `bs_order_58` `a` LEFT JOIN `bs_order_relation_58` `b` ON `a`.`order_sn`=`b`.`order_sn` WHERE  `a`.`order_state` >= 20  AND `mark` = 1  AND ( `b`.`payment_time` >= 1564761600 AND `b`.`payment_time` <= 1564847999 )  AND `a`.`store_id` = 58 LIMIT 1 [ RunTime:0.001124s ]
[ sql ] [ SQL ] SELECT `order_amount` FROM `bs_order_58` `a` LEFT JOIN `bs_order_relation_58` `b` ON `a`.`order_sn`=`b`.`order_sn` WHERE  `a`.`store_id` = 58  AND ( `b`.`payment_time` >= 1564243200 AND `b`.`payment_time` <= 1564329599 ) [ RunTime:0.001609s ]
[ sql ] [ SQL ] SELECT `order_amount` FROM `bs_order_58` `a` LEFT JOIN `bs_order_relation_58` `b` ON `a`.`order_sn`=`b`.`order_sn` WHERE  `a`.`store_id` = 58  AND ( `b`.`payment_time` >= 1564329600 AND `b`.`payment_time` <= 1564415999 ) [ RunTime:0.001794s ]
[ sql ] [ SQL ] SELECT `order_amount` FROM `bs_order_58` `a` LEFT JOIN `bs_order_relation_58` `b` ON `a`.`order_sn`=`b`.`order_sn` WHERE  `a`.`store_id` = 58  AND ( `b`.`payment_time` >= 1564416000 AND `b`.`payment_time` <= 1564502399 ) [ RunTime:0.002774s ]
[ sql ] [ SQL ] SELECT `order_amount` FROM `bs_order_58` `a` LEFT JOIN `bs_order_relation_58` `b` ON `a`.`order_sn`=`b`.`order_sn` WHERE  `a`.`store_id` = 58  AND ( `b`.`payment_time` >= 1564502400 AND `b`.`payment_time` <= 1564588799 ) [ RunTime:0.001656s ]
[ sql ] [ SQL ] SELECT `order_amount` FROM `bs_order_58` `a` LEFT JOIN `bs_order_relation_58` `b` ON `a`.`order_sn`=`b`.`order_sn` WHERE  `a`.`store_id` = 58  AND ( `b`.`payment_time` >= 1564588800 AND `b`.`payment_time` <= 1564675199 ) [ RunTime:0.001630s ]
[ sql ] [ SQL ] SELECT `order_amount` FROM `bs_order_58` `a` LEFT JOIN `bs_order_relation_58` `b` ON `a`.`order_sn`=`b`.`order_sn` WHERE  `a`.`store_id` = 58  AND ( `b`.`payment_time` >= 1564675200 AND `b`.`payment_time` <= 1564761599 ) [ RunTime:0.001469s ]
[ sql ] [ SQL ] SELECT `order_amount` FROM `bs_order_58` `a` LEFT JOIN `bs_order_relation_58` `b` ON `a`.`order_sn`=`b`.`order_sn` WHERE  `a`.`store_id` = 58  AND ( `b`.`payment_time` >= 1564761600 AND `b`.`payment_time` <= 1564847999 ) [ RunTime:0.002008s ]
---------------------------------------------------------------
[ 2019-08-03T21:02:49+08:00 ] 0.0.0.0 GET localhost/lmeriPro/newLmeri/web/index.php?s=/store/index/index
[ sql ] [ DB ] CONNECT:[ UseTime:0.002469s ] mysql:host=127.0.0.1;port=3306;dbname=bspm711;charset=utf8
[ sql ] [ SQL ] SHOW COLUMNS FROM `bs_store_user` [ RunTime:0.001617s ]
[ sql ] [ SQL ] SELECT * FROM `bs_store_user` WHERE  `mark` = 1  AND `id` = 52 LIMIT 1 [ RunTime:0.000651s ]
[ sql ] [ SQL ] SHOW COLUMNS FROM `bs_store` [ RunTime:0.007178s ]
[ sql ] [ SQL ] SELECT `id`,`store_name` FROM `bs_store` WHERE  `lang_id` = 29  AND `is_open` = 1 [ RunTime:0.000590s ]
[ sql ] [ SQL ] SHOW COLUMNS FROM `bs_store_goods` [ RunTime:0.001839s ]
[ sql ] [ SQL ] SELECT COUNT(*) AS tp_count FROM `bs_store_goods` WHERE  `store_id` = 58  AND `mark` = 1 LIMIT 1 [ RunTime:0.035177s ]
[ sql ] [ SQL ] SELECT COUNT(*) AS tp_count FROM `bs_store_goods` WHERE  `is_on_sale` = 1  AND `store_id` = 58  AND `mark` = 1 LIMIT 1 [ RunTime:0.029982s ]
[ sql ] [ SQL ] SELECT COUNT(*) AS tp_count FROM `bs_store_goods` WHERE  `is_on_sale` = 2  AND `store_id` = 58  AND `mark` = 1 LIMIT 1 [ RunTime:0.029040s ]
[ sql ] [ SQL ] SHOW COLUMNS FROM `bs_order_58` [ RunTime:0.001633s ]
[ sql ] [ SQL ] SELECT COUNT(a.order_sn) AS tp_count FROM `bs_order_58` `a` LEFT JOIN `bs_order_relation_58` `b` ON `a`.`order_sn`=`b`.`order_sn` WHERE  `a`.`store_id` = 58 LIMIT 1 [ RunTime:0.003277s ]
[ sql ] [ SQL ] SELECT COUNT(a.order_sn) AS tp_count FROM `bs_order_58` `a` LEFT JOIN `bs_order_relation_58` `b` ON `a`.`order_sn`=`b`.`order_sn` WHERE  ( `a`.`order_state` >= 20 AND `a`.`order_state` <= 50 )  AND `mark` = 1  AND `a`.`store_id` = 58 LIMIT 1 [ RunTime:0.001008s ]
[ sql ] [ SQL ] SELECT COUNT(a.order_sn) AS tp_count FROM `bs_order_58` `a` LEFT JOIN `bs_order_relation_58` `b` ON `a`.`order_sn`=`b`.`order_sn` WHERE  `a`.`order_state` >= 60  AND `mark` = 1  AND `a`.`store_id` = 58 LIMIT 1 [ RunTime:0.000531s ]
[ sql ] [ SQL ] SELECT COUNT(a.order_sn) AS tp_count FROM `bs_order_58` `a` LEFT JOIN `bs_order_relation_58` `b` ON `a`.`order_sn`=`b`.`order_sn` WHERE  `a`.`order_state` = 0  AND `mark` = 1  AND `a`.`store_id` = 58 LIMIT 1 [ RunTime:0.000694s ]
[ sql ] [ SQL ] SELECT COUNT(a.order_sn) AS tp_count FROM `bs_order_58` `a` LEFT JOIN `bs_order_relation_58` `b` ON `a`.`order_sn`=`b`.`order_sn` WHERE  `mark` = 0  AND `a`.`store_id` = 58 LIMIT 1 [ RunTime:0.000509s ]
[ sql ] [ SQL ] SHOW COLUMNS FROM `bs_balance_recharge_coupon` [ RunTime:0.001771s ]
[ sql ] [ SQL ] SELECT `a`.`id`,`a`.`money` FROM `bs_balance_recharge_coupon` `a` LEFT JOIN `bs_store_user` `b` ON `a`.`store_user`=`b`.`id` WHERE  `b`.`store_id` = 58  AND `a`.`mark` = 1  AND `a`.`is_use` = 2 ORDER BY `a`.`add_time` DESC [ RunTime:0.004819s ]
[ sql ] [ SQL ] SELECT `order_amount` FROM `bs_order_58` WHERE  `store_id` = 58  AND `mark` = 1  AND `order_state` >= 20 [ RunTime:0.001124s ]
[ sql ] [ SQL ] SELECT `order_amount` FROM `bs_order_58` `a` LEFT JOIN `bs_order_relation_58` `b` ON `a`.`order_sn`=`b`.`order_sn` WHERE  `a`.`store_id` = 58  AND ( `b`.`payment_time` >= 1564761600 AND `b`.`payment_time` <= 1564847999 ) [ RunTime:0.001793s ]
[ sql ] [ SQL ] SELECT `order_amount` FROM `bs_order_58` `a` LEFT JOIN `bs_order_relation_58` `b` ON `a`.`order_sn`=`b`.`order_sn` WHERE  `a`.`store_id` = 58  AND ( `b`.`payment_time` >= 1564675200 AND `b`.`payment_time` <= 1564761599 ) [ RunTime:0.001898s ]
[ sql ] [ SQL ] SELECT COUNT(a.order_sn) AS tp_count FROM `bs_order_58` `a` LEFT JOIN `bs_order_relation_58` `b` ON `a`.`order_sn`=`b`.`order_sn` WHERE  `a`.`order_state` >= 20  AND `mark` = 1  AND ( `b`.`payment_time` >= 1564761600 AND `b`.`payment_time` <= 1564847999 )  AND `a`.`store_id` = 58 LIMIT 1 [ RunTime:0.001261s ]
[ sql ] [ SQL ] SELECT COUNT(a.order_sn) AS tp_count FROM `bs_order_58` `a` LEFT JOIN `bs_order_relation_58` `b` ON `a`.`order_sn`=`b`.`order_sn` WHERE  `a`.`order_state` >= 20  AND `mark` = 1  AND ( `b`.`payment_time` >= 1564675200 AND `b`.`payment_time` <= 1564761599 )  AND `a`.`store_id` = 58 LIMIT 1 [ RunTime:0.001285s ]
[ sql ] [ SQL ] SHOW COLUMNS FROM `bs_order` [ RunTime:0.002654s ]
[ sql ] [ SQL ] SELECT DISTINCT  `a`.`buyer_id` FROM `bs_order` `a` LEFT JOIN `bs_order_relation_58` `b` ON `a`.`order_sn`=`b`.`order_sn` WHERE  `a`.`store_id` = 58  AND `a`.`order_state` >= 20  AND ( `b`.`payment_time` >= 1564761600 AND `b`.`payment_time` <= 1564847999 ) [ RunTime:0.000608s ]
[ sql ] [ SQL ] SELECT DISTINCT  `a`.`buyer_id` FROM `bs_order` `a` LEFT JOIN `bs_order_relation_58` `b` ON `a`.`order_sn`=`b`.`order_sn` WHERE  `a`.`store_id` = 58  AND `a`.`order_state` >= 20  AND ( `b`.`payment_time` >= 1564675200 AND `b`.`payment_time` <= 1564761599 ) [ RunTime:0.000568s ]
[ sql ] [ SQL ] SELECT COUNT(a.order_sn) AS tp_count FROM `bs_order_58` `a` LEFT JOIN `bs_order_relation_58` `b` ON `a`.`order_sn`=`b`.`order_sn` WHERE  `a`.`order_state` >= 20  AND `mark` = 1  AND ( `b`.`payment_time` >= 1564243200 AND `b`.`payment_time` <= 1564329599 )  AND `a`.`store_id` = 58 LIMIT 1 [ RunTime:0.001258s ]
[ sql ] [ SQL ] SELECT COUNT(a.order_sn) AS tp_count FROM `bs_order_58` `a` LEFT JOIN `bs_order_relation_58` `b` ON `a`.`order_sn`=`b`.`order_sn` WHERE  `a`.`order_state` >= 20  AND `mark` = 1  AND ( `b`.`payment_time` >= 1564329600 AND `b`.`payment_time` <= 1564415999 )  AND `a`.`store_id` = 58 LIMIT 1 [ RunTime:0.001489s ]
[ sql ] [ SQL ] SELECT COUNT(a.order_sn) AS tp_count FROM `bs_order_58` `a` LEFT JOIN `bs_order_relation_58` `b` ON `a`.`order_sn`=`b`.`order_sn` WHERE  `a`.`order_state` >= 20  AND `mark` = 1  AND ( `b`.`payment_time` >= 1564416000 AND `b`.`payment_time` <= 1564502399 )  AND `a`.`store_id` = 58 LIMIT 1 [ RunTime:0.001319s ]
[ sql ] [ SQL ] SELECT COUNT(a.order_sn) AS tp_count FROM `bs_order_58` `a` LEFT JOIN `bs_order_relation_58` `b` ON `a`.`order_sn`=`b`.`order_sn` WHERE  `a`.`order_state` >= 20  AND `mark` = 1  AND ( `b`.`payment_time` >= 1564502400 AND `b`.`payment_time` <= 1564588799 )  AND `a`.`store_id` = 58 LIMIT 1 [ RunTime:0.001306s ]
[ sql ] [ SQL ] SELECT COUNT(a.order_sn) AS tp_count FROM `bs_order_58` `a` LEFT JOIN `bs_order_relation_58` `b` ON `a`.`order_sn`=`b`.`order_sn` WHERE  `a`.`order_state` >= 20  AND `mark` = 1  AND ( `b`.`payment_time` >= 1564588800 AND `b`.`payment_time` <= 1564675199 )  AND `a`.`store_id` = 58 LIMIT 1 [ RunTime:0.001268s ]
[ sql ] [ SQL ] SELECT COUNT(a.order_sn) AS tp_count FROM `bs_order_58` `a` LEFT JOIN `bs_order_relation_58` `b` ON `a`.`order_sn`=`b`.`order_sn` WHERE  `a`.`order_state` >= 20  AND `mark` = 1  AND ( `b`.`payment_time` >= 1564675200 AND `b`.`payment_time` <= 1564761599 )  AND `a`.`store_id` = 58 LIMIT 1 [ RunTime:0.001828s ]
[ sql ] [ SQL ] SELECT COUNT(a.order_sn) AS tp_count FROM `bs_order_58` `a` LEFT JOIN `bs_order_relation_58` `b` ON `a`.`order_sn`=`b`.`order_sn` WHERE  `a`.`order_state` >= 20  AND `mark` = 1  AND ( `b`.`payment_time` >= 1564761600 AND `b`.`payment_time` <= 1564847999 )  AND `a`.`store_id` = 58 LIMIT 1 [ RunTime:0.001327s ]
[ sql ] [ SQL ] SELECT `order_amount` FROM `bs_order_58` `a` LEFT JOIN `bs_order_relation_58` `b` ON `a`.`order_sn`=`b`.`order_sn` WHERE  `a`.`store_id` = 58  AND ( `b`.`payment_time` >= 1564243200 AND `b`.`payment_time` <= 1564329599 ) [ RunTime:0.002633s ]
[ sql ] [ SQL ] SELECT `order_amount` FROM `bs_order_58` `a` LEFT JOIN `bs_order_relation_58` `b` ON `a`.`order_sn`=`b`.`order_sn` WHERE  `a`.`store_id` = 58  AND ( `b`.`payment_time` >= 1564329600 AND `b`.`payment_time` <= 1564415999 ) [ RunTime:0.001846s ]
[ sql ] [ SQL ] SELECT `order_amount` FROM `bs_order_58` `a` LEFT JOIN `bs_order_relation_58` `b` ON `a`.`order_sn`=`b`.`order_sn` WHERE  `a`.`store_id` = 58  AND ( `b`.`payment_time` >= 1564416000 AND `b`.`payment_time` <= 1564502399 ) [ RunTime:0.001719s ]
[ sql ] [ SQL ] SELECT `order_amount` FROM `bs_order_58` `a` LEFT JOIN `bs_order_relation_58` `b` ON `a`.`order_sn`=`b`.`order_sn` WHERE  `a`.`store_id` = 58  AND ( `b`.`payment_time` >= 1564502400 AND `b`.`payment_time` <= 1564588799 ) [ RunTime:0.001888s ]
[ sql ] [ SQL ] SELECT `order_amount` FROM `bs_order_58` `a` LEFT JOIN `bs_order_relation_58` `b` ON `a`.`order_sn`=`b`.`order_sn` WHERE  `a`.`store_id` = 58  AND ( `b`.`payment_time` >= 1564588800 AND `b`.`payment_time` <= 1564675199 ) [ RunTime:0.001798s ]
[ sql ] [ SQL ] SELECT `order_amount` FROM `bs_order_58` `a` LEFT JOIN `bs_order_relation_58` `b` ON `a`.`order_sn`=`b`.`order_sn` WHERE  `a`.`store_id` = 58  AND ( `b`.`payment_time` >= 1564675200 AND `b`.`payment_time` <= 1564761599 ) [ RunTime:0.001967s ]
[ sql ] [ SQL ] SELECT `order_amount` FROM `bs_order_58` `a` LEFT JOIN `bs_order_relation_58` `b` ON `a`.`order_sn`=`b`.`order_sn` WHERE  `a`.`store_id` = 58  AND ( `b`.`payment_time` >= 1564761600 AND `b`.`payment_time` <= 1564847999 ) [ RunTime:0.001976s ]
---------------------------------------------------------------
[ 2019-08-03T21:36:32+08:00 ] 0.0.0.0 GET localhost/lmeriPro/newLmeri/web/index.php
[ sql ] [ DB ] CONNECT:[ UseTime:0.004144s ] mysql:host=127.0.0.1;port=3306;dbname=bspm711;charset=utf8
[ sql ] [ SQL ] SHOW COLUMNS FROM `bs_store_user` [ RunTime:0.001635s ]
[ sql ] [ SQL ] SELECT * FROM `bs_store_user` WHERE  `mark` = 1  AND `id` = 52 LIMIT 1 [ RunTime:0.001870s ]
[ sql ] [ SQL ] SHOW COLUMNS FROM `bs_store` [ RunTime:0.001593s ]
[ sql ] [ SQL ] SELECT `id`,`store_name` FROM `bs_store` WHERE  `lang_id` = 29  AND `is_open` = 1 [ RunTime:0.000486s ]
[ sql ] [ SQL ] SHOW COLUMNS FROM `bs_store_goods` [ RunTime:0.002162s ]
[ sql ] [ SQL ] SELECT COUNT(*) AS tp_count FROM `bs_store_goods` WHERE  `store_id` = 58  AND `mark` = 1 LIMIT 1 [ RunTime:0.021161s ]
[ sql ] [ SQL ] SELECT COUNT(*) AS tp_count FROM `bs_store_goods` WHERE  `is_on_sale` = 1  AND `store_id` = 58  AND `mark` = 1 LIMIT 1 [ RunTime:0.020574s ]
[ sql ] [ SQL ] SELECT COUNT(*) AS tp_count FROM `bs_store_goods` WHERE  `is_on_sale` = 2  AND `store_id` = 58  AND `mark` = 1 LIMIT 1 [ RunTime:0.020784s ]
[ sql ] [ SQL ] SHOW COLUMNS FROM `bs_order_58` [ RunTime:0.001565s ]
[ sql ] [ SQL ] SELECT COUNT(a.order_sn) AS tp_count FROM `bs_order_58` `a` LEFT JOIN `bs_order_relation_58` `b` ON `a`.`order_sn`=`b`.`order_sn` WHERE  `a`.`store_id` = 58 LIMIT 1 [ RunTime:0.001849s ]
[ sql ] [ SQL ] SELECT COUNT(a.order_sn) AS tp_count FROM `bs_order_58` `a` LEFT JOIN `bs_order_relation_58` `b` ON `a`.`order_sn`=`b`.`order_sn` WHERE  ( `a`.`order_state` >= 20 AND `a`.`order_state` <= 50 )  AND `mark` = 1  AND `a`.`store_id` = 58 LIMIT 1 [ RunTime:0.000737s ]
[ sql ] [ SQL ] SELECT COUNT(a.order_sn) AS tp_count FROM `bs_order_58` `a` LEFT JOIN `bs_order_relation_58` `b` ON `a`.`order_sn`=`b`.`order_sn` WHERE  `a`.`order_state` >= 60  AND `mark` = 1  AND `a`.`store_id` = 58 LIMIT 1 [ RunTime:0.000521s ]
[ sql ] [ SQL ] SELECT COUNT(a.order_sn) AS tp_count FROM `bs_order_58` `a` LEFT JOIN `bs_order_relation_58` `b` ON `a`.`order_sn`=`b`.`order_sn` WHERE  `a`.`order_state` = 0  AND `mark` = 1  AND `a`.`store_id` = 58 LIMIT 1 [ RunTime:0.000655s ]
[ sql ] [ SQL ] SELECT COUNT(a.order_sn) AS tp_count FROM `bs_order_58` `a` LEFT JOIN `bs_order_relation_58` `b` ON `a`.`order_sn`=`b`.`order_sn` WHERE  `mark` = 0  AND `a`.`store_id` = 58 LIMIT 1 [ RunTime:0.000431s ]
[ sql ] [ SQL ] SHOW COLUMNS FROM `bs_balance_recharge_coupon` [ RunTime:0.001177s ]
[ sql ] [ SQL ] SELECT `a`.`id`,`a`.`money` FROM `bs_balance_recharge_coupon` `a` LEFT JOIN `bs_store_user` `b` ON `a`.`store_user`=`b`.`id` WHERE  `b`.`store_id` = 58  AND `a`.`mark` = 1  AND `a`.`is_use` = 2 ORDER BY `a`.`add_time` DESC [ RunTime:0.003762s ]
[ sql ] [ SQL ] SELECT `order_amount` FROM `bs_order_58` WHERE  `store_id` = 58  AND `mark` = 1  AND `order_state` >= 20 [ RunTime:0.000823s ]
[ sql ] [ SQL ] SELECT `order_amount` FROM `bs_order_58` `a` LEFT JOIN `bs_order_relation_58` `b` ON `a`.`order_sn`=`b`.`order_sn` WHERE  `a`.`store_id` = 58  AND ( `b`.`payment_time` >= 1564761600 AND `b`.`payment_time` <= 1564847999 ) [ RunTime:0.001472s ]
[ sql ] [ SQL ] SELECT `order_amount` FROM `bs_order_58` `a` LEFT JOIN `bs_order_relation_58` `b` ON `a`.`order_sn`=`b`.`order_sn` WHERE  `a`.`store_id` = 58  AND ( `b`.`payment_time` >= 1564675200 AND `b`.`payment_time` <= 1564761599 ) [ RunTime:0.001392s ]
[ sql ] [ SQL ] SELECT COUNT(a.order_sn) AS tp_count FROM `bs_order_58` `a` LEFT JOIN `bs_order_relation_58` `b` ON `a`.`order_sn`=`b`.`order_sn` WHERE  `a`.`order_state` >= 20  AND `mark` = 1  AND ( `b`.`payment_time` >= 1564761600 AND `b`.`payment_time` <= 1564847999 )  AND `a`.`store_id` = 58 LIMIT 1 [ RunTime:0.000948s ]
[ sql ] [ SQL ] SELECT COUNT(a.order_sn) AS tp_count FROM `bs_order_58` `a` LEFT JOIN `bs_order_relation_58` `b` ON `a`.`order_sn`=`b`.`order_sn` WHERE  `a`.`order_state` >= 20  AND `mark` = 1  AND ( `b`.`payment_time` >= 1564675200 AND `b`.`payment_time` <= 1564761599 )  AND `a`.`store_id` = 58 LIMIT 1 [ RunTime:0.001005s ]
[ sql ] [ SQL ] SHOW COLUMNS FROM `bs_order` [ RunTime:0.002219s ]
[ sql ] [ SQL ] SELECT DISTINCT  `a`.`buyer_id` FROM `bs_order` `a` LEFT JOIN `bs_order_relation_58` `b` ON `a`.`order_sn`=`b`.`order_sn` WHERE  `a`.`store_id` = 58  AND `a`.`order_state` >= 20  AND ( `b`.`payment_time` >= 1564761600 AND `b`.`payment_time` <= 1564847999 ) [ RunTime:0.000660s ]
[ sql ] [ SQL ] SELECT DISTINCT  `a`.`buyer_id` FROM `bs_order` `a` LEFT JOIN `bs_order_relation_58` `b` ON `a`.`order_sn`=`b`.`order_sn` WHERE  `a`.`store_id` = 58  AND `a`.`order_state` >= 20  AND ( `b`.`payment_time` >= 1564675200 AND `b`.`payment_time` <= 1564761599 ) [ RunTime:0.000549s ]
[ sql ] [ SQL ] SELECT COUNT(a.order_sn) AS tp_count FROM `bs_order_58` `a` LEFT JOIN `bs_order_relation_58` `b` ON `a`.`order_sn`=`b`.`order_sn` WHERE  `a`.`order_state` >= 20  AND `mark` = 1  AND ( `b`.`payment_time` >= 1564243200 AND `b`.`payment_time` <= 1564329599 )  AND `a`.`store_id` = 58 LIMIT 1 [ RunTime:0.001025s ]
[ sql ] [ SQL ] SELECT COUNT(a.order_sn) AS tp_count FROM `bs_order_58` `a` LEFT JOIN `bs_order_relation_58` `b` ON `a`.`order_sn`=`b`.`order_sn` WHERE  `a`.`order_state` >= 20  AND `mark` = 1  AND ( `b`.`payment_time` >= 1564329600 AND `b`.`payment_time` <= 1564415999 )  AND `a`.`store_id` = 58 LIMIT 1 [ RunTime:0.000932s ]
[ sql ] [ SQL ] SELECT COUNT(a.order_sn) AS tp_count FROM `bs_order_58` `a` LEFT JOIN `bs_order_relation_58` `b` ON `a`.`order_sn`=`b`.`order_sn` WHERE  `a`.`order_state` >= 20  AND `mark` = 1  AND ( `b`.`payment_time` >= 1564416000 AND `b`.`payment_time` <= 1564502399 )  AND `a`.`store_id` = 58 LIMIT 1 [ RunTime:0.001010s ]
[ sql ] [ SQL ] SELECT COUNT(a.order_sn) AS tp_count FROM `bs_order_58` `a` LEFT JOIN `bs_order_relation_58` `b` ON `a`.`order_sn`=`b`.`order_sn` WHERE  `a`.`order_state` >= 20  AND `mark` = 1  AND ( `b`.`payment_time` >= 1564502400 AND `b`.`payment_time` <= 1564588799 )  AND `a`.`store_id` = 58 LIMIT 1 [ RunTime:0.000971s ]
[ sql ] [ SQL ] SELECT COUNT(a.order_sn) AS tp_count FROM `bs_order_58` `a` LEFT JOIN `bs_order_relation_58` `b` ON `a`.`order_sn`=`b`.`order_sn` WHERE  `a`.`order_state` >= 20  AND `mark` = 1  AND ( `b`.`payment_time` >= 1564588800 AND `b`.`payment_time` <= 1564675199 )  AND `a`.`store_id` = 58 LIMIT 1 [ RunTime:0.001031s ]
[ sql ] [ SQL ] SELECT COUNT(a.order_sn) AS tp_count FROM `bs_order_58` `a` LEFT JOIN `bs_order_relation_58` `b` ON `a`.`order_sn`=`b`.`order_sn` WHERE  `a`.`order_state` >= 20  AND `mark` = 1  AND ( `b`.`payment_time` >= 1564675200 AND `b`.`payment_time` <= 1564761599 )  AND `a`.`store_id` = 58 LIMIT 1 [ RunTime:0.000993s ]
[ sql ] [ SQL ] SELECT COUNT(a.order_sn) AS tp_count FROM `bs_order_58` `a` LEFT JOIN `bs_order_relation_58` `b` ON `a`.`order_sn`=`b`.`order_sn` WHERE  `a`.`order_state` >= 20  AND `mark` = 1  AND ( `b`.`payment_time` >= 1564761600 AND `b`.`payment_time` <= 1564847999 )  AND `a`.`store_id` = 58 LIMIT 1 [ RunTime:0.001050s ]
[ sql ] [ SQL ] SELECT `order_amount` FROM `bs_order_58` `a` LEFT JOIN `bs_order_relation_58` `b` ON `a`.`order_sn`=`b`.`order_sn` WHERE  `a`.`store_id` = 58  AND ( `b`.`payment_time` >= 1564243200 AND `b`.`payment_time` <= 1564329599 ) [ RunTime:0.002155s ]
[ sql ] [ SQL ] SELECT `order_amount` FROM `bs_order_58` `a` LEFT JOIN `bs_order_relation_58` `b` ON `a`.`order_sn`=`b`.`order_sn` WHERE  `a`.`store_id` = 58  AND ( `b`.`payment_time` >= 1564329600 AND `b`.`payment_time` <= 1564415999 ) [ RunTime:0.001574s ]
[ sql ] [ SQL ] SELECT `order_amount` FROM `bs_order_58` `a` LEFT JOIN `bs_order_relation_58` `b` ON `a`.`order_sn`=`b`.`order_sn` WHERE  `a`.`store_id` = 58  AND ( `b`.`payment_time` >= 1564416000 AND `b`.`payment_time` <= 1564502399 ) [ RunTime:0.001459s ]
[ sql ] [ SQL ] SELECT `order_amount` FROM `bs_order_58` `a` LEFT JOIN `bs_order_relation_58` `b` ON `a`.`order_sn`=`b`.`order_sn` WHERE  `a`.`store_id` = 58  AND ( `b`.`payment_time` >= 1564502400 AND `b`.`payment_time` <= 1564588799 ) [ RunTime:0.001315s ]
[ sql ] [ SQL ] SELECT `order_amount` FROM `bs_order_58` `a` LEFT JOIN `bs_order_relation_58` `b` ON `a`.`order_sn`=`b`.`order_sn` WHERE  `a`.`store_id` = 58  AND ( `b`.`payment_time` >= 1564588800 AND `b`.`payment_time` <= 1564675199 ) [ RunTime:0.001329s ]
[ sql ] [ SQL ] SELECT `order_amount` FROM `bs_order_58` `a` LEFT JOIN `bs_order_relation_58` `b` ON `a`.`order_sn`=`b`.`order_sn` WHERE  `a`.`store_id` = 58  AND ( `b`.`payment_time` >= 1564675200 AND `b`.`payment_time` <= 1564761599 ) [ RunTime:0.001295s ]
[ sql ] [ SQL ] SELECT `order_amount` FROM `bs_order_58` `a` LEFT JOIN `bs_order_relation_58` `b` ON `a`.`order_sn`=`b`.`order_sn` WHERE  `a`.`store_id` = 58  AND ( `b`.`payment_time` >= 1564761600 AND `b`.`payment_time` <= 1564847999 ) [ RunTime:0.001270s ]
---------------------------------------------------------------
[ 2019-08-03T21:36:43+08:00 ] 0.0.0.0 GET localhost/lmeriPro/newLmeri/web/index.php
[ sql ] [ DB ] CONNECT:[ UseTime:0.010664s ] mysql:host=127.0.0.1;port=3306;dbname=bspm711;charset=utf8
[ sql ] [ SQL ] SHOW COLUMNS FROM `bs_store_user` [ RunTime:0.003006s ]
[ sql ] [ SQL ] SELECT * FROM `bs_store_user` WHERE  `mark` = 1  AND `id` = 52 LIMIT 1 [ RunTime:0.000584s ]
[ sql ] [ SQL ] SHOW COLUMNS FROM `bs_store` [ RunTime:0.001752s ]
[ sql ] [ SQL ] SELECT `id`,`store_name` FROM `bs_store` WHERE  `lang_id` = 29  AND `is_open` = 1 [ RunTime:0.000692s ]
[ sql ] [ SQL ] SHOW COLUMNS FROM `bs_store_goods` [ RunTime:0.001838s ]
[ sql ] [ SQL ] SELECT COUNT(*) AS tp_count FROM `bs_store_goods` WHERE  `store_id` = 58  AND `mark` = 1 LIMIT 1 [ RunTime:0.023507s ]
[ sql ] [ SQL ] SELECT COUNT(*) AS tp_count FROM `bs_store_goods` WHERE  `is_on_sale` = 1  AND `store_id` = 58  AND `mark` = 1 LIMIT 1 [ RunTime:0.023220s ]
[ sql ] [ SQL ] SELECT COUNT(*) AS tp_count FROM `bs_store_goods` WHERE  `is_on_sale` = 2  AND `store_id` = 58  AND `mark` = 1 LIMIT 1 [ RunTime:0.021728s ]
[ sql ] [ SQL ] SHOW COLUMNS FROM `bs_order_58` [ RunTime:0.003046s ]
[ sql ] [ SQL ] SELECT COUNT(a.order_sn) AS tp_count FROM `bs_order_58` `a` LEFT JOIN `bs_order_relation_58` `b` ON `a`.`order_sn`=`b`.`order_sn` WHERE  `a`.`store_id` = 58 LIMIT 1 [ RunTime:0.001549s ]
[ sql ] [ SQL ] SELECT COUNT(a.order_sn) AS tp_count FROM `bs_order_58` `a` LEFT JOIN `bs_order_relation_58` `b` ON `a`.`order_sn`=`b`.`order_sn` WHERE  ( `a`.`order_state` >= 20 AND `a`.`order_state` <= 50 )  AND `mark` = 1  AND `a`.`store_id` = 58 LIMIT 1 [ RunTime:0.000935s ]
[ sql ] [ SQL ] SELECT COUNT(a.order_sn) AS tp_count FROM `bs_order_58` `a` LEFT JOIN `bs_order_relation_58` `b` ON `a`.`order_sn`=`b`.`order_sn` WHERE  `a`.`order_state` >= 60  AND `mark` = 1  AND `a`.`store_id` = 58 LIMIT 1 [ RunTime:0.000517s ]
[ sql ] [ SQL ] SELECT COUNT(a.order_sn) AS tp_count FROM `bs_order_58` `a` LEFT JOIN `bs_order_relation_58` `b` ON `a`.`order_sn`=`b`.`order_sn` WHERE  `a`.`order_state` = 0  AND `mark` = 1  AND `a`.`store_id` = 58 LIMIT 1 [ RunTime:0.000670s ]
[ sql ] [ SQL ] SELECT COUNT(a.order_sn) AS tp_count FROM `bs_order_58` `a` LEFT JOIN `bs_order_relation_58` `b` ON `a`.`order_sn`=`b`.`order_sn` WHERE  `mark` = 0  AND `a`.`store_id` = 58 LIMIT 1 [ RunTime:0.000489s ]
[ sql ] [ SQL ] SHOW COLUMNS FROM `bs_balance_recharge_coupon` [ RunTime:0.001479s ]
[ sql ] [ SQL ] SELECT `a`.`id`,`a`.`money` FROM `bs_balance_recharge_coupon` `a` LEFT JOIN `bs_store_user` `b` ON `a`.`store_user`=`b`.`id` WHERE  `b`.`store_id` = 58  AND `a`.`mark` = 1  AND `a`.`is_use` = 2 ORDER BY `a`.`add_time` DESC [ RunTime:0.004942s ]
[ sql ] [ SQL ] SELECT `order_amount` FROM `bs_order_58` WHERE  `store_id` = 58  AND `mark` = 1  AND `order_state` >= 20 [ RunTime:0.001309s ]
[ sql ] [ SQL ] SELECT `order_amount` FROM `bs_order_58` `a` LEFT JOIN `bs_order_relation_58` `b` ON `a`.`order_sn`=`b`.`order_sn` WHERE  `a`.`store_id` = 58  AND ( `b`.`payment_time` >= 1564761600 AND `b`.`payment_time` <= 1564847999 ) [ RunTime:0.001400s ]
[ sql ] [ SQL ] SELECT `order_amount` FROM `bs_order_58` `a` LEFT JOIN `bs_order_relation_58` `b` ON `a`.`order_sn`=`b`.`order_sn` WHERE  `a`.`store_id` = 58  AND ( `b`.`payment_time` >= 1564675200 AND `b`.`payment_time` <= 1564761599 ) [ RunTime:0.001274s ]
[ sql ] [ SQL ] SELECT COUNT(a.order_sn) AS tp_count FROM `bs_order_58` `a` LEFT JOIN `bs_order_relation_58` `b` ON `a`.`order_sn`=`b`.`order_sn` WHERE  `a`.`order_state` >= 20  AND `mark` = 1  AND ( `b`.`payment_time` >= 1564761600 AND `b`.`payment_time` <= 1564847999 )  AND `a`.`store_id` = 58 LIMIT 1 [ RunTime:0.000993s ]
[ sql ] [ SQL ] SELECT COUNT(a.order_sn) AS tp_count FROM `bs_order_58` `a` LEFT JOIN `bs_order_relation_58` `b` ON `a`.`order_sn`=`b`.`order_sn` WHERE  `a`.`order_state` >= 20  AND `mark` = 1  AND ( `b`.`payment_time` >= 1564675200 AND `b`.`payment_time` <= 1564761599 )  AND `a`.`store_id` = 58 LIMIT 1 [ RunTime:0.001024s ]
[ sql ] [ SQL ] SHOW COLUMNS FROM `bs_order` [ RunTime:0.002493s ]
[ sql ] [ SQL ] SELECT DISTINCT  `a`.`buyer_id` FROM `bs_order` `a` LEFT JOIN `bs_order_relation_58` `b` ON `a`.`order_sn`=`b`.`order_sn` WHERE  `a`.`store_id` = 58  AND `a`.`order_state` >= 20  AND ( `b`.`payment_time` >= 1564761600 AND `b`.`payment_time` <= 1564847999 ) [ RunTime:0.000765s ]
[ sql ] [ SQL ] SELECT DISTINCT  `a`.`buyer_id` FROM `bs_order` `a` LEFT JOIN `bs_order_relation_58` `b` ON `a`.`order_sn`=`b`.`order_sn` WHERE  `a`.`store_id` = 58  AND `a`.`order_state` >= 20  AND ( `b`.`payment_time` >= 1564675200 AND `b`.`payment_time` <= 1564761599 ) [ RunTime:0.000583s ]
[ sql ] [ SQL ] SELECT COUNT(a.order_sn) AS tp_count FROM `bs_order_58` `a` LEFT JOIN `bs_order_relation_58` `b` ON `a`.`order_sn`=`b`.`order_sn` WHERE  `a`.`order_state` >= 20  AND `mark` = 1  AND ( `b`.`payment_time` >= 1564243200 AND `b`.`payment_time` <= 1564329599 )  AND `a`.`store_id` = 58 LIMIT 1 [ RunTime:0.001108s ]
[ sql ] [ SQL ] SELECT COUNT(a.order_sn) AS tp_count FROM `bs_order_58` `a` LEFT JOIN `bs_order_relation_58` `b` ON `a`.`order_sn`=`b`.`order_sn` WHERE  `a`.`order_state` >= 20  AND `mark` = 1  AND ( `b`.`payment_time` >= 1564329600 AND `b`.`payment_time` <= 1564415999 )  AND `a`.`store_id` = 58 LIMIT 1 [ RunTime:0.000981s ]
[ sql ] [ SQL ] SELECT COUNT(a.order_sn) AS tp_count FROM `bs_order_58` `a` LEFT JOIN `bs_order_relation_58` `b` ON `a`.`order_sn`=`b`.`order_sn` WHERE  `a`.`order_state` >= 20  AND `mark` = 1  AND ( `b`.`payment_time` >= 1564416000 AND `b`.`payment_time` <= 1564502399 )  AND `a`.`store_id` = 58 LIMIT 1 [ RunTime:0.000998s ]
[ sql ] [ SQL ] SELECT COUNT(a.order_sn) AS tp_count FROM `bs_order_58` `a` LEFT JOIN `bs_order_relation_58` `b` ON `a`.`order_sn`=`b`.`order_sn` WHERE  `a`.`order_state` >= 20  AND `mark` = 1  AND ( `b`.`payment_time` >= 1564502400 AND `b`.`payment_time` <= 1564588799 )  AND `a`.`store_id` = 58 LIMIT 1 [ RunTime:0.000995s ]
[ sql ] [ SQL ] SELECT COUNT(a.order_sn) AS tp_count FROM `bs_order_58` `a` LEFT JOIN `bs_order_relation_58` `b` ON `a`.`order_sn`=`b`.`order_sn` WHERE  `a`.`order_state` >= 20  AND `mark` = 1  AND ( `b`.`payment_time` >= 1564588800 AND `b`.`payment_time` <= 1564675199 )  AND `a`.`store_id` = 58 LIMIT 1 [ RunTime:0.001027s ]
[ sql ] [ SQL ] SELECT COUNT(a.order_sn) AS tp_count FROM `bs_order_58` `a` LEFT JOIN `bs_order_relation_58` `b` ON `a`.`order_sn`=`b`.`order_sn` WHERE  `a`.`order_state` >= 20  AND `mark` = 1  AND ( `b`.`payment_time` >= 1564675200 AND `b`.`payment_time` <= 1564761599 )  AND `a`.`store_id` = 58 LIMIT 1 [ RunTime:0.001001s ]
[ sql ] [ SQL ] SELECT COUNT(a.order_sn) AS tp_count FROM `bs_order_58` `a` LEFT JOIN `bs_order_relation_58` `b` ON `a`.`order_sn`=`b`.`order_sn` WHERE  `a`.`order_state` >= 20  AND `mark` = 1  AND ( `b`.`payment_time` >= 1564761600 AND `b`.`payment_time` <= 1564847999 )  AND `a`.`store_id` = 58 LIMIT 1 [ RunTime:0.000977s ]
[ sql ] [ SQL ] SELECT `order_amount` FROM `bs_order_58` `a` LEFT JOIN `bs_order_relation_58` `b` ON `a`.`order_sn`=`b`.`order_sn` WHERE  `a`.`store_id` = 58  AND ( `b`.`payment_time` >= 1564243200 AND `b`.`payment_time` <= 1564329599 ) [ RunTime:0.001405s ]
[ sql ] [ SQL ] SELECT `order_amount` FROM `bs_order_58` `a` LEFT JOIN `bs_order_relation_58` `b` ON `a`.`order_sn`=`b`.`order_sn` WHERE  `a`.`store_id` = 58  AND ( `b`.`payment_time` >= 1564329600 AND `b`.`payment_time` <= 1564415999 ) [ RunTime:0.001664s ]
[ sql ] [ SQL ] SELECT `order_amount` FROM `bs_order_58` `a` LEFT JOIN `bs_order_relation_58` `b` ON `a`.`order_sn`=`b`.`order_sn` WHERE  `a`.`store_id` = 58  AND ( `b`.`payment_time` >= 1564416000 AND `b`.`payment_time` <= 1564502399 ) [ RunTime:0.001514s ]
[ sql ] [ SQL ] SELECT `order_amount` FROM `bs_order_58` `a` LEFT JOIN `bs_order_relation_58` `b` ON `a`.`order_sn`=`b`.`order_sn` WHERE  `a`.`store_id` = 58  AND ( `b`.`payment_time` >= 1564502400 AND `b`.`payment_time` <= 1564588799 ) [ RunTime:0.001234s ]
[ sql ] [ SQL ] SELECT `order_amount` FROM `bs_order_58` `a` LEFT JOIN `bs_order_relation_58` `b` ON `a`.`order_sn`=`b`.`order_sn` WHERE  `a`.`store_id` = 58  AND ( `b`.`payment_time` >= 1564588800 AND `b`.`payment_time` <= 1564675199 ) [ RunTime:0.001362s ]
[ sql ] [ SQL ] SELECT `order_amount` FROM `bs_order_58` `a` LEFT JOIN `bs_order_relation_58` `b` ON `a`.`order_sn`=`b`.`order_sn` WHERE  `a`.`store_id` = 58  AND ( `b`.`payment_time` >= 1564675200 AND `b`.`payment_time` <= 1564761599 ) [ RunTime:0.001342s ]
[ sql ] [ SQL ] SELECT `order_amount` FROM `bs_order_58` `a` LEFT JOIN `bs_order_relation_58` `b` ON `a`.`order_sn`=`b`.`order_sn` WHERE  `a`.`store_id` = 58  AND ( `b`.`payment_time` >= 1564761600 AND `b`.`payment_time` <= 1564847999 ) [ RunTime:0.001401s ]
---------------------------------------------------------------
[ 2019-08-03T21:36:55+08:00 ] 0.0.0.0 GET localhost/lmeriPro/newLmeri/web/index.php?s=/api/order/submitOrderShow/user_id/1/cart_ids/71987
[ sql ] [ DB ] CONNECT:[ UseTime:0.011050s ] mysql:host=127.0.0.1;port=3306;dbname=bspm711;charset=utf8
[ sql ] [ SQL ] SHOW COLUMNS FROM `bs_cart` [ RunTime:0.003176s ]
[ sql ] [ SQL ] SELECT * FROM `bs_cart` WHERE  `id` IN (71987) [ RunTime:0.023227s ]
[ sql ] [ SQL ] SHOW COLUMNS FROM `bs_store_goods` [ RunTime:0.003337s ]
[ sql ] [ SQL ] SELECT `original_img` FROM `bs_store_goods` WHERE  `id` = 19732 [ RunTime:0.022232s ]
---------------------------------------------------------------
[ 2019-08-03T21:36:59+08:00 ] 0.0.0.0 GET localhost/lmeriPro/newLmeri/web/index.php?s=/api/order/submitOrderShow/user_id/1/cart_ids/72123,72125,72126
[ sql ] [ DB ] CONNECT:[ UseTime:0.011033s ] mysql:host=127.0.0.1;port=3306;dbname=bspm711;charset=utf8
[ sql ] [ SQL ] SHOW COLUMNS FROM `bs_cart` [ RunTime:0.001182s ]
[ sql ] [ SQL ] SELECT * FROM `bs_cart` WHERE  `id` IN (72123,72125,72126) [ RunTime:0.000868s ]
[ sql ] [ SQL ] SHOW COLUMNS FROM `bs_store_goods` [ RunTime:0.001265s ]
[ sql ] [ SQL ] SELECT `original_img` FROM `bs_store_goods` WHERE  `id` = 20801 [ RunTime:0.000438s ]
---------------------------------------------------------------
[ 2019-08-03T21:37:57+08:00 ] 0.0.0.0 GET localhost/lmeriPro/newLmeri/web/index.php?s=/api/order/submitOrderShow/user_id/1/cart_ids/72123,72125,72126
[ sql ] [ DB ] CONNECT:[ UseTime:0.010184s ] mysql:host=127.0.0.1;port=3306;dbname=bspm711;charset=utf8
[ sql ] [ SQL ] SHOW COLUMNS FROM `bs_cart` [ RunTime:0.001441s ]
[ sql ] [ SQL ] SELECT * FROM `bs_cart` WHERE  `id` IN (72123,72125,72126) [ RunTime:0.000806s ]
[ sql ] [ SQL ] SHOW COLUMNS FROM `bs_store_goods` [ RunTime:0.001243s ]
[ sql ] [ SQL ] SELECT `original_img` FROM `bs_store_goods` WHERE  `id` = 20801 [ RunTime:0.000434s ]
