---------------------------------------------------------------
[ 2019-08-04T09:30:37+08:00 ] 0.0.0.0 GET localhost/lmeriPro/newLmeri/web/index.php?s=/store/index/index
[运行时间：1.153996s] [吞吐率：0.87req/s] [内存消耗：4,115.76kb] [文件加载：65]
[ info ] [ LANG ] D:\wamp\www\lmeriPro\newLmeri\source\thinkphp\lang\zh-cn.php
[ info ] [ ROUTE ] array (
  'type' => 'module',
  'module' => 
  array (
    0 => 'store',
    1 => 'index',
    2 => 'index',
  ),
)
[ info ] [ HEADER ] array (
  'host' => 'localhost',
  'connection' => 'keep-alive',
  'cache-control' => 'max-age=0',
  'upgrade-insecure-requests' => '1',
  'user-agent' => 'Mozilla/5.0 (Windows NT 10.0; WOW64) AppleWebKit/537.36 (KHTML, like Gecko) Chrome/74.0.3729.169 Safari/537.36',
  'accept' => 'text/html,application/xhtml+xml,application/xml;q=0.9,image/webp,image/apng,*/*;q=0.8,application/signed-exchange;v=b3',
  'referer' => 'http://localhost/lmeriPro/newLmeri/web/index.php?s=/store/passport/login',
  'accept-encoding' => 'gzip, deflate, br',
  'accept-language' => 'zh-CN,zh;q=0.9',
  'cookie' => 'ECS[visit_times]=40; PHPSESSID=i47tmpqq9b5d8rvjbbgbi10i07',
)
[ info ] [ PARAM ] array (
)
[ info ] [ BEHAVIOR ] Run app\common\behavior\App @app_begin [ RunTime:0.002148s ]
[ info ] [ SESSION ] INIT array (
  'id' => '',
  'var_session_id' => '',
  'prefix' => '',
  'type' => '',
  'auto_start' => true,
)
[ info ] [ DB ] INIT mysql
[ info ] [ RUN ] app\store\controller\Index->index[ D:\wamp\www\lmeriPro\newLmeri\source\application\store\controller\Index.php ]
[ info ] [ VIEW ] D:\wamp\www\lmeriPro\newLmeri\web/../source/application/store\view\index\index.php [ array (
  0 => 'base_url',
  1 => 'store_url',
  2 => 'group',
  3 => 'menus',
  4 => 'store',
  5 => 'request',
  6 => 'version',
  7 => 'data',
  8 => 'storeList',
) ]
[ info ] [ LOG ] INIT File
---------------------------------------------------------------
[ 2019-08-04T09:30:54+08:00 ] 0.0.0.0 GET localhost/lmeriPro/newLmeri/web/index.php?s=/api/order/submitOrderShow/user_id/1/cart_ids/72123,72125,72126
[运行时间：0.213743s] [吞吐率：4.68req/s] [内存消耗：3,407.13kb] [文件加载：56]
[ info ] [ LANG ] D:\wamp\www\lmeriPro\newLmeri\source\thinkphp\lang\zh-cn.php
[ info ] [ ROUTE ] array (
  'type' => 'module',
  'module' => 
  array (
    0 => 'api',
    1 => 'order',
    2 => 'submitOrderShow',
  ),
)
[ info ] [ HEADER ] array (
  'host' => 'localhost',
  'connection' => 'keep-alive',
  'cache-control' => 'max-age=0',
  'upgrade-insecure-requests' => '1',
  'user-agent' => 'Mozilla/5.0 (Windows NT 10.0; WOW64) AppleWebKit/537.36 (KHTML, like Gecko) Chrome/74.0.3729.169 Safari/537.36',
  'accept' => 'text/html,application/xhtml+xml,application/xml;q=0.9,image/webp,image/apng,*/*;q=0.8,application/signed-exchange;v=b3',
  'accept-encoding' => 'gzip, deflate, br',
  'accept-language' => 'zh-CN,zh;q=0.9',
  'cookie' => 'ECS[visit_times]=40; PHPSESSID=i47tmpqq9b5d8rvjbbgbi10i07',
)
[ info ] [ PARAM ] array (
  'user_id' => '1',
  'cart_ids' => '72123,72125,72126',
)
[ info ] [ BEHAVIOR ] Run app\common\behavior\App @app_begin [ RunTime:0.000958s ]
[ info ] [ RUN ] app\api\controller\Order->submitOrderShow[ D:\wamp\www\lmeriPro\newLmeri\source\application\api\controller\Order.php ]
[ info ] [ DB ] INIT mysql
[ info ] [ CACHE ] INIT File
[ info ] [ LOG ] INIT File
---------------------------------------------------------------
[ 2019-08-04T09:33:16+08:00 ] 0.0.0.0 GET localhost/lmeriPro/newLmeri/web/index.php?s=/api/order/submitOrderShow/user_id/1/cart_ids/72123,72125,72126
[运行时间：0.189150s] [吞吐率：5.29req/s] [内存消耗：3,603.05kb] [文件加载：64]
[ info ] [ LANG ] D:\wamp\www\lmeriPro\newLmeri\source\thinkphp\lang\zh-cn.php
[ info ] [ ROUTE ] array (
  'type' => 'module',
  'module' => 
  array (
    0 => 'api',
    1 => 'order',
    2 => 'submitOrderShow',
  ),
)
[ info ] [ HEADER ] array (
  'host' => 'localhost',
  'connection' => 'keep-alive',
  'cache-control' => 'max-age=0',
  'upgrade-insecure-requests' => '1',
  'user-agent' => 'Mozilla/5.0 (Windows NT 10.0; WOW64) AppleWebKit/537.36 (KHTML, like Gecko) Chrome/74.0.3729.169 Safari/537.36',
  'accept' => 'text/html,application/xhtml+xml,application/xml;q=0.9,image/webp,image/apng,*/*;q=0.8,application/signed-exchange;v=b3',
  'accept-encoding' => 'gzip, deflate, br',
  'accept-language' => 'zh-CN,zh;q=0.9',
  'cookie' => 'ECS[visit_times]=40; PHPSESSID=i47tmpqq9b5d8rvjbbgbi10i07',
)
[ info ] [ PARAM ] array (
  'user_id' => '1',
  'cart_ids' => '72123,72125,72126',
)
[ info ] [ BEHAVIOR ] Run app\common\behavior\App @app_begin [ RunTime:0.000294s ]
[ info ] [ RUN ] app\api\controller\Order->submitOrderShow[ D:\wamp\www\lmeriPro\newLmeri\source\application\api\controller\Order.php ]
[ info ] [ DB ] INIT mysql
[ info ] [ CACHE ] INIT File
[ info ] [ LOG ] INIT File
---------------------------------------------------------------
[ 2019-08-04T09:33:52+08:00 ] 0.0.0.0 GET localhost/lmeriPro/newLmeri/web/index.php?s=/api/order/submitOrderShow/user_id/1/cart_ids/72123,72125,72126
[运行时间：0.209928s] [吞吐率：4.76req/s] [内存消耗：3,578.69kb] [文件加载：63]
[ info ] [ LANG ] D:\wamp\www\lmeriPro\newLmeri\source\thinkphp\lang\zh-cn.php
[ info ] [ ROUTE ] array (
  'type' => 'module',
  'module' => 
  array (
    0 => 'api',
    1 => 'order',
    2 => 'submitOrderShow',
  ),
)
[ info ] [ HEADER ] array (
  'host' => 'localhost',
  'connection' => 'keep-alive',
  'cache-control' => 'max-age=0',
  'upgrade-insecure-requests' => '1',
  'user-agent' => 'Mozilla/5.0 (Windows NT 10.0; WOW64) AppleWebKit/537.36 (KHTML, like Gecko) Chrome/74.0.3729.169 Safari/537.36',
  'accept' => 'text/html,application/xhtml+xml,application/xml;q=0.9,image/webp,image/apng,*/*;q=0.8,application/signed-exchange;v=b3',
  'accept-encoding' => 'gzip, deflate, br',
  'accept-language' => 'zh-CN,zh;q=0.9',
  'cookie' => 'ECS[visit_times]=40; PHPSESSID=i47tmpqq9b5d8rvjbbgbi10i07',
)
[ info ] [ PARAM ] array (
  'user_id' => '1',
  'cart_ids' => '72123,72125,72126',
)
[ info ] [ BEHAVIOR ] Run app\common\behavior\App @app_begin [ RunTime:0.000627s ]
[ info ] [ RUN ] app\api\controller\Order->submitOrderShow[ D:\wamp\www\lmeriPro\newLmeri\source\application\api\controller\Order.php ]
[ info ] [ DB ] INIT mysql
[ info ] [ CACHE ] INIT File
[ info ] [ LOG ] INIT File
---------------------------------------------------------------
[ 2019-08-04T09:34:15+08:00 ] 0.0.0.0 GET localhost/lmeriPro/newLmeri/web/index.php?s=/api/order/submitOrderShow/user_id/1/cart_ids/72123,72125,72126
[运行时间：0.057059s] [吞吐率：17.53req/s] [内存消耗：3,153.20kb] [文件加载：49]
[ info ] [ LANG ] D:\wamp\www\lmeriPro\newLmeri\source\thinkphp\lang\zh-cn.php
[ info ] [ ROUTE ] array (
  'type' => 'module',
  'module' => 
  array (
    0 => 'api',
    1 => 'order',
    2 => 'submitOrderShow',
  ),
)
[ info ] [ HEADER ] array (
  'host' => 'localhost',
  'connection' => 'keep-alive',
  'cache-control' => 'max-age=0',
  'upgrade-insecure-requests' => '1',
  'user-agent' => 'Mozilla/5.0 (Windows NT 10.0; WOW64) AppleWebKit/537.36 (KHTML, like Gecko) Chrome/74.0.3729.169 Safari/537.36',
  'accept' => 'text/html,application/xhtml+xml,application/xml;q=0.9,image/webp,image/apng,*/*;q=0.8,application/signed-exchange;v=b3',
  'accept-encoding' => 'gzip, deflate, br',
  'accept-language' => 'zh-CN,zh;q=0.9',
  'cookie' => 'ECS[visit_times]=40; PHPSESSID=i47tmpqq9b5d8rvjbbgbi10i07',
)
[ info ] [ PARAM ] array (
  'user_id' => '1',
  'cart_ids' => '72123,72125,72126',
)
[ info ] [ BEHAVIOR ] Run app\common\behavior\App @app_begin [ RunTime:0.000297s ]
[ info ] [ RUN ] app\api\controller\Order->submitOrderShow[ D:\wamp\www\lmeriPro\newLmeri\source\application\api\controller\Order.php ]
[ info ] [ DB ] INIT mysql
[ info ] [ LOG ] INIT File
---------------------------------------------------------------
[ 2019-08-04T10:03:16+08:00 ] 0.0.0.0 GET localhost/lmeriPro/newLmeri/web/index.php?s=/api/order/submitOrderShow/user_id/1/cart_ids/72123,72125,72126
[运行时间：0.043418s] [吞吐率：23.03req/s] [内存消耗：3,154.57kb] [文件加载：49]
[ info ] [ LANG ] D:\wamp\www\lmeriPro\newLmeri\source\thinkphp\lang\zh-cn.php
[ info ] [ ROUTE ] array (
  'type' => 'module',
  'module' => 
  array (
    0 => 'api',
    1 => 'order',
    2 => 'submitOrderShow',
  ),
)
[ info ] [ HEADER ] array (
  'host' => 'localhost',
  'connection' => 'keep-alive',
  'cache-control' => 'max-age=0',
  'upgrade-insecure-requests' => '1',
  'user-agent' => 'Mozilla/5.0 (Windows NT 10.0; WOW64) AppleWebKit/537.36 (KHTML, like Gecko) Chrome/74.0.3729.169 Safari/537.36',
  'accept' => 'text/html,application/xhtml+xml,application/xml;q=0.9,image/webp,image/apng,*/*;q=0.8,application/signed-exchange;v=b3',
  'accept-encoding' => 'gzip, deflate, br',
  'accept-language' => 'zh-CN,zh;q=0.9',
  'cookie' => 'ECS[visit_times]=40; PHPSESSID=i47tmpqq9b5d8rvjbbgbi10i07',
)
[ info ] [ PARAM ] array (
  'user_id' => '1',
  'cart_ids' => '72123,72125,72126',
)
[ info ] [ BEHAVIOR ] Run app\common\behavior\App @app_begin [ RunTime:0.000383s ]
[ info ] [ RUN ] app\api\controller\Order->submitOrderShow[ D:\wamp\www\lmeriPro\newLmeri\source\application\api\controller\Order.php ]
[ info ] [ DB ] INIT mysql
[ info ] [ LOG ] INIT File
---------------------------------------------------------------
[ 2019-08-04T10:03:50+08:00 ] 0.0.0.0 GET localhost/lmeriPro/newLmeri/web/index.php?s=/api/order/submitOrderShow/user_id/1/cart_ids/72123,72125,72126
[运行时间：0.047342s] [吞吐率：21.12req/s] [内存消耗：3,446.13kb] [文件加载：56]
[ info ] [ LANG ] D:\wamp\www\lmeriPro\newLmeri\source\thinkphp\lang\zh-cn.php
[ info ] [ ROUTE ] array (
  'type' => 'module',
  'module' => 
  array (
    0 => 'api',
    1 => 'order',
    2 => 'submitOrderShow',
  ),
)
[ info ] [ HEADER ] array (
  'host' => 'localhost',
  'connection' => 'keep-alive',
  'cache-control' => 'max-age=0',
  'upgrade-insecure-requests' => '1',
  'user-agent' => 'Mozilla/5.0 (Windows NT 10.0; WOW64) AppleWebKit/537.36 (KHTML, like Gecko) Chrome/74.0.3729.169 Safari/537.36',
  'accept' => 'text/html,application/xhtml+xml,application/xml;q=0.9,image/webp,image/apng,*/*;q=0.8,application/signed-exchange;v=b3',
  'accept-encoding' => 'gzip, deflate, br',
  'accept-language' => 'zh-CN,zh;q=0.9',
  'cookie' => 'ECS[visit_times]=40; PHPSESSID=i47tmpqq9b5d8rvjbbgbi10i07',
)
[ info ] [ PARAM ] array (
  'user_id' => '1',
  'cart_ids' => '72123,72125,72126',
)
[ info ] [ BEHAVIOR ] Run app\common\behavior\App @app_begin [ RunTime:0.000455s ]
[ info ] [ RUN ] app\api\controller\Order->submitOrderShow[ D:\wamp\www\lmeriPro\newLmeri\source\application\api\controller\Order.php ]
[ info ] [ DB ] INIT mysql
[ info ] [ CACHE ] INIT File
[ info ] [ LOG ] INIT File
---------------------------------------------------------------
[ 2019-08-04T11:39:51+08:00 ] 0.0.0.0 GET localhost/lmeriPro/newLmeri/web/index.php?s=/api/order/submitOrderShow/user_id/1/cart_ids/72123,72125,72126
[运行时间：0.536017s] [吞吐率：1.87req/s] [内存消耗：3,446.13kb] [文件加载：56]
[ info ] [ LANG ] D:\wamp\www\lmeriPro\newLmeri\source\thinkphp\lang\zh-cn.php
[ info ] [ ROUTE ] array (
  'type' => 'module',
  'module' => 
  array (
    0 => 'api',
    1 => 'order',
    2 => 'submitOrderShow',
  ),
)
[ info ] [ HEADER ] array (
  'host' => 'localhost',
  'connection' => 'keep-alive',
  'cache-control' => 'max-age=0',
  'upgrade-insecure-requests' => '1',
  'user-agent' => 'Mozilla/5.0 (Windows NT 10.0; WOW64) AppleWebKit/537.36 (KHTML, like Gecko) Chrome/74.0.3729.169 Safari/537.36',
  'accept' => 'text/html,application/xhtml+xml,application/xml;q=0.9,image/webp,image/apng,*/*;q=0.8,application/signed-exchange;v=b3',
  'accept-encoding' => 'gzip, deflate, br',
  'accept-language' => 'zh-CN,zh;q=0.9',
  'cookie' => 'ECS[visit_times]=40; PHPSESSID=i47tmpqq9b5d8rvjbbgbi10i07',
)
[ info ] [ PARAM ] array (
  'user_id' => '1',
  'cart_ids' => '72123,72125,72126',
)
[ info ] [ BEHAVIOR ] Run app\common\behavior\App @app_begin [ RunTime:0.000965s ]
[ info ] [ RUN ] app\api\controller\Order->submitOrderShow[ D:\wamp\www\lmeriPro\newLmeri\source\application\api\controller\Order.php ]
[ info ] [ DB ] INIT mysql
[ info ] [ CACHE ] INIT File
[ info ] [ LOG ] INIT File
---------------------------------------------------------------
[ 2019-08-04T12:16:55+08:00 ] 0.0.0.0 GET localhost/lmeriPro/newLmeri/web/index.php?s=/api/order/submitOrderShow/user_id/1/cart_ids/72123,72125,72126
[运行时间：0.062612s] [吞吐率：15.97req/s] [内存消耗：3,445.55kb] [文件加载：56]
[ info ] [ LANG ] D:\wamp\www\lmeriPro\newLmeri\source\thinkphp\lang\zh-cn.php
[ info ] [ ROUTE ] array (
  'type' => 'module',
  'module' => 
  array (
    0 => 'api',
    1 => 'order',
    2 => 'submitOrderShow',
  ),
)
[ info ] [ HEADER ] array (
  'host' => 'localhost',
  'connection' => 'keep-alive',
  'cache-control' => 'max-age=0',
  'upgrade-insecure-requests' => '1',
  'user-agent' => 'Mozilla/5.0 (Windows NT 10.0; WOW64) AppleWebKit/537.36 (KHTML, like Gecko) Chrome/74.0.3729.169 Safari/537.36',
  'accept' => 'text/html,application/xhtml+xml,application/xml;q=0.9,image/webp,image/apng,*/*;q=0.8,application/signed-exchange;v=b3',
  'accept-encoding' => 'gzip, deflate, br',
  'accept-language' => 'zh-CN,zh;q=0.9',
  'cookie' => 'ECS[visit_times]=40; PHPSESSID=i47tmpqq9b5d8rvjbbgbi10i07',
)
[ info ] [ PARAM ] array (
  'user_id' => '1',
  'cart_ids' => '72123,72125,72126',
)
[ info ] [ BEHAVIOR ] Run app\common\behavior\App @app_begin [ RunTime:0.000297s ]
[ info ] [ RUN ] app\api\controller\Order->submitOrderShow[ D:\wamp\www\lmeriPro\newLmeri\source\application\api\controller\Order.php ]
[ info ] [ DB ] INIT mysql
[ info ] [ CACHE ] INIT File
[ info ] [ LOG ] INIT File
---------------------------------------------------------------
[ 2019-08-04T12:28:19+08:00 ] 0.0.0.0 GET localhost/lmeriPro/newLmeri/web/index.php?s=/api/order/submitOrderShow/user_id/1/cart_ids/72123,72125,72126
[运行时间：0.303099s] [吞吐率：3.30req/s] [内存消耗：3,620.56kb] [文件加载：63]
[ info ] [ LANG ] D:\wamp\www\lmeriPro\newLmeri\source\thinkphp\lang\zh-cn.php
[ info ] [ ROUTE ] array (
  'type' => 'module',
  'module' => 
  array (
    0 => 'api',
    1 => 'order',
    2 => 'submitOrderShow',
  ),
)
[ info ] [ HEADER ] array (
  'host' => 'localhost',
  'connection' => 'keep-alive',
  'cache-control' => 'max-age=0',
  'upgrade-insecure-requests' => '1',
  'user-agent' => 'Mozilla/5.0 (Windows NT 10.0; WOW64) AppleWebKit/537.36 (KHTML, like Gecko) Chrome/74.0.3729.169 Safari/537.36',
  'accept' => 'text/html,application/xhtml+xml,application/xml;q=0.9,image/webp,image/apng,*/*;q=0.8,application/signed-exchange;v=b3',
  'accept-encoding' => 'gzip, deflate, br',
  'accept-language' => 'zh-CN,zh;q=0.9',
  'cookie' => 'ECS[visit_times]=40; PHPSESSID=i47tmpqq9b5d8rvjbbgbi10i07',
)
[ info ] [ PARAM ] array (
  'user_id' => '1',
  'cart_ids' => '72123,72125,72126',
)
[ info ] [ BEHAVIOR ] Run app\common\behavior\App @app_begin [ RunTime:0.000321s ]
[ info ] [ RUN ] app\api\controller\Order->submitOrderShow[ D:\wamp\www\lmeriPro\newLmeri\source\application\api\controller\Order.php ]
[ info ] [ DB ] INIT mysql
[ info ] [ CACHE ] INIT File
[ info ] [ LOG ] INIT File
---------------------------------------------------------------
[ 2019-08-04T12:28:25+08:00 ] 0.0.0.0 GET localhost/lmeriPro/newLmeri/web/index.php?s=/api/order/submitOrderShow/user_id/1/cart_ids/72123,72125,72126
[运行时间：0.053700s] [吞吐率：18.62req/s] [内存消耗：3,506.69kb] [文件加载：58]
[ info ] [ LANG ] D:\wamp\www\lmeriPro\newLmeri\source\thinkphp\lang\zh-cn.php
[ info ] [ ROUTE ] array (
  'type' => 'module',
  'module' => 
  array (
    0 => 'api',
    1 => 'order',
    2 => 'submitOrderShow',
  ),
)
[ info ] [ HEADER ] array (
  'host' => 'localhost',
  'connection' => 'keep-alive',
  'cache-control' => 'max-age=0',
  'upgrade-insecure-requests' => '1',
  'user-agent' => 'Mozilla/5.0 (Windows NT 10.0; WOW64) AppleWebKit/537.36 (KHTML, like Gecko) Chrome/74.0.3729.169 Safari/537.36',
  'accept' => 'text/html,application/xhtml+xml,application/xml;q=0.9,image/webp,image/apng,*/*;q=0.8,application/signed-exchange;v=b3',
  'accept-encoding' => 'gzip, deflate, br',
  'accept-language' => 'zh-CN,zh;q=0.9',
  'cookie' => 'ECS[visit_times]=40; PHPSESSID=i47tmpqq9b5d8rvjbbgbi10i07',
)
[ info ] [ PARAM ] array (
  'user_id' => '1',
  'cart_ids' => '72123,72125,72126',
)
[ info ] [ BEHAVIOR ] Run app\common\behavior\App @app_begin [ RunTime:0.000319s ]
[ info ] [ RUN ] app\api\controller\Order->submitOrderShow[ D:\wamp\www\lmeriPro\newLmeri\source\application\api\controller\Order.php ]
[ info ] [ DB ] INIT mysql
[ info ] [ CACHE ] INIT File
[ info ] [ LOG ] INIT File
---------------------------------------------------------------
[ 2019-08-04T12:33:26+08:00 ] 0.0.0.0 GET localhost/lmeriPro/newLmeri/web/index.php?s=/api/order/submitOrderShow/user_id/1/cart_ids/72123,72125,72126
[运行时间：0.043823s] [吞吐率：22.82req/s] [内存消耗：3,507.57kb] [文件加载：58]
[ info ] [ LANG ] D:\wamp\www\lmeriPro\newLmeri\source\thinkphp\lang\zh-cn.php
[ info ] [ ROUTE ] array (
  'type' => 'module',
  'module' => 
  array (
    0 => 'api',
    1 => 'order',
    2 => 'submitOrderShow',
  ),
)
[ info ] [ HEADER ] array (
  'host' => 'localhost',
  'connection' => 'keep-alive',
  'cache-control' => 'max-age=0',
  'upgrade-insecure-requests' => '1',
  'user-agent' => 'Mozilla/5.0 (Windows NT 10.0; WOW64) AppleWebKit/537.36 (KHTML, like Gecko) Chrome/74.0.3729.169 Safari/537.36',
  'accept' => 'text/html,application/xhtml+xml,application/xml;q=0.9,image/webp,image/apng,*/*;q=0.8,application/signed-exchange;v=b3',
  'accept-encoding' => 'gzip, deflate, br',
  'accept-language' => 'zh-CN,zh;q=0.9',
  'cookie' => 'ECS[visit_times]=40; PHPSESSID=i47tmpqq9b5d8rvjbbgbi10i07',
)
[ info ] [ PARAM ] array (
  'user_id' => '1',
  'cart_ids' => '72123,72125,72126',
)
[ info ] [ BEHAVIOR ] Run app\common\behavior\App @app_begin [ RunTime:0.000333s ]
[ info ] [ RUN ] app\api\controller\Order->submitOrderShow[ D:\wamp\www\lmeriPro\newLmeri\source\application\api\controller\Order.php ]
[ info ] [ DB ] INIT mysql
[ info ] [ CACHE ] INIT File
[ info ] [ LOG ] INIT File
---------------------------------------------------------------
[ 2019-08-04T12:34:04+08:00 ] 0.0.0.0 GET localhost/lmeriPro/newLmeri/web/index.php?s=/api/order/submitOrderShow/user_id/1/cart_ids/72123,72125,72126
[运行时间：0.071623s] [吞吐率：13.96req/s] [内存消耗：3,507.63kb] [文件加载：58]
[ info ] [ LANG ] D:\wamp\www\lmeriPro\newLmeri\source\thinkphp\lang\zh-cn.php
[ info ] [ ROUTE ] array (
  'type' => 'module',
  'module' => 
  array (
    0 => 'api',
    1 => 'order',
    2 => 'submitOrderShow',
  ),
)
[ info ] [ HEADER ] array (
  'host' => 'localhost',
  'connection' => 'keep-alive',
  'cache-control' => 'max-age=0',
  'upgrade-insecure-requests' => '1',
  'user-agent' => 'Mozilla/5.0 (Windows NT 10.0; WOW64) AppleWebKit/537.36 (KHTML, like Gecko) Chrome/74.0.3729.169 Safari/537.36',
  'accept' => 'text/html,application/xhtml+xml,application/xml;q=0.9,image/webp,image/apng,*/*;q=0.8,application/signed-exchange;v=b3',
  'accept-encoding' => 'gzip, deflate, br',
  'accept-language' => 'zh-CN,zh;q=0.9',
  'cookie' => 'ECS[visit_times]=40; PHPSESSID=i47tmpqq9b5d8rvjbbgbi10i07',
)
[ info ] [ PARAM ] array (
  'user_id' => '1',
  'cart_ids' => '72123,72125,72126',
)
[ info ] [ BEHAVIOR ] Run app\common\behavior\App @app_begin [ RunTime:0.000320s ]
[ info ] [ RUN ] app\api\controller\Order->submitOrderShow[ D:\wamp\www\lmeriPro\newLmeri\source\application\api\controller\Order.php ]
[ info ] [ DB ] INIT mysql
[ info ] [ CACHE ] INIT File
[ info ] [ LOG ] INIT File
---------------------------------------------------------------
[ 2019-08-04T12:34:27+08:00 ] 0.0.0.0 GET localhost/lmeriPro/newLmeri/web/index.php?s=/api/order/submitOrderShow/user_id/1/cart_ids/72123,72125,72126
[运行时间：0.051024s] [吞吐率：19.60req/s] [内存消耗：3,674.77kb] [文件加载：65]
[ info ] [ LANG ] D:\wamp\www\lmeriPro\newLmeri\source\thinkphp\lang\zh-cn.php
[ info ] [ ROUTE ] array (
  'type' => 'module',
  'module' => 
  array (
    0 => 'api',
    1 => 'order',
    2 => 'submitOrderShow',
  ),
)
[ info ] [ HEADER ] array (
  'host' => 'localhost',
  'connection' => 'keep-alive',
  'cache-control' => 'max-age=0',
  'upgrade-insecure-requests' => '1',
  'user-agent' => 'Mozilla/5.0 (Windows NT 10.0; WOW64) AppleWebKit/537.36 (KHTML, like Gecko) Chrome/74.0.3729.169 Safari/537.36',
  'accept' => 'text/html,application/xhtml+xml,application/xml;q=0.9,image/webp,image/apng,*/*;q=0.8,application/signed-exchange;v=b3',
  'accept-encoding' => 'gzip, deflate, br',
  'accept-language' => 'zh-CN,zh;q=0.9',
  'cookie' => 'ECS[visit_times]=40; PHPSESSID=i47tmpqq9b5d8rvjbbgbi10i07',
)
[ info ] [ PARAM ] array (
  'user_id' => '1',
  'cart_ids' => '72123,72125,72126',
)
[ info ] [ BEHAVIOR ] Run app\common\behavior\App @app_begin [ RunTime:0.000226s ]
[ info ] [ RUN ] app\api\controller\Order->submitOrderShow[ D:\wamp\www\lmeriPro\newLmeri\source\application\api\controller\Order.php ]
[ info ] [ DB ] INIT mysql
[ info ] [ CACHE ] INIT File
[ info ] [ LOG ] INIT File
---------------------------------------------------------------
[ 2019-08-04T12:34:49+08:00 ] 0.0.0.0 GET localhost/lmeriPro/newLmeri/web/index.php?s=/api/order/submitOrderShow/user_id/1/cart_ids/72123,72125,72126
[运行时间：0.066969s] [吞吐率：14.93req/s] [内存消耗：3,674.76kb] [文件加载：65]
[ info ] [ LANG ] D:\wamp\www\lmeriPro\newLmeri\source\thinkphp\lang\zh-cn.php
[ info ] [ ROUTE ] array (
  'type' => 'module',
  'module' => 
  array (
    0 => 'api',
    1 => 'order',
    2 => 'submitOrderShow',
  ),
)
[ info ] [ HEADER ] array (
  'host' => 'localhost',
  'connection' => 'keep-alive',
  'cache-control' => 'max-age=0',
  'upgrade-insecure-requests' => '1',
  'user-agent' => 'Mozilla/5.0 (Windows NT 10.0; WOW64) AppleWebKit/537.36 (KHTML, like Gecko) Chrome/74.0.3729.169 Safari/537.36',
  'accept' => 'text/html,application/xhtml+xml,application/xml;q=0.9,image/webp,image/apng,*/*;q=0.8,application/signed-exchange;v=b3',
  'accept-encoding' => 'gzip, deflate, br',
  'accept-language' => 'zh-CN,zh;q=0.9',
  'cookie' => 'ECS[visit_times]=40; PHPSESSID=i47tmpqq9b5d8rvjbbgbi10i07',
)
[ info ] [ PARAM ] array (
  'user_id' => '1',
  'cart_ids' => '72123,72125,72126',
)
[ info ] [ BEHAVIOR ] Run app\common\behavior\App @app_begin [ RunTime:0.000198s ]
[ info ] [ RUN ] app\api\controller\Order->submitOrderShow[ D:\wamp\www\lmeriPro\newLmeri\source\application\api\controller\Order.php ]
[ info ] [ DB ] INIT mysql
[ info ] [ CACHE ] INIT File
[ info ] [ LOG ] INIT File
---------------------------------------------------------------
[ 2019-08-04T12:35:13+08:00 ] 0.0.0.0 GET localhost/lmeriPro/newLmeri/web/index.php?s=/api/order/submitOrderShow/user_id/1/cart_ids/72123,72125,72126
[运行时间：0.076469s] [吞吐率：13.08req/s] [内存消耗：3,523.22kb] [文件加载：58]
[ info ] [ LANG ] D:\wamp\www\lmeriPro\newLmeri\source\thinkphp\lang\zh-cn.php
[ info ] [ ROUTE ] array (
  'type' => 'module',
  'module' => 
  array (
    0 => 'api',
    1 => 'order',
    2 => 'submitOrderShow',
  ),
)
[ info ] [ HEADER ] array (
  'host' => 'localhost',
  'connection' => 'keep-alive',
  'cache-control' => 'max-age=0',
  'upgrade-insecure-requests' => '1',
  'user-agent' => 'Mozilla/5.0 (Windows NT 10.0; WOW64) AppleWebKit/537.36 (KHTML, like Gecko) Chrome/74.0.3729.169 Safari/537.36',
  'accept' => 'text/html,application/xhtml+xml,application/xml;q=0.9,image/webp,image/apng,*/*;q=0.8,application/signed-exchange;v=b3',
  'accept-encoding' => 'gzip, deflate, br',
  'accept-language' => 'zh-CN,zh;q=0.9',
  'cookie' => 'ECS[visit_times]=40; PHPSESSID=i47tmpqq9b5d8rvjbbgbi10i07',
)
[ info ] [ PARAM ] array (
  'user_id' => '1',
  'cart_ids' => '72123,72125,72126',
)
[ info ] [ BEHAVIOR ] Run app\common\behavior\App @app_begin [ RunTime:0.000196s ]
[ info ] [ RUN ] app\api\controller\Order->submitOrderShow[ D:\wamp\www\lmeriPro\newLmeri\source\application\api\controller\Order.php ]
[ info ] [ DB ] INIT mysql
[ info ] [ CACHE ] INIT File
[ info ] [ LOG ] INIT File
---------------------------------------------------------------
[ 2019-08-04T12:36:19+08:00 ] 0.0.0.0 GET localhost/lmeriPro/newLmeri/web/index.php?s=/api/order/submitOrderShow/user_id/1/cart_ids/72123,72125,72126
[运行时间：0.066082s] [吞吐率：15.13req/s] [内存消耗：3,519.77kb] [文件加载：58]
[ info ] [ LANG ] D:\wamp\www\lmeriPro\newLmeri\source\thinkphp\lang\zh-cn.php
[ info ] [ ROUTE ] array (
  'type' => 'module',
  'module' => 
  array (
    0 => 'api',
    1 => 'order',
    2 => 'submitOrderShow',
  ),
)
[ info ] [ HEADER ] array (
  'host' => 'localhost',
  'connection' => 'keep-alive',
  'cache-control' => 'max-age=0',
  'upgrade-insecure-requests' => '1',
  'user-agent' => 'Mozilla/5.0 (Windows NT 10.0; WOW64) AppleWebKit/537.36 (KHTML, like Gecko) Chrome/74.0.3729.169 Safari/537.36',
  'accept' => 'text/html,application/xhtml+xml,application/xml;q=0.9,image/webp,image/apng,*/*;q=0.8,application/signed-exchange;v=b3',
  'accept-encoding' => 'gzip, deflate, br',
  'accept-language' => 'zh-CN,zh;q=0.9',
  'cookie' => 'ECS[visit_times]=40; PHPSESSID=i47tmpqq9b5d8rvjbbgbi10i07',
)
[ info ] [ PARAM ] array (
  'user_id' => '1',
  'cart_ids' => '72123,72125,72126',
)
[ info ] [ BEHAVIOR ] Run app\common\behavior\App @app_begin [ RunTime:0.000329s ]
[ info ] [ RUN ] app\api\controller\Order->submitOrderShow[ D:\wamp\www\lmeriPro\newLmeri\source\application\api\controller\Order.php ]
[ info ] [ DB ] INIT mysql
[ info ] [ CACHE ] INIT File
[ info ] [ LOG ] INIT File
---------------------------------------------------------------
[ 2019-08-04T12:37:11+08:00 ] 0.0.0.0 GET localhost/lmeriPro/newLmeri/web/index.php?s=/api/order/submitOrderShow/user_id/1/cart_ids/72123,72125,72126
[运行时间：0.190185s] [吞吐率：5.26req/s] [内存消耗：3,521.66kb] [文件加载：59]
[ info ] [ LANG ] D:\wamp\www\lmeriPro\newLmeri\source\thinkphp\lang\zh-cn.php
[ info ] [ ROUTE ] array (
  'type' => 'module',
  'module' => 
  array (
    0 => 'api',
    1 => 'order',
    2 => 'submitOrderShow',
  ),
)
[ info ] [ HEADER ] array (
  'host' => 'localhost',
  'connection' => 'keep-alive',
  'cache-control' => 'max-age=0',
  'upgrade-insecure-requests' => '1',
  'user-agent' => 'Mozilla/5.0 (Windows NT 10.0; WOW64) AppleWebKit/537.36 (KHTML, like Gecko) Chrome/74.0.3729.169 Safari/537.36',
  'accept' => 'text/html,application/xhtml+xml,application/xml;q=0.9,image/webp,image/apng,*/*;q=0.8,application/signed-exchange;v=b3',
  'accept-encoding' => 'gzip, deflate, br',
  'accept-language' => 'zh-CN,zh;q=0.9',
  'cookie' => 'ECS[visit_times]=40; PHPSESSID=i47tmpqq9b5d8rvjbbgbi10i07',
)
[ info ] [ PARAM ] array (
  'user_id' => '1',
  'cart_ids' => '72123,72125,72126',
)
[ info ] [ BEHAVIOR ] Run app\common\behavior\App @app_begin [ RunTime:0.000323s ]
[ info ] [ RUN ] app\api\controller\Order->submitOrderShow[ D:\wamp\www\lmeriPro\newLmeri\source\application\api\controller\Order.php ]
[ info ] [ DB ] INIT mysql
[ info ] [ CACHE ] INIT File
[ info ] [ LOG ] INIT File
---------------------------------------------------------------
[ 2019-08-04T12:37:29+08:00 ] 0.0.0.0 GET localhost/lmeriPro/newLmeri/web/index.php?s=/api/order/submitOrderShow/user_id/1/cart_ids/72123,72125,72126
[运行时间：0.060196s] [吞吐率：16.61req/s] [内存消耗：3,519.71kb] [文件加载：59]
[ info ] [ LANG ] D:\wamp\www\lmeriPro\newLmeri\source\thinkphp\lang\zh-cn.php
[ info ] [ ROUTE ] array (
  'type' => 'module',
  'module' => 
  array (
    0 => 'api',
    1 => 'order',
    2 => 'submitOrderShow',
  ),
)
[ info ] [ HEADER ] array (
  'host' => 'localhost',
  'connection' => 'keep-alive',
  'cache-control' => 'max-age=0',
  'upgrade-insecure-requests' => '1',
  'user-agent' => 'Mozilla/5.0 (Windows NT 10.0; WOW64) AppleWebKit/537.36 (KHTML, like Gecko) Chrome/74.0.3729.169 Safari/537.36',
  'accept' => 'text/html,application/xhtml+xml,application/xml;q=0.9,image/webp,image/apng,*/*;q=0.8,application/signed-exchange;v=b3',
  'accept-encoding' => 'gzip, deflate, br',
  'accept-language' => 'zh-CN,zh;q=0.9',
  'cookie' => 'ECS[visit_times]=40; PHPSESSID=i47tmpqq9b5d8rvjbbgbi10i07',
)
[ info ] [ PARAM ] array (
  'user_id' => '1',
  'cart_ids' => '72123,72125,72126',
)
[ info ] [ BEHAVIOR ] Run app\common\behavior\App @app_begin [ RunTime:0.000264s ]
[ info ] [ RUN ] app\api\controller\Order->submitOrderShow[ D:\wamp\www\lmeriPro\newLmeri\source\application\api\controller\Order.php ]
[ info ] [ DB ] INIT mysql
[ info ] [ CACHE ] INIT File
[ info ] [ LOG ] INIT File
---------------------------------------------------------------
[ 2019-08-04T12:37:40+08:00 ] 0.0.0.0 GET localhost/lmeriPro/newLmeri/web/index.php?s=/api/order/submitOrderShow/user_id/1/cart_ids/72123,72125,72126
[运行时间：0.071442s] [吞吐率：14.00req/s] [内存消耗：3,521.70kb] [文件加载：59]
[ info ] [ LANG ] D:\wamp\www\lmeriPro\newLmeri\source\thinkphp\lang\zh-cn.php
[ info ] [ ROUTE ] array (
  'type' => 'module',
  'module' => 
  array (
    0 => 'api',
    1 => 'order',
    2 => 'submitOrderShow',
  ),
)
[ info ] [ HEADER ] array (
  'host' => 'localhost',
  'connection' => 'keep-alive',
  'cache-control' => 'max-age=0',
  'upgrade-insecure-requests' => '1',
  'user-agent' => 'Mozilla/5.0 (Windows NT 10.0; WOW64) AppleWebKit/537.36 (KHTML, like Gecko) Chrome/74.0.3729.169 Safari/537.36',
  'accept' => 'text/html,application/xhtml+xml,application/xml;q=0.9,image/webp,image/apng,*/*;q=0.8,application/signed-exchange;v=b3',
  'accept-encoding' => 'gzip, deflate, br',
  'accept-language' => 'zh-CN,zh;q=0.9',
  'cookie' => 'ECS[visit_times]=40; PHPSESSID=i47tmpqq9b5d8rvjbbgbi10i07',
)
[ info ] [ PARAM ] array (
  'user_id' => '1',
  'cart_ids' => '72123,72125,72126',
)
[ info ] [ BEHAVIOR ] Run app\common\behavior\App @app_begin [ RunTime:0.000195s ]
[ info ] [ RUN ] app\api\controller\Order->submitOrderShow[ D:\wamp\www\lmeriPro\newLmeri\source\application\api\controller\Order.php ]
[ info ] [ DB ] INIT mysql
[ info ] [ CACHE ] INIT File
[ info ] [ LOG ] INIT File
---------------------------------------------------------------
[ 2019-08-04T12:37:47+08:00 ] 0.0.0.0 GET localhost/lmeriPro/newLmeri/web/index.php?s=/api/order/submitOrderShow/user_id/1/cart_ids/72123,72125,72126
[运行时间：0.053632s] [吞吐率：18.65req/s] [内存消耗：3,521.70kb] [文件加载：59]
[ info ] [ LANG ] D:\wamp\www\lmeriPro\newLmeri\source\thinkphp\lang\zh-cn.php
[ info ] [ ROUTE ] array (
  'type' => 'module',
  'module' => 
  array (
    0 => 'api',
    1 => 'order',
    2 => 'submitOrderShow',
  ),
)
[ info ] [ HEADER ] array (
  'host' => 'localhost',
  'connection' => 'keep-alive',
  'cache-control' => 'max-age=0',
  'upgrade-insecure-requests' => '1',
  'user-agent' => 'Mozilla/5.0 (Windows NT 10.0; WOW64) AppleWebKit/537.36 (KHTML, like Gecko) Chrome/74.0.3729.169 Safari/537.36',
  'accept' => 'text/html,application/xhtml+xml,application/xml;q=0.9,image/webp,image/apng,*/*;q=0.8,application/signed-exchange;v=b3',
  'accept-encoding' => 'gzip, deflate, br',
  'accept-language' => 'zh-CN,zh;q=0.9',
  'cookie' => 'ECS[visit_times]=40; PHPSESSID=i47tmpqq9b5d8rvjbbgbi10i07',
)
[ info ] [ PARAM ] array (
  'user_id' => '1',
  'cart_ids' => '72123,72125,72126',
)
[ info ] [ BEHAVIOR ] Run app\common\behavior\App @app_begin [ RunTime:0.000206s ]
[ info ] [ RUN ] app\api\controller\Order->submitOrderShow[ D:\wamp\www\lmeriPro\newLmeri\source\application\api\controller\Order.php ]
[ info ] [ DB ] INIT mysql
[ info ] [ CACHE ] INIT File
[ info ] [ LOG ] INIT File
---------------------------------------------------------------
[ 2019-08-04T12:37:57+08:00 ] 0.0.0.0 GET localhost/lmeriPro/newLmeri/web/index.php?s=/api/order/submitOrderShow/user_id/1/cart_ids/72123,72125,72126
[运行时间：0.048221s] [吞吐率：20.74req/s] [内存消耗：3,521.70kb] [文件加载：59]
[ info ] [ LANG ] D:\wamp\www\lmeriPro\newLmeri\source\thinkphp\lang\zh-cn.php
[ info ] [ ROUTE ] array (
  'type' => 'module',
  'module' => 
  array (
    0 => 'api',
    1 => 'order',
    2 => 'submitOrderShow',
  ),
)
[ info ] [ HEADER ] array (
  'host' => 'localhost',
  'connection' => 'keep-alive',
  'cache-control' => 'max-age=0',
  'upgrade-insecure-requests' => '1',
  'user-agent' => 'Mozilla/5.0 (Windows NT 10.0; WOW64) AppleWebKit/537.36 (KHTML, like Gecko) Chrome/74.0.3729.169 Safari/537.36',
  'accept' => 'text/html,application/xhtml+xml,application/xml;q=0.9,image/webp,image/apng,*/*;q=0.8,application/signed-exchange;v=b3',
  'accept-encoding' => 'gzip, deflate, br',
  'accept-language' => 'zh-CN,zh;q=0.9',
  'cookie' => 'ECS[visit_times]=40; PHPSESSID=i47tmpqq9b5d8rvjbbgbi10i07',
)
[ info ] [ PARAM ] array (
  'user_id' => '1',
  'cart_ids' => '72123,72125,72126',
)
[ info ] [ BEHAVIOR ] Run app\common\behavior\App @app_begin [ RunTime:0.000181s ]
[ info ] [ RUN ] app\api\controller\Order->submitOrderShow[ D:\wamp\www\lmeriPro\newLmeri\source\application\api\controller\Order.php ]
[ info ] [ DB ] INIT mysql
[ info ] [ CACHE ] INIT File
[ info ] [ LOG ] INIT File
---------------------------------------------------------------
[ 2019-08-04T12:37:58+08:00 ] 0.0.0.0 GET localhost/lmeriPro/newLmeri/web/index.php?s=/api/order/submitOrderShow/user_id/1/cart_ids/72123,72125,72126
[运行时间：0.071985s] [吞吐率：13.89req/s] [内存消耗：3,521.70kb] [文件加载：59]
[ info ] [ LANG ] D:\wamp\www\lmeriPro\newLmeri\source\thinkphp\lang\zh-cn.php
[ info ] [ ROUTE ] array (
  'type' => 'module',
  'module' => 
  array (
    0 => 'api',
    1 => 'order',
    2 => 'submitOrderShow',
  ),
)
[ info ] [ HEADER ] array (
  'host' => 'localhost',
  'connection' => 'keep-alive',
  'cache-control' => 'max-age=0',
  'upgrade-insecure-requests' => '1',
  'user-agent' => 'Mozilla/5.0 (Windows NT 10.0; WOW64) AppleWebKit/537.36 (KHTML, like Gecko) Chrome/74.0.3729.169 Safari/537.36',
  'accept' => 'text/html,application/xhtml+xml,application/xml;q=0.9,image/webp,image/apng,*/*;q=0.8,application/signed-exchange;v=b3',
  'accept-encoding' => 'gzip, deflate, br',
  'accept-language' => 'zh-CN,zh;q=0.9',
  'cookie' => 'ECS[visit_times]=40; PHPSESSID=i47tmpqq9b5d8rvjbbgbi10i07',
)
[ info ] [ PARAM ] array (
  'user_id' => '1',
  'cart_ids' => '72123,72125,72126',
)
[ info ] [ BEHAVIOR ] Run app\common\behavior\App @app_begin [ RunTime:0.000258s ]
[ info ] [ RUN ] app\api\controller\Order->submitOrderShow[ D:\wamp\www\lmeriPro\newLmeri\source\application\api\controller\Order.php ]
[ info ] [ DB ] INIT mysql
[ info ] [ CACHE ] INIT File
[ info ] [ LOG ] INIT File
---------------------------------------------------------------
[ 2019-08-04T12:38:02+08:00 ] 0.0.0.0 GET localhost/lmeriPro/newLmeri/web/index.php?s=/api/order/submitOrderShow/user_id/1/cart_ids/72123,72125,72126
[运行时间：0.058139s] [吞吐率：17.20req/s] [内存消耗：3,521.70kb] [文件加载：59]
[ info ] [ LANG ] D:\wamp\www\lmeriPro\newLmeri\source\thinkphp\lang\zh-cn.php
[ info ] [ ROUTE ] array (
  'type' => 'module',
  'module' => 
  array (
    0 => 'api',
    1 => 'order',
    2 => 'submitOrderShow',
  ),
)
[ info ] [ HEADER ] array (
  'host' => 'localhost',
  'connection' => 'keep-alive',
  'cache-control' => 'max-age=0',
  'upgrade-insecure-requests' => '1',
  'user-agent' => 'Mozilla/5.0 (Windows NT 10.0; WOW64) AppleWebKit/537.36 (KHTML, like Gecko) Chrome/74.0.3729.169 Safari/537.36',
  'accept' => 'text/html,application/xhtml+xml,application/xml;q=0.9,image/webp,image/apng,*/*;q=0.8,application/signed-exchange;v=b3',
  'accept-encoding' => 'gzip, deflate, br',
  'accept-language' => 'zh-CN,zh;q=0.9',
  'cookie' => 'ECS[visit_times]=40; PHPSESSID=i47tmpqq9b5d8rvjbbgbi10i07',
)
[ info ] [ PARAM ] array (
  'user_id' => '1',
  'cart_ids' => '72123,72125,72126',
)
[ info ] [ BEHAVIOR ] Run app\common\behavior\App @app_begin [ RunTime:0.000303s ]
[ info ] [ RUN ] app\api\controller\Order->submitOrderShow[ D:\wamp\www\lmeriPro\newLmeri\source\application\api\controller\Order.php ]
[ info ] [ DB ] INIT mysql
[ info ] [ CACHE ] INIT File
[ info ] [ LOG ] INIT File
---------------------------------------------------------------
[ 2019-08-04T12:38:11+08:00 ] 0.0.0.0 GET localhost/lmeriPro/newLmeri/web/index.php?s=/api/order/submitOrderShow/user_id/1/cart_ids/72123,72125,72126
[运行时间：0.069185s] [吞吐率：14.45req/s] [内存消耗：3,521.71kb] [文件加载：59]
[ info ] [ LANG ] D:\wamp\www\lmeriPro\newLmeri\source\thinkphp\lang\zh-cn.php
[ info ] [ ROUTE ] array (
  'type' => 'module',
  'module' => 
  array (
    0 => 'api',
    1 => 'order',
    2 => 'submitOrderShow',
  ),
)
[ info ] [ HEADER ] array (
  'host' => 'localhost',
  'connection' => 'keep-alive',
  'cache-control' => 'max-age=0',
  'upgrade-insecure-requests' => '1',
  'user-agent' => 'Mozilla/5.0 (Windows NT 10.0; WOW64) AppleWebKit/537.36 (KHTML, like Gecko) Chrome/74.0.3729.169 Safari/537.36',
  'accept' => 'text/html,application/xhtml+xml,application/xml;q=0.9,image/webp,image/apng,*/*;q=0.8,application/signed-exchange;v=b3',
  'accept-encoding' => 'gzip, deflate, br',
  'accept-language' => 'zh-CN,zh;q=0.9',
  'cookie' => 'ECS[visit_times]=40; PHPSESSID=i47tmpqq9b5d8rvjbbgbi10i07',
)
[ info ] [ PARAM ] array (
  'user_id' => '1',
  'cart_ids' => '72123,72125,72126',
)
[ info ] [ BEHAVIOR ] Run app\common\behavior\App @app_begin [ RunTime:0.000254s ]
[ info ] [ RUN ] app\api\controller\Order->submitOrderShow[ D:\wamp\www\lmeriPro\newLmeri\source\application\api\controller\Order.php ]
[ info ] [ DB ] INIT mysql
[ info ] [ CACHE ] INIT File
[ info ] [ LOG ] INIT File
---------------------------------------------------------------
[ 2019-08-04T12:38:53+08:00 ] 0.0.0.0 GET localhost/lmeriPro/newLmeri/web/index.php?s=/api/order/submitOrderShow/user_id/1/cart_ids/72123,72125,72126
[运行时间：0.061646s] [吞吐率：16.22req/s] [内存消耗：3,517.83kb] [文件加载：59]
[ info ] [ LANG ] D:\wamp\www\lmeriPro\newLmeri\source\thinkphp\lang\zh-cn.php
[ info ] [ ROUTE ] array (
  'type' => 'module',
  'module' => 
  array (
    0 => 'api',
    1 => 'order',
    2 => 'submitOrderShow',
  ),
)
[ info ] [ HEADER ] array (
  'host' => 'localhost',
  'connection' => 'keep-alive',
  'cache-control' => 'max-age=0',
  'upgrade-insecure-requests' => '1',
  'user-agent' => 'Mozilla/5.0 (Windows NT 10.0; WOW64) AppleWebKit/537.36 (KHTML, like Gecko) Chrome/74.0.3729.169 Safari/537.36',
  'accept' => 'text/html,application/xhtml+xml,application/xml;q=0.9,image/webp,image/apng,*/*;q=0.8,application/signed-exchange;v=b3',
  'accept-encoding' => 'gzip, deflate, br',
  'accept-language' => 'zh-CN,zh;q=0.9',
  'cookie' => 'ECS[visit_times]=40; PHPSESSID=i47tmpqq9b5d8rvjbbgbi10i07',
)
[ info ] [ PARAM ] array (
  'user_id' => '1',
  'cart_ids' => '72123,72125,72126',
)
[ info ] [ BEHAVIOR ] Run app\common\behavior\App @app_begin [ RunTime:0.000248s ]
[ info ] [ RUN ] app\api\controller\Order->submitOrderShow[ D:\wamp\www\lmeriPro\newLmeri\source\application\api\controller\Order.php ]
[ info ] [ DB ] INIT mysql
[ info ] [ CACHE ] INIT File
[ info ] [ LOG ] INIT File
---------------------------------------------------------------
[ 2019-08-04T12:39:52+08:00 ] 0.0.0.0 GET localhost/lmeriPro/newLmeri/web/index.php?s=/api/order/submitOrderShow/user_id/1/cart_ids/72123,72125,72126
[运行时间：0.216106s] [吞吐率：4.63req/s] [内存消耗：3,660.63kb] [文件加载：67]
[ info ] [ LANG ] D:\wamp\www\lmeriPro\newLmeri\source\thinkphp\lang\zh-cn.php
[ info ] [ ROUTE ] array (
  'type' => 'module',
  'module' => 
  array (
    0 => 'api',
    1 => 'order',
    2 => 'submitOrderShow',
  ),
)
[ info ] [ HEADER ] array (
  'host' => 'localhost',
  'connection' => 'keep-alive',
  'cache-control' => 'max-age=0',
  'upgrade-insecure-requests' => '1',
  'user-agent' => 'Mozilla/5.0 (Windows NT 10.0; WOW64) AppleWebKit/537.36 (KHTML, like Gecko) Chrome/74.0.3729.169 Safari/537.36',
  'accept' => 'text/html,application/xhtml+xml,application/xml;q=0.9,image/webp,image/apng,*/*;q=0.8,application/signed-exchange;v=b3',
  'accept-encoding' => 'gzip, deflate, br',
  'accept-language' => 'zh-CN,zh;q=0.9',
  'cookie' => 'ECS[visit_times]=40; PHPSESSID=i47tmpqq9b5d8rvjbbgbi10i07',
)
[ info ] [ PARAM ] array (
  'user_id' => '1',
  'cart_ids' => '72123,72125,72126',
)
[ info ] [ BEHAVIOR ] Run app\common\behavior\App @app_begin [ RunTime:0.000320s ]
[ info ] [ RUN ] app\api\controller\Order->submitOrderShow[ D:\wamp\www\lmeriPro\newLmeri\source\application\api\controller\Order.php ]
[ info ] [ DB ] INIT mysql
[ info ] [ CACHE ] INIT File
[ info ] [ LOG ] INIT File
---------------------------------------------------------------
[ 2019-08-04T12:40:05+08:00 ] 0.0.0.0 GET localhost/lmeriPro/newLmeri/web/index.php?s=/api/order/submitOrderShow/user_id/1/cart_ids/72123,72125,72126
[运行时间：0.060028s] [吞吐率：16.66req/s] [内存消耗：3,517.82kb] [文件加载：59]
[ info ] [ LANG ] D:\wamp\www\lmeriPro\newLmeri\source\thinkphp\lang\zh-cn.php
[ info ] [ ROUTE ] array (
  'type' => 'module',
  'module' => 
  array (
    0 => 'api',
    1 => 'order',
    2 => 'submitOrderShow',
  ),
)
[ info ] [ HEADER ] array (
  'host' => 'localhost',
  'connection' => 'keep-alive',
  'cache-control' => 'max-age=0',
  'upgrade-insecure-requests' => '1',
  'user-agent' => 'Mozilla/5.0 (Windows NT 10.0; WOW64) AppleWebKit/537.36 (KHTML, like Gecko) Chrome/74.0.3729.169 Safari/537.36',
  'accept' => 'text/html,application/xhtml+xml,application/xml;q=0.9,image/webp,image/apng,*/*;q=0.8,application/signed-exchange;v=b3',
  'accept-encoding' => 'gzip, deflate, br',
  'accept-language' => 'zh-CN,zh;q=0.9',
  'cookie' => 'ECS[visit_times]=40; PHPSESSID=i47tmpqq9b5d8rvjbbgbi10i07',
)
[ info ] [ PARAM ] array (
  'user_id' => '1',
  'cart_ids' => '72123,72125,72126',
)
[ info ] [ BEHAVIOR ] Run app\common\behavior\App @app_begin [ RunTime:0.000327s ]
[ info ] [ RUN ] app\api\controller\Order->submitOrderShow[ D:\wamp\www\lmeriPro\newLmeri\source\application\api\controller\Order.php ]
[ info ] [ DB ] INIT mysql
[ info ] [ CACHE ] INIT File
[ info ] [ LOG ] INIT File
---------------------------------------------------------------
[ 2019-08-04T12:40:49+08:00 ] 0.0.0.0 GET localhost/lmeriPro/newLmeri/web/index.php?s=/api/order/submitOrderShow/user_id/1/cart_ids/72123,72125,72126
[运行时间：0.065935s] [吞吐率：15.17req/s] [内存消耗：3,660.65kb] [文件加载：67]
[ info ] [ LANG ] D:\wamp\www\lmeriPro\newLmeri\source\thinkphp\lang\zh-cn.php
[ info ] [ ROUTE ] array (
  'type' => 'module',
  'module' => 
  array (
    0 => 'api',
    1 => 'order',
    2 => 'submitOrderShow',
  ),
)
[ info ] [ HEADER ] array (
  'host' => 'localhost',
  'connection' => 'keep-alive',
  'cache-control' => 'max-age=0',
  'upgrade-insecure-requests' => '1',
  'user-agent' => 'Mozilla/5.0 (Windows NT 10.0; WOW64) AppleWebKit/537.36 (KHTML, like Gecko) Chrome/74.0.3729.169 Safari/537.36',
  'accept' => 'text/html,application/xhtml+xml,application/xml;q=0.9,image/webp,image/apng,*/*;q=0.8,application/signed-exchange;v=b3',
  'accept-encoding' => 'gzip, deflate, br',
  'accept-language' => 'zh-CN,zh;q=0.9',
  'cookie' => 'ECS[visit_times]=40; PHPSESSID=i47tmpqq9b5d8rvjbbgbi10i07',
)
[ info ] [ PARAM ] array (
  'user_id' => '1',
  'cart_ids' => '72123,72125,72126',
)
[ info ] [ BEHAVIOR ] Run app\common\behavior\App @app_begin [ RunTime:0.000192s ]
[ info ] [ RUN ] app\api\controller\Order->submitOrderShow[ D:\wamp\www\lmeriPro\newLmeri\source\application\api\controller\Order.php ]
[ info ] [ DB ] INIT mysql
[ info ] [ CACHE ] INIT File
[ info ] [ LOG ] INIT File
---------------------------------------------------------------
[ 2019-08-04T12:41:01+08:00 ] 0.0.0.0 GET localhost/lmeriPro/newLmeri/web/index.php?s=/api/order/submitOrderShow/user_id/1/cart_ids/72123,72125,72126
[运行时间：0.068453s] [吞吐率：14.61req/s] [内存消耗：3,660.68kb] [文件加载：67]
[ info ] [ LANG ] D:\wamp\www\lmeriPro\newLmeri\source\thinkphp\lang\zh-cn.php
[ info ] [ ROUTE ] array (
  'type' => 'module',
  'module' => 
  array (
    0 => 'api',
    1 => 'order',
    2 => 'submitOrderShow',
  ),
)
[ info ] [ HEADER ] array (
  'host' => 'localhost',
  'connection' => 'keep-alive',
  'cache-control' => 'max-age=0',
  'upgrade-insecure-requests' => '1',
  'user-agent' => 'Mozilla/5.0 (Windows NT 10.0; WOW64) AppleWebKit/537.36 (KHTML, like Gecko) Chrome/74.0.3729.169 Safari/537.36',
  'accept' => 'text/html,application/xhtml+xml,application/xml;q=0.9,image/webp,image/apng,*/*;q=0.8,application/signed-exchange;v=b3',
  'accept-encoding' => 'gzip, deflate, br',
  'accept-language' => 'zh-CN,zh;q=0.9',
  'cookie' => 'ECS[visit_times]=40; PHPSESSID=i47tmpqq9b5d8rvjbbgbi10i07',
)
[ info ] [ PARAM ] array (
  'user_id' => '1',
  'cart_ids' => '72123,72125,72126',
)
[ info ] [ BEHAVIOR ] Run app\common\behavior\App @app_begin [ RunTime:0.005116s ]
[ info ] [ RUN ] app\api\controller\Order->submitOrderShow[ D:\wamp\www\lmeriPro\newLmeri\source\application\api\controller\Order.php ]
[ info ] [ DB ] INIT mysql
[ info ] [ CACHE ] INIT File
[ info ] [ LOG ] INIT File
---------------------------------------------------------------
[ 2019-08-04T12:41:10+08:00 ] 0.0.0.0 GET localhost/lmeriPro/newLmeri/web/index.php?s=/api/order/submitOrderShow/user_id/1/cart_ids/72123,72125,72126
[运行时间：0.063367s] [吞吐率：15.78req/s] [内存消耗：3,517.84kb] [文件加载：59]
[ info ] [ LANG ] D:\wamp\www\lmeriPro\newLmeri\source\thinkphp\lang\zh-cn.php
[ info ] [ ROUTE ] array (
  'type' => 'module',
  'module' => 
  array (
    0 => 'api',
    1 => 'order',
    2 => 'submitOrderShow',
  ),
)
[ info ] [ HEADER ] array (
  'host' => 'localhost',
  'connection' => 'keep-alive',
  'cache-control' => 'max-age=0',
  'upgrade-insecure-requests' => '1',
  'user-agent' => 'Mozilla/5.0 (Windows NT 10.0; WOW64) AppleWebKit/537.36 (KHTML, like Gecko) Chrome/74.0.3729.169 Safari/537.36',
  'accept' => 'text/html,application/xhtml+xml,application/xml;q=0.9,image/webp,image/apng,*/*;q=0.8,application/signed-exchange;v=b3',
  'accept-encoding' => 'gzip, deflate, br',
  'accept-language' => 'zh-CN,zh;q=0.9',
  'cookie' => 'ECS[visit_times]=40; PHPSESSID=i47tmpqq9b5d8rvjbbgbi10i07',
)
[ info ] [ PARAM ] array (
  'user_id' => '1',
  'cart_ids' => '72123,72125,72126',
)
[ info ] [ BEHAVIOR ] Run app\common\behavior\App @app_begin [ RunTime:0.000203s ]
[ info ] [ RUN ] app\api\controller\Order->submitOrderShow[ D:\wamp\www\lmeriPro\newLmeri\source\application\api\controller\Order.php ]
[ info ] [ DB ] INIT mysql
[ info ] [ CACHE ] INIT File
[ info ] [ LOG ] INIT File
---------------------------------------------------------------
[ 2019-08-04T12:41:34+08:00 ] 0.0.0.0 GET localhost/lmeriPro/newLmeri/web/index.php?s=/api/order/submitOrderShow/user_id/1/cart_ids/72123,72125,72126
[运行时间：0.076551s] [吞吐率：13.06req/s] [内存消耗：3,517.88kb] [文件加载：59]
[ info ] [ LANG ] D:\wamp\www\lmeriPro\newLmeri\source\thinkphp\lang\zh-cn.php
[ info ] [ ROUTE ] array (
  'type' => 'module',
  'module' => 
  array (
    0 => 'api',
    1 => 'order',
    2 => 'submitOrderShow',
  ),
)
[ info ] [ HEADER ] array (
  'host' => 'localhost',
  'connection' => 'keep-alive',
  'cache-control' => 'max-age=0',
  'upgrade-insecure-requests' => '1',
  'user-agent' => 'Mozilla/5.0 (Windows NT 10.0; WOW64) AppleWebKit/537.36 (KHTML, like Gecko) Chrome/74.0.3729.169 Safari/537.36',
  'accept' => 'text/html,application/xhtml+xml,application/xml;q=0.9,image/webp,image/apng,*/*;q=0.8,application/signed-exchange;v=b3',
  'accept-encoding' => 'gzip, deflate, br',
  'accept-language' => 'zh-CN,zh;q=0.9',
  'cookie' => 'ECS[visit_times]=40; PHPSESSID=i47tmpqq9b5d8rvjbbgbi10i07',
)
[ info ] [ PARAM ] array (
  'user_id' => '1',
  'cart_ids' => '72123,72125,72126',
)
[ info ] [ BEHAVIOR ] Run app\common\behavior\App @app_begin [ RunTime:0.000235s ]
[ info ] [ RUN ] app\api\controller\Order->submitOrderShow[ D:\wamp\www\lmeriPro\newLmeri\source\application\api\controller\Order.php ]
[ info ] [ DB ] INIT mysql
[ info ] [ CACHE ] INIT File
[ info ] [ LOG ] INIT File
---------------------------------------------------------------
[ 2019-08-04T12:41:49+08:00 ] 0.0.0.0 GET localhost/lmeriPro/newLmeri/web/index.php?s=/api/order/submitOrderShow/user_id/1/cart_ids/72123,72125,72126
[运行时间：0.091856s] [吞吐率：10.89req/s] [内存消耗：3,517.88kb] [文件加载：59]
[ info ] [ LANG ] D:\wamp\www\lmeriPro\newLmeri\source\thinkphp\lang\zh-cn.php
[ info ] [ ROUTE ] array (
  'type' => 'module',
  'module' => 
  array (
    0 => 'api',
    1 => 'order',
    2 => 'submitOrderShow',
  ),
)
[ info ] [ HEADER ] array (
  'host' => 'localhost',
  'connection' => 'keep-alive',
  'cache-control' => 'max-age=0',
  'upgrade-insecure-requests' => '1',
  'user-agent' => 'Mozilla/5.0 (Windows NT 10.0; WOW64) AppleWebKit/537.36 (KHTML, like Gecko) Chrome/74.0.3729.169 Safari/537.36',
  'accept' => 'text/html,application/xhtml+xml,application/xml;q=0.9,image/webp,image/apng,*/*;q=0.8,application/signed-exchange;v=b3',
  'accept-encoding' => 'gzip, deflate, br',
  'accept-language' => 'zh-CN,zh;q=0.9',
  'cookie' => 'ECS[visit_times]=40; PHPSESSID=i47tmpqq9b5d8rvjbbgbi10i07',
)
[ info ] [ PARAM ] array (
  'user_id' => '1',
  'cart_ids' => '72123,72125,72126',
)
[ info ] [ BEHAVIOR ] Run app\common\behavior\App @app_begin [ RunTime:0.000181s ]
[ info ] [ RUN ] app\api\controller\Order->submitOrderShow[ D:\wamp\www\lmeriPro\newLmeri\source\application\api\controller\Order.php ]
[ info ] [ DB ] INIT mysql
[ info ] [ CACHE ] INIT File
[ info ] [ LOG ] INIT File
---------------------------------------------------------------
[ 2019-08-04T12:42:05+08:00 ] 0.0.0.0 GET localhost/lmeriPro/newLmeri/web/index.php?s=/api/order/submitOrderShow/user_id/1/cart_ids/72123,72125,72126
[运行时间：0.060329s] [吞吐率：16.58req/s] [内存消耗：3,517.88kb] [文件加载：59]
[ info ] [ LANG ] D:\wamp\www\lmeriPro\newLmeri\source\thinkphp\lang\zh-cn.php
[ info ] [ ROUTE ] array (
  'type' => 'module',
  'module' => 
  array (
    0 => 'api',
    1 => 'order',
    2 => 'submitOrderShow',
  ),
)
[ info ] [ HEADER ] array (
  'host' => 'localhost',
  'connection' => 'keep-alive',
  'cache-control' => 'max-age=0',
  'upgrade-insecure-requests' => '1',
  'user-agent' => 'Mozilla/5.0 (Windows NT 10.0; WOW64) AppleWebKit/537.36 (KHTML, like Gecko) Chrome/74.0.3729.169 Safari/537.36',
  'accept' => 'text/html,application/xhtml+xml,application/xml;q=0.9,image/webp,image/apng,*/*;q=0.8,application/signed-exchange;v=b3',
  'accept-encoding' => 'gzip, deflate, br',
  'accept-language' => 'zh-CN,zh;q=0.9',
  'cookie' => 'ECS[visit_times]=40; PHPSESSID=i47tmpqq9b5d8rvjbbgbi10i07',
)
[ info ] [ PARAM ] array (
  'user_id' => '1',
  'cart_ids' => '72123,72125,72126',
)
[ info ] [ BEHAVIOR ] Run app\common\behavior\App @app_begin [ RunTime:0.000257s ]
[ info ] [ RUN ] app\api\controller\Order->submitOrderShow[ D:\wamp\www\lmeriPro\newLmeri\source\application\api\controller\Order.php ]
[ info ] [ DB ] INIT mysql
[ info ] [ CACHE ] INIT File
[ info ] [ LOG ] INIT File
---------------------------------------------------------------
[ 2019-08-04T12:42:22+08:00 ] 0.0.0.0 GET localhost/lmeriPro/newLmeri/web/index.php?s=/api/order/submitOrderShow/user_id/1/cart_ids/72123,72125,72126
[运行时间：0.062612s] [吞吐率：15.97req/s] [内存消耗：3,517.88kb] [文件加载：59]
[ info ] [ LANG ] D:\wamp\www\lmeriPro\newLmeri\source\thinkphp\lang\zh-cn.php
[ info ] [ ROUTE ] array (
  'type' => 'module',
  'module' => 
  array (
    0 => 'api',
    1 => 'order',
    2 => 'submitOrderShow',
  ),
)
[ info ] [ HEADER ] array (
  'host' => 'localhost',
  'connection' => 'keep-alive',
  'cache-control' => 'max-age=0',
  'upgrade-insecure-requests' => '1',
  'user-agent' => 'Mozilla/5.0 (Windows NT 10.0; WOW64) AppleWebKit/537.36 (KHTML, like Gecko) Chrome/74.0.3729.169 Safari/537.36',
  'accept' => 'text/html,application/xhtml+xml,application/xml;q=0.9,image/webp,image/apng,*/*;q=0.8,application/signed-exchange;v=b3',
  'accept-encoding' => 'gzip, deflate, br',
  'accept-language' => 'zh-CN,zh;q=0.9',
  'cookie' => 'ECS[visit_times]=40; PHPSESSID=i47tmpqq9b5d8rvjbbgbi10i07',
)
[ info ] [ PARAM ] array (
  'user_id' => '1',
  'cart_ids' => '72123,72125,72126',
)
[ info ] [ BEHAVIOR ] Run app\common\behavior\App @app_begin [ RunTime:0.000347s ]
[ info ] [ RUN ] app\api\controller\Order->submitOrderShow[ D:\wamp\www\lmeriPro\newLmeri\source\application\api\controller\Order.php ]
[ info ] [ DB ] INIT mysql
[ info ] [ CACHE ] INIT File
[ info ] [ LOG ] INIT File
---------------------------------------------------------------
[ 2019-08-04T12:49:57+08:00 ] 0.0.0.0 GET localhost/lmeriPro/newLmeri/web/index.php?s=/api/order/submitOrderShow/user_id/1/cart_ids/72123,72125,72126
[运行时间：0.065826s] [吞吐率：15.19req/s] [内存消耗：3,603.35kb] [文件加载：63]
[ info ] [ LANG ] D:\wamp\www\lmeriPro\newLmeri\source\thinkphp\lang\zh-cn.php
[ info ] [ ROUTE ] array (
  'type' => 'module',
  'module' => 
  array (
    0 => 'api',
    1 => 'order',
    2 => 'submitOrderShow',
  ),
)
[ info ] [ HEADER ] array (
  'host' => 'localhost',
  'connection' => 'keep-alive',
  'cache-control' => 'max-age=0',
  'upgrade-insecure-requests' => '1',
  'user-agent' => 'Mozilla/5.0 (Windows NT 10.0; WOW64) AppleWebKit/537.36 (KHTML, like Gecko) Chrome/74.0.3729.169 Safari/537.36',
  'accept' => 'text/html,application/xhtml+xml,application/xml;q=0.9,image/webp,image/apng,*/*;q=0.8,application/signed-exchange;v=b3',
  'accept-encoding' => 'gzip, deflate, br',
  'accept-language' => 'zh-CN,zh;q=0.9',
  'cookie' => 'ECS[visit_times]=40; PHPSESSID=i47tmpqq9b5d8rvjbbgbi10i07',
)
[ info ] [ PARAM ] array (
  'user_id' => '1',
  'cart_ids' => '72123,72125,72126',
)
[ info ] [ BEHAVIOR ] Run app\common\behavior\App @app_begin [ RunTime:0.000306s ]
[ info ] [ RUN ] app\api\controller\Order->submitOrderShow[ D:\wamp\www\lmeriPro\newLmeri\source\application\api\controller\Order.php ]
[ info ] [ DB ] INIT mysql
[ info ] [ CACHE ] INIT File
[ info ] [ LOG ] INIT File
---------------------------------------------------------------
[ 2019-08-04T12:50:22+08:00 ] 0.0.0.0 GET localhost/lmeriPro/newLmeri/web/index.php?s=/api/order/submitOrderShow/user_id/1/cart_ids/72123,72125,72126
[运行时间：0.104441s] [吞吐率：9.57req/s] [内存消耗：3,531.30kb] [文件加载：59]
[ info ] [ LANG ] D:\wamp\www\lmeriPro\newLmeri\source\thinkphp\lang\zh-cn.php
[ info ] [ ROUTE ] array (
  'type' => 'module',
  'module' => 
  array (
    0 => 'api',
    1 => 'order',
    2 => 'submitOrderShow',
  ),
)
[ info ] [ HEADER ] array (
  'host' => 'localhost',
  'connection' => 'keep-alive',
  'cache-control' => 'max-age=0',
  'upgrade-insecure-requests' => '1',
  'user-agent' => 'Mozilla/5.0 (Windows NT 10.0; WOW64) AppleWebKit/537.36 (KHTML, like Gecko) Chrome/74.0.3729.169 Safari/537.36',
  'accept' => 'text/html,application/xhtml+xml,application/xml;q=0.9,image/webp,image/apng,*/*;q=0.8,application/signed-exchange;v=b3',
  'accept-encoding' => 'gzip, deflate, br',
  'accept-language' => 'zh-CN,zh;q=0.9',
  'cookie' => 'ECS[visit_times]=40; PHPSESSID=i47tmpqq9b5d8rvjbbgbi10i07',
)
[ info ] [ PARAM ] array (
  'user_id' => '1',
  'cart_ids' => '72123,72125,72126',
)
[ info ] [ BEHAVIOR ] Run app\common\behavior\App @app_begin [ RunTime:0.000696s ]
[ info ] [ RUN ] app\api\controller\Order->submitOrderShow[ D:\wamp\www\lmeriPro\newLmeri\source\application\api\controller\Order.php ]
[ info ] [ DB ] INIT mysql
[ info ] [ CACHE ] INIT File
[ info ] [ LOG ] INIT File
---------------------------------------------------------------
[ 2019-08-04T12:51:08+08:00 ] 0.0.0.0 GET localhost/lmeriPro/newLmeri/web/index.php?s=/api/order/submitOrderShow/user_id/1/cart_ids/72123,72125,72126
[运行时间：0.186915s] [吞吐率：5.35req/s] [内存消耗：3,571.93kb] [文件加载：63]
[ info ] [ LANG ] D:\wamp\www\lmeriPro\newLmeri\source\thinkphp\lang\zh-cn.php
[ info ] [ ROUTE ] array (
  'type' => 'module',
  'module' => 
  array (
    0 => 'api',
    1 => 'order',
    2 => 'submitOrderShow',
  ),
)
[ info ] [ HEADER ] array (
  'host' => 'localhost',
  'connection' => 'keep-alive',
  'cache-control' => 'max-age=0',
  'upgrade-insecure-requests' => '1',
  'user-agent' => 'Mozilla/5.0 (Windows NT 10.0; WOW64) AppleWebKit/537.36 (KHTML, like Gecko) Chrome/74.0.3729.169 Safari/537.36',
  'accept' => 'text/html,application/xhtml+xml,application/xml;q=0.9,image/webp,image/apng,*/*;q=0.8,application/signed-exchange;v=b3',
  'accept-encoding' => 'gzip, deflate, br',
  'accept-language' => 'zh-CN,zh;q=0.9',
  'cookie' => 'ECS[visit_times]=40; PHPSESSID=i47tmpqq9b5d8rvjbbgbi10i07',
)
[ info ] [ PARAM ] array (
  'user_id' => '1',
  'cart_ids' => '72123,72125,72126',
)
[ info ] [ BEHAVIOR ] Run app\common\behavior\App @app_begin [ RunTime:0.000239s ]
[ info ] [ RUN ] app\api\controller\Order->submitOrderShow[ D:\wamp\www\lmeriPro\newLmeri\source\application\api\controller\Order.php ]
[ info ] [ DB ] INIT mysql
[ info ] [ CACHE ] INIT File
[ info ] [ LOG ] INIT File
---------------------------------------------------------------
[ 2019-08-04T12:51:24+08:00 ] 0.0.0.0 GET localhost/lmeriPro/newLmeri/web/index.php?s=/api/order/submitOrderShow/user_id/1/cart_ids/72123,72125,72126
[运行时间：0.080236s] [吞吐率：12.46req/s] [内存消耗：3,531.63kb] [文件加载：59]
[ info ] [ LANG ] D:\wamp\www\lmeriPro\newLmeri\source\thinkphp\lang\zh-cn.php
[ info ] [ ROUTE ] array (
  'type' => 'module',
  'module' => 
  array (
    0 => 'api',
    1 => 'order',
    2 => 'submitOrderShow',
  ),
)
[ info ] [ HEADER ] array (
  'host' => 'localhost',
  'connection' => 'keep-alive',
  'cache-control' => 'max-age=0',
  'upgrade-insecure-requests' => '1',
  'user-agent' => 'Mozilla/5.0 (Windows NT 10.0; WOW64) AppleWebKit/537.36 (KHTML, like Gecko) Chrome/74.0.3729.169 Safari/537.36',
  'accept' => 'text/html,application/xhtml+xml,application/xml;q=0.9,image/webp,image/apng,*/*;q=0.8,application/signed-exchange;v=b3',
  'accept-encoding' => 'gzip, deflate, br',
  'accept-language' => 'zh-CN,zh;q=0.9',
  'cookie' => 'ECS[visit_times]=40; PHPSESSID=i47tmpqq9b5d8rvjbbgbi10i07',
)
[ info ] [ PARAM ] array (
  'user_id' => '1',
  'cart_ids' => '72123,72125,72126',
)
[ info ] [ BEHAVIOR ] Run app\common\behavior\App @app_begin [ RunTime:0.000185s ]
[ info ] [ RUN ] app\api\controller\Order->submitOrderShow[ D:\wamp\www\lmeriPro\newLmeri\source\application\api\controller\Order.php ]
[ info ] [ DB ] INIT mysql
[ info ] [ CACHE ] INIT File
[ info ] [ LOG ] INIT File
---------------------------------------------------------------
[ 2019-08-04T12:53:10+08:00 ] 0.0.0.0 GET localhost/lmeriPro/newLmeri/web/index.php?s=/api/order/submitOrderShow/user_id/1/cart_ids/72123,72125,72126
[运行时间：0.094084s] [吞吐率：10.63req/s] [内存消耗：3,531.64kb] [文件加载：59]
[ info ] [ LANG ] D:\wamp\www\lmeriPro\newLmeri\source\thinkphp\lang\zh-cn.php
[ info ] [ ROUTE ] array (
  'type' => 'module',
  'module' => 
  array (
    0 => 'api',
    1 => 'order',
    2 => 'submitOrderShow',
  ),
)
[ info ] [ HEADER ] array (
  'host' => 'localhost',
  'connection' => 'keep-alive',
  'cache-control' => 'max-age=0',
  'upgrade-insecure-requests' => '1',
  'user-agent' => 'Mozilla/5.0 (Windows NT 10.0; WOW64) AppleWebKit/537.36 (KHTML, like Gecko) Chrome/74.0.3729.169 Safari/537.36',
  'accept' => 'text/html,application/xhtml+xml,application/xml;q=0.9,image/webp,image/apng,*/*;q=0.8,application/signed-exchange;v=b3',
  'accept-encoding' => 'gzip, deflate, br',
  'accept-language' => 'zh-CN,zh;q=0.9',
  'cookie' => 'ECS[visit_times]=40; PHPSESSID=i47tmpqq9b5d8rvjbbgbi10i07',
)
[ info ] [ PARAM ] array (
  'user_id' => '1',
  'cart_ids' => '72123,72125,72126',
)
[ info ] [ BEHAVIOR ] Run app\common\behavior\App @app_begin [ RunTime:0.000443s ]
[ info ] [ RUN ] app\api\controller\Order->submitOrderShow[ D:\wamp\www\lmeriPro\newLmeri\source\application\api\controller\Order.php ]
[ info ] [ DB ] INIT mysql
[ info ] [ CACHE ] INIT File
[ info ] [ LOG ] INIT File
---------------------------------------------------------------
[ 2019-08-04T13:00:04+08:00 ] 0.0.0.0 GET localhost/lmeriPro/newLmeri/web/index.php?s=/api/order/submitOrderShow/user_id/1/cart_ids/72123,72125,72126
[运行时间：0.040807s] [吞吐率：24.51req/s] [内存消耗：3,148.93kb] [文件加载：49]
[ info ] [ LANG ] D:\wamp\www\lmeriPro\newLmeri\source\thinkphp\lang\zh-cn.php
[ info ] [ ROUTE ] array (
  'type' => 'module',
  'module' => 
  array (
    0 => 'api',
    1 => 'order',
    2 => 'submitOrderShow',
  ),
)
[ info ] [ HEADER ] array (
  'host' => 'localhost',
  'connection' => 'keep-alive',
  'cache-control' => 'max-age=0',
  'upgrade-insecure-requests' => '1',
  'user-agent' => 'Mozilla/5.0 (Windows NT 10.0; WOW64) AppleWebKit/537.36 (KHTML, like Gecko) Chrome/74.0.3729.169 Safari/537.36',
  'accept' => 'text/html,application/xhtml+xml,application/xml;q=0.9,image/webp,image/apng,*/*;q=0.8,application/signed-exchange;v=b3',
  'accept-encoding' => 'gzip, deflate, br',
  'accept-language' => 'zh-CN,zh;q=0.9',
  'cookie' => 'ECS[visit_times]=40; PHPSESSID=i47tmpqq9b5d8rvjbbgbi10i07',
)
[ info ] [ PARAM ] array (
  'user_id' => '1',
  'cart_ids' => '72123,72125,72126',
)
[ info ] [ BEHAVIOR ] Run app\common\behavior\App @app_begin [ RunTime:0.000331s ]
[ info ] [ RUN ] app\api\controller\Order->submitOrderShow[ D:\wamp\www\lmeriPro\newLmeri\source\application\api\controller\Order.php ]
[ info ] [ DB ] INIT mysql
[ info ] [ LOG ] INIT File
---------------------------------------------------------------
[ 2019-08-04T13:00:13+08:00 ] 0.0.0.0 GET localhost/lmeriPro/newLmeri/web/index.php?s=/api/order/submitOrderShow/user_id/1/cart_ids/72123,72125,72126
[运行时间：0.047145s] [吞吐率：21.21req/s] [内存消耗：3,148.80kb] [文件加载：49]
[ info ] [ LANG ] D:\wamp\www\lmeriPro\newLmeri\source\thinkphp\lang\zh-cn.php
[ info ] [ ROUTE ] array (
  'type' => 'module',
  'module' => 
  array (
    0 => 'api',
    1 => 'order',
    2 => 'submitOrderShow',
  ),
)
[ info ] [ HEADER ] array (
  'host' => 'localhost',
  'connection' => 'keep-alive',
  'cache-control' => 'max-age=0',
  'upgrade-insecure-requests' => '1',
  'user-agent' => 'Mozilla/5.0 (Windows NT 10.0; WOW64) AppleWebKit/537.36 (KHTML, like Gecko) Chrome/74.0.3729.169 Safari/537.36',
  'accept' => 'text/html,application/xhtml+xml,application/xml;q=0.9,image/webp,image/apng,*/*;q=0.8,application/signed-exchange;v=b3',
  'accept-encoding' => 'gzip, deflate, br',
  'accept-language' => 'zh-CN,zh;q=0.9',
  'cookie' => 'ECS[visit_times]=40; PHPSESSID=i47tmpqq9b5d8rvjbbgbi10i07',
)
[ info ] [ PARAM ] array (
  'user_id' => '1',
  'cart_ids' => '72123,72125,72126',
)
[ info ] [ BEHAVIOR ] Run app\common\behavior\App @app_begin [ RunTime:0.000301s ]
[ info ] [ RUN ] app\api\controller\Order->submitOrderShow[ D:\wamp\www\lmeriPro\newLmeri\source\application\api\controller\Order.php ]
[ info ] [ DB ] INIT mysql
[ info ] [ LOG ] INIT File
---------------------------------------------------------------
[ 2019-08-04T13:00:58+08:00 ] 0.0.0.0 GET localhost/lmeriPro/newLmeri/web/index.php?s=/api/order/submitOrderShow/user_id/1/cart_ids/72123,72125,72126
[运行时间：0.049938s] [吞吐率：20.02req/s] [内存消耗：3,148.80kb] [文件加载：49]
[ info ] [ LANG ] D:\wamp\www\lmeriPro\newLmeri\source\thinkphp\lang\zh-cn.php
[ info ] [ ROUTE ] array (
  'type' => 'module',
  'module' => 
  array (
    0 => 'api',
    1 => 'order',
    2 => 'submitOrderShow',
  ),
)
[ info ] [ HEADER ] array (
  'host' => 'localhost',
  'connection' => 'keep-alive',
  'cache-control' => 'max-age=0',
  'upgrade-insecure-requests' => '1',
  'user-agent' => 'Mozilla/5.0 (Windows NT 10.0; WOW64) AppleWebKit/537.36 (KHTML, like Gecko) Chrome/74.0.3729.169 Safari/537.36',
  'accept' => 'text/html,application/xhtml+xml,application/xml;q=0.9,image/webp,image/apng,*/*;q=0.8,application/signed-exchange;v=b3',
  'accept-encoding' => 'gzip, deflate, br',
  'accept-language' => 'zh-CN,zh;q=0.9',
  'cookie' => 'ECS[visit_times]=40; PHPSESSID=i47tmpqq9b5d8rvjbbgbi10i07',
)
[ info ] [ PARAM ] array (
  'user_id' => '1',
  'cart_ids' => '72123,72125,72126',
)
[ info ] [ BEHAVIOR ] Run app\common\behavior\App @app_begin [ RunTime:0.000201s ]
[ info ] [ RUN ] app\api\controller\Order->submitOrderShow[ D:\wamp\www\lmeriPro\newLmeri\source\application\api\controller\Order.php ]
[ info ] [ DB ] INIT mysql
[ info ] [ LOG ] INIT File
---------------------------------------------------------------
[ 2019-08-04T13:02:14+08:00 ] 0.0.0.0 GET localhost/lmeriPro/newLmeri/web/index.php?s=/api/order/submitOrderShow/user_id/1/cart_ids/72123,72125,72126
[运行时间：0.069140s] [吞吐率：14.46req/s] [内存消耗：3,323.65kb] [文件加载：54]
[ info ] [ LANG ] D:\wamp\www\lmeriPro\newLmeri\source\thinkphp\lang\zh-cn.php
[ info ] [ ROUTE ] array (
  'type' => 'module',
  'module' => 
  array (
    0 => 'api',
    1 => 'order',
    2 => 'submitOrderShow',
  ),
)
[ info ] [ HEADER ] array (
  'host' => 'localhost',
  'connection' => 'keep-alive',
  'cache-control' => 'max-age=0',
  'upgrade-insecure-requests' => '1',
  'user-agent' => 'Mozilla/5.0 (Windows NT 10.0; WOW64) AppleWebKit/537.36 (KHTML, like Gecko) Chrome/74.0.3729.169 Safari/537.36',
  'accept' => 'text/html,application/xhtml+xml,application/xml;q=0.9,image/webp,image/apng,*/*;q=0.8,application/signed-exchange;v=b3',
  'accept-encoding' => 'gzip, deflate, br',
  'accept-language' => 'zh-CN,zh;q=0.9',
  'cookie' => 'ECS[visit_times]=40; PHPSESSID=i47tmpqq9b5d8rvjbbgbi10i07',
)
[ info ] [ PARAM ] array (
  'user_id' => '1',
  'cart_ids' => '72123,72125,72126',
)
[ info ] [ BEHAVIOR ] Run app\common\behavior\App @app_begin [ RunTime:0.000329s ]
[ info ] [ RUN ] app\api\controller\Order->submitOrderShow[ D:\wamp\www\lmeriPro\newLmeri\source\application\api\controller\Order.php ]
[ info ] [ DB ] INIT mysql
[ info ] [ CACHE ] INIT File
[ info ] [ LOG ] INIT File
---------------------------------------------------------------
[ 2019-08-04T13:02:53+08:00 ] 0.0.0.0 GET localhost/lmeriPro/newLmeri/web/index.php?s=/api/order/submitOrderShow/user_id/1/cart_ids/72123,72125,72126
[运行时间：0.071198s] [吞吐率：14.05req/s] [内存消耗：3,532.08kb] [文件加载：59]
[ info ] [ LANG ] D:\wamp\www\lmeriPro\newLmeri\source\thinkphp\lang\zh-cn.php
[ info ] [ ROUTE ] array (
  'type' => 'module',
  'module' => 
  array (
    0 => 'api',
    1 => 'order',
    2 => 'submitOrderShow',
  ),
)
[ info ] [ HEADER ] array (
  'host' => 'localhost',
  'connection' => 'keep-alive',
  'cache-control' => 'max-age=0',
  'upgrade-insecure-requests' => '1',
  'user-agent' => 'Mozilla/5.0 (Windows NT 10.0; WOW64) AppleWebKit/537.36 (KHTML, like Gecko) Chrome/74.0.3729.169 Safari/537.36',
  'accept' => 'text/html,application/xhtml+xml,application/xml;q=0.9,image/webp,image/apng,*/*;q=0.8,application/signed-exchange;v=b3',
  'accept-encoding' => 'gzip, deflate, br',
  'accept-language' => 'zh-CN,zh;q=0.9',
  'cookie' => 'ECS[visit_times]=40; PHPSESSID=i47tmpqq9b5d8rvjbbgbi10i07',
)
[ info ] [ PARAM ] array (
  'user_id' => '1',
  'cart_ids' => '72123,72125,72126',
)
[ info ] [ BEHAVIOR ] Run app\common\behavior\App @app_begin [ RunTime:0.000408s ]
[ info ] [ RUN ] app\api\controller\Order->submitOrderShow[ D:\wamp\www\lmeriPro\newLmeri\source\application\api\controller\Order.php ]
[ info ] [ DB ] INIT mysql
[ info ] [ CACHE ] INIT File
[ info ] [ LOG ] INIT File
---------------------------------------------------------------
[ 2019-08-04T13:05:25+08:00 ] 0.0.0.0 GET localhost/lmeriPro/newLmeri/web/index.php?s=/api/order/submitOrderShow/user_id/1/cart_ids/72123,72125,72126
[运行时间：0.083608s] [吞吐率：11.96req/s] [内存消耗：3,532.64kb] [文件加载：59]
[ info ] [ LANG ] D:\wamp\www\lmeriPro\newLmeri\source\thinkphp\lang\zh-cn.php
[ info ] [ ROUTE ] array (
  'type' => 'module',
  'module' => 
  array (
    0 => 'api',
    1 => 'order',
    2 => 'submitOrderShow',
  ),
)
[ info ] [ HEADER ] array (
  'host' => 'localhost',
  'connection' => 'keep-alive',
  'cache-control' => 'max-age=0',
  'upgrade-insecure-requests' => '1',
  'user-agent' => 'Mozilla/5.0 (Windows NT 10.0; WOW64) AppleWebKit/537.36 (KHTML, like Gecko) Chrome/74.0.3729.169 Safari/537.36',
  'accept' => 'text/html,application/xhtml+xml,application/xml;q=0.9,image/webp,image/apng,*/*;q=0.8,application/signed-exchange;v=b3',
  'accept-encoding' => 'gzip, deflate, br',
  'accept-language' => 'zh-CN,zh;q=0.9',
  'cookie' => 'ECS[visit_times]=40; PHPSESSID=i47tmpqq9b5d8rvjbbgbi10i07',
)
[ info ] [ PARAM ] array (
  'user_id' => '1',
  'cart_ids' => '72123,72125,72126',
)
[ info ] [ BEHAVIOR ] Run app\common\behavior\App @app_begin [ RunTime:0.000359s ]
[ info ] [ RUN ] app\api\controller\Order->submitOrderShow[ D:\wamp\www\lmeriPro\newLmeri\source\application\api\controller\Order.php ]
[ info ] [ DB ] INIT mysql
[ info ] [ CACHE ] INIT File
[ info ] [ LOG ] INIT File
---------------------------------------------------------------
[ 2019-08-04T22:16:05+08:00 ] 0.0.0.0 GET localhost/lmeriPro/newLmeri/web/index.php?s=/api/order/submitOrderShow/user_id/1/cart_ids/72123,72125,72126
[运行时间：0.606809s] [吞吐率：1.65req/s] [内存消耗：3,314.00kb] [文件加载：56]
[ info ] [ LANG ] D:\wamp\www\lmeriPro\newLmeri\source\thinkphp\lang\zh-cn.php
[ info ] [ ROUTE ] array (
  'type' => 'module',
  'module' => 
  array (
    0 => 'api',
    1 => 'order',
    2 => 'submitOrderShow',
  ),
)
[ info ] [ HEADER ] array (
  'host' => 'localhost',
  'connection' => 'keep-alive',
  'cache-control' => 'max-age=0',
  'upgrade-insecure-requests' => '1',
  'user-agent' => 'Mozilla/5.0 (Windows NT 10.0; WOW64) AppleWebKit/537.36 (KHTML, like Gecko) Chrome/74.0.3729.169 Safari/537.36',
  'accept' => 'text/html,application/xhtml+xml,application/xml;q=0.9,image/webp,image/apng,*/*;q=0.8,application/signed-exchange;v=b3',
  'accept-encoding' => 'gzip, deflate, br',
  'accept-language' => 'zh-CN,zh;q=0.9',
  'cookie' => 'ECS[visit_times]=40; PHPSESSID=i47tmpqq9b5d8rvjbbgbi10i07',
)
[ info ] [ PARAM ] array (
  'user_id' => '1',
  'cart_ids' => '72123,72125,72126',
)
[ info ] [ BEHAVIOR ] Run app\common\behavior\App @app_begin [ RunTime:0.002000s ]
[ info ] [ RUN ] app\api\controller\Order->submitOrderShow[ D:\wamp\www\lmeriPro\newLmeri\source\application\api\controller\Order.php ]
[ info ] [ DB ] INIT mysql
[ info ] [ LOG ] INIT File
---------------------------------------------------------------
[ 2019-08-04T22:21:05+08:00 ] 0.0.0.0 GET localhost/lmeriPro/newLmeri/web/index.php?s=/api/order/submitOrderShow/user_id/1/cart_ids/72123,72125,72126
[运行时间：0.066335s] [吞吐率：15.08req/s] [内存消耗：3,315.55kb] [文件加载：56]
[ info ] [ LANG ] D:\wamp\www\lmeriPro\newLmeri\source\thinkphp\lang\zh-cn.php
[ info ] [ ROUTE ] array (
  'type' => 'module',
  'module' => 
  array (
    0 => 'api',
    1 => 'order',
    2 => 'submitOrderShow',
  ),
)
[ info ] [ HEADER ] array (
  'host' => 'localhost',
  'connection' => 'keep-alive',
  'cache-control' => 'max-age=0',
  'upgrade-insecure-requests' => '1',
  'user-agent' => 'Mozilla/5.0 (Windows NT 10.0; WOW64) AppleWebKit/537.36 (KHTML, like Gecko) Chrome/74.0.3729.169 Safari/537.36',
  'accept' => 'text/html,application/xhtml+xml,application/xml;q=0.9,image/webp,image/apng,*/*;q=0.8,application/signed-exchange;v=b3',
  'accept-encoding' => 'gzip, deflate, br',
  'accept-language' => 'zh-CN,zh;q=0.9',
  'cookie' => 'ECS[visit_times]=40; PHPSESSID=i47tmpqq9b5d8rvjbbgbi10i07',
)
[ info ] [ PARAM ] array (
  'user_id' => '1',
  'cart_ids' => '72123,72125,72126',
)
[ info ] [ BEHAVIOR ] Run app\common\behavior\App @app_begin [ RunTime:0.000709s ]
[ info ] [ RUN ] app\api\controller\Order->submitOrderShow[ D:\wamp\www\lmeriPro\newLmeri\source\application\api\controller\Order.php ]
[ info ] [ DB ] INIT mysql
[ info ] [ LOG ] INIT File
---------------------------------------------------------------
[ 2019-08-04T22:21:39+08:00 ] 0.0.0.0 GET localhost/lmeriPro/newLmeri/web/index.php?s=/api/order/submitOrderShow/user_id/1/cart_ids/72123,72125,72126
[运行时间：0.069583s] [吞吐率：14.37req/s] [内存消耗：3,315.55kb] [文件加载：56]
[ info ] [ LANG ] D:\wamp\www\lmeriPro\newLmeri\source\thinkphp\lang\zh-cn.php
[ info ] [ ROUTE ] array (
  'type' => 'module',
  'module' => 
  array (
    0 => 'api',
    1 => 'order',
    2 => 'submitOrderShow',
  ),
)
[ info ] [ HEADER ] array (
  'host' => 'localhost',
  'connection' => 'keep-alive',
  'cache-control' => 'max-age=0',
  'upgrade-insecure-requests' => '1',
  'user-agent' => 'Mozilla/5.0 (Windows NT 10.0; WOW64) AppleWebKit/537.36 (KHTML, like Gecko) Chrome/74.0.3729.169 Safari/537.36',
  'accept' => 'text/html,application/xhtml+xml,application/xml;q=0.9,image/webp,image/apng,*/*;q=0.8,application/signed-exchange;v=b3',
  'accept-encoding' => 'gzip, deflate, br',
  'accept-language' => 'zh-CN,zh;q=0.9',
  'cookie' => 'ECS[visit_times]=40; PHPSESSID=i47tmpqq9b5d8rvjbbgbi10i07',
)
[ info ] [ PARAM ] array (
  'user_id' => '1',
  'cart_ids' => '72123,72125,72126',
)
[ info ] [ BEHAVIOR ] Run app\common\behavior\App @app_begin [ RunTime:0.000326s ]
[ info ] [ RUN ] app\api\controller\Order->submitOrderShow[ D:\wamp\www\lmeriPro\newLmeri\source\application\api\controller\Order.php ]
[ info ] [ DB ] INIT mysql
[ info ] [ LOG ] INIT File
---------------------------------------------------------------
[ 2019-08-04T22:22:19+08:00 ] 0.0.0.0 GET localhost/lmeriPro/newLmeri/web/index.php?s=/api/order/submitOrderShow/user_id/1/cart_ids/72123,72125,72126
[运行时间：0.237790s] [吞吐率：4.21req/s] [内存消耗：3,206.00kb] [文件加载：51]
[ info ] [ LANG ] D:\wamp\www\lmeriPro\newLmeri\source\thinkphp\lang\zh-cn.php
[ info ] [ ROUTE ] array (
  'type' => 'module',
  'module' => 
  array (
    0 => 'api',
    1 => 'order',
    2 => 'submitOrderShow',
  ),
)
[ info ] [ HEADER ] array (
  'host' => 'localhost',
  'connection' => 'keep-alive',
  'cache-control' => 'max-age=0',
  'upgrade-insecure-requests' => '1',
  'user-agent' => 'Mozilla/5.0 (Windows NT 10.0; WOW64) AppleWebKit/537.36 (KHTML, like Gecko) Chrome/74.0.3729.169 Safari/537.36',
  'accept' => 'text/html,application/xhtml+xml,application/xml;q=0.9,image/webp,image/apng,*/*;q=0.8,application/signed-exchange;v=b3',
  'accept-encoding' => 'gzip, deflate, br',
  'accept-language' => 'zh-CN,zh;q=0.9',
  'cookie' => 'ECS[visit_times]=40; PHPSESSID=i47tmpqq9b5d8rvjbbgbi10i07',
)
[ info ] [ PARAM ] array (
  'user_id' => '1',
  'cart_ids' => '72123,72125,72126',
)
[ info ] [ BEHAVIOR ] Run app\common\behavior\App @app_begin [ RunTime:0.000597s ]
[ info ] [ RUN ] app\api\controller\Order->submitOrderShow[ D:\wamp\www\lmeriPro\newLmeri\source\application\api\controller\Order.php ]
[ info ] [ DB ] INIT mysql
[ info ] [ LOG ] INIT File
---------------------------------------------------------------
[ 2019-08-04T22:35:34+08:00 ] 0.0.0.0 GET localhost/lmeriPro/newLmeri/web/index.php?s=/api/order/submitOrderShow/user_id/1/cart_ids/72123,72125,72126
[运行时间：0.158146s] [吞吐率：6.32req/s] [内存消耗：3,345.24kb] [文件加载：57]
[ info ] [ LANG ] D:\wamp\www\lmeriPro\newLmeri\source\thinkphp\lang\zh-cn.php
[ info ] [ ROUTE ] array (
  'type' => 'module',
  'module' => 
  array (
    0 => 'api',
    1 => 'order',
    2 => 'submitOrderShow',
  ),
)
[ info ] [ HEADER ] array (
  'host' => 'localhost',
  'connection' => 'keep-alive',
  'cache-control' => 'max-age=0',
  'upgrade-insecure-requests' => '1',
  'user-agent' => 'Mozilla/5.0 (Windows NT 10.0; WOW64) AppleWebKit/537.36 (KHTML, like Gecko) Chrome/74.0.3729.169 Safari/537.36',
  'accept' => 'text/html,application/xhtml+xml,application/xml;q=0.9,image/webp,image/apng,*/*;q=0.8,application/signed-exchange;v=b3',
  'accept-encoding' => 'gzip, deflate, br',
  'accept-language' => 'zh-CN,zh;q=0.9',
  'cookie' => 'ECS[visit_times]=40; PHPSESSID=i47tmpqq9b5d8rvjbbgbi10i07',
)
[ info ] [ PARAM ] array (
  'user_id' => '1',
  'cart_ids' => '72123,72125,72126',
)
[ info ] [ BEHAVIOR ] Run app\common\behavior\App @app_begin [ RunTime:0.000763s ]
[ info ] [ RUN ] app\api\controller\Order->submitOrderShow[ D:\wamp\www\lmeriPro\newLmeri\source\application\api\controller\Order.php ]
[ info ] [ DB ] INIT mysql
[ info ] [ LOG ] INIT File
---------------------------------------------------------------
[ 2019-08-04T22:43:42+08:00 ] 0.0.0.0 GET localhost/lmeriPro/newLmeri/web/index.php?s=/api/order/submitOrderShow/user_id/1/cart_ids/72123,72125,72126
[运行时间：0.246900s] [吞吐率：4.05req/s] [内存消耗：3,227.34kb] [文件加载：51]
[ info ] [ LANG ] D:\wamp\www\lmeriPro\newLmeri\source\thinkphp\lang\zh-cn.php
[ info ] [ ROUTE ] array (
  'type' => 'module',
  'module' => 
  array (
    0 => 'api',
    1 => 'order',
    2 => 'submitOrderShow',
  ),
)
[ info ] [ HEADER ] array (
  'host' => 'localhost',
  'connection' => 'keep-alive',
  'cache-control' => 'max-age=0',
  'upgrade-insecure-requests' => '1',
  'user-agent' => 'Mozilla/5.0 (Windows NT 10.0; WOW64) AppleWebKit/537.36 (KHTML, like Gecko) Chrome/74.0.3729.169 Safari/537.36',
  'accept' => 'text/html,application/xhtml+xml,application/xml;q=0.9,image/webp,image/apng,*/*;q=0.8,application/signed-exchange;v=b3',
  'accept-encoding' => 'gzip, deflate, br',
  'accept-language' => 'zh-CN,zh;q=0.9',
  'cookie' => 'ECS[visit_times]=40; PHPSESSID=i47tmpqq9b5d8rvjbbgbi10i07',
)
[ info ] [ PARAM ] array (
  'user_id' => '1',
  'cart_ids' => '72123,72125,72126',
)
[ info ] [ BEHAVIOR ] Run app\common\behavior\App @app_begin [ RunTime:0.000803s ]
[ info ] [ RUN ] app\api\controller\Order->submitOrderShow[ D:\wamp\www\lmeriPro\newLmeri\source\application\api\controller\Order.php ]
[ info ] [ DB ] INIT mysql
[ info ] [ LOG ] INIT File
---------------------------------------------------------------
[ 2019-08-04T22:45:08+08:00 ] 0.0.0.0 GET localhost/lmeriPro/newLmeri/web/index.php?s=/api/order/submitOrderShow/user_id/1/cart_ids/72123,72125,72126
[运行时间：0.084009s] [吞吐率：11.90req/s] [内存消耗：3,210.23kb] [文件加载：51]
[ info ] [ LANG ] D:\wamp\www\lmeriPro\newLmeri\source\thinkphp\lang\zh-cn.php
[ info ] [ ROUTE ] array (
  'type' => 'module',
  'module' => 
  array (
    0 => 'api',
    1 => 'order',
    2 => 'submitOrderShow',
  ),
)
[ info ] [ HEADER ] array (
  'host' => 'localhost',
  'connection' => 'keep-alive',
  'cache-control' => 'max-age=0',
  'upgrade-insecure-requests' => '1',
  'user-agent' => 'Mozilla/5.0 (Windows NT 10.0; WOW64) AppleWebKit/537.36 (KHTML, like Gecko) Chrome/74.0.3729.169 Safari/537.36',
  'accept' => 'text/html,application/xhtml+xml,application/xml;q=0.9,image/webp,image/apng,*/*;q=0.8,application/signed-exchange;v=b3',
  'accept-encoding' => 'gzip, deflate, br',
  'accept-language' => 'zh-CN,zh;q=0.9',
  'cookie' => 'ECS[visit_times]=40; PHPSESSID=i47tmpqq9b5d8rvjbbgbi10i07',
)
[ info ] [ PARAM ] array (
  'user_id' => '1',
  'cart_ids' => '72123,72125,72126',
)
[ info ] [ BEHAVIOR ] Run app\common\behavior\App @app_begin [ RunTime:0.000490s ]
[ info ] [ RUN ] app\api\controller\Order->submitOrderShow[ D:\wamp\www\lmeriPro\newLmeri\source\application\api\controller\Order.php ]
[ info ] [ DB ] INIT mysql
[ info ] [ LOG ] INIT File
---------------------------------------------------------------
[ 2019-08-04T22:53:34+08:00 ] 0.0.0.0 GET localhost/lmeriPro/newLmeri/web/index.php?s=/api/order/submitOrderShow/user_id/1/cart_ids/72123,72125,72126
[运行时间：0.092963s] [吞吐率：10.76req/s] [内存消耗：3,210.88kb] [文件加载：51]
[ info ] [ LANG ] D:\wamp\www\lmeriPro\newLmeri\source\thinkphp\lang\zh-cn.php
[ info ] [ ROUTE ] array (
  'type' => 'module',
  'module' => 
  array (
    0 => 'api',
    1 => 'order',
    2 => 'submitOrderShow',
  ),
)
[ info ] [ HEADER ] array (
  'host' => 'localhost',
  'connection' => 'keep-alive',
  'cache-control' => 'max-age=0',
  'upgrade-insecure-requests' => '1',
  'user-agent' => 'Mozilla/5.0 (Windows NT 10.0; WOW64) AppleWebKit/537.36 (KHTML, like Gecko) Chrome/74.0.3729.169 Safari/537.36',
  'accept' => 'text/html,application/xhtml+xml,application/xml;q=0.9,image/webp,image/apng,*/*;q=0.8,application/signed-exchange;v=b3',
  'accept-encoding' => 'gzip, deflate, br',
  'accept-language' => 'zh-CN,zh;q=0.9',
  'cookie' => 'ECS[visit_times]=40; PHPSESSID=i47tmpqq9b5d8rvjbbgbi10i07',
)
[ info ] [ PARAM ] array (
  'user_id' => '1',
  'cart_ids' => '72123,72125,72126',
)
[ info ] [ BEHAVIOR ] Run app\common\behavior\App @app_begin [ RunTime:0.000798s ]
[ info ] [ RUN ] app\api\controller\Order->submitOrderShow[ D:\wamp\www\lmeriPro\newLmeri\source\application\api\controller\Order.php ]
[ info ] [ DB ] INIT mysql
[ info ] [ LOG ] INIT File
---------------------------------------------------------------
[ 2019-08-04T22:54:07+08:00 ] 0.0.0.0 GET localhost/lmeriPro/newLmeri/web/index.php?s=/api/order/submitOrderShow/user_id/1/cart_ids/72123,72125,72126
[运行时间：0.097395s] [吞吐率：10.27req/s] [内存消耗：3,216.13kb] [文件加载：51]
[ info ] [ LANG ] D:\wamp\www\lmeriPro\newLmeri\source\thinkphp\lang\zh-cn.php
[ info ] [ ROUTE ] array (
  'type' => 'module',
  'module' => 
  array (
    0 => 'api',
    1 => 'order',
    2 => 'submitOrderShow',
  ),
)
[ info ] [ HEADER ] array (
  'host' => 'localhost',
  'connection' => 'keep-alive',
  'cache-control' => 'max-age=0',
  'upgrade-insecure-requests' => '1',
  'user-agent' => 'Mozilla/5.0 (Windows NT 10.0; WOW64) AppleWebKit/537.36 (KHTML, like Gecko) Chrome/74.0.3729.169 Safari/537.36',
  'accept' => 'text/html,application/xhtml+xml,application/xml;q=0.9,image/webp,image/apng,*/*;q=0.8,application/signed-exchange;v=b3',
  'accept-encoding' => 'gzip, deflate, br',
  'accept-language' => 'zh-CN,zh;q=0.9',
  'cookie' => 'ECS[visit_times]=40; PHPSESSID=i47tmpqq9b5d8rvjbbgbi10i07',
)
[ info ] [ PARAM ] array (
  'user_id' => '1',
  'cart_ids' => '72123,72125,72126',
)
[ info ] [ BEHAVIOR ] Run app\common\behavior\App @app_begin [ RunTime:0.000499s ]
[ info ] [ RUN ] app\api\controller\Order->submitOrderShow[ D:\wamp\www\lmeriPro\newLmeri\source\application\api\controller\Order.php ]
[ info ] [ DB ] INIT mysql
[ info ] [ LOG ] INIT File
---------------------------------------------------------------
[ 2019-08-04T22:54:25+08:00 ] 0.0.0.0 GET localhost/lmeriPro/newLmeri/web/index.php?s=/api/order/submitOrderShow/user_id/1/cart_ids/72123,72125,72126
[运行时间：0.073712s] [吞吐率：13.57req/s] [内存消耗：3,214.23kb] [文件加载：51]
[ info ] [ LANG ] D:\wamp\www\lmeriPro\newLmeri\source\thinkphp\lang\zh-cn.php
[ info ] [ ROUTE ] array (
  'type' => 'module',
  'module' => 
  array (
    0 => 'api',
    1 => 'order',
    2 => 'submitOrderShow',
  ),
)
[ info ] [ HEADER ] array (
  'host' => 'localhost',
  'connection' => 'keep-alive',
  'cache-control' => 'max-age=0',
  'upgrade-insecure-requests' => '1',
  'user-agent' => 'Mozilla/5.0 (Windows NT 10.0; WOW64) AppleWebKit/537.36 (KHTML, like Gecko) Chrome/74.0.3729.169 Safari/537.36',
  'accept' => 'text/html,application/xhtml+xml,application/xml;q=0.9,image/webp,image/apng,*/*;q=0.8,application/signed-exchange;v=b3',
  'accept-encoding' => 'gzip, deflate, br',
  'accept-language' => 'zh-CN,zh;q=0.9',
  'cookie' => 'ECS[visit_times]=40; PHPSESSID=i47tmpqq9b5d8rvjbbgbi10i07',
)
[ info ] [ PARAM ] array (
  'user_id' => '1',
  'cart_ids' => '72123,72125,72126',
)
[ info ] [ BEHAVIOR ] Run app\common\behavior\App @app_begin [ RunTime:0.000273s ]
[ info ] [ RUN ] app\api\controller\Order->submitOrderShow[ D:\wamp\www\lmeriPro\newLmeri\source\application\api\controller\Order.php ]
[ info ] [ DB ] INIT mysql
[ info ] [ LOG ] INIT File
---------------------------------------------------------------
[ 2019-08-04T22:56:20+08:00 ] 0.0.0.0 GET localhost/lmeriPro/newLmeri/web/index.php?s=/api/order/submitOrderShow/user_id/1/cart_ids/72123,72125,72126
[运行时间：0.120912s] [吞吐率：8.27req/s] [内存消耗：3,212.27kb] [文件加载：51]
[ info ] [ LANG ] D:\wamp\www\lmeriPro\newLmeri\source\thinkphp\lang\zh-cn.php
[ info ] [ ROUTE ] array (
  'type' => 'module',
  'module' => 
  array (
    0 => 'api',
    1 => 'order',
    2 => 'submitOrderShow',
  ),
)
[ info ] [ HEADER ] array (
  'host' => 'localhost',
  'connection' => 'keep-alive',
  'cache-control' => 'max-age=0',
  'upgrade-insecure-requests' => '1',
  'user-agent' => 'Mozilla/5.0 (Windows NT 10.0; WOW64) AppleWebKit/537.36 (KHTML, like Gecko) Chrome/74.0.3729.169 Safari/537.36',
  'accept' => 'text/html,application/xhtml+xml,application/xml;q=0.9,image/webp,image/apng,*/*;q=0.8,application/signed-exchange;v=b3',
  'accept-encoding' => 'gzip, deflate, br',
  'accept-language' => 'zh-CN,zh;q=0.9',
  'cookie' => 'ECS[visit_times]=40; PHPSESSID=i47tmpqq9b5d8rvjbbgbi10i07',
)
[ info ] [ PARAM ] array (
  'user_id' => '1',
  'cart_ids' => '72123,72125,72126',
)
[ info ] [ BEHAVIOR ] Run app\common\behavior\App @app_begin [ RunTime:0.000493s ]
[ info ] [ RUN ] app\api\controller\Order->submitOrderShow[ D:\wamp\www\lmeriPro\newLmeri\source\application\api\controller\Order.php ]
[ info ] [ DB ] INIT mysql
[ info ] [ LOG ] INIT File
---------------------------------------------------------------
[ 2019-08-04T23:07:48+08:00 ] 0.0.0.0 GET localhost/lmeriPro/newLmeri/web/index.php?s=/api/order/submitOrderShow/user_id/1/cart_ids/72123,72125,72126
[运行时间：0.098981s] [吞吐率：10.10req/s] [内存消耗：3,213.05kb] [文件加载：51]
[ info ] [ LANG ] D:\wamp\www\lmeriPro\newLmeri\source\thinkphp\lang\zh-cn.php
[ info ] [ ROUTE ] array (
  'type' => 'module',
  'module' => 
  array (
    0 => 'api',
    1 => 'order',
    2 => 'submitOrderShow',
  ),
)
[ info ] [ HEADER ] array (
  'host' => 'localhost',
  'connection' => 'keep-alive',
  'cache-control' => 'max-age=0',
  'upgrade-insecure-requests' => '1',
  'user-agent' => 'Mozilla/5.0 (Windows NT 10.0; WOW64) AppleWebKit/537.36 (KHTML, like Gecko) Chrome/74.0.3729.169 Safari/537.36',
  'accept' => 'text/html,application/xhtml+xml,application/xml;q=0.9,image/webp,image/apng,*/*;q=0.8,application/signed-exchange;v=b3',
  'accept-encoding' => 'gzip, deflate, br',
  'accept-language' => 'zh-CN,zh;q=0.9',
  'cookie' => 'ECS[visit_times]=40; PHPSESSID=i47tmpqq9b5d8rvjbbgbi10i07',
)
[ info ] [ PARAM ] array (
  'user_id' => '1',
  'cart_ids' => '72123,72125,72126',
)
[ info ] [ BEHAVIOR ] Run app\common\behavior\App @app_begin [ RunTime:0.000619s ]
[ info ] [ RUN ] app\api\controller\Order->submitOrderShow[ D:\wamp\www\lmeriPro\newLmeri\source\application\api\controller\Order.php ]
[ info ] [ DB ] INIT mysql
[ info ] [ LOG ] INIT File
---------------------------------------------------------------
[ 2019-08-04T23:08:01+08:00 ] 0.0.0.0 GET localhost/lmeriPro/newLmeri/web/index.php?s=/api/order/submitOrderShow/user_id/1/cart_ids/72123,72125,72126
[运行时间：0.114451s] [吞吐率：8.74req/s] [内存消耗：3,212.06kb] [文件加载：51]
[ info ] [ LANG ] D:\wamp\www\lmeriPro\newLmeri\source\thinkphp\lang\zh-cn.php
[ info ] [ ROUTE ] array (
  'type' => 'module',
  'module' => 
  array (
    0 => 'api',
    1 => 'order',
    2 => 'submitOrderShow',
  ),
)
[ info ] [ HEADER ] array (
  'host' => 'localhost',
  'connection' => 'keep-alive',
  'cache-control' => 'max-age=0',
  'upgrade-insecure-requests' => '1',
  'user-agent' => 'Mozilla/5.0 (Windows NT 10.0; WOW64) AppleWebKit/537.36 (KHTML, like Gecko) Chrome/74.0.3729.169 Safari/537.36',
  'accept' => 'text/html,application/xhtml+xml,application/xml;q=0.9,image/webp,image/apng,*/*;q=0.8,application/signed-exchange;v=b3',
  'accept-encoding' => 'gzip, deflate, br',
  'accept-language' => 'zh-CN,zh;q=0.9',
  'cookie' => 'ECS[visit_times]=40; PHPSESSID=i47tmpqq9b5d8rvjbbgbi10i07',
)
[ info ] [ PARAM ] array (
  'user_id' => '1',
  'cart_ids' => '72123,72125,72126',
)
[ info ] [ BEHAVIOR ] Run app\common\behavior\App @app_begin [ RunTime:0.000837s ]
[ info ] [ RUN ] app\api\controller\Order->submitOrderShow[ D:\wamp\www\lmeriPro\newLmeri\source\application\api\controller\Order.php ]
[ info ] [ DB ] INIT mysql
[ info ] [ LOG ] INIT File
---------------------------------------------------------------
[ 2019-08-04T23:08:18+08:00 ] 0.0.0.0 GET localhost/lmeriPro/newLmeri/web/index.php?s=/api/order/submitOrderShow/user_id/1/cart_ids/72123,72125,72126
[运行时间：0.086521s] [吞吐率：11.56req/s] [内存消耗：3,213.05kb] [文件加载：51]
[ info ] [ LANG ] D:\wamp\www\lmeriPro\newLmeri\source\thinkphp\lang\zh-cn.php
[ info ] [ ROUTE ] array (
  'type' => 'module',
  'module' => 
  array (
    0 => 'api',
    1 => 'order',
    2 => 'submitOrderShow',
  ),
)
[ info ] [ HEADER ] array (
  'host' => 'localhost',
  'connection' => 'keep-alive',
  'cache-control' => 'max-age=0',
  'upgrade-insecure-requests' => '1',
  'user-agent' => 'Mozilla/5.0 (Windows NT 10.0; WOW64) AppleWebKit/537.36 (KHTML, like Gecko) Chrome/74.0.3729.169 Safari/537.36',
  'accept' => 'text/html,application/xhtml+xml,application/xml;q=0.9,image/webp,image/apng,*/*;q=0.8,application/signed-exchange;v=b3',
  'accept-encoding' => 'gzip, deflate, br',
  'accept-language' => 'zh-CN,zh;q=0.9',
  'cookie' => 'ECS[visit_times]=40; PHPSESSID=i47tmpqq9b5d8rvjbbgbi10i07',
)
[ info ] [ PARAM ] array (
  'user_id' => '1',
  'cart_ids' => '72123,72125,72126',
)
[ info ] [ BEHAVIOR ] Run app\common\behavior\App @app_begin [ RunTime:0.000304s ]
[ info ] [ RUN ] app\api\controller\Order->submitOrderShow[ D:\wamp\www\lmeriPro\newLmeri\source\application\api\controller\Order.php ]
[ info ] [ DB ] INIT mysql
[ info ] [ LOG ] INIT File
---------------------------------------------------------------
[ 2019-08-04T23:08:32+08:00 ] 0.0.0.0 GET localhost/lmeriPro/newLmeri/web/index.php?s=/api/order/submitOrderShow/user_id/1/cart_ids/72123,72125,72126
[运行时间：0.386580s] [吞吐率：2.59req/s] [内存消耗：3,609.97kb] [文件加载：61]
[ info ] [ LANG ] D:\wamp\www\lmeriPro\newLmeri\source\thinkphp\lang\zh-cn.php
[ info ] [ ROUTE ] array (
  'type' => 'module',
  'module' => 
  array (
    0 => 'api',
    1 => 'order',
    2 => 'submitOrderShow',
  ),
)
[ info ] [ HEADER ] array (
  'host' => 'localhost',
  'connection' => 'keep-alive',
  'cache-control' => 'max-age=0',
  'upgrade-insecure-requests' => '1',
  'user-agent' => 'Mozilla/5.0 (Windows NT 10.0; WOW64) AppleWebKit/537.36 (KHTML, like Gecko) Chrome/74.0.3729.169 Safari/537.36',
  'accept' => 'text/html,application/xhtml+xml,application/xml;q=0.9,image/webp,image/apng,*/*;q=0.8,application/signed-exchange;v=b3',
  'accept-encoding' => 'gzip, deflate, br',
  'accept-language' => 'zh-CN,zh;q=0.9',
  'cookie' => 'ECS[visit_times]=40; PHPSESSID=i47tmpqq9b5d8rvjbbgbi10i07',
)
[ info ] [ PARAM ] array (
  'user_id' => '1',
  'cart_ids' => '72123,72125,72126',
)
[ info ] [ BEHAVIOR ] Run app\common\behavior\App @app_begin [ RunTime:0.000364s ]
[ info ] [ RUN ] app\api\controller\Order->submitOrderShow[ D:\wamp\www\lmeriPro\newLmeri\source\application\api\controller\Order.php ]
[ info ] [ DB ] INIT mysql
[ info ] [ CACHE ] INIT File
[ info ] [ LOG ] INIT File
---------------------------------------------------------------
[ 2019-08-04T23:09:55+08:00 ] 0.0.0.0 GET localhost/lmeriPro/newLmeri/web/index.php?s=/api/order/submitOrderShow/user_id/1/cart_ids/72123,72125,72126
[运行时间：0.156967s] [吞吐率：6.37req/s] [内存消耗：3,610.35kb] [文件加载：61]
[ info ] [ LANG ] D:\wamp\www\lmeriPro\newLmeri\source\thinkphp\lang\zh-cn.php
[ info ] [ ROUTE ] array (
  'type' => 'module',
  'module' => 
  array (
    0 => 'api',
    1 => 'order',
    2 => 'submitOrderShow',
  ),
)
[ info ] [ HEADER ] array (
  'host' => 'localhost',
  'connection' => 'keep-alive',
  'cache-control' => 'max-age=0',
  'upgrade-insecure-requests' => '1',
  'user-agent' => 'Mozilla/5.0 (Windows NT 10.0; WOW64) AppleWebKit/537.36 (KHTML, like Gecko) Chrome/74.0.3729.169 Safari/537.36',
  'accept' => 'text/html,application/xhtml+xml,application/xml;q=0.9,image/webp,image/apng,*/*;q=0.8,application/signed-exchange;v=b3',
  'accept-encoding' => 'gzip, deflate, br',
  'accept-language' => 'zh-CN,zh;q=0.9',
  'cookie' => 'ECS[visit_times]=40; PHPSESSID=i47tmpqq9b5d8rvjbbgbi10i07',
)
[ info ] [ PARAM ] array (
  'user_id' => '1',
  'cart_ids' => '72123,72125,72126',
)
[ info ] [ BEHAVIOR ] Run app\common\behavior\App @app_begin [ RunTime:0.000653s ]
[ info ] [ RUN ] app\api\controller\Order->submitOrderShow[ D:\wamp\www\lmeriPro\newLmeri\source\application\api\controller\Order.php ]
[ info ] [ DB ] INIT mysql
[ info ] [ CACHE ] INIT File
[ info ] [ LOG ] INIT File
