---------------------------------------------------------------
[ 2019-08-05T09:01:14+08:00 ] 0.0.0.0 GET localhost/lmeriPro/newLmeri/web/index.php?s=/api/order/submitOrderShow/user_id/1/cart_ids/72123,72125,72126
[运行时间：0.589430s] [吞吐率：1.70req/s] [内存消耗：3,283.67kb] [文件加载：53]
[ info ] [ LANG ] D:\wamp\www\lmeriPro\newLmeri\source\thinkphp\lang\zh-cn.php
[ info ] [ ROUTE ] array (
  'type' => 'module',
  'module' => 
  array (
    0 => 'api',
    1 => 'order',
    2 => 'submitOrderShow',
  ),
)
[ info ] [ HEADER ] array (
  'host' => 'localhost',
  'connection' => 'keep-alive',
  'cache-control' => 'max-age=0',
  'upgrade-insecure-requests' => '1',
  'user-agent' => 'Mozilla/5.0 (Windows NT 10.0; WOW64) AppleWebKit/537.36 (KHTML, like Gecko) Chrome/74.0.3729.169 Safari/537.36',
  'accept' => 'text/html,application/xhtml+xml,application/xml;q=0.9,image/webp,image/apng,*/*;q=0.8,application/signed-exchange;v=b3',
  'accept-encoding' => 'gzip, deflate, br',
  'accept-language' => 'zh-CN,zh;q=0.9',
  'cookie' => 'ECS[visit_times]=40; PHPSESSID=i47tmpqq9b5d8rvjbbgbi10i07',
)
[ info ] [ PARAM ] array (
  'user_id' => '1',
  'cart_ids' => '72123,72125,72126',
)
[ info ] [ BEHAVIOR ] Run app\common\behavior\App @app_begin [ RunTime:0.003588s ]
[ info ] [ RUN ] app\api\controller\Order->submitOrderShow[ D:\wamp\www\lmeriPro\newLmeri\source\application\api\controller\Order.php ]
[ info ] [ DB ] INIT mysql
[ info ] [ LOG ] INIT File
---------------------------------------------------------------
[ 2019-08-05T09:01:38+08:00 ] 0.0.0.0 GET localhost/lmeriPro/newLmeri/web/index.php?s=/api/order/submitOrderShow/user_id/1/cart_ids/72123,72125,72126
[运行时间：0.116698s] [吞吐率：8.57req/s] [内存消耗：3,283.72kb] [文件加载：53]
[ info ] [ LANG ] D:\wamp\www\lmeriPro\newLmeri\source\thinkphp\lang\zh-cn.php
[ info ] [ ROUTE ] array (
  'type' => 'module',
  'module' => 
  array (
    0 => 'api',
    1 => 'order',
    2 => 'submitOrderShow',
  ),
)
[ info ] [ HEADER ] array (
  'host' => 'localhost',
  'connection' => 'keep-alive',
  'cache-control' => 'max-age=0',
  'upgrade-insecure-requests' => '1',
  'user-agent' => 'Mozilla/5.0 (Windows NT 10.0; WOW64) AppleWebKit/537.36 (KHTML, like Gecko) Chrome/74.0.3729.169 Safari/537.36',
  'accept' => 'text/html,application/xhtml+xml,application/xml;q=0.9,image/webp,image/apng,*/*;q=0.8,application/signed-exchange;v=b3',
  'accept-encoding' => 'gzip, deflate, br',
  'accept-language' => 'zh-CN,zh;q=0.9',
  'cookie' => 'ECS[visit_times]=40; PHPSESSID=i47tmpqq9b5d8rvjbbgbi10i07',
)
[ info ] [ PARAM ] array (
  'user_id' => '1',
  'cart_ids' => '72123,72125,72126',
)
[ info ] [ BEHAVIOR ] Run app\common\behavior\App @app_begin [ RunTime:0.000608s ]
[ info ] [ RUN ] app\api\controller\Order->submitOrderShow[ D:\wamp\www\lmeriPro\newLmeri\source\application\api\controller\Order.php ]
[ info ] [ DB ] INIT mysql
[ info ] [ LOG ] INIT File
---------------------------------------------------------------
[ 2019-08-05T09:01:43+08:00 ] 0.0.0.0 GET localhost/lmeriPro/newLmeri/web/index.php?s=/api/order/submitOrderShow/user_id/1/cart_ids/72123,72125,72126
[运行时间：0.082681s] [吞吐率：12.09req/s] [内存消耗：3,283.72kb] [文件加载：53]
[ info ] [ LANG ] D:\wamp\www\lmeriPro\newLmeri\source\thinkphp\lang\zh-cn.php
[ info ] [ ROUTE ] array (
  'type' => 'module',
  'module' => 
  array (
    0 => 'api',
    1 => 'order',
    2 => 'submitOrderShow',
  ),
)
[ info ] [ HEADER ] array (
  'host' => 'localhost',
  'connection' => 'keep-alive',
  'cache-control' => 'max-age=0',
  'upgrade-insecure-requests' => '1',
  'user-agent' => 'Mozilla/5.0 (Windows NT 10.0; WOW64) AppleWebKit/537.36 (KHTML, like Gecko) Chrome/74.0.3729.169 Safari/537.36',
  'accept' => 'text/html,application/xhtml+xml,application/xml;q=0.9,image/webp,image/apng,*/*;q=0.8,application/signed-exchange;v=b3',
  'accept-encoding' => 'gzip, deflate, br',
  'accept-language' => 'zh-CN,zh;q=0.9',
  'cookie' => 'ECS[visit_times]=40; PHPSESSID=i47tmpqq9b5d8rvjbbgbi10i07',
)
[ info ] [ PARAM ] array (
  'user_id' => '1',
  'cart_ids' => '72123,72125,72126',
)
[ info ] [ BEHAVIOR ] Run app\common\behavior\App @app_begin [ RunTime:0.000363s ]
[ info ] [ RUN ] app\api\controller\Order->submitOrderShow[ D:\wamp\www\lmeriPro\newLmeri\source\application\api\controller\Order.php ]
[ info ] [ DB ] INIT mysql
[ info ] [ LOG ] INIT File
---------------------------------------------------------------
[ 2019-08-05T09:41:37+08:00 ] 0.0.0.0 GET localhost/lmeriPro/newLmeri/web/index.php?s=/api/order/submitOrderShow/user_id/1/cart_ids/72123,72125,72126
[运行时间：0.328523s] [吞吐率：3.04req/s] [内存消耗：3,612.90kb] [文件加载：61]
[ info ] [ LANG ] D:\wamp\www\lmeriPro\newLmeri\source\thinkphp\lang\zh-cn.php
[ info ] [ ROUTE ] array (
  'type' => 'module',
  'module' => 
  array (
    0 => 'api',
    1 => 'order',
    2 => 'submitOrderShow',
  ),
)
[ info ] [ HEADER ] array (
  'host' => 'localhost',
  'connection' => 'keep-alive',
  'cache-control' => 'max-age=0',
  'upgrade-insecure-requests' => '1',
  'user-agent' => 'Mozilla/5.0 (Windows NT 10.0; WOW64) AppleWebKit/537.36 (KHTML, like Gecko) Chrome/74.0.3729.169 Safari/537.36',
  'accept' => 'text/html,application/xhtml+xml,application/xml;q=0.9,image/webp,image/apng,*/*;q=0.8,application/signed-exchange;v=b3',
  'accept-encoding' => 'gzip, deflate, br',
  'accept-language' => 'zh-CN,zh;q=0.9',
  'cookie' => 'ECS[visit_times]=40; PHPSESSID=i47tmpqq9b5d8rvjbbgbi10i07',
)
[ info ] [ PARAM ] array (
  'user_id' => '1',
  'cart_ids' => '72123,72125,72126',
)
[ info ] [ BEHAVIOR ] Run app\common\behavior\App @app_begin [ RunTime:0.000645s ]
[ info ] [ RUN ] app\api\controller\Order->submitOrderShow[ D:\wamp\www\lmeriPro\newLmeri\source\application\api\controller\Order.php ]
[ info ] [ DB ] INIT mysql
[ info ] [ CACHE ] INIT File
[ info ] [ LOG ] INIT File
---------------------------------------------------------------
[ 2019-08-05T09:43:43+08:00 ] 0.0.0.0 GET localhost/lmeriPro/newLmeri/web/index.php?s=/api/order/submitOrderShow/user_id/1/cart_ids/72123,72125,72126
[运行时间：0.288705s] [吞吐率：3.46req/s] [内存消耗：3,651.02kb] [文件加载：65]
[ info ] [ LANG ] D:\wamp\www\lmeriPro\newLmeri\source\thinkphp\lang\zh-cn.php
[ info ] [ ROUTE ] array (
  'type' => 'module',
  'module' => 
  array (
    0 => 'api',
    1 => 'order',
    2 => 'submitOrderShow',
  ),
)
[ info ] [ HEADER ] array (
  'host' => 'localhost',
  'connection' => 'keep-alive',
  'cache-control' => 'max-age=0',
  'upgrade-insecure-requests' => '1',
  'user-agent' => 'Mozilla/5.0 (Windows NT 10.0; WOW64) AppleWebKit/537.36 (KHTML, like Gecko) Chrome/74.0.3729.169 Safari/537.36',
  'accept' => 'text/html,application/xhtml+xml,application/xml;q=0.9,image/webp,image/apng,*/*;q=0.8,application/signed-exchange;v=b3',
  'accept-encoding' => 'gzip, deflate, br',
  'accept-language' => 'zh-CN,zh;q=0.9',
  'cookie' => 'ECS[visit_times]=40; PHPSESSID=i47tmpqq9b5d8rvjbbgbi10i07',
)
[ info ] [ PARAM ] array (
  'user_id' => '1',
  'cart_ids' => '72123,72125,72126',
)
[ info ] [ BEHAVIOR ] Run app\common\behavior\App @app_begin [ RunTime:0.000517s ]
[ info ] [ RUN ] app\api\controller\Order->submitOrderShow[ D:\wamp\www\lmeriPro\newLmeri\source\application\api\controller\Order.php ]
[ info ] [ DB ] INIT mysql
[ info ] [ CACHE ] INIT File
[ info ] [ LOG ] INIT File
---------------------------------------------------------------
[ 2019-08-05T09:43:58+08:00 ] 0.0.0.0 GET localhost/lmeriPro/newLmeri/web/index.php?s=/api/order/submitOrderShow/user_id/1/cart_ids/72123,72125,72126
[运行时间：0.155335s] [吞吐率：6.44req/s] [内存消耗：3,613.24kb] [文件加载：61]
[ info ] [ LANG ] D:\wamp\www\lmeriPro\newLmeri\source\thinkphp\lang\zh-cn.php
[ info ] [ ROUTE ] array (
  'type' => 'module',
  'module' => 
  array (
    0 => 'api',
    1 => 'order',
    2 => 'submitOrderShow',
  ),
)
[ info ] [ HEADER ] array (
  'host' => 'localhost',
  'connection' => 'keep-alive',
  'cache-control' => 'max-age=0',
  'upgrade-insecure-requests' => '1',
  'user-agent' => 'Mozilla/5.0 (Windows NT 10.0; WOW64) AppleWebKit/537.36 (KHTML, like Gecko) Chrome/74.0.3729.169 Safari/537.36',
  'accept' => 'text/html,application/xhtml+xml,application/xml;q=0.9,image/webp,image/apng,*/*;q=0.8,application/signed-exchange;v=b3',
  'accept-encoding' => 'gzip, deflate, br',
  'accept-language' => 'zh-CN,zh;q=0.9',
  'cookie' => 'ECS[visit_times]=40; PHPSESSID=i47tmpqq9b5d8rvjbbgbi10i07',
)
[ info ] [ PARAM ] array (
  'user_id' => '1',
  'cart_ids' => '72123,72125,72126',
)
[ info ] [ BEHAVIOR ] Run app\common\behavior\App @app_begin [ RunTime:0.000558s ]
[ info ] [ RUN ] app\api\controller\Order->submitOrderShow[ D:\wamp\www\lmeriPro\newLmeri\source\application\api\controller\Order.php ]
[ info ] [ DB ] INIT mysql
[ info ] [ CACHE ] INIT File
[ info ] [ LOG ] INIT File
