---------------------------------------------------------------
[ 2019-08-05T09:01:14+08:00 ] 0.0.0.0 GET localhost/lmeriPro/newLmeri/web/index.php?s=/api/order/submitOrderShow/user_id/1/cart_ids/72123,72125,72126
[ sql ] [ DB ] CONNECT:[ UseTime:0.008993s ] mysql:host=127.0.0.1;port=3306;dbname=bspm711;charset=utf8
[ sql ] [ SQL ] SHOW COLUMNS FROM `bs_cart` [ RunTime:0.004583s ]
[ sql ] [ SQL ] SELECT * FROM `bs_cart` WHERE  `id` IN (72123,72125,72126) [ RunTime:0.028488s ]
[ sql ] [ SQL ] SHOW COLUMNS FROM `bs_fx_user` [ RunTime:0.003203s ]
[ sql ] [ SQL ] SELECT `fx_code`,`discount` FROM `bs_fx_user` `a` INNER JOIN `bs_fx_user_account` `b` ON `a`.`id`=`b`.`fx_user_id` WHERE  `b`.`user_id` = 29667 LIMIT 1 [ RunTime:0.052219s ]
[ sql ] [ SQL ] SHOW COLUMNS FROM `bs_store_point_site` [ RunTime:0.001582s ]
[ sql ] [ SQL ] SELECT `point_price` FROM `bs_store_point_site` WHERE  `store_id` = 76 LIMIT 1 [ RunTime:0.000804s ]
---------------------------------------------------------------
[ 2019-08-05T09:01:38+08:00 ] 0.0.0.0 GET localhost/lmeriPro/newLmeri/web/index.php?s=/api/order/submitOrderShow/user_id/1/cart_ids/72123,72125,72126
[ sql ] [ DB ] CONNECT:[ UseTime:0.001277s ] mysql:host=127.0.0.1;port=3306;dbname=bspm711;charset=utf8
[ sql ] [ SQL ] SHOW COLUMNS FROM `bs_cart` [ RunTime:0.008496s ]
[ sql ] [ SQL ] SELECT * FROM `bs_cart` WHERE  `id` IN (72123,72125,72126) [ RunTime:0.000923s ]
[ sql ] [ SQL ] SHOW COLUMNS FROM `bs_fx_user` [ RunTime:0.001239s ]
[ sql ] [ SQL ] SELECT `fx_code`,`discount` FROM `bs_fx_user` `a` INNER JOIN `bs_fx_user_account` `b` ON `a`.`id`=`b`.`fx_user_id` WHERE  `b`.`user_id` = 29667 LIMIT 1 [ RunTime:0.014444s ]
[ sql ] [ SQL ] SHOW COLUMNS FROM `bs_store_point_site` [ RunTime:0.004525s ]
[ sql ] [ SQL ] SELECT `point_price` FROM `bs_store_point_site` WHERE  `store_id` = 79 LIMIT 1 [ RunTime:0.001473s ]
---------------------------------------------------------------
[ 2019-08-05T09:01:43+08:00 ] 0.0.0.0 GET localhost/lmeriPro/newLmeri/web/index.php?s=/api/order/submitOrderShow/user_id/1/cart_ids/72123,72125,72126
[ sql ] [ DB ] CONNECT:[ UseTime:0.010642s ] mysql:host=127.0.0.1;port=3306;dbname=bspm711;charset=utf8
[ sql ] [ SQL ] SHOW COLUMNS FROM `bs_cart` [ RunTime:0.001505s ]
[ sql ] [ SQL ] SELECT * FROM `bs_cart` WHERE  `id` IN (72123,72125,72126) [ RunTime:0.001004s ]
[ sql ] [ SQL ] SHOW COLUMNS FROM `bs_fx_user` [ RunTime:0.001340s ]
[ sql ] [ SQL ] SELECT `fx_code`,`discount` FROM `bs_fx_user` `a` INNER JOIN `bs_fx_user_account` `b` ON `a`.`id`=`b`.`fx_user_id` WHERE  `b`.`user_id` = 29667 LIMIT 1 [ RunTime:0.008787s ]
[ sql ] [ SQL ] SHOW COLUMNS FROM `bs_store_point_site` [ RunTime:0.001202s ]
[ sql ] [ SQL ] SELECT `point_price` FROM `bs_store_point_site` WHERE  `store_id` = 72 LIMIT 1 [ RunTime:0.000569s ]
---------------------------------------------------------------
[ 2019-08-05T09:41:37+08:00 ] 0.0.0.0 GET localhost/lmeriPro/newLmeri/web/index.php?s=/api/order/submitOrderShow/user_id/1/cart_ids/72123,72125,72126
[ sql ] [ DB ] CONNECT:[ UseTime:0.002423s ] mysql:host=127.0.0.1;port=3306;dbname=bspm711;charset=utf8
[ sql ] [ SQL ] SHOW COLUMNS FROM `bs_cart` [ RunTime:0.001693s ]
[ sql ] [ SQL ] SELECT * FROM `bs_cart` WHERE  `id` IN (72123,72125,72126) [ RunTime:0.000973s ]
[ sql ] [ SQL ] SHOW COLUMNS FROM `bs_fx_user` [ RunTime:0.001006s ]
[ sql ] [ SQL ] SELECT `fx_code`,`discount` FROM `bs_fx_user` `a` INNER JOIN `bs_fx_user_account` `b` ON `a`.`id`=`b`.`fx_user_id` WHERE  `b`.`user_id` = 29667 LIMIT 1 [ RunTime:0.007958s ]
[ sql ] [ SQL ] SHOW COLUMNS FROM `bs_goods` [ RunTime:0.002117s ]
[ sql ] [ SQL ] SELECT `original_img` FROM `bs_goods` WHERE  `goods_id` = 947 [ RunTime:0.000876s ]
[ sql ] [ SQL ] SHOW COLUMNS FROM `bs_goods_spec_item_lang` [ RunTime:0.000927s ]
[ sql ] [ SQL ] SELECT group_concat(item_name separator ':') item_name FROM `bs_goods_spec_item_lang` WHERE  `item_id` IN (2074,2145,2149,2188)  AND `lang_id` = 29 LIMIT 1 [ RunTime:0.006565s ]
[ sql ] [ SQL ] SELECT `original_img` FROM `bs_goods` WHERE  `goods_id` = 947 [ RunTime:0.000441s ]
[ sql ] [ SQL ] SELECT group_concat(item_name separator ':') item_name FROM `bs_goods_spec_item_lang` WHERE  `item_id` IN (2074,2146,2149,2188)  AND `lang_id` = 29 LIMIT 1 [ RunTime:0.001569s ]
[ sql ] [ SQL ] SELECT `original_img` FROM `bs_goods` WHERE  `goods_id` = 2642 [ RunTime:0.000378s ]
[ sql ] [ SQL ] SELECT group_concat(item_name separator ':') item_name FROM `bs_goods_spec_item_lang` WHERE  `item_id` IN (2107)  AND `lang_id` = 29 LIMIT 1 [ RunTime:0.001408s ]
---------------------------------------------------------------
[ 2019-08-05T09:43:43+08:00 ] 0.0.0.0 GET localhost/lmeriPro/newLmeri/web/index.php?s=/api/order/submitOrderShow/user_id/1/cart_ids/72123,72125,72126
[ sql ] [ DB ] CONNECT:[ UseTime:0.001357s ] mysql:host=127.0.0.1;port=3306;dbname=bspm711;charset=utf8
[ sql ] [ SQL ] SHOW COLUMNS FROM `bs_cart` [ RunTime:0.001647s ]
[ sql ] [ SQL ] SELECT * FROM `bs_cart` WHERE  `id` IN (72123,72125,72126) [ RunTime:0.000975s ]
[ sql ] [ SQL ] SHOW COLUMNS FROM `bs_fx_user` [ RunTime:0.001313s ]
[ sql ] [ SQL ] SELECT `fx_code`,`discount` FROM `bs_fx_user` `a` INNER JOIN `bs_fx_user_account` `b` ON `a`.`id`=`b`.`fx_user_id` WHERE  `b`.`user_id` = 29667 LIMIT 1 [ RunTime:0.009318s ]
[ sql ] [ SQL ] SHOW COLUMNS FROM `bs_goods` [ RunTime:0.001257s ]
[ sql ] [ SQL ] SELECT `original_img` FROM `bs_goods` WHERE  `goods_id` = 947 [ RunTime:0.000604s ]
---------------------------------------------------------------
[ 2019-08-05T09:43:58+08:00 ] 0.0.0.0 GET localhost/lmeriPro/newLmeri/web/index.php?s=/api/order/submitOrderShow/user_id/1/cart_ids/72123,72125,72126
[ sql ] [ DB ] CONNECT:[ UseTime:0.001234s ] mysql:host=127.0.0.1;port=3306;dbname=bspm711;charset=utf8
[ sql ] [ SQL ] SHOW COLUMNS FROM `bs_cart` [ RunTime:0.001509s ]
[ sql ] [ SQL ] SELECT * FROM `bs_cart` WHERE  `id` IN (72123,72125,72126) [ RunTime:0.000890s ]
[ sql ] [ SQL ] SHOW COLUMNS FROM `bs_fx_user` [ RunTime:0.002597s ]
[ sql ] [ SQL ] SELECT `fx_code`,`discount` FROM `bs_fx_user` `a` INNER JOIN `bs_fx_user_account` `b` ON `a`.`id`=`b`.`fx_user_id` WHERE  `b`.`user_id` = 29667 LIMIT 1 [ RunTime:0.014836s ]
[ sql ] [ SQL ] SHOW COLUMNS FROM `bs_goods` [ RunTime:0.010633s ]
[ sql ] [ SQL ] SELECT `original_img` FROM `bs_goods` WHERE  `goods_id` = 947 [ RunTime:0.001878s ]
[ sql ] [ SQL ] SHOW COLUMNS FROM `bs_goods_spec_item_lang` [ RunTime:0.002783s ]
[ sql ] [ SQL ] SELECT group_concat(item_name separator ':') item_name FROM `bs_goods_spec_item_lang` WHERE  `item_id` IN (2074,2145,2149,2188)  AND `lang_id` = 29 LIMIT 1 [ RunTime:0.005955s ]
[ sql ] [ SQL ] SELECT `original_img` FROM `bs_goods` WHERE  `goods_id` = 947 [ RunTime:0.001390s ]
[ sql ] [ SQL ] SELECT group_concat(item_name separator ':') item_name FROM `bs_goods_spec_item_lang` WHERE  `item_id` IN (2074,2146,2149,2188)  AND `lang_id` = 29 LIMIT 1 [ RunTime:0.004572s ]
[ sql ] [ SQL ] SELECT `original_img` FROM `bs_goods` WHERE  `goods_id` = 2642 [ RunTime:0.001318s ]
[ sql ] [ SQL ] SELECT group_concat(item_name separator ':') item_name FROM `bs_goods_spec_item_lang` WHERE  `item_id` IN (2107)  AND `lang_id` = 29 LIMIT 1 [ RunTime:0.004405s ]
