---------------------------------------------------------------
[ 2019-07-31T09:08:13+08:00 ] 0.0.0.0 GET localhost/lmeriPro/newLmeri/web/index.php?s=/api
[运行时间：0.350687s] [吞吐率：2.85req/s] [内存消耗：1,488.66kb] [文件加载：36]
[ info ] [ LANG ] D:\wamp\www\lmeriPro\newLmeri\source\thinkphp\lang\zh-cn.php
[ info ] [ ROUTE ] array (
  'type' => 'module',
  'module' => 
  array (
    0 => 'api',
    1 => NULL,
    2 => NULL,
  ),
)
[ info ] [ HEADER ] array (
  'host' => 'localhost',
  'connection' => 'keep-alive',
  'cache-control' => 'max-age=0',
  'upgrade-insecure-requests' => '1',
  'user-agent' => 'Mozilla/5.0 (Windows NT 10.0; WOW64) AppleWebKit/537.36 (KHTML, like Gecko) Chrome/74.0.3729.169 Safari/537.36',
  'accept' => 'text/html,application/xhtml+xml,application/xml;q=0.9,image/webp,image/apng,*/*;q=0.8,application/signed-exchange;v=b3',
  'accept-encoding' => 'gzip, deflate, br',
  'accept-language' => 'zh-CN,zh;q=0.9',
  'cookie' => 'ECS[visit_times]=40; PHPSESSID=hpntv6bp7e8btu0bisaf4dfn34',
)
[ info ] [ PARAM ] array (
)
[ info ] [ BEHAVIOR ] Run app\common\behavior\App @app_begin [ RunTime:0.004840s ]
[ info ] [ LOG ] INIT File
---------------------------------------------------------------
[ 2019-07-31T09:08:27+08:00 ] 0.0.0.0 GET localhost/lmeriPro/newLmeri/web/index.php?s=/api/oreder/submitOrderShow
[运行时间：0.040189s] [吞吐率：24.88req/s] [内存消耗：1,488.35kb] [文件加载：36]
[ info ] [ LANG ] D:\wamp\www\lmeriPro\newLmeri\source\thinkphp\lang\zh-cn.php
[ info ] [ ROUTE ] array (
  'type' => 'module',
  'module' => 
  array (
    0 => 'api',
    1 => 'oreder',
    2 => 'submitOrderShow',
  ),
)
[ info ] [ HEADER ] array (
  'host' => 'localhost',
  'connection' => 'keep-alive',
  'upgrade-insecure-requests' => '1',
  'user-agent' => 'Mozilla/5.0 (Windows NT 10.0; WOW64) AppleWebKit/537.36 (KHTML, like Gecko) Chrome/74.0.3729.169 Safari/537.36',
  'accept' => 'text/html,application/xhtml+xml,application/xml;q=0.9,image/webp,image/apng,*/*;q=0.8,application/signed-exchange;v=b3',
  'accept-encoding' => 'gzip, deflate, br',
  'accept-language' => 'zh-CN,zh;q=0.9',
  'cookie' => 'ECS[visit_times]=40; PHPSESSID=hpntv6bp7e8btu0bisaf4dfn34',
)
[ info ] [ PARAM ] array (
)
[ info ] [ BEHAVIOR ] Run app\common\behavior\App @app_begin [ RunTime:0.000291s ]
[ info ] [ LOG ] INIT File
---------------------------------------------------------------
[ 2019-07-31T09:08:52+08:00 ] 0.0.0.0 GET localhost/lmeriPro/newLmeri/web/index.php?s=/api/oreder/submitOrderShow
[运行时间：0.021672s] [吞吐率：46.14req/s] [内存消耗：1,488.73kb] [文件加载：36]
[ info ] [ LANG ] D:\wamp\www\lmeriPro\newLmeri\source\thinkphp\lang\zh-cn.php
[ info ] [ ROUTE ] array (
  'type' => 'module',
  'module' => 
  array (
    0 => 'api',
    1 => 'oreder',
    2 => 'submitOrderShow',
  ),
)
[ info ] [ HEADER ] array (
  'host' => 'localhost',
  'connection' => 'keep-alive',
  'cache-control' => 'max-age=0',
  'upgrade-insecure-requests' => '1',
  'user-agent' => 'Mozilla/5.0 (Windows NT 10.0; WOW64) AppleWebKit/537.36 (KHTML, like Gecko) Chrome/74.0.3729.169 Safari/537.36',
  'accept' => 'text/html,application/xhtml+xml,application/xml;q=0.9,image/webp,image/apng,*/*;q=0.8,application/signed-exchange;v=b3',
  'accept-encoding' => 'gzip, deflate, br',
  'accept-language' => 'zh-CN,zh;q=0.9',
  'cookie' => 'ECS[visit_times]=40; PHPSESSID=hpntv6bp7e8btu0bisaf4dfn34',
)
[ info ] [ PARAM ] array (
)
[ info ] [ BEHAVIOR ] Run app\common\behavior\App @app_begin [ RunTime:0.000226s ]
[ info ] [ LOG ] INIT File
---------------------------------------------------------------
[ 2019-07-31T09:09:05+08:00 ] 0.0.0.0 GET localhost/lmeriPro/newLmeri/web/index.php?s=/api/Oreder/submitOrderShow
[运行时间：0.033985s] [吞吐率：29.42req/s] [内存消耗：1,488.35kb] [文件加载：36]
[ info ] [ LANG ] D:\wamp\www\lmeriPro\newLmeri\source\thinkphp\lang\zh-cn.php
[ info ] [ ROUTE ] array (
  'type' => 'module',
  'module' => 
  array (
    0 => 'api',
    1 => 'Oreder',
    2 => 'submitOrderShow',
  ),
)
[ info ] [ HEADER ] array (
  'host' => 'localhost',
  'connection' => 'keep-alive',
  'upgrade-insecure-requests' => '1',
  'user-agent' => 'Mozilla/5.0 (Windows NT 10.0; WOW64) AppleWebKit/537.36 (KHTML, like Gecko) Chrome/74.0.3729.169 Safari/537.36',
  'accept' => 'text/html,application/xhtml+xml,application/xml;q=0.9,image/webp,image/apng,*/*;q=0.8,application/signed-exchange;v=b3',
  'accept-encoding' => 'gzip, deflate, br',
  'accept-language' => 'zh-CN,zh;q=0.9',
  'cookie' => 'ECS[visit_times]=40; PHPSESSID=hpntv6bp7e8btu0bisaf4dfn34',
)
[ info ] [ PARAM ] array (
)
[ info ] [ BEHAVIOR ] Run app\common\behavior\App @app_begin [ RunTime:0.000183s ]
[ info ] [ LOG ] INIT File
---------------------------------------------------------------
[ 2019-07-31T09:09:08+08:00 ] 0.0.0.0 GET localhost/lmeriPro/newLmeri/web/index.php?s=/api/oreder/submitOrderShow
[运行时间：0.024105s] [吞吐率：41.49req/s] [内存消耗：1,488.35kb] [文件加载：36]
[ info ] [ LANG ] D:\wamp\www\lmeriPro\newLmeri\source\thinkphp\lang\zh-cn.php
[ info ] [ ROUTE ] array (
  'type' => 'module',
  'module' => 
  array (
    0 => 'api',
    1 => 'oreder',
    2 => 'submitOrderShow',
  ),
)
[ info ] [ HEADER ] array (
  'host' => 'localhost',
  'connection' => 'keep-alive',
  'upgrade-insecure-requests' => '1',
  'user-agent' => 'Mozilla/5.0 (Windows NT 10.0; WOW64) AppleWebKit/537.36 (KHTML, like Gecko) Chrome/74.0.3729.169 Safari/537.36',
  'accept' => 'text/html,application/xhtml+xml,application/xml;q=0.9,image/webp,image/apng,*/*;q=0.8,application/signed-exchange;v=b3',
  'accept-encoding' => 'gzip, deflate, br',
  'accept-language' => 'zh-CN,zh;q=0.9',
  'cookie' => 'ECS[visit_times]=40; PHPSESSID=hpntv6bp7e8btu0bisaf4dfn34',
)
[ info ] [ PARAM ] array (
)
[ info ] [ BEHAVIOR ] Run app\common\behavior\App @app_begin [ RunTime:0.000332s ]
[ info ] [ LOG ] INIT File
---------------------------------------------------------------
[ 2019-07-31T09:09:15+08:00 ] 0.0.0.0 GET localhost/lmeriPro/newLmeri/web/index.php?s=/api/order/submitOrderShow
[运行时间：0.129360s] [吞吐率：7.73req/s] [内存消耗：1,866.94kb] [文件加载：44]
[ info ] [ LANG ] D:\wamp\www\lmeriPro\newLmeri\source\thinkphp\lang\zh-cn.php
[ info ] [ ROUTE ] array (
  'type' => 'module',
  'module' => 
  array (
    0 => 'api',
    1 => 'order',
    2 => 'submitOrderShow',
  ),
)
[ info ] [ HEADER ] array (
  'host' => 'localhost',
  'connection' => 'keep-alive',
  'upgrade-insecure-requests' => '1',
  'user-agent' => 'Mozilla/5.0 (Windows NT 10.0; WOW64) AppleWebKit/537.36 (KHTML, like Gecko) Chrome/74.0.3729.169 Safari/537.36',
  'accept' => 'text/html,application/xhtml+xml,application/xml;q=0.9,image/webp,image/apng,*/*;q=0.8,application/signed-exchange;v=b3',
  'accept-encoding' => 'gzip, deflate, br',
  'accept-language' => 'zh-CN,zh;q=0.9',
  'cookie' => 'ECS[visit_times]=40; PHPSESSID=hpntv6bp7e8btu0bisaf4dfn34',
)
[ info ] [ PARAM ] array (
)
[ info ] [ BEHAVIOR ] Run app\common\behavior\App @app_begin [ RunTime:0.000261s ]
[ info ] [ LOG ] INIT File
---------------------------------------------------------------
[ 2019-07-31T09:10:36+08:00 ] 0.0.0.0 GET localhost/lmeriPro/newLmeri/web/index.php?s=/api/order/submitOrderShow
[运行时间：0.034649s] [吞吐率：28.86req/s] [内存消耗：1,837.54kb] [文件加载：42]
[ info ] [ LANG ] D:\wamp\www\lmeriPro\newLmeri\source\thinkphp\lang\zh-cn.php
[ info ] [ ROUTE ] array (
  'type' => 'module',
  'module' => 
  array (
    0 => 'api',
    1 => 'order',
    2 => 'submitOrderShow',
  ),
)
[ info ] [ HEADER ] array (
  'host' => 'localhost',
  'connection' => 'keep-alive',
  'cache-control' => 'max-age=0',
  'upgrade-insecure-requests' => '1',
  'user-agent' => 'Mozilla/5.0 (Windows NT 10.0; WOW64) AppleWebKit/537.36 (KHTML, like Gecko) Chrome/74.0.3729.169 Safari/537.36',
  'accept' => 'text/html,application/xhtml+xml,application/xml;q=0.9,image/webp,image/apng,*/*;q=0.8,application/signed-exchange;v=b3',
  'accept-encoding' => 'gzip, deflate, br',
  'accept-language' => 'zh-CN,zh;q=0.9',
  'cookie' => 'ECS[visit_times]=40; PHPSESSID=hpntv6bp7e8btu0bisaf4dfn34',
)
[ info ] [ PARAM ] array (
)
[ info ] [ BEHAVIOR ] Run app\common\behavior\App @app_begin [ RunTime:0.000516s ]
[ info ] [ LOG ] INIT File
---------------------------------------------------------------
[ 2019-07-31T09:11:25+08:00 ] 0.0.0.0 GET localhost/lmeriPro/newLmeri/web/index.php?s=/api/order/submitOrderShow/user_id/1
[运行时间：0.042415s] [吞吐率：23.58req/s] [内存消耗：1,837.37kb] [文件加载：42]
[ info ] [ LANG ] D:\wamp\www\lmeriPro\newLmeri\source\thinkphp\lang\zh-cn.php
[ info ] [ ROUTE ] array (
  'type' => 'module',
  'module' => 
  array (
    0 => 'api',
    1 => 'order',
    2 => 'submitOrderShow',
  ),
)
[ info ] [ HEADER ] array (
  'host' => 'localhost',
  'connection' => 'keep-alive',
  'upgrade-insecure-requests' => '1',
  'user-agent' => 'Mozilla/5.0 (Windows NT 10.0; WOW64) AppleWebKit/537.36 (KHTML, like Gecko) Chrome/74.0.3729.169 Safari/537.36',
  'accept' => 'text/html,application/xhtml+xml,application/xml;q=0.9,image/webp,image/apng,*/*;q=0.8,application/signed-exchange;v=b3',
  'accept-encoding' => 'gzip, deflate, br',
  'accept-language' => 'zh-CN,zh;q=0.9',
  'cookie' => 'ECS[visit_times]=40; PHPSESSID=hpntv6bp7e8btu0bisaf4dfn34',
)
[ info ] [ PARAM ] array (
  'user_id' => '1',
)
[ info ] [ BEHAVIOR ] Run app\common\behavior\App @app_begin [ RunTime:0.000343s ]
[ info ] [ LOG ] INIT File
---------------------------------------------------------------
[ 2019-07-31T09:11:37+08:00 ] 0.0.0.0 GET localhost/lmeriPro/newLmeri/web/index.php?s=/api/order/submitOrderShow/user_id/1/cart_ids/2
[运行时间：0.200971s] [吞吐率：4.98req/s] [内存消耗：3,339.58kb] [文件加载：55]
[ info ] [ LANG ] D:\wamp\www\lmeriPro\newLmeri\source\thinkphp\lang\zh-cn.php
[ info ] [ ROUTE ] array (
  'type' => 'module',
  'module' => 
  array (
    0 => 'api',
    1 => 'order',
    2 => 'submitOrderShow',
  ),
)
[ info ] [ HEADER ] array (
  'host' => 'localhost',
  'connection' => 'keep-alive',
  'upgrade-insecure-requests' => '1',
  'user-agent' => 'Mozilla/5.0 (Windows NT 10.0; WOW64) AppleWebKit/537.36 (KHTML, like Gecko) Chrome/74.0.3729.169 Safari/537.36',
  'accept' => 'text/html,application/xhtml+xml,application/xml;q=0.9,image/webp,image/apng,*/*;q=0.8,application/signed-exchange;v=b3',
  'accept-encoding' => 'gzip, deflate, br',
  'accept-language' => 'zh-CN,zh;q=0.9',
  'cookie' => 'ECS[visit_times]=40; PHPSESSID=hpntv6bp7e8btu0bisaf4dfn34',
)
[ info ] [ PARAM ] array (
  'user_id' => '1',
  'cart_ids' => '2',
)
[ info ] [ BEHAVIOR ] Run app\common\behavior\App @app_begin [ RunTime:0.000197s ]
[ info ] [ RUN ] app\api\controller\Order->submitOrderShow[ D:\wamp\www\lmeriPro\newLmeri\source\application\api\controller\Order.php ]
[ info ] [ DB ] INIT mysql
[ info ] [ LOG ] INIT File
---------------------------------------------------------------
[ 2019-07-31T09:15:43+08:00 ] 0.0.0.0 GET localhost/lmeriPro/newLmeri/web/index.php?s=/api/order/submitOrderShow/user_id/1/cart_ids/2
[运行时间：0.041312s] [吞吐率：24.21req/s] [内存消耗：3,285.41kb] [文件加载：54]
[ info ] [ LANG ] D:\wamp\www\lmeriPro\newLmeri\source\thinkphp\lang\zh-cn.php
[ info ] [ ROUTE ] array (
  'type' => 'module',
  'module' => 
  array (
    0 => 'api',
    1 => 'order',
    2 => 'submitOrderShow',
  ),
)
[ info ] [ HEADER ] array (
  'host' => 'localhost',
  'connection' => 'keep-alive',
  'cache-control' => 'max-age=0',
  'upgrade-insecure-requests' => '1',
  'user-agent' => 'Mozilla/5.0 (Windows NT 10.0; WOW64) AppleWebKit/537.36 (KHTML, like Gecko) Chrome/74.0.3729.169 Safari/537.36',
  'accept' => 'text/html,application/xhtml+xml,application/xml;q=0.9,image/webp,image/apng,*/*;q=0.8,application/signed-exchange;v=b3',
  'accept-encoding' => 'gzip, deflate, br',
  'accept-language' => 'zh-CN,zh;q=0.9',
  'cookie' => 'ECS[visit_times]=40; PHPSESSID=hpntv6bp7e8btu0bisaf4dfn34',
)
[ info ] [ PARAM ] array (
  'user_id' => '1',
  'cart_ids' => '2',
)
[ info ] [ BEHAVIOR ] Run app\common\behavior\App @app_begin [ RunTime:0.000916s ]
[ info ] [ RUN ] app\api\controller\Order->submitOrderShow[ D:\wamp\www\lmeriPro\newLmeri\source\application\api\controller\Order.php ]
[ info ] [ DB ] INIT mysql
[ info ] [ LOG ] INIT File
---------------------------------------------------------------
[ 2019-07-31T09:15:48+08:00 ] 0.0.0.0 GET localhost/lmeriPro/newLmeri/web/index.php?s=/api/order/submitOrderShow/user_id/1/cart_ids/2
[运行时间：0.031458s] [吞吐率：31.79req/s] [内存消耗：3,130.27kb] [文件加载：47]
[ info ] [ LANG ] D:\wamp\www\lmeriPro\newLmeri\source\thinkphp\lang\zh-cn.php
[ info ] [ ROUTE ] array (
  'type' => 'module',
  'module' => 
  array (
    0 => 'api',
    1 => 'order',
    2 => 'submitOrderShow',
  ),
)
[ info ] [ HEADER ] array (
  'host' => 'localhost',
  'connection' => 'keep-alive',
  'cache-control' => 'max-age=0',
  'upgrade-insecure-requests' => '1',
  'user-agent' => 'Mozilla/5.0 (Windows NT 10.0; WOW64) AppleWebKit/537.36 (KHTML, like Gecko) Chrome/74.0.3729.169 Safari/537.36',
  'accept' => 'text/html,application/xhtml+xml,application/xml;q=0.9,image/webp,image/apng,*/*;q=0.8,application/signed-exchange;v=b3',
  'accept-encoding' => 'gzip, deflate, br',
  'accept-language' => 'zh-CN,zh;q=0.9',
  'cookie' => 'ECS[visit_times]=40; PHPSESSID=hpntv6bp7e8btu0bisaf4dfn34',
)
[ info ] [ PARAM ] array (
  'user_id' => '1',
  'cart_ids' => '2',
)
[ info ] [ BEHAVIOR ] Run app\common\behavior\App @app_begin [ RunTime:0.000445s ]
[ info ] [ RUN ] app\api\controller\Order->submitOrderShow[ D:\wamp\www\lmeriPro\newLmeri\source\application\api\controller\Order.php ]
[ info ] [ DB ] INIT mysql
[ info ] [ LOG ] INIT File
---------------------------------------------------------------
[ 2019-07-31T09:33:10+08:00 ] 0.0.0.0 GET localhost/lmeriPro/newLmeri/web/index.php?s=/api/order/submitOrderShow/user_id/1/cart_ids/2
[运行时间：0.038787s] [吞吐率：25.78req/s] [内存消耗：1,907.13kb] [文件加载：45]
[ info ] [ LANG ] D:\wamp\www\lmeriPro\newLmeri\source\thinkphp\lang\zh-cn.php
[ info ] [ ROUTE ] array (
  'type' => 'module',
  'module' => 
  array (
    0 => 'api',
    1 => 'order',
    2 => 'submitOrderShow',
  ),
)
[ info ] [ HEADER ] array (
  'host' => 'localhost',
  'connection' => 'keep-alive',
  'cache-control' => 'max-age=0',
  'upgrade-insecure-requests' => '1',
  'user-agent' => 'Mozilla/5.0 (Windows NT 10.0; WOW64) AppleWebKit/537.36 (KHTML, like Gecko) Chrome/74.0.3729.169 Safari/537.36',
  'accept' => 'text/html,application/xhtml+xml,application/xml;q=0.9,image/webp,image/apng,*/*;q=0.8,application/signed-exchange;v=b3',
  'accept-encoding' => 'gzip, deflate, br',
  'accept-language' => 'zh-CN,zh;q=0.9',
  'cookie' => 'ECS[visit_times]=40; PHPSESSID=hpntv6bp7e8btu0bisaf4dfn34',
)
[ info ] [ PARAM ] array (
  'user_id' => '1',
  'cart_ids' => '2',
)
[ info ] [ BEHAVIOR ] Run app\common\behavior\App @app_begin [ RunTime:0.000338s ]
[ info ] [ RUN ] app\api\controller\Order->submitOrderShow[ D:\wamp\www\lmeriPro\newLmeri\source\application\api\controller\Order.php ]
[ info ] [ LOG ] INIT File
---------------------------------------------------------------
[ 2019-07-31T09:39:13+08:00 ] 0.0.0.0 GET localhost/lmeriPro/newLmeri/web/index.php?s=/api/order/submitOrderShow/user_id/1/cart_ids/2
[运行时间：0.029904s] [吞吐率：33.44req/s] [内存消耗：1,907.13kb] [文件加载：45]
[ info ] [ LANG ] D:\wamp\www\lmeriPro\newLmeri\source\thinkphp\lang\zh-cn.php
[ info ] [ ROUTE ] array (
  'type' => 'module',
  'module' => 
  array (
    0 => 'api',
    1 => 'order',
    2 => 'submitOrderShow',
  ),
)
[ info ] [ HEADER ] array (
  'host' => 'localhost',
  'connection' => 'keep-alive',
  'cache-control' => 'max-age=0',
  'upgrade-insecure-requests' => '1',
  'user-agent' => 'Mozilla/5.0 (Windows NT 10.0; WOW64) AppleWebKit/537.36 (KHTML, like Gecko) Chrome/74.0.3729.169 Safari/537.36',
  'accept' => 'text/html,application/xhtml+xml,application/xml;q=0.9,image/webp,image/apng,*/*;q=0.8,application/signed-exchange;v=b3',
  'accept-encoding' => 'gzip, deflate, br',
  'accept-language' => 'zh-CN,zh;q=0.9',
  'cookie' => 'ECS[visit_times]=40; PHPSESSID=hpntv6bp7e8btu0bisaf4dfn34',
)
[ info ] [ PARAM ] array (
  'user_id' => '1',
  'cart_ids' => '2',
)
[ info ] [ BEHAVIOR ] Run app\common\behavior\App @app_begin [ RunTime:0.000319s ]
[ info ] [ RUN ] app\api\controller\Order->submitOrderShow[ D:\wamp\www\lmeriPro\newLmeri\source\application\api\controller\Order.php ]
[ info ] [ LOG ] INIT File
---------------------------------------------------------------
[ 2019-07-31T09:47:19+08:00 ] 0.0.0.0 GET localhost/lmeriPro/newLmeri/web/index.php?s=/api/order/submitOrderShow/user_id/1/cart_ids/2
[运行时间：0.045063s] [吞吐率：22.19req/s] [内存消耗：1,907.13kb] [文件加载：45]
[ info ] [ LANG ] D:\wamp\www\lmeriPro\newLmeri\source\thinkphp\lang\zh-cn.php
[ info ] [ ROUTE ] array (
  'type' => 'module',
  'module' => 
  array (
    0 => 'api',
    1 => 'order',
    2 => 'submitOrderShow',
  ),
)
[ info ] [ HEADER ] array (
  'host' => 'localhost',
  'connection' => 'keep-alive',
  'cache-control' => 'max-age=0',
  'upgrade-insecure-requests' => '1',
  'user-agent' => 'Mozilla/5.0 (Windows NT 10.0; WOW64) AppleWebKit/537.36 (KHTML, like Gecko) Chrome/74.0.3729.169 Safari/537.36',
  'accept' => 'text/html,application/xhtml+xml,application/xml;q=0.9,image/webp,image/apng,*/*;q=0.8,application/signed-exchange;v=b3',
  'accept-encoding' => 'gzip, deflate, br',
  'accept-language' => 'zh-CN,zh;q=0.9',
  'cookie' => 'ECS[visit_times]=40; PHPSESSID=hpntv6bp7e8btu0bisaf4dfn34',
)
[ info ] [ PARAM ] array (
  'user_id' => '1',
  'cart_ids' => '2',
)
[ info ] [ BEHAVIOR ] Run app\common\behavior\App @app_begin [ RunTime:0.000352s ]
[ info ] [ RUN ] app\api\controller\Order->submitOrderShow[ D:\wamp\www\lmeriPro\newLmeri\source\application\api\controller\Order.php ]
[ info ] [ LOG ] INIT File
---------------------------------------------------------------
[ 2019-07-31T10:09:07+08:00 ] 0.0.0.0 GET localhost/lmeriPro/newLmeri/web/index.php?s=/api/order/submitOrderShow/user_id/1/cart_ids/2
[运行时间：0.031224s] [吞吐率：32.03req/s] [内存消耗：1,697.30kb] [文件加载：37]
[ info ] [ LANG ] D:\wamp\www\lmeriPro\newLmeri\source\thinkphp\lang\zh-cn.php
[ info ] [ ROUTE ] array (
  'type' => 'module',
  'module' => 
  array (
    0 => 'api',
    1 => 'order',
    2 => 'submitOrderShow',
  ),
)
[ info ] [ HEADER ] array (
  'host' => 'localhost',
  'connection' => 'keep-alive',
  'cache-control' => 'max-age=0',
  'upgrade-insecure-requests' => '1',
  'user-agent' => 'Mozilla/5.0 (Windows NT 10.0; WOW64) AppleWebKit/537.36 (KHTML, like Gecko) Chrome/74.0.3729.169 Safari/537.36',
  'accept' => 'text/html,application/xhtml+xml,application/xml;q=0.9,image/webp,image/apng,*/*;q=0.8,application/signed-exchange;v=b3',
  'accept-encoding' => 'gzip, deflate, br',
  'accept-language' => 'zh-CN,zh;q=0.9',
  'cookie' => 'ECS[visit_times]=40; PHPSESSID=hpntv6bp7e8btu0bisaf4dfn34',
)
[ info ] [ PARAM ] array (
  'user_id' => '1',
  'cart_ids' => '2',
)
[ info ] [ BEHAVIOR ] Run app\common\behavior\App @app_begin [ RunTime:0.000334s ]
[ info ] [ RUN ] app\api\controller\Order->submitOrderShow[ D:\wamp\www\lmeriPro\newLmeri\source\application\api\controller\Order.php ]
[ info ] [ LOG ] INIT File
---------------------------------------------------------------
[ 2019-07-31T10:26:41+08:00 ] 0.0.0.0 GET localhost/lmeriPro/newLmeri/web/index.php?s=/api/order/submitOrderShow/user_id/1/cart_ids/71987
[运行时间：0.031840s] [吞吐率：31.41req/s] [内存消耗：1,697.04kb] [文件加载：37]
[ info ] [ LANG ] D:\wamp\www\lmeriPro\newLmeri\source\thinkphp\lang\zh-cn.php
[ info ] [ ROUTE ] array (
  'type' => 'module',
  'module' => 
  array (
    0 => 'api',
    1 => 'order',
    2 => 'submitOrderShow',
  ),
)
[ info ] [ HEADER ] array (
  'host' => 'localhost',
  'connection' => 'keep-alive',
  'upgrade-insecure-requests' => '1',
  'user-agent' => 'Mozilla/5.0 (Windows NT 10.0; WOW64) AppleWebKit/537.36 (KHTML, like Gecko) Chrome/74.0.3729.169 Safari/537.36',
  'accept' => 'text/html,application/xhtml+xml,application/xml;q=0.9,image/webp,image/apng,*/*;q=0.8,application/signed-exchange;v=b3',
  'accept-encoding' => 'gzip, deflate, br',
  'accept-language' => 'zh-CN,zh;q=0.9',
  'cookie' => 'ECS[visit_times]=40; PHPSESSID=hpntv6bp7e8btu0bisaf4dfn34',
)
[ info ] [ PARAM ] array (
  'user_id' => '1',
  'cart_ids' => '71987',
)
[ info ] [ BEHAVIOR ] Run app\common\behavior\App @app_begin [ RunTime:0.000735s ]
[ info ] [ RUN ] app\api\controller\Order->submitOrderShow[ D:\wamp\www\lmeriPro\newLmeri\source\application\api\controller\Order.php ]
[ info ] [ LOG ] INIT File
---------------------------------------------------------------
[ 2019-07-31T13:17:27+08:00 ] 0.0.0.0 GET localhost/lmeriPro/newLmeri/web/index.php?s=/api/order/submitOrderShow/user_id/1/cart_ids/71987
[运行时间：0.441524s] [吞吐率：2.26req/s] [内存消耗：1,917.16kb] [文件加载：45]
[ info ] [ LANG ] D:\wamp\www\lmeriPro\newLmeri\source\thinkphp\lang\zh-cn.php
[ info ] [ ROUTE ] array (
  'type' => 'module',
  'module' => 
  array (
    0 => 'api',
    1 => 'order',
    2 => 'submitOrderShow',
  ),
)
[ info ] [ HEADER ] array (
  'host' => 'localhost',
  'connection' => 'keep-alive',
  'cache-control' => 'max-age=0',
  'upgrade-insecure-requests' => '1',
  'user-agent' => 'Mozilla/5.0 (Windows NT 10.0; WOW64) AppleWebKit/537.36 (KHTML, like Gecko) Chrome/74.0.3729.169 Safari/537.36',
  'accept' => 'text/html,application/xhtml+xml,application/xml;q=0.9,image/webp,image/apng,*/*;q=0.8,application/signed-exchange;v=b3',
  'accept-encoding' => 'gzip, deflate, br',
  'accept-language' => 'zh-CN,zh;q=0.9',
  'cookie' => 'ECS[visit_times]=40; PHPSESSID=hpntv6bp7e8btu0bisaf4dfn34',
)
[ info ] [ PARAM ] array (
  'user_id' => '1',
  'cart_ids' => '71987',
)
[ info ] [ BEHAVIOR ] Run app\common\behavior\App @app_begin [ RunTime:0.001673s ]
[ info ] [ RUN ] app\api\controller\Order->submitOrderShow[ D:\wamp\www\lmeriPro\newLmeri\source\application\api\controller\Order.php ]
[ info ] [ LOG ] INIT File
---------------------------------------------------------------
[ 2019-07-31T13:18:08+08:00 ] 0.0.0.0 GET localhost/lmeriPro/newLmeri/web/index.php?s=/api/order/submitOrderShow/user_id/1/cart_ids/71987
[运行时间：0.033250s] [吞吐率：30.08req/s] [内存消耗：1,917.13kb] [文件加载：45]
[ info ] [ LANG ] D:\wamp\www\lmeriPro\newLmeri\source\thinkphp\lang\zh-cn.php
[ info ] [ ROUTE ] array (
  'type' => 'module',
  'module' => 
  array (
    0 => 'api',
    1 => 'order',
    2 => 'submitOrderShow',
  ),
)
[ info ] [ HEADER ] array (
  'host' => 'localhost',
  'connection' => 'keep-alive',
  'cache-control' => 'max-age=0',
  'upgrade-insecure-requests' => '1',
  'user-agent' => 'Mozilla/5.0 (Windows NT 10.0; WOW64) AppleWebKit/537.36 (KHTML, like Gecko) Chrome/74.0.3729.169 Safari/537.36',
  'accept' => 'text/html,application/xhtml+xml,application/xml;q=0.9,image/webp,image/apng,*/*;q=0.8,application/signed-exchange;v=b3',
  'accept-encoding' => 'gzip, deflate, br',
  'accept-language' => 'zh-CN,zh;q=0.9',
  'cookie' => 'ECS[visit_times]=40; PHPSESSID=hpntv6bp7e8btu0bisaf4dfn34',
)
[ info ] [ PARAM ] array (
  'user_id' => '1',
  'cart_ids' => '71987',
)
[ info ] [ BEHAVIOR ] Run app\common\behavior\App @app_begin [ RunTime:0.000322s ]
[ info ] [ RUN ] app\api\controller\Order->submitOrderShow[ D:\wamp\www\lmeriPro\newLmeri\source\application\api\controller\Order.php ]
[ info ] [ LOG ] INIT File
---------------------------------------------------------------
[ 2019-07-31T13:24:24+08:00 ] 0.0.0.0 GET localhost/lmeriPro/newLmeri/web/index.php?s=/api/order/submitOrderShow/user_id/1/cart_ids/71987
[运行时间：0.031943s] [吞吐率：31.31req/s] [内存消耗：2,347.09kb] [文件加载：48]
[ info ] [ LANG ] D:\wamp\www\lmeriPro\newLmeri\source\thinkphp\lang\zh-cn.php
[ info ] [ ROUTE ] array (
  'type' => 'module',
  'module' => 
  array (
    0 => 'api',
    1 => 'order',
    2 => 'submitOrderShow',
  ),
)
[ info ] [ HEADER ] array (
  'host' => 'localhost',
  'connection' => 'keep-alive',
  'cache-control' => 'max-age=0',
  'upgrade-insecure-requests' => '1',
  'user-agent' => 'Mozilla/5.0 (Windows NT 10.0; WOW64) AppleWebKit/537.36 (KHTML, like Gecko) Chrome/74.0.3729.169 Safari/537.36',
  'accept' => 'text/html,application/xhtml+xml,application/xml;q=0.9,image/webp,image/apng,*/*;q=0.8,application/signed-exchange;v=b3',
  'accept-encoding' => 'gzip, deflate, br',
  'accept-language' => 'zh-CN,zh;q=0.9',
  'cookie' => 'ECS[visit_times]=40; PHPSESSID=hpntv6bp7e8btu0bisaf4dfn34',
)
[ info ] [ PARAM ] array (
  'user_id' => '1',
  'cart_ids' => '71987',
)
[ info ] [ BEHAVIOR ] Run app\common\behavior\App @app_begin [ RunTime:0.000328s ]
[ info ] [ RUN ] app\api\controller\Order->submitOrderShow[ D:\wamp\www\lmeriPro\newLmeri\source\application\api\controller\Order.php ]
[ info ] [ LOG ] INIT File
---------------------------------------------------------------
[ 2019-07-31T13:24:39+08:00 ] 0.0.0.0 GET localhost/lmeriPro/newLmeri/web/index.php?s=/api/order/submitOrderShow/user_id/1/cart_ids/71987
[运行时间：0.043044s] [吞吐率：23.23req/s] [内存消耗：2,347.13kb] [文件加载：48]
[ info ] [ LANG ] D:\wamp\www\lmeriPro\newLmeri\source\thinkphp\lang\zh-cn.php
[ info ] [ ROUTE ] array (
  'type' => 'module',
  'module' => 
  array (
    0 => 'api',
    1 => 'order',
    2 => 'submitOrderShow',
  ),
)
[ info ] [ HEADER ] array (
  'host' => 'localhost',
  'connection' => 'keep-alive',
  'cache-control' => 'max-age=0',
  'upgrade-insecure-requests' => '1',
  'user-agent' => 'Mozilla/5.0 (Windows NT 10.0; WOW64) AppleWebKit/537.36 (KHTML, like Gecko) Chrome/74.0.3729.169 Safari/537.36',
  'accept' => 'text/html,application/xhtml+xml,application/xml;q=0.9,image/webp,image/apng,*/*;q=0.8,application/signed-exchange;v=b3',
  'accept-encoding' => 'gzip, deflate, br',
  'accept-language' => 'zh-CN,zh;q=0.9',
  'cookie' => 'ECS[visit_times]=40; PHPSESSID=hpntv6bp7e8btu0bisaf4dfn34',
)
[ info ] [ PARAM ] array (
  'user_id' => '1',
  'cart_ids' => '71987',
)
[ info ] [ BEHAVIOR ] Run app\common\behavior\App @app_begin [ RunTime:0.000331s ]
[ info ] [ RUN ] app\api\controller\Order->submitOrderShow[ D:\wamp\www\lmeriPro\newLmeri\source\application\api\controller\Order.php ]
[ info ] [ LOG ] INIT File
---------------------------------------------------------------
[ 2019-07-31T13:25:06+08:00 ] 0.0.0.0 GET localhost/lmeriPro/newLmeri/web/index.php?s=/api/order/submitOrderShow/user_id/1/cart_ids/71987
[运行时间：0.035926s] [吞吐率：27.83req/s] [内存消耗：2,347.13kb] [文件加载：48]
[ info ] [ LANG ] D:\wamp\www\lmeriPro\newLmeri\source\thinkphp\lang\zh-cn.php
[ info ] [ ROUTE ] array (
  'type' => 'module',
  'module' => 
  array (
    0 => 'api',
    1 => 'order',
    2 => 'submitOrderShow',
  ),
)
[ info ] [ HEADER ] array (
  'host' => 'localhost',
  'connection' => 'keep-alive',
  'cache-control' => 'max-age=0',
  'upgrade-insecure-requests' => '1',
  'user-agent' => 'Mozilla/5.0 (Windows NT 10.0; WOW64) AppleWebKit/537.36 (KHTML, like Gecko) Chrome/74.0.3729.169 Safari/537.36',
  'accept' => 'text/html,application/xhtml+xml,application/xml;q=0.9,image/webp,image/apng,*/*;q=0.8,application/signed-exchange;v=b3',
  'accept-encoding' => 'gzip, deflate, br',
  'accept-language' => 'zh-CN,zh;q=0.9',
  'cookie' => 'ECS[visit_times]=40; PHPSESSID=hpntv6bp7e8btu0bisaf4dfn34',
)
[ info ] [ PARAM ] array (
  'user_id' => '1',
  'cart_ids' => '71987',
)
[ info ] [ BEHAVIOR ] Run app\common\behavior\App @app_begin [ RunTime:0.000258s ]
[ info ] [ RUN ] app\api\controller\Order->submitOrderShow[ D:\wamp\www\lmeriPro\newLmeri\source\application\api\controller\Order.php ]
[ info ] [ LOG ] INIT File
---------------------------------------------------------------
[ 2019-07-31T13:25:33+08:00 ] 0.0.0.0 GET localhost/lmeriPro/newLmeri/web/index.php?s=/api/order/submitOrderShow/user_id/1/cart_ids/71987
[运行时间：0.199922s] [吞吐率：5.00req/s] [内存消耗：3,046.02kb] [文件加载：47]
[ info ] [ LANG ] D:\wamp\www\lmeriPro\newLmeri\source\thinkphp\lang\zh-cn.php
[ info ] [ ROUTE ] array (
  'type' => 'module',
  'module' => 
  array (
    0 => 'api',
    1 => 'order',
    2 => 'submitOrderShow',
  ),
)
[ info ] [ HEADER ] array (
  'host' => 'localhost',
  'connection' => 'keep-alive',
  'cache-control' => 'max-age=0',
  'upgrade-insecure-requests' => '1',
  'user-agent' => 'Mozilla/5.0 (Windows NT 10.0; WOW64) AppleWebKit/537.36 (KHTML, like Gecko) Chrome/74.0.3729.169 Safari/537.36',
  'accept' => 'text/html,application/xhtml+xml,application/xml;q=0.9,image/webp,image/apng,*/*;q=0.8,application/signed-exchange;v=b3',
  'accept-encoding' => 'gzip, deflate, br',
  'accept-language' => 'zh-CN,zh;q=0.9',
  'cookie' => 'ECS[visit_times]=40; PHPSESSID=hpntv6bp7e8btu0bisaf4dfn34',
)
[ info ] [ PARAM ] array (
  'user_id' => '1',
  'cart_ids' => '71987',
)
[ info ] [ BEHAVIOR ] Run app\common\behavior\App @app_begin [ RunTime:0.000191s ]
[ info ] [ RUN ] app\api\controller\Order->submitOrderShow[ D:\wamp\www\lmeriPro\newLmeri\source\application\api\controller\Order.php ]
[ info ] [ DB ] INIT mysql
[ info ] [ LOG ] INIT File
---------------------------------------------------------------
[ 2019-07-31T13:25:49+08:00 ] 0.0.0.0 GET localhost/lmeriPro/newLmeri/web/index.php?s=/api/order/submitOrderShow/user_id/1/cart_ids/71987
[运行时间：0.044631s] [吞吐率：22.41req/s] [内存消耗：3,043.58kb] [文件加载：47]
[ info ] [ LANG ] D:\wamp\www\lmeriPro\newLmeri\source\thinkphp\lang\zh-cn.php
[ info ] [ ROUTE ] array (
  'type' => 'module',
  'module' => 
  array (
    0 => 'api',
    1 => 'order',
    2 => 'submitOrderShow',
  ),
)
[ info ] [ HEADER ] array (
  'host' => 'localhost',
  'connection' => 'keep-alive',
  'cache-control' => 'max-age=0',
  'upgrade-insecure-requests' => '1',
  'user-agent' => 'Mozilla/5.0 (Windows NT 10.0; WOW64) AppleWebKit/537.36 (KHTML, like Gecko) Chrome/74.0.3729.169 Safari/537.36',
  'accept' => 'text/html,application/xhtml+xml,application/xml;q=0.9,image/webp,image/apng,*/*;q=0.8,application/signed-exchange;v=b3',
  'accept-encoding' => 'gzip, deflate, br',
  'accept-language' => 'zh-CN,zh;q=0.9',
  'cookie' => 'ECS[visit_times]=40; PHPSESSID=hpntv6bp7e8btu0bisaf4dfn34',
)
[ info ] [ PARAM ] array (
  'user_id' => '1',
  'cart_ids' => '71987',
)
[ info ] [ BEHAVIOR ] Run app\common\behavior\App @app_begin [ RunTime:0.000197s ]
[ info ] [ RUN ] app\api\controller\Order->submitOrderShow[ D:\wamp\www\lmeriPro\newLmeri\source\application\api\controller\Order.php ]
[ info ] [ DB ] INIT mysql
[ info ] [ LOG ] INIT File
---------------------------------------------------------------
[ 2019-07-31T13:26:00+08:00 ] 0.0.0.0 GET localhost/lmeriPro/newLmeri/web/index.php?s=/api/order/submitOrderShow/user_id/1/cart_ids/71987
[运行时间：0.194875s] [吞吐率：5.13req/s] [内存消耗：3,208.53kb] [文件加载：54]
[ info ] [ LANG ] D:\wamp\www\lmeriPro\newLmeri\source\thinkphp\lang\zh-cn.php
[ info ] [ ROUTE ] array (
  'type' => 'module',
  'module' => 
  array (
    0 => 'api',
    1 => 'order',
    2 => 'submitOrderShow',
  ),
)
[ info ] [ HEADER ] array (
  'host' => 'localhost',
  'connection' => 'keep-alive',
  'cache-control' => 'max-age=0',
  'upgrade-insecure-requests' => '1',
  'user-agent' => 'Mozilla/5.0 (Windows NT 10.0; WOW64) AppleWebKit/537.36 (KHTML, like Gecko) Chrome/74.0.3729.169 Safari/537.36',
  'accept' => 'text/html,application/xhtml+xml,application/xml;q=0.9,image/webp,image/apng,*/*;q=0.8,application/signed-exchange;v=b3',
  'accept-encoding' => 'gzip, deflate, br',
  'accept-language' => 'zh-CN,zh;q=0.9',
  'cookie' => 'ECS[visit_times]=40; PHPSESSID=hpntv6bp7e8btu0bisaf4dfn34',
)
[ info ] [ PARAM ] array (
  'user_id' => '1',
  'cart_ids' => '71987',
)
[ info ] [ BEHAVIOR ] Run app\common\behavior\App @app_begin [ RunTime:0.000178s ]
[ info ] [ RUN ] app\api\controller\Order->submitOrderShow[ D:\wamp\www\lmeriPro\newLmeri\source\application\api\controller\Order.php ]
[ info ] [ DB ] INIT mysql
[ info ] [ LOG ] INIT File
---------------------------------------------------------------
[ 2019-07-31T13:26:06+08:00 ] 0.0.0.0 GET localhost/lmeriPro/newLmeri/web/index.php?s=/api/order/submitOrderShow/user_id/1/cart_ids/71987
[运行时间：0.041777s] [吞吐率：23.94req/s] [内存消耗：3,208.57kb] [文件加载：54]
[ info ] [ LANG ] D:\wamp\www\lmeriPro\newLmeri\source\thinkphp\lang\zh-cn.php
[ info ] [ ROUTE ] array (
  'type' => 'module',
  'module' => 
  array (
    0 => 'api',
    1 => 'order',
    2 => 'submitOrderShow',
  ),
)
[ info ] [ HEADER ] array (
  'host' => 'localhost',
  'connection' => 'keep-alive',
  'cache-control' => 'max-age=0',
  'upgrade-insecure-requests' => '1',
  'user-agent' => 'Mozilla/5.0 (Windows NT 10.0; WOW64) AppleWebKit/537.36 (KHTML, like Gecko) Chrome/74.0.3729.169 Safari/537.36',
  'accept' => 'text/html,application/xhtml+xml,application/xml;q=0.9,image/webp,image/apng,*/*;q=0.8,application/signed-exchange;v=b3',
  'accept-encoding' => 'gzip, deflate, br',
  'accept-language' => 'zh-CN,zh;q=0.9',
  'cookie' => 'ECS[visit_times]=40; PHPSESSID=hpntv6bp7e8btu0bisaf4dfn34',
)
[ info ] [ PARAM ] array (
  'user_id' => '1',
  'cart_ids' => '71987',
)
[ info ] [ BEHAVIOR ] Run app\common\behavior\App @app_begin [ RunTime:0.000203s ]
[ info ] [ RUN ] app\api\controller\Order->submitOrderShow[ D:\wamp\www\lmeriPro\newLmeri\source\application\api\controller\Order.php ]
[ info ] [ DB ] INIT mysql
[ info ] [ LOG ] INIT File
---------------------------------------------------------------
[ 2019-07-31T13:27:21+08:00 ] 0.0.0.0 GET localhost/lmeriPro/newLmeri/web/index.php?s=/api/order/submitOrderShow/user_id/1/cart_ids/71987
[运行时间：0.053551s] [吞吐率：18.67req/s] [内存消耗：3,042.13kb] [文件加载：47]
[ info ] [ LANG ] D:\wamp\www\lmeriPro\newLmeri\source\thinkphp\lang\zh-cn.php
[ info ] [ ROUTE ] array (
  'type' => 'module',
  'module' => 
  array (
    0 => 'api',
    1 => 'order',
    2 => 'submitOrderShow',
  ),
)
[ info ] [ HEADER ] array (
  'host' => 'localhost',
  'connection' => 'keep-alive',
  'cache-control' => 'max-age=0',
  'upgrade-insecure-requests' => '1',
  'user-agent' => 'Mozilla/5.0 (Windows NT 10.0; WOW64) AppleWebKit/537.36 (KHTML, like Gecko) Chrome/74.0.3729.169 Safari/537.36',
  'accept' => 'text/html,application/xhtml+xml,application/xml;q=0.9,image/webp,image/apng,*/*;q=0.8,application/signed-exchange;v=b3',
  'accept-encoding' => 'gzip, deflate, br',
  'accept-language' => 'zh-CN,zh;q=0.9',
  'cookie' => 'ECS[visit_times]=40; PHPSESSID=hpntv6bp7e8btu0bisaf4dfn34',
)
[ info ] [ PARAM ] array (
  'user_id' => '1',
  'cart_ids' => '71987',
)
[ info ] [ BEHAVIOR ] Run app\common\behavior\App @app_begin [ RunTime:0.000380s ]
[ info ] [ RUN ] app\api\controller\Order->submitOrderShow[ D:\wamp\www\lmeriPro\newLmeri\source\application\api\controller\Order.php ]
[ info ] [ DB ] INIT mysql
[ info ] [ LOG ] INIT File
---------------------------------------------------------------
[ 2019-07-31T13:31:14+08:00 ] 0.0.0.0 GET localhost/lmeriPro/newLmeri/web/index.php?s=/api/order/submitOrderShow/user_id/1/cart_ids/71987
[运行时间：0.058435s] [吞吐率：17.11req/s] [内存消耗：3,046.02kb] [文件加载：47]
[ info ] [ LANG ] D:\wamp\www\lmeriPro\newLmeri\source\thinkphp\lang\zh-cn.php
[ info ] [ ROUTE ] array (
  'type' => 'module',
  'module' => 
  array (
    0 => 'api',
    1 => 'order',
    2 => 'submitOrderShow',
  ),
)
[ info ] [ HEADER ] array (
  'host' => 'localhost',
  'connection' => 'keep-alive',
  'cache-control' => 'max-age=0',
  'upgrade-insecure-requests' => '1',
  'user-agent' => 'Mozilla/5.0 (Windows NT 10.0; WOW64) AppleWebKit/537.36 (KHTML, like Gecko) Chrome/74.0.3729.169 Safari/537.36',
  'accept' => 'text/html,application/xhtml+xml,application/xml;q=0.9,image/webp,image/apng,*/*;q=0.8,application/signed-exchange;v=b3',
  'accept-encoding' => 'gzip, deflate, br',
  'accept-language' => 'zh-CN,zh;q=0.9',
  'cookie' => 'ECS[visit_times]=40; PHPSESSID=hpntv6bp7e8btu0bisaf4dfn34',
)
[ info ] [ PARAM ] array (
  'user_id' => '1',
  'cart_ids' => '71987',
)
[ info ] [ BEHAVIOR ] Run app\common\behavior\App @app_begin [ RunTime:0.000378s ]
[ info ] [ RUN ] app\api\controller\Order->submitOrderShow[ D:\wamp\www\lmeriPro\newLmeri\source\application\api\controller\Order.php ]
[ info ] [ DB ] INIT mysql
[ info ] [ LOG ] INIT File
---------------------------------------------------------------
[ 2019-07-31T13:31:40+08:00 ] 0.0.0.0 GET localhost/lmeriPro/newLmeri/web/index.php?s=/api/order/submitOrderShow/user_id/1/cart_ids/71987
[运行时间：0.039780s] [吞吐率：25.14req/s] [内存消耗：3,046.02kb] [文件加载：47]
[ info ] [ LANG ] D:\wamp\www\lmeriPro\newLmeri\source\thinkphp\lang\zh-cn.php
[ info ] [ ROUTE ] array (
  'type' => 'module',
  'module' => 
  array (
    0 => 'api',
    1 => 'order',
    2 => 'submitOrderShow',
  ),
)
[ info ] [ HEADER ] array (
  'host' => 'localhost',
  'connection' => 'keep-alive',
  'cache-control' => 'max-age=0',
  'upgrade-insecure-requests' => '1',
  'user-agent' => 'Mozilla/5.0 (Windows NT 10.0; WOW64) AppleWebKit/537.36 (KHTML, like Gecko) Chrome/74.0.3729.169 Safari/537.36',
  'accept' => 'text/html,application/xhtml+xml,application/xml;q=0.9,image/webp,image/apng,*/*;q=0.8,application/signed-exchange;v=b3',
  'accept-encoding' => 'gzip, deflate, br',
  'accept-language' => 'zh-CN,zh;q=0.9',
  'cookie' => 'ECS[visit_times]=40; PHPSESSID=hpntv6bp7e8btu0bisaf4dfn34',
)
[ info ] [ PARAM ] array (
  'user_id' => '1',
  'cart_ids' => '71987',
)
[ info ] [ BEHAVIOR ] Run app\common\behavior\App @app_begin [ RunTime:0.000293s ]
[ info ] [ RUN ] app\api\controller\Order->submitOrderShow[ D:\wamp\www\lmeriPro\newLmeri\source\application\api\controller\Order.php ]
[ info ] [ DB ] INIT mysql
[ info ] [ LOG ] INIT File
---------------------------------------------------------------
[ 2019-07-31T13:31:48+08:00 ] 0.0.0.0 GET localhost/lmeriPro/newLmeri/web/index.php?s=/api/order/submitOrderShow/user_id/1/cart_ids/71987
[运行时间：0.064546s] [吞吐率：15.49req/s] [内存消耗：3,208.58kb] [文件加载：54]
[ info ] [ LANG ] D:\wamp\www\lmeriPro\newLmeri\source\thinkphp\lang\zh-cn.php
[ info ] [ ROUTE ] array (
  'type' => 'module',
  'module' => 
  array (
    0 => 'api',
    1 => 'order',
    2 => 'submitOrderShow',
  ),
)
[ info ] [ HEADER ] array (
  'host' => 'localhost',
  'connection' => 'keep-alive',
  'cache-control' => 'max-age=0',
  'upgrade-insecure-requests' => '1',
  'user-agent' => 'Mozilla/5.0 (Windows NT 10.0; WOW64) AppleWebKit/537.36 (KHTML, like Gecko) Chrome/74.0.3729.169 Safari/537.36',
  'accept' => 'text/html,application/xhtml+xml,application/xml;q=0.9,image/webp,image/apng,*/*;q=0.8,application/signed-exchange;v=b3',
  'accept-encoding' => 'gzip, deflate, br',
  'accept-language' => 'zh-CN,zh;q=0.9',
  'cookie' => 'ECS[visit_times]=40; PHPSESSID=hpntv6bp7e8btu0bisaf4dfn34',
)
[ info ] [ PARAM ] array (
  'user_id' => '1',
  'cart_ids' => '71987',
)
[ info ] [ BEHAVIOR ] Run app\common\behavior\App @app_begin [ RunTime:0.000255s ]
[ info ] [ RUN ] app\api\controller\Order->submitOrderShow[ D:\wamp\www\lmeriPro\newLmeri\source\application\api\controller\Order.php ]
[ info ] [ DB ] INIT mysql
[ info ] [ LOG ] INIT File
---------------------------------------------------------------
[ 2019-07-31T13:32:16+08:00 ] 0.0.0.0 GET localhost/lmeriPro/newLmeri/web/index.php?s=/api/order/submitOrderShow/user_id/1/cart_ids/71987
[运行时间：0.051043s] [吞吐率：19.59req/s] [内存消耗：3,042.43kb] [文件加载：47]
[ info ] [ LANG ] D:\wamp\www\lmeriPro\newLmeri\source\thinkphp\lang\zh-cn.php
[ info ] [ ROUTE ] array (
  'type' => 'module',
  'module' => 
  array (
    0 => 'api',
    1 => 'order',
    2 => 'submitOrderShow',
  ),
)
[ info ] [ HEADER ] array (
  'host' => 'localhost',
  'connection' => 'keep-alive',
  'cache-control' => 'max-age=0',
  'upgrade-insecure-requests' => '1',
  'user-agent' => 'Mozilla/5.0 (Windows NT 10.0; WOW64) AppleWebKit/537.36 (KHTML, like Gecko) Chrome/74.0.3729.169 Safari/537.36',
  'accept' => 'text/html,application/xhtml+xml,application/xml;q=0.9,image/webp,image/apng,*/*;q=0.8,application/signed-exchange;v=b3',
  'accept-encoding' => 'gzip, deflate, br',
  'accept-language' => 'zh-CN,zh;q=0.9',
  'cookie' => 'ECS[visit_times]=40; PHPSESSID=hpntv6bp7e8btu0bisaf4dfn34',
)
[ info ] [ PARAM ] array (
  'user_id' => '1',
  'cart_ids' => '71987',
)
[ info ] [ BEHAVIOR ] Run app\common\behavior\App @app_begin [ RunTime:0.000262s ]
[ info ] [ RUN ] app\api\controller\Order->submitOrderShow[ D:\wamp\www\lmeriPro\newLmeri\source\application\api\controller\Order.php ]
[ info ] [ DB ] INIT mysql
[ info ] [ LOG ] INIT File
---------------------------------------------------------------
[ 2019-07-31T13:32:45+08:00 ] 0.0.0.0 GET localhost/lmeriPro/newLmeri/web/index.php?s=/api/order/submitOrderShow/user_id/1/cart_ids/71987
[运行时间：0.051723s] [吞吐率：19.33req/s] [内存消耗：3,208.50kb] [文件加载：54]
[ info ] [ LANG ] D:\wamp\www\lmeriPro\newLmeri\source\thinkphp\lang\zh-cn.php
[ info ] [ ROUTE ] array (
  'type' => 'module',
  'module' => 
  array (
    0 => 'api',
    1 => 'order',
    2 => 'submitOrderShow',
  ),
)
[ info ] [ HEADER ] array (
  'host' => 'localhost',
  'connection' => 'keep-alive',
  'cache-control' => 'max-age=0',
  'upgrade-insecure-requests' => '1',
  'user-agent' => 'Mozilla/5.0 (Windows NT 10.0; WOW64) AppleWebKit/537.36 (KHTML, like Gecko) Chrome/74.0.3729.169 Safari/537.36',
  'accept' => 'text/html,application/xhtml+xml,application/xml;q=0.9,image/webp,image/apng,*/*;q=0.8,application/signed-exchange;v=b3',
  'accept-encoding' => 'gzip, deflate, br',
  'accept-language' => 'zh-CN,zh;q=0.9',
  'cookie' => 'ECS[visit_times]=40; PHPSESSID=hpntv6bp7e8btu0bisaf4dfn34',
)
[ info ] [ PARAM ] array (
  'user_id' => '1',
  'cart_ids' => '71987',
)
[ info ] [ BEHAVIOR ] Run app\common\behavior\App @app_begin [ RunTime:0.000193s ]
[ info ] [ RUN ] app\api\controller\Order->submitOrderShow[ D:\wamp\www\lmeriPro\newLmeri\source\application\api\controller\Order.php ]
[ info ] [ DB ] INIT mysql
[ info ] [ LOG ] INIT File
---------------------------------------------------------------
[ 2019-07-31T13:32:58+08:00 ] 0.0.0.0 GET localhost/lmeriPro/newLmeri/web/index.php?s=/api/order/submitOrderShow/user_id/1/cart_ids/71987
[运行时间：0.051608s] [吞吐率：19.38req/s] [内存消耗：3,046.84kb] [文件加载：47]
[ info ] [ LANG ] D:\wamp\www\lmeriPro\newLmeri\source\thinkphp\lang\zh-cn.php
[ info ] [ ROUTE ] array (
  'type' => 'module',
  'module' => 
  array (
    0 => 'api',
    1 => 'order',
    2 => 'submitOrderShow',
  ),
)
[ info ] [ HEADER ] array (
  'host' => 'localhost',
  'connection' => 'keep-alive',
  'cache-control' => 'max-age=0',
  'upgrade-insecure-requests' => '1',
  'user-agent' => 'Mozilla/5.0 (Windows NT 10.0; WOW64) AppleWebKit/537.36 (KHTML, like Gecko) Chrome/74.0.3729.169 Safari/537.36',
  'accept' => 'text/html,application/xhtml+xml,application/xml;q=0.9,image/webp,image/apng,*/*;q=0.8,application/signed-exchange;v=b3',
  'accept-encoding' => 'gzip, deflate, br',
  'accept-language' => 'zh-CN,zh;q=0.9',
  'cookie' => 'ECS[visit_times]=40; PHPSESSID=hpntv6bp7e8btu0bisaf4dfn34',
)
[ info ] [ PARAM ] array (
  'user_id' => '1',
  'cart_ids' => '71987',
)
[ info ] [ BEHAVIOR ] Run app\common\behavior\App @app_begin [ RunTime:0.000229s ]
[ info ] [ RUN ] app\api\controller\Order->submitOrderShow[ D:\wamp\www\lmeriPro\newLmeri\source\application\api\controller\Order.php ]
[ info ] [ DB ] INIT mysql
[ info ] [ LOG ] INIT File
---------------------------------------------------------------
[ 2019-07-31T13:35:03+08:00 ] 0.0.0.0 GET localhost/lmeriPro/newLmeri/web/index.php?s=/api/order/submitOrderShow/user_id/1/cart_ids/71987
[运行时间：0.046308s] [吞吐率：21.59req/s] [内存消耗：3,047.08kb] [文件加载：47]
[ info ] [ LANG ] D:\wamp\www\lmeriPro\newLmeri\source\thinkphp\lang\zh-cn.php
[ info ] [ ROUTE ] array (
  'type' => 'module',
  'module' => 
  array (
    0 => 'api',
    1 => 'order',
    2 => 'submitOrderShow',
  ),
)
[ info ] [ HEADER ] array (
  'host' => 'localhost',
  'connection' => 'keep-alive',
  'cache-control' => 'max-age=0',
  'upgrade-insecure-requests' => '1',
  'user-agent' => 'Mozilla/5.0 (Windows NT 10.0; WOW64) AppleWebKit/537.36 (KHTML, like Gecko) Chrome/74.0.3729.169 Safari/537.36',
  'accept' => 'text/html,application/xhtml+xml,application/xml;q=0.9,image/webp,image/apng,*/*;q=0.8,application/signed-exchange;v=b3',
  'accept-encoding' => 'gzip, deflate, br',
  'accept-language' => 'zh-CN,zh;q=0.9',
  'cookie' => 'ECS[visit_times]=40; PHPSESSID=hpntv6bp7e8btu0bisaf4dfn34',
)
[ info ] [ PARAM ] array (
  'user_id' => '1',
  'cart_ids' => '71987',
)
[ info ] [ BEHAVIOR ] Run app\common\behavior\App @app_begin [ RunTime:0.000338s ]
[ info ] [ RUN ] app\api\controller\Order->submitOrderShow[ D:\wamp\www\lmeriPro\newLmeri\source\application\api\controller\Order.php ]
[ info ] [ DB ] INIT mysql
[ info ] [ LOG ] INIT File
---------------------------------------------------------------
[ 2019-07-31T13:36:45+08:00 ] 0.0.0.0 GET localhost/lmeriPro/newLmeri/web/index.php?s=/api/order/submitOrderShow/user_id/1/cart_ids/71987
[运行时间：0.044310s] [吞吐率：22.57req/s] [内存消耗：3,047.05kb] [文件加载：47]
[ info ] [ LANG ] D:\wamp\www\lmeriPro\newLmeri\source\thinkphp\lang\zh-cn.php
[ info ] [ ROUTE ] array (
  'type' => 'module',
  'module' => 
  array (
    0 => 'api',
    1 => 'order',
    2 => 'submitOrderShow',
  ),
)
[ info ] [ HEADER ] array (
  'host' => 'localhost',
  'connection' => 'keep-alive',
  'cache-control' => 'max-age=0',
  'upgrade-insecure-requests' => '1',
  'user-agent' => 'Mozilla/5.0 (Windows NT 10.0; WOW64) AppleWebKit/537.36 (KHTML, like Gecko) Chrome/74.0.3729.169 Safari/537.36',
  'accept' => 'text/html,application/xhtml+xml,application/xml;q=0.9,image/webp,image/apng,*/*;q=0.8,application/signed-exchange;v=b3',
  'accept-encoding' => 'gzip, deflate, br',
  'accept-language' => 'zh-CN,zh;q=0.9',
  'cookie' => 'ECS[visit_times]=40; PHPSESSID=hpntv6bp7e8btu0bisaf4dfn34',
)
[ info ] [ PARAM ] array (
  'user_id' => '1',
  'cart_ids' => '71987',
)
[ info ] [ BEHAVIOR ] Run app\common\behavior\App @app_begin [ RunTime:0.000302s ]
[ info ] [ RUN ] app\api\controller\Order->submitOrderShow[ D:\wamp\www\lmeriPro\newLmeri\source\application\api\controller\Order.php ]
[ info ] [ DB ] INIT mysql
[ info ] [ LOG ] INIT File
---------------------------------------------------------------
[ 2019-07-31T13:36:50+08:00 ] 0.0.0.0 GET localhost/lmeriPro/newLmeri/web/index.php?s=/api/order/submitOrderShow/user_id/1/cart_ids/71987
[运行时间：0.048795s] [吞吐率：20.49req/s] [内存消耗：3,047.05kb] [文件加载：47]
[ info ] [ LANG ] D:\wamp\www\lmeriPro\newLmeri\source\thinkphp\lang\zh-cn.php
[ info ] [ ROUTE ] array (
  'type' => 'module',
  'module' => 
  array (
    0 => 'api',
    1 => 'order',
    2 => 'submitOrderShow',
  ),
)
[ info ] [ HEADER ] array (
  'host' => 'localhost',
  'connection' => 'keep-alive',
  'cache-control' => 'max-age=0',
  'upgrade-insecure-requests' => '1',
  'user-agent' => 'Mozilla/5.0 (Windows NT 10.0; WOW64) AppleWebKit/537.36 (KHTML, like Gecko) Chrome/74.0.3729.169 Safari/537.36',
  'accept' => 'text/html,application/xhtml+xml,application/xml;q=0.9,image/webp,image/apng,*/*;q=0.8,application/signed-exchange;v=b3',
  'accept-encoding' => 'gzip, deflate, br',
  'accept-language' => 'zh-CN,zh;q=0.9',
  'cookie' => 'ECS[visit_times]=40; PHPSESSID=hpntv6bp7e8btu0bisaf4dfn34',
)
[ info ] [ PARAM ] array (
  'user_id' => '1',
  'cart_ids' => '71987',
)
[ info ] [ BEHAVIOR ] Run app\common\behavior\App @app_begin [ RunTime:0.000258s ]
[ info ] [ RUN ] app\api\controller\Order->submitOrderShow[ D:\wamp\www\lmeriPro\newLmeri\source\application\api\controller\Order.php ]
[ info ] [ DB ] INIT mysql
[ info ] [ LOG ] INIT File
---------------------------------------------------------------
[ 2019-07-31T13:36:58+08:00 ] 0.0.0.0 GET localhost/lmeriPro/newLmeri/web/index.php?s=/api/order/submitOrderShow/user_id/1/cart_ids/71987
[运行时间：0.064452s] [吞吐率：15.52req/s] [内存消耗：3,044.95kb] [文件加载：47]
[ info ] [ LANG ] D:\wamp\www\lmeriPro\newLmeri\source\thinkphp\lang\zh-cn.php
[ info ] [ ROUTE ] array (
  'type' => 'module',
  'module' => 
  array (
    0 => 'api',
    1 => 'order',
    2 => 'submitOrderShow',
  ),
)
[ info ] [ HEADER ] array (
  'host' => 'localhost',
  'connection' => 'keep-alive',
  'cache-control' => 'max-age=0',
  'upgrade-insecure-requests' => '1',
  'user-agent' => 'Mozilla/5.0 (Windows NT 10.0; WOW64) AppleWebKit/537.36 (KHTML, like Gecko) Chrome/74.0.3729.169 Safari/537.36',
  'accept' => 'text/html,application/xhtml+xml,application/xml;q=0.9,image/webp,image/apng,*/*;q=0.8,application/signed-exchange;v=b3',
  'accept-encoding' => 'gzip, deflate, br',
  'accept-language' => 'zh-CN,zh;q=0.9',
  'cookie' => 'ECS[visit_times]=40; PHPSESSID=hpntv6bp7e8btu0bisaf4dfn34',
)
[ info ] [ PARAM ] array (
  'user_id' => '1',
  'cart_ids' => '71987',
)
[ info ] [ BEHAVIOR ] Run app\common\behavior\App @app_begin [ RunTime:0.000181s ]
[ info ] [ RUN ] app\api\controller\Order->submitOrderShow[ D:\wamp\www\lmeriPro\newLmeri\source\application\api\controller\Order.php ]
[ info ] [ DB ] INIT mysql
[ info ] [ LOG ] INIT File
---------------------------------------------------------------
[ 2019-07-31T13:40:31+08:00 ] 0.0.0.0 GET localhost/lmeriPro/newLmeri/web/index.php?s=/api/order/submitOrderShow/user_id/1/cart_ids/71987
[运行时间：0.056741s] [吞吐率：17.62req/s] [内存消耗：3,049.70kb] [文件加载：47]
[ info ] [ LANG ] D:\wamp\www\lmeriPro\newLmeri\source\thinkphp\lang\zh-cn.php
[ info ] [ ROUTE ] array (
  'type' => 'module',
  'module' => 
  array (
    0 => 'api',
    1 => 'order',
    2 => 'submitOrderShow',
  ),
)
[ info ] [ HEADER ] array (
  'host' => 'localhost',
  'connection' => 'keep-alive',
  'cache-control' => 'max-age=0',
  'upgrade-insecure-requests' => '1',
  'user-agent' => 'Mozilla/5.0 (Windows NT 10.0; WOW64) AppleWebKit/537.36 (KHTML, like Gecko) Chrome/74.0.3729.169 Safari/537.36',
  'accept' => 'text/html,application/xhtml+xml,application/xml;q=0.9,image/webp,image/apng,*/*;q=0.8,application/signed-exchange;v=b3',
  'accept-encoding' => 'gzip, deflate, br',
  'accept-language' => 'zh-CN,zh;q=0.9',
  'cookie' => 'ECS[visit_times]=40; PHPSESSID=hpntv6bp7e8btu0bisaf4dfn34',
)
[ info ] [ PARAM ] array (
  'user_id' => '1',
  'cart_ids' => '71987',
)
[ info ] [ BEHAVIOR ] Run app\common\behavior\App @app_begin [ RunTime:0.000326s ]
[ info ] [ RUN ] app\api\controller\Order->submitOrderShow[ D:\wamp\www\lmeriPro\newLmeri\source\application\api\controller\Order.php ]
[ info ] [ DB ] INIT mysql
[ info ] [ LOG ] INIT File
---------------------------------------------------------------
[ 2019-07-31T13:43:26+08:00 ] 0.0.0.0 GET localhost/lmeriPro/newLmeri/web/index.php?s=/api/order/submitOrderShow/user_id/1/cart_ids/71987
[运行时间：0.073396s] [吞吐率：13.62req/s] [内存消耗：3,049.70kb] [文件加载：47]
[ info ] [ LANG ] D:\wamp\www\lmeriPro\newLmeri\source\thinkphp\lang\zh-cn.php
[ info ] [ ROUTE ] array (
  'type' => 'module',
  'module' => 
  array (
    0 => 'api',
    1 => 'order',
    2 => 'submitOrderShow',
  ),
)
[ info ] [ HEADER ] array (
  'host' => 'localhost',
  'connection' => 'keep-alive',
  'cache-control' => 'max-age=0',
  'upgrade-insecure-requests' => '1',
  'user-agent' => 'Mozilla/5.0 (Windows NT 10.0; WOW64) AppleWebKit/537.36 (KHTML, like Gecko) Chrome/74.0.3729.169 Safari/537.36',
  'accept' => 'text/html,application/xhtml+xml,application/xml;q=0.9,image/webp,image/apng,*/*;q=0.8,application/signed-exchange;v=b3',
  'accept-encoding' => 'gzip, deflate, br',
  'accept-language' => 'zh-CN,zh;q=0.9',
  'cookie' => 'ECS[visit_times]=40; PHPSESSID=hpntv6bp7e8btu0bisaf4dfn34',
)
[ info ] [ PARAM ] array (
  'user_id' => '1',
  'cart_ids' => '71987',
)
[ info ] [ BEHAVIOR ] Run app\common\behavior\App @app_begin [ RunTime:0.000303s ]
[ info ] [ RUN ] app\api\controller\Order->submitOrderShow[ D:\wamp\www\lmeriPro\newLmeri\source\application\api\controller\Order.php ]
[ info ] [ DB ] INIT mysql
[ info ] [ LOG ] INIT File
---------------------------------------------------------------
[ 2019-07-31T13:43:58+08:00 ] 0.0.0.0 GET localhost/lmeriPro/newLmeri/web/index.php?s=/api/order/submitOrderShow/user_id/1/cart_ids/72211
[运行时间：0.054801s] [吞吐率：18.25req/s] [内存消耗：3,049.40kb] [文件加载：47]
[ info ] [ LANG ] D:\wamp\www\lmeriPro\newLmeri\source\thinkphp\lang\zh-cn.php
[ info ] [ ROUTE ] array (
  'type' => 'module',
  'module' => 
  array (
    0 => 'api',
    1 => 'order',
    2 => 'submitOrderShow',
  ),
)
[ info ] [ HEADER ] array (
  'host' => 'localhost',
  'connection' => 'keep-alive',
  'upgrade-insecure-requests' => '1',
  'user-agent' => 'Mozilla/5.0 (Windows NT 10.0; WOW64) AppleWebKit/537.36 (KHTML, like Gecko) Chrome/74.0.3729.169 Safari/537.36',
  'accept' => 'text/html,application/xhtml+xml,application/xml;q=0.9,image/webp,image/apng,*/*;q=0.8,application/signed-exchange;v=b3',
  'accept-encoding' => 'gzip, deflate, br',
  'accept-language' => 'zh-CN,zh;q=0.9',
  'cookie' => 'ECS[visit_times]=40; PHPSESSID=hpntv6bp7e8btu0bisaf4dfn34',
)
[ info ] [ PARAM ] array (
  'user_id' => '1',
  'cart_ids' => '72211',
)
[ info ] [ BEHAVIOR ] Run app\common\behavior\App @app_begin [ RunTime:0.000298s ]
[ info ] [ RUN ] app\api\controller\Order->submitOrderShow[ D:\wamp\www\lmeriPro\newLmeri\source\application\api\controller\Order.php ]
[ info ] [ DB ] INIT mysql
[ info ] [ LOG ] INIT File
---------------------------------------------------------------
[ 2019-07-31T13:44:29+08:00 ] 0.0.0.0 GET localhost/lmeriPro/newLmeri/web/index.php?s=/api/order/submitOrderShow/user_id/1/cart_ids/72211
[运行时间：0.065259s] [吞吐率：15.32req/s] [内存消耗：3,049.06kb] [文件加载：47]
[ info ] [ LANG ] D:\wamp\www\lmeriPro\newLmeri\source\thinkphp\lang\zh-cn.php
[ info ] [ ROUTE ] array (
  'type' => 'module',
  'module' => 
  array (
    0 => 'api',
    1 => 'order',
    2 => 'submitOrderShow',
  ),
)
[ info ] [ HEADER ] array (
  'host' => 'localhost',
  'connection' => 'keep-alive',
  'cache-control' => 'max-age=0',
  'upgrade-insecure-requests' => '1',
  'user-agent' => 'Mozilla/5.0 (Windows NT 10.0; WOW64) AppleWebKit/537.36 (KHTML, like Gecko) Chrome/74.0.3729.169 Safari/537.36',
  'accept' => 'text/html,application/xhtml+xml,application/xml;q=0.9,image/webp,image/apng,*/*;q=0.8,application/signed-exchange;v=b3',
  'accept-encoding' => 'gzip, deflate, br',
  'accept-language' => 'zh-CN,zh;q=0.9',
  'cookie' => 'ECS[visit_times]=40; PHPSESSID=hpntv6bp7e8btu0bisaf4dfn34',
)
[ info ] [ PARAM ] array (
  'user_id' => '1',
  'cart_ids' => '72211',
)
[ info ] [ BEHAVIOR ] Run app\common\behavior\App @app_begin [ RunTime:0.000184s ]
[ info ] [ RUN ] app\api\controller\Order->submitOrderShow[ D:\wamp\www\lmeriPro\newLmeri\source\application\api\controller\Order.php ]
[ info ] [ DB ] INIT mysql
[ info ] [ LOG ] INIT File
---------------------------------------------------------------
[ 2019-07-31T13:44:55+08:00 ] 0.0.0.0 GET localhost/lmeriPro/newLmeri/web/index.php?s=/api/order/submitOrderShow/user_id/1/cart_ids/72211
[运行时间：0.045750s] [吞吐率：21.86req/s] [内存消耗：3,051.23kb] [文件加载：47]
[ info ] [ LANG ] D:\wamp\www\lmeriPro\newLmeri\source\thinkphp\lang\zh-cn.php
[ info ] [ ROUTE ] array (
  'type' => 'module',
  'module' => 
  array (
    0 => 'api',
    1 => 'order',
    2 => 'submitOrderShow',
  ),
)
[ info ] [ HEADER ] array (
  'host' => 'localhost',
  'connection' => 'keep-alive',
  'cache-control' => 'max-age=0',
  'upgrade-insecure-requests' => '1',
  'user-agent' => 'Mozilla/5.0 (Windows NT 10.0; WOW64) AppleWebKit/537.36 (KHTML, like Gecko) Chrome/74.0.3729.169 Safari/537.36',
  'accept' => 'text/html,application/xhtml+xml,application/xml;q=0.9,image/webp,image/apng,*/*;q=0.8,application/signed-exchange;v=b3',
  'accept-encoding' => 'gzip, deflate, br',
  'accept-language' => 'zh-CN,zh;q=0.9',
  'cookie' => 'ECS[visit_times]=40; PHPSESSID=hpntv6bp7e8btu0bisaf4dfn34',
)
[ info ] [ PARAM ] array (
  'user_id' => '1',
  'cart_ids' => '72211',
)
[ info ] [ BEHAVIOR ] Run app\common\behavior\App @app_begin [ RunTime:0.000220s ]
[ info ] [ RUN ] app\api\controller\Order->submitOrderShow[ D:\wamp\www\lmeriPro\newLmeri\source\application\api\controller\Order.php ]
[ info ] [ DB ] INIT mysql
[ info ] [ LOG ] INIT File
---------------------------------------------------------------
[ 2019-07-31T13:45:37+08:00 ] 0.0.0.0 GET localhost/lmeriPro/newLmeri/web/index.php?s=/api/order/submitOrderShow/user_id/1/cart_ids/72211
[运行时间：0.050273s] [吞吐率：19.89req/s] [内存消耗：3,201.17kb] [文件加载：54]
[ info ] [ LANG ] D:\wamp\www\lmeriPro\newLmeri\source\thinkphp\lang\zh-cn.php
[ info ] [ ROUTE ] array (
  'type' => 'module',
  'module' => 
  array (
    0 => 'api',
    1 => 'order',
    2 => 'submitOrderShow',
  ),
)
[ info ] [ HEADER ] array (
  'host' => 'localhost',
  'connection' => 'keep-alive',
  'cache-control' => 'max-age=0',
  'upgrade-insecure-requests' => '1',
  'user-agent' => 'Mozilla/5.0 (Windows NT 10.0; WOW64) AppleWebKit/537.36 (KHTML, like Gecko) Chrome/74.0.3729.169 Safari/537.36',
  'accept' => 'text/html,application/xhtml+xml,application/xml;q=0.9,image/webp,image/apng,*/*;q=0.8,application/signed-exchange;v=b3',
  'accept-encoding' => 'gzip, deflate, br',
  'accept-language' => 'zh-CN,zh;q=0.9',
  'cookie' => 'ECS[visit_times]=40; PHPSESSID=hpntv6bp7e8btu0bisaf4dfn34',
)
[ info ] [ PARAM ] array (
  'user_id' => '1',
  'cart_ids' => '72211',
)
[ info ] [ BEHAVIOR ] Run app\common\behavior\App @app_begin [ RunTime:0.000361s ]
[ info ] [ RUN ] app\api\controller\Order->submitOrderShow[ D:\wamp\www\lmeriPro\newLmeri\source\application\api\controller\Order.php ]
[ info ] [ DB ] INIT mysql
[ info ] [ LOG ] INIT File
---------------------------------------------------------------
[ 2019-07-31T13:45:55+08:00 ] 0.0.0.0 GET localhost/lmeriPro/newLmeri/web/index.php?s=/api/order/submitOrderShow/user_id/1/cart_ids/72211
[运行时间：0.049930s] [吞吐率：20.03req/s] [内存消耗：3,188.29kb] [文件加载：52]
[ info ] [ LANG ] D:\wamp\www\lmeriPro\newLmeri\source\thinkphp\lang\zh-cn.php
[ info ] [ ROUTE ] array (
  'type' => 'module',
  'module' => 
  array (
    0 => 'api',
    1 => 'order',
    2 => 'submitOrderShow',
  ),
)
[ info ] [ HEADER ] array (
  'host' => 'localhost',
  'connection' => 'keep-alive',
  'cache-control' => 'max-age=0',
  'upgrade-insecure-requests' => '1',
  'user-agent' => 'Mozilla/5.0 (Windows NT 10.0; WOW64) AppleWebKit/537.36 (KHTML, like Gecko) Chrome/74.0.3729.169 Safari/537.36',
  'accept' => 'text/html,application/xhtml+xml,application/xml;q=0.9,image/webp,image/apng,*/*;q=0.8,application/signed-exchange;v=b3',
  'accept-encoding' => 'gzip, deflate, br',
  'accept-language' => 'zh-CN,zh;q=0.9',
  'cookie' => 'ECS[visit_times]=40; PHPSESSID=hpntv6bp7e8btu0bisaf4dfn34',
)
[ info ] [ PARAM ] array (
  'user_id' => '1',
  'cart_ids' => '72211',
)
[ info ] [ BEHAVIOR ] Run app\common\behavior\App @app_begin [ RunTime:0.000197s ]
[ info ] [ RUN ] app\api\controller\Order->submitOrderShow[ D:\wamp\www\lmeriPro\newLmeri\source\application\api\controller\Order.php ]
[ info ] [ DB ] INIT mysql
[ info ] [ LOG ] INIT File
---------------------------------------------------------------
[ 2019-07-31T13:46:02+08:00 ] 0.0.0.0 GET localhost/lmeriPro/newLmeri/web/index.php?s=/api/order/submitOrderShow/user_id/1/cart_ids/72211
[运行时间：0.047104s] [吞吐率：21.23req/s] [内存消耗：3,200.05kb] [文件加载：53]
[ info ] [ LANG ] D:\wamp\www\lmeriPro\newLmeri\source\thinkphp\lang\zh-cn.php
[ info ] [ ROUTE ] array (
  'type' => 'module',
  'module' => 
  array (
    0 => 'api',
    1 => 'order',
    2 => 'submitOrderShow',
  ),
)
[ info ] [ HEADER ] array (
  'host' => 'localhost',
  'connection' => 'keep-alive',
  'cache-control' => 'max-age=0',
  'upgrade-insecure-requests' => '1',
  'user-agent' => 'Mozilla/5.0 (Windows NT 10.0; WOW64) AppleWebKit/537.36 (KHTML, like Gecko) Chrome/74.0.3729.169 Safari/537.36',
  'accept' => 'text/html,application/xhtml+xml,application/xml;q=0.9,image/webp,image/apng,*/*;q=0.8,application/signed-exchange;v=b3',
  'accept-encoding' => 'gzip, deflate, br',
  'accept-language' => 'zh-CN,zh;q=0.9',
  'cookie' => 'ECS[visit_times]=40; PHPSESSID=hpntv6bp7e8btu0bisaf4dfn34',
)
[ info ] [ PARAM ] array (
  'user_id' => '1',
  'cart_ids' => '72211',
)
[ info ] [ BEHAVIOR ] Run app\common\behavior\App @app_begin [ RunTime:0.000317s ]
[ info ] [ RUN ] app\api\controller\Order->submitOrderShow[ D:\wamp\www\lmeriPro\newLmeri\source\application\api\controller\Order.php ]
[ info ] [ DB ] INIT mysql
[ info ] [ LOG ] INIT File
---------------------------------------------------------------
[ 2019-07-31T13:46:22+08:00 ] 0.0.0.0 GET localhost/lmeriPro/newLmeri/web/index.php?s=/api/order/submitOrderShow/user_id/1/cart_ids/72211
[运行时间：0.040601s] [吞吐率：24.63req/s] [内存消耗：3,188.25kb] [文件加载：52]
[ info ] [ LANG ] D:\wamp\www\lmeriPro\newLmeri\source\thinkphp\lang\zh-cn.php
[ info ] [ ROUTE ] array (
  'type' => 'module',
  'module' => 
  array (
    0 => 'api',
    1 => 'order',
    2 => 'submitOrderShow',
  ),
)
[ info ] [ HEADER ] array (
  'host' => 'localhost',
  'connection' => 'keep-alive',
  'cache-control' => 'max-age=0',
  'upgrade-insecure-requests' => '1',
  'user-agent' => 'Mozilla/5.0 (Windows NT 10.0; WOW64) AppleWebKit/537.36 (KHTML, like Gecko) Chrome/74.0.3729.169 Safari/537.36',
  'accept' => 'text/html,application/xhtml+xml,application/xml;q=0.9,image/webp,image/apng,*/*;q=0.8,application/signed-exchange;v=b3',
  'accept-encoding' => 'gzip, deflate, br',
  'accept-language' => 'zh-CN,zh;q=0.9',
  'cookie' => 'ECS[visit_times]=40; PHPSESSID=hpntv6bp7e8btu0bisaf4dfn34',
)
[ info ] [ PARAM ] array (
  'user_id' => '1',
  'cart_ids' => '72211',
)
[ info ] [ BEHAVIOR ] Run app\common\behavior\App @app_begin [ RunTime:0.000321s ]
[ info ] [ RUN ] app\api\controller\Order->submitOrderShow[ D:\wamp\www\lmeriPro\newLmeri\source\application\api\controller\Order.php ]
[ info ] [ DB ] INIT mysql
[ info ] [ LOG ] INIT File
---------------------------------------------------------------
[ 2019-07-31T13:46:33+08:00 ] 0.0.0.0 GET localhost/lmeriPro/newLmeri/web/index.php?s=/api/order/submitOrderShow/user_id/1/cart_ids/72211
[运行时间：0.049465s] [吞吐率：20.22req/s] [内存消耗：3,053.65kb] [文件加载：47]
[ info ] [ LANG ] D:\wamp\www\lmeriPro\newLmeri\source\thinkphp\lang\zh-cn.php
[ info ] [ ROUTE ] array (
  'type' => 'module',
  'module' => 
  array (
    0 => 'api',
    1 => 'order',
    2 => 'submitOrderShow',
  ),
)
[ info ] [ HEADER ] array (
  'host' => 'localhost',
  'connection' => 'keep-alive',
  'cache-control' => 'max-age=0',
  'upgrade-insecure-requests' => '1',
  'user-agent' => 'Mozilla/5.0 (Windows NT 10.0; WOW64) AppleWebKit/537.36 (KHTML, like Gecko) Chrome/74.0.3729.169 Safari/537.36',
  'accept' => 'text/html,application/xhtml+xml,application/xml;q=0.9,image/webp,image/apng,*/*;q=0.8,application/signed-exchange;v=b3',
  'accept-encoding' => 'gzip, deflate, br',
  'accept-language' => 'zh-CN,zh;q=0.9',
  'cookie' => 'ECS[visit_times]=40; PHPSESSID=hpntv6bp7e8btu0bisaf4dfn34',
)
[ info ] [ PARAM ] array (
  'user_id' => '1',
  'cart_ids' => '72211',
)
[ info ] [ BEHAVIOR ] Run app\common\behavior\App @app_begin [ RunTime:0.000311s ]
[ info ] [ RUN ] app\api\controller\Order->submitOrderShow[ D:\wamp\www\lmeriPro\newLmeri\source\application\api\controller\Order.php ]
[ info ] [ DB ] INIT mysql
[ info ] [ LOG ] INIT File
---------------------------------------------------------------
[ 2019-07-31T13:46:47+08:00 ] 0.0.0.0 GET localhost/lmeriPro/newLmeri/web/index.php?s=/api/order/submitOrderShow/user_id/1/cart_ids/72211
[运行时间：0.176582s] [吞吐率：5.66req/s] [内存消耗：3,186.53kb] [文件加载：55]
[ info ] [ LANG ] D:\wamp\www\lmeriPro\newLmeri\source\thinkphp\lang\zh-cn.php
[ info ] [ ROUTE ] array (
  'type' => 'module',
  'module' => 
  array (
    0 => 'api',
    1 => 'order',
    2 => 'submitOrderShow',
  ),
)
[ info ] [ HEADER ] array (
  'host' => 'localhost',
  'connection' => 'keep-alive',
  'cache-control' => 'max-age=0',
  'upgrade-insecure-requests' => '1',
  'user-agent' => 'Mozilla/5.0 (Windows NT 10.0; WOW64) AppleWebKit/537.36 (KHTML, like Gecko) Chrome/74.0.3729.169 Safari/537.36',
  'accept' => 'text/html,application/xhtml+xml,application/xml;q=0.9,image/webp,image/apng,*/*;q=0.8,application/signed-exchange;v=b3',
  'accept-encoding' => 'gzip, deflate, br',
  'accept-language' => 'zh-CN,zh;q=0.9',
  'cookie' => 'ECS[visit_times]=40; PHPSESSID=hpntv6bp7e8btu0bisaf4dfn34',
)
[ info ] [ PARAM ] array (
  'user_id' => '1',
  'cart_ids' => '72211',
)
[ info ] [ BEHAVIOR ] Run app\common\behavior\App @app_begin [ RunTime:0.000361s ]
[ info ] [ RUN ] app\api\controller\Order->submitOrderShow[ D:\wamp\www\lmeriPro\newLmeri\source\application\api\controller\Order.php ]
[ info ] [ DB ] INIT mysql
[ info ] [ LOG ] INIT File
---------------------------------------------------------------
[ 2019-07-31T13:47:39+08:00 ] 0.0.0.0 GET localhost/lmeriPro/newLmeri/web/index.php?s=/api/order/submitOrderShow/user_id/1/cart_ids/72211
[运行时间：0.067767s] [吞吐率：14.76req/s] [内存消耗：3,053.41kb] [文件加载：47]
[ info ] [ LANG ] D:\wamp\www\lmeriPro\newLmeri\source\thinkphp\lang\zh-cn.php
[ info ] [ ROUTE ] array (
  'type' => 'module',
  'module' => 
  array (
    0 => 'api',
    1 => 'order',
    2 => 'submitOrderShow',
  ),
)
[ info ] [ HEADER ] array (
  'host' => 'localhost',
  'connection' => 'keep-alive',
  'cache-control' => 'max-age=0',
  'upgrade-insecure-requests' => '1',
  'user-agent' => 'Mozilla/5.0 (Windows NT 10.0; WOW64) AppleWebKit/537.36 (KHTML, like Gecko) Chrome/74.0.3729.169 Safari/537.36',
  'accept' => 'text/html,application/xhtml+xml,application/xml;q=0.9,image/webp,image/apng,*/*;q=0.8,application/signed-exchange;v=b3',
  'accept-encoding' => 'gzip, deflate, br',
  'accept-language' => 'zh-CN,zh;q=0.9',
  'cookie' => 'ECS[visit_times]=40; PHPSESSID=hpntv6bp7e8btu0bisaf4dfn34',
)
[ info ] [ PARAM ] array (
  'user_id' => '1',
  'cart_ids' => '72211',
)
[ info ] [ BEHAVIOR ] Run app\common\behavior\App @app_begin [ RunTime:0.000323s ]
[ info ] [ RUN ] app\api\controller\Order->submitOrderShow[ D:\wamp\www\lmeriPro\newLmeri\source\application\api\controller\Order.php ]
[ info ] [ DB ] INIT mysql
[ info ] [ LOG ] INIT File
---------------------------------------------------------------
[ 2019-07-31T13:51:04+08:00 ] 0.0.0.0 GET localhost/lmeriPro/newLmeri/web/index.php?s=/api/order/submitOrderShow/user_id/1/cart_ids/72211
[运行时间：0.051598s] [吞吐率：19.38req/s] [内存消耗：3,053.41kb] [文件加载：47]
[ info ] [ LANG ] D:\wamp\www\lmeriPro\newLmeri\source\thinkphp\lang\zh-cn.php
[ info ] [ ROUTE ] array (
  'type' => 'module',
  'module' => 
  array (
    0 => 'api',
    1 => 'order',
    2 => 'submitOrderShow',
  ),
)
[ info ] [ HEADER ] array (
  'host' => 'localhost',
  'connection' => 'keep-alive',
  'cache-control' => 'max-age=0',
  'upgrade-insecure-requests' => '1',
  'user-agent' => 'Mozilla/5.0 (Windows NT 10.0; WOW64) AppleWebKit/537.36 (KHTML, like Gecko) Chrome/74.0.3729.169 Safari/537.36',
  'accept' => 'text/html,application/xhtml+xml,application/xml;q=0.9,image/webp,image/apng,*/*;q=0.8,application/signed-exchange;v=b3',
  'accept-encoding' => 'gzip, deflate, br',
  'accept-language' => 'zh-CN,zh;q=0.9',
  'cookie' => 'ECS[visit_times]=40; PHPSESSID=hpntv6bp7e8btu0bisaf4dfn34',
)
[ info ] [ PARAM ] array (
  'user_id' => '1',
  'cart_ids' => '72211',
)
[ info ] [ BEHAVIOR ] Run app\common\behavior\App @app_begin [ RunTime:0.000301s ]
[ info ] [ RUN ] app\api\controller\Order->submitOrderShow[ D:\wamp\www\lmeriPro\newLmeri\source\application\api\controller\Order.php ]
[ info ] [ DB ] INIT mysql
[ info ] [ LOG ] INIT File
---------------------------------------------------------------
[ 2019-07-31T13:52:55+08:00 ] 0.0.0.0 GET localhost/lmeriPro/newLmeri/web/index.php?s=/api/order/submitOrderShow/user_id/1/cart_ids/72211
[运行时间：0.050324s] [吞吐率：19.87req/s] [内存消耗：3,012.70kb] [文件加载：47]
[ info ] [ LANG ] D:\wamp\www\lmeriPro\newLmeri\source\thinkphp\lang\zh-cn.php
[ info ] [ ROUTE ] array (
  'type' => 'module',
  'module' => 
  array (
    0 => 'api',
    1 => 'order',
    2 => 'submitOrderShow',
  ),
)
[ info ] [ HEADER ] array (
  'host' => 'localhost',
  'connection' => 'keep-alive',
  'cache-control' => 'max-age=0',
  'upgrade-insecure-requests' => '1',
  'user-agent' => 'Mozilla/5.0 (Windows NT 10.0; WOW64) AppleWebKit/537.36 (KHTML, like Gecko) Chrome/74.0.3729.169 Safari/537.36',
  'accept' => 'text/html,application/xhtml+xml,application/xml;q=0.9,image/webp,image/apng,*/*;q=0.8,application/signed-exchange;v=b3',
  'accept-encoding' => 'gzip, deflate, br',
  'accept-language' => 'zh-CN,zh;q=0.9',
  'cookie' => 'ECS[visit_times]=40; PHPSESSID=hpntv6bp7e8btu0bisaf4dfn34',
)
[ info ] [ PARAM ] array (
  'user_id' => '1',
  'cart_ids' => '72211',
)
[ info ] [ BEHAVIOR ] Run app\common\behavior\App @app_begin [ RunTime:0.000307s ]
[ info ] [ RUN ] app\api\controller\Order->submitOrderShow[ D:\wamp\www\lmeriPro\newLmeri\source\application\api\controller\Order.php ]
[ info ] [ DB ] INIT mysql
[ info ] [ LOG ] INIT File
---------------------------------------------------------------
[ 2019-07-31T13:53:17+08:00 ] 0.0.0.0 GET localhost/lmeriPro/newLmeri/web/index.php?s=/api/order/submitOrderShow/user_id/1/cart_ids/72211
[运行时间：0.053720s] [吞吐率：18.62req/s] [内存消耗：3,053.41kb] [文件加载：47]
[ info ] [ LANG ] D:\wamp\www\lmeriPro\newLmeri\source\thinkphp\lang\zh-cn.php
[ info ] [ ROUTE ] array (
  'type' => 'module',
  'module' => 
  array (
    0 => 'api',
    1 => 'order',
    2 => 'submitOrderShow',
  ),
)
[ info ] [ HEADER ] array (
  'host' => 'localhost',
  'connection' => 'keep-alive',
  'cache-control' => 'max-age=0',
  'upgrade-insecure-requests' => '1',
  'user-agent' => 'Mozilla/5.0 (Windows NT 10.0; WOW64) AppleWebKit/537.36 (KHTML, like Gecko) Chrome/74.0.3729.169 Safari/537.36',
  'accept' => 'text/html,application/xhtml+xml,application/xml;q=0.9,image/webp,image/apng,*/*;q=0.8,application/signed-exchange;v=b3',
  'accept-encoding' => 'gzip, deflate, br',
  'accept-language' => 'zh-CN,zh;q=0.9',
  'cookie' => 'ECS[visit_times]=40; PHPSESSID=hpntv6bp7e8btu0bisaf4dfn34',
)
[ info ] [ PARAM ] array (
  'user_id' => '1',
  'cart_ids' => '72211',
)
[ info ] [ BEHAVIOR ] Run app\common\behavior\App @app_begin [ RunTime:0.000297s ]
[ info ] [ RUN ] app\api\controller\Order->submitOrderShow[ D:\wamp\www\lmeriPro\newLmeri\source\application\api\controller\Order.php ]
[ info ] [ DB ] INIT mysql
[ info ] [ LOG ] INIT File
---------------------------------------------------------------
[ 2019-07-31T13:54:13+08:00 ] 0.0.0.0 GET localhost/lmeriPro/newLmeri/web/index.php?s=/api/order/submitOrderShow/user_id/1/cart_ids/72211
[运行时间：0.036213s] [吞吐率：27.61req/s] [内存消耗：3,053.38kb] [文件加载：47]
[ info ] [ LANG ] D:\wamp\www\lmeriPro\newLmeri\source\thinkphp\lang\zh-cn.php
[ info ] [ ROUTE ] array (
  'type' => 'module',
  'module' => 
  array (
    0 => 'api',
    1 => 'order',
    2 => 'submitOrderShow',
  ),
)
[ info ] [ HEADER ] array (
  'host' => 'localhost',
  'connection' => 'keep-alive',
  'cache-control' => 'max-age=0',
  'upgrade-insecure-requests' => '1',
  'user-agent' => 'Mozilla/5.0 (Windows NT 10.0; WOW64) AppleWebKit/537.36 (KHTML, like Gecko) Chrome/74.0.3729.169 Safari/537.36',
  'accept' => 'text/html,application/xhtml+xml,application/xml;q=0.9,image/webp,image/apng,*/*;q=0.8,application/signed-exchange;v=b3',
  'accept-encoding' => 'gzip, deflate, br',
  'accept-language' => 'zh-CN,zh;q=0.9',
  'cookie' => 'ECS[visit_times]=40; PHPSESSID=hpntv6bp7e8btu0bisaf4dfn34',
)
[ info ] [ PARAM ] array (
  'user_id' => '1',
  'cart_ids' => '72211',
)
[ info ] [ BEHAVIOR ] Run app\common\behavior\App @app_begin [ RunTime:0.000195s ]
[ info ] [ RUN ] app\api\controller\Order->submitOrderShow[ D:\wamp\www\lmeriPro\newLmeri\source\application\api\controller\Order.php ]
[ info ] [ DB ] INIT mysql
[ info ] [ LOG ] INIT File
---------------------------------------------------------------
[ 2019-07-31T13:54:26+08:00 ] 0.0.0.0 GET localhost/lmeriPro/newLmeri/web/index.php?s=/api/order/submitOrderShow/user_id/1/cart_ids/72211
[运行时间：0.057125s] [吞吐率：17.51req/s] [内存消耗：3,053.41kb] [文件加载：47]
[ info ] [ LANG ] D:\wamp\www\lmeriPro\newLmeri\source\thinkphp\lang\zh-cn.php
[ info ] [ ROUTE ] array (
  'type' => 'module',
  'module' => 
  array (
    0 => 'api',
    1 => 'order',
    2 => 'submitOrderShow',
  ),
)
[ info ] [ HEADER ] array (
  'host' => 'localhost',
  'connection' => 'keep-alive',
  'cache-control' => 'max-age=0',
  'upgrade-insecure-requests' => '1',
  'user-agent' => 'Mozilla/5.0 (Windows NT 10.0; WOW64) AppleWebKit/537.36 (KHTML, like Gecko) Chrome/74.0.3729.169 Safari/537.36',
  'accept' => 'text/html,application/xhtml+xml,application/xml;q=0.9,image/webp,image/apng,*/*;q=0.8,application/signed-exchange;v=b3',
  'accept-encoding' => 'gzip, deflate, br',
  'accept-language' => 'zh-CN,zh;q=0.9',
  'cookie' => 'ECS[visit_times]=40; PHPSESSID=hpntv6bp7e8btu0bisaf4dfn34',
)
[ info ] [ PARAM ] array (
  'user_id' => '1',
  'cart_ids' => '72211',
)
[ info ] [ BEHAVIOR ] Run app\common\behavior\App @app_begin [ RunTime:0.000219s ]
[ info ] [ RUN ] app\api\controller\Order->submitOrderShow[ D:\wamp\www\lmeriPro\newLmeri\source\application\api\controller\Order.php ]
[ info ] [ DB ] INIT mysql
[ info ] [ LOG ] INIT File
---------------------------------------------------------------
[ 2019-07-31T13:55:10+08:00 ] 0.0.0.0 GET localhost/lmeriPro/newLmeri/web/index.php?s=/api/order/submitOrderShow/user_id/1/cart_ids/72211
[运行时间：0.053885s] [吞吐率：18.56req/s] [内存消耗：3,053.41kb] [文件加载：47]
[ info ] [ LANG ] D:\wamp\www\lmeriPro\newLmeri\source\thinkphp\lang\zh-cn.php
[ info ] [ ROUTE ] array (
  'type' => 'module',
  'module' => 
  array (
    0 => 'api',
    1 => 'order',
    2 => 'submitOrderShow',
  ),
)
[ info ] [ HEADER ] array (
  'host' => 'localhost',
  'connection' => 'keep-alive',
  'cache-control' => 'max-age=0',
  'upgrade-insecure-requests' => '1',
  'user-agent' => 'Mozilla/5.0 (Windows NT 10.0; WOW64) AppleWebKit/537.36 (KHTML, like Gecko) Chrome/74.0.3729.169 Safari/537.36',
  'accept' => 'text/html,application/xhtml+xml,application/xml;q=0.9,image/webp,image/apng,*/*;q=0.8,application/signed-exchange;v=b3',
  'accept-encoding' => 'gzip, deflate, br',
  'accept-language' => 'zh-CN,zh;q=0.9',
  'cookie' => 'ECS[visit_times]=40; PHPSESSID=hpntv6bp7e8btu0bisaf4dfn34',
)
[ info ] [ PARAM ] array (
  'user_id' => '1',
  'cart_ids' => '72211',
)
[ info ] [ BEHAVIOR ] Run app\common\behavior\App @app_begin [ RunTime:0.000426s ]
[ info ] [ RUN ] app\api\controller\Order->submitOrderShow[ D:\wamp\www\lmeriPro\newLmeri\source\application\api\controller\Order.php ]
[ info ] [ DB ] INIT mysql
[ info ] [ LOG ] INIT File
---------------------------------------------------------------
[ 2019-07-31T13:56:05+08:00 ] 0.0.0.0 GET localhost/lmeriPro/newLmeri/web/index.php?s=/api/order/submitOrderShow/user_id/1/cart_ids/72211
[运行时间：0.045295s] [吞吐率：22.08req/s] [内存消耗：3,051.23kb] [文件加载：47]
[ info ] [ LANG ] D:\wamp\www\lmeriPro\newLmeri\source\thinkphp\lang\zh-cn.php
[ info ] [ ROUTE ] array (
  'type' => 'module',
  'module' => 
  array (
    0 => 'api',
    1 => 'order',
    2 => 'submitOrderShow',
  ),
)
[ info ] [ HEADER ] array (
  'host' => 'localhost',
  'connection' => 'keep-alive',
  'cache-control' => 'max-age=0',
  'upgrade-insecure-requests' => '1',
  'user-agent' => 'Mozilla/5.0 (Windows NT 10.0; WOW64) AppleWebKit/537.36 (KHTML, like Gecko) Chrome/74.0.3729.169 Safari/537.36',
  'accept' => 'text/html,application/xhtml+xml,application/xml;q=0.9,image/webp,image/apng,*/*;q=0.8,application/signed-exchange;v=b3',
  'accept-encoding' => 'gzip, deflate, br',
  'accept-language' => 'zh-CN,zh;q=0.9',
  'cookie' => 'ECS[visit_times]=40; PHPSESSID=hpntv6bp7e8btu0bisaf4dfn34',
)
[ info ] [ PARAM ] array (
  'user_id' => '1',
  'cart_ids' => '72211',
)
[ info ] [ BEHAVIOR ] Run app\common\behavior\App @app_begin [ RunTime:0.000316s ]
[ info ] [ RUN ] app\api\controller\Order->submitOrderShow[ D:\wamp\www\lmeriPro\newLmeri\source\application\api\controller\Order.php ]
[ info ] [ DB ] INIT mysql
[ info ] [ LOG ] INIT File
---------------------------------------------------------------
[ 2019-07-31T13:57:06+08:00 ] 0.0.0.0 GET localhost/lmeriPro/newLmeri/web/index.php?s=/api/order/submitOrderShow/user_id/1/cart_ids/72211
[运行时间：0.159031s] [吞吐率：6.29req/s] [内存消耗：3,123.03kb] [文件加载：49]
[ info ] [ LANG ] D:\wamp\www\lmeriPro\newLmeri\source\thinkphp\lang\zh-cn.php
[ info ] [ ROUTE ] array (
  'type' => 'module',
  'module' => 
  array (
    0 => 'api',
    1 => 'order',
    2 => 'submitOrderShow',
  ),
)
[ info ] [ HEADER ] array (
  'host' => 'localhost',
  'connection' => 'keep-alive',
  'cache-control' => 'max-age=0',
  'upgrade-insecure-requests' => '1',
  'user-agent' => 'Mozilla/5.0 (Windows NT 10.0; WOW64) AppleWebKit/537.36 (KHTML, like Gecko) Chrome/74.0.3729.169 Safari/537.36',
  'accept' => 'text/html,application/xhtml+xml,application/xml;q=0.9,image/webp,image/apng,*/*;q=0.8,application/signed-exchange;v=b3',
  'accept-encoding' => 'gzip, deflate, br',
  'accept-language' => 'zh-CN,zh;q=0.9',
  'cookie' => 'ECS[visit_times]=40; PHPSESSID=hpntv6bp7e8btu0bisaf4dfn34',
)
[ info ] [ PARAM ] array (
  'user_id' => '1',
  'cart_ids' => '72211',
)
[ info ] [ BEHAVIOR ] Run app\common\behavior\App @app_begin [ RunTime:0.000221s ]
[ info ] [ RUN ] app\api\controller\Order->submitOrderShow[ D:\wamp\www\lmeriPro\newLmeri\source\application\api\controller\Order.php ]
[ info ] [ DB ] INIT mysql
[ info ] [ LOG ] INIT File
---------------------------------------------------------------
[ 2019-07-31T13:59:51+08:00 ] 0.0.0.0 GET localhost/lmeriPro/newLmeri/web/index.php?s=/api/order/submitOrderShow/user_id/1/cart_ids/72211
[运行时间：0.067149s] [吞吐率：14.89req/s] [内存消耗：3,053.63kb] [文件加载：47]
[ info ] [ LANG ] D:\wamp\www\lmeriPro\newLmeri\source\thinkphp\lang\zh-cn.php
[ info ] [ ROUTE ] array (
  'type' => 'module',
  'module' => 
  array (
    0 => 'api',
    1 => 'order',
    2 => 'submitOrderShow',
  ),
)
[ info ] [ HEADER ] array (
  'host' => 'localhost',
  'connection' => 'keep-alive',
  'cache-control' => 'max-age=0',
  'upgrade-insecure-requests' => '1',
  'user-agent' => 'Mozilla/5.0 (Windows NT 10.0; WOW64) AppleWebKit/537.36 (KHTML, like Gecko) Chrome/74.0.3729.169 Safari/537.36',
  'accept' => 'text/html,application/xhtml+xml,application/xml;q=0.9,image/webp,image/apng,*/*;q=0.8,application/signed-exchange;v=b3',
  'accept-encoding' => 'gzip, deflate, br',
  'accept-language' => 'zh-CN,zh;q=0.9',
  'cookie' => 'ECS[visit_times]=40; PHPSESSID=hpntv6bp7e8btu0bisaf4dfn34',
)
[ info ] [ PARAM ] array (
  'user_id' => '1',
  'cart_ids' => '72211',
)
[ info ] [ BEHAVIOR ] Run app\common\behavior\App @app_begin [ RunTime:0.000298s ]
[ info ] [ RUN ] app\api\controller\Order->submitOrderShow[ D:\wamp\www\lmeriPro\newLmeri\source\application\api\controller\Order.php ]
[ info ] [ DB ] INIT mysql
[ info ] [ LOG ] INIT File
---------------------------------------------------------------
[ 2019-07-31T14:03:55+08:00 ] 0.0.0.0 GET localhost/lmeriPro/newLmeri/web/index.php?s=/api/order/submitOrderShow/user_id/1/cart_ids/72211
[运行时间：0.054306s] [吞吐率：18.41req/s] [内存消耗：3,053.63kb] [文件加载：47]
[ info ] [ LANG ] D:\wamp\www\lmeriPro\newLmeri\source\thinkphp\lang\zh-cn.php
[ info ] [ ROUTE ] array (
  'type' => 'module',
  'module' => 
  array (
    0 => 'api',
    1 => 'order',
    2 => 'submitOrderShow',
  ),
)
[ info ] [ HEADER ] array (
  'host' => 'localhost',
  'connection' => 'keep-alive',
  'cache-control' => 'max-age=0',
  'upgrade-insecure-requests' => '1',
  'user-agent' => 'Mozilla/5.0 (Windows NT 10.0; WOW64) AppleWebKit/537.36 (KHTML, like Gecko) Chrome/74.0.3729.169 Safari/537.36',
  'accept' => 'text/html,application/xhtml+xml,application/xml;q=0.9,image/webp,image/apng,*/*;q=0.8,application/signed-exchange;v=b3',
  'accept-encoding' => 'gzip, deflate, br',
  'accept-language' => 'zh-CN,zh;q=0.9',
  'cookie' => 'ECS[visit_times]=40; PHPSESSID=hpntv6bp7e8btu0bisaf4dfn34',
)
[ info ] [ PARAM ] array (
  'user_id' => '1',
  'cart_ids' => '72211',
)
[ info ] [ BEHAVIOR ] Run app\common\behavior\App @app_begin [ RunTime:0.000299s ]
[ info ] [ RUN ] app\api\controller\Order->submitOrderShow[ D:\wamp\www\lmeriPro\newLmeri\source\application\api\controller\Order.php ]
[ info ] [ DB ] INIT mysql
[ info ] [ LOG ] INIT File
---------------------------------------------------------------
[ 2019-07-31T14:08:50+08:00 ] 0.0.0.0 GET localhost/lmeriPro/newLmeri/web/index.php?s=/api/order/submitOrderShow/user_id/1/cart_ids/72211
[运行时间：0.065202s] [吞吐率：15.34req/s] [内存消耗：3,122.37kb] [文件加载：49]
[ info ] [ LANG ] D:\wamp\www\lmeriPro\newLmeri\source\thinkphp\lang\zh-cn.php
[ info ] [ ROUTE ] array (
  'type' => 'module',
  'module' => 
  array (
    0 => 'api',
    1 => 'order',
    2 => 'submitOrderShow',
  ),
)
[ info ] [ HEADER ] array (
  'host' => 'localhost',
  'connection' => 'keep-alive',
  'cache-control' => 'max-age=0',
  'upgrade-insecure-requests' => '1',
  'user-agent' => 'Mozilla/5.0 (Windows NT 10.0; WOW64) AppleWebKit/537.36 (KHTML, like Gecko) Chrome/74.0.3729.169 Safari/537.36',
  'accept' => 'text/html,application/xhtml+xml,application/xml;q=0.9,image/webp,image/apng,*/*;q=0.8,application/signed-exchange;v=b3',
  'accept-encoding' => 'gzip, deflate, br',
  'accept-language' => 'zh-CN,zh;q=0.9',
  'cookie' => 'ECS[visit_times]=40; PHPSESSID=hpntv6bp7e8btu0bisaf4dfn34',
)
[ info ] [ PARAM ] array (
  'user_id' => '1',
  'cart_ids' => '72211',
)
[ info ] [ BEHAVIOR ] Run app\common\behavior\App @app_begin [ RunTime:0.000357s ]
[ info ] [ RUN ] app\api\controller\Order->submitOrderShow[ D:\wamp\www\lmeriPro\newLmeri\source\application\api\controller\Order.php ]
[ info ] [ DB ] INIT mysql
[ info ] [ LOG ] INIT File
---------------------------------------------------------------
[ 2019-07-31T14:08:57+08:00 ] 0.0.0.0 GET localhost/lmeriPro/newLmeri/web/index.php?s=/api/order/submitOrderShow/user_id/1/cart_ids/72211
[运行时间：0.045886s] [吞吐率：21.79req/s] [内存消耗：3,053.63kb] [文件加载：47]
[ info ] [ LANG ] D:\wamp\www\lmeriPro\newLmeri\source\thinkphp\lang\zh-cn.php
[ info ] [ ROUTE ] array (
  'type' => 'module',
  'module' => 
  array (
    0 => 'api',
    1 => 'order',
    2 => 'submitOrderShow',
  ),
)
[ info ] [ HEADER ] array (
  'host' => 'localhost',
  'connection' => 'keep-alive',
  'cache-control' => 'max-age=0',
  'upgrade-insecure-requests' => '1',
  'user-agent' => 'Mozilla/5.0 (Windows NT 10.0; WOW64) AppleWebKit/537.36 (KHTML, like Gecko) Chrome/74.0.3729.169 Safari/537.36',
  'accept' => 'text/html,application/xhtml+xml,application/xml;q=0.9,image/webp,image/apng,*/*;q=0.8,application/signed-exchange;v=b3',
  'accept-encoding' => 'gzip, deflate, br',
  'accept-language' => 'zh-CN,zh;q=0.9',
  'cookie' => 'ECS[visit_times]=40; PHPSESSID=hpntv6bp7e8btu0bisaf4dfn34',
)
[ info ] [ PARAM ] array (
  'user_id' => '1',
  'cart_ids' => '72211',
)
[ info ] [ BEHAVIOR ] Run app\common\behavior\App @app_begin [ RunTime:0.000358s ]
[ info ] [ RUN ] app\api\controller\Order->submitOrderShow[ D:\wamp\www\lmeriPro\newLmeri\source\application\api\controller\Order.php ]
[ info ] [ DB ] INIT mysql
[ info ] [ LOG ] INIT File
---------------------------------------------------------------
[ 2019-07-31T14:09:18+08:00 ] 0.0.0.0 GET localhost/lmeriPro/newLmeri/web/index.php?s=/api/order/submitOrderShow/user_id/1/cart_ids/72211
[运行时间：0.052157s] [吞吐率：19.17req/s] [内存消耗：3,058.04kb] [文件加载：47]
[ info ] [ LANG ] D:\wamp\www\lmeriPro\newLmeri\source\thinkphp\lang\zh-cn.php
[ info ] [ ROUTE ] array (
  'type' => 'module',
  'module' => 
  array (
    0 => 'api',
    1 => 'order',
    2 => 'submitOrderShow',
  ),
)
[ info ] [ HEADER ] array (
  'host' => 'localhost',
  'connection' => 'keep-alive',
  'cache-control' => 'max-age=0',
  'upgrade-insecure-requests' => '1',
  'user-agent' => 'Mozilla/5.0 (Windows NT 10.0; WOW64) AppleWebKit/537.36 (KHTML, like Gecko) Chrome/74.0.3729.169 Safari/537.36',
  'accept' => 'text/html,application/xhtml+xml,application/xml;q=0.9,image/webp,image/apng,*/*;q=0.8,application/signed-exchange;v=b3',
  'accept-encoding' => 'gzip, deflate, br',
  'accept-language' => 'zh-CN,zh;q=0.9',
  'cookie' => 'ECS[visit_times]=40; PHPSESSID=hpntv6bp7e8btu0bisaf4dfn34',
)
[ info ] [ PARAM ] array (
  'user_id' => '1',
  'cart_ids' => '72211',
)
[ info ] [ BEHAVIOR ] Run app\common\behavior\App @app_begin [ RunTime:0.000216s ]
[ info ] [ RUN ] app\api\controller\Order->submitOrderShow[ D:\wamp\www\lmeriPro\newLmeri\source\application\api\controller\Order.php ]
[ info ] [ DB ] INIT mysql
[ info ] [ LOG ] INIT File
---------------------------------------------------------------
[ 2019-07-31T14:09:49+08:00 ] 0.0.0.0 GET localhost/lmeriPro/newLmeri/web/index.php?s=/api/order/submitOrderShow/user_id/1/cart_ids/72211
[运行时间：0.045127s] [吞吐率：22.16req/s] [内存消耗：3,058.04kb] [文件加载：47]
[ info ] [ LANG ] D:\wamp\www\lmeriPro\newLmeri\source\thinkphp\lang\zh-cn.php
[ info ] [ ROUTE ] array (
  'type' => 'module',
  'module' => 
  array (
    0 => 'api',
    1 => 'order',
    2 => 'submitOrderShow',
  ),
)
[ info ] [ HEADER ] array (
  'host' => 'localhost',
  'connection' => 'keep-alive',
  'cache-control' => 'max-age=0',
  'upgrade-insecure-requests' => '1',
  'user-agent' => 'Mozilla/5.0 (Windows NT 10.0; WOW64) AppleWebKit/537.36 (KHTML, like Gecko) Chrome/74.0.3729.169 Safari/537.36',
  'accept' => 'text/html,application/xhtml+xml,application/xml;q=0.9,image/webp,image/apng,*/*;q=0.8,application/signed-exchange;v=b3',
  'accept-encoding' => 'gzip, deflate, br',
  'accept-language' => 'zh-CN,zh;q=0.9',
  'cookie' => 'ECS[visit_times]=40; PHPSESSID=hpntv6bp7e8btu0bisaf4dfn34',
)
[ info ] [ PARAM ] array (
  'user_id' => '1',
  'cart_ids' => '72211',
)
[ info ] [ BEHAVIOR ] Run app\common\behavior\App @app_begin [ RunTime:0.000195s ]
[ info ] [ RUN ] app\api\controller\Order->submitOrderShow[ D:\wamp\www\lmeriPro\newLmeri\source\application\api\controller\Order.php ]
[ info ] [ DB ] INIT mysql
[ info ] [ LOG ] INIT File
---------------------------------------------------------------
[ 2019-07-31T14:09:50+08:00 ] 0.0.0.0 GET localhost/lmeriPro/newLmeri/web/index.php?s=/api/order/submitOrderShow/user_id/1/cart_ids/72211
[运行时间：0.042313s] [吞吐率：23.63req/s] [内存消耗：3,058.04kb] [文件加载：47]
[ info ] [ LANG ] D:\wamp\www\lmeriPro\newLmeri\source\thinkphp\lang\zh-cn.php
[ info ] [ ROUTE ] array (
  'type' => 'module',
  'module' => 
  array (
    0 => 'api',
    1 => 'order',
    2 => 'submitOrderShow',
  ),
)
[ info ] [ HEADER ] array (
  'host' => 'localhost',
  'connection' => 'keep-alive',
  'cache-control' => 'max-age=0',
  'upgrade-insecure-requests' => '1',
  'user-agent' => 'Mozilla/5.0 (Windows NT 10.0; WOW64) AppleWebKit/537.36 (KHTML, like Gecko) Chrome/74.0.3729.169 Safari/537.36',
  'accept' => 'text/html,application/xhtml+xml,application/xml;q=0.9,image/webp,image/apng,*/*;q=0.8,application/signed-exchange;v=b3',
  'accept-encoding' => 'gzip, deflate, br',
  'accept-language' => 'zh-CN,zh;q=0.9',
  'cookie' => 'ECS[visit_times]=40; PHPSESSID=hpntv6bp7e8btu0bisaf4dfn34',
)
[ info ] [ PARAM ] array (
  'user_id' => '1',
  'cart_ids' => '72211',
)
[ info ] [ BEHAVIOR ] Run app\common\behavior\App @app_begin [ RunTime:0.000206s ]
[ info ] [ RUN ] app\api\controller\Order->submitOrderShow[ D:\wamp\www\lmeriPro\newLmeri\source\application\api\controller\Order.php ]
[ info ] [ DB ] INIT mysql
[ info ] [ LOG ] INIT File
