---------------------------------------------------------------
[ 2019-11-20T09:00:37+08:00 ] 127.0.0.1 GET www.phpstudy.net/index.php?s=/store/store.rotation_chart/index.html
[运行时间：0.265015s] [吞吐率：3.77req/s] [内存消耗：3,281.23kb] [文件加载：71]
[ info ] [ LANG ] D:\phpStudy\WWW\lmeriPro\source\thinkphp\lang\zh-cn.php
[ info ] [ ROUTE ] array (
  'type' => 'module',
  'module' => 
  array (
    0 => 'store',
    1 => 'store.rotation_chart',
    2 => 'index',
  ),
)
[ info ] [ HEADER ] array (
  'cookie' => 'PHPSESSID=pqqgngpphe4f1hf37k3cc7mtq7',
  'accept-language' => 'zh-CN,zh;q=0.9,en;q=0.8',
  'accept-encoding' => 'gzip, deflate',
  'referer' => 'http://www.phpstudy.net/index.php?s=/store/store.rotation_chart/edit/id/3.html',
  'accept' => 'text/html,application/xhtml+xml,application/xml;q=0.9,image/webp,image/apng,*/*;q=0.8,application/signed-exchange;v=b3',
  'user-agent' => 'Mozilla/5.0 (Windows NT 6.1; WOW64) AppleWebKit/537.36 (KHTML, like Gecko) Chrome/78.0.3904.97 Safari/537.36',
  'upgrade-insecure-requests' => '1',
  'connection' => 'close',
  'host' => 'www.phpstudy.net',
)
[ info ] [ PARAM ] array (
)
[ info ] [ BEHAVIOR ] Run app\common\behavior\App @app_begin [ RunTime:0.001000s ]
[ info ] [ SESSION ] INIT array (
  'id' => '',
  'var_session_id' => '',
  'prefix' => '',
  'type' => '',
  'auto_start' => true,
)
[ info ] [ DB ] INIT mysql
[ info ] [ CACHE ] INIT File
[ info ] [ RUN ] app\store\controller\store\RotationChart->index[ D:\phpStudy\WWW\lmeriPro\source\application\store\controller\store\RotationChart.php ]
[ info ] [ VIEW ] D:\phpStudy\WWW\lmeriPro\web/../source/application/store\view\store\rotation_chart\index.php [ array (
  0 => 'base_url',
  1 => 'store_url',
  2 => 'group',
  3 => 'tips_data',
  4 => 'menus',
  5 => 'store',
  6 => 'request',
  7 => 'version',
  8 => 'tipsAuth',
  9 => 'list',
  10 => 'smallimg',
) ]
[ info ] [ LOG ] INIT File
---------------------------------------------------------------
[ 2019-11-20T09:00:38+08:00 ] 127.0.0.1 GET www.phpstudy.net/index.php?s=/store/store.rotation_chart/index.html
[运行时间：0.150009s] [吞吐率：6.67req/s] [内存消耗：3,281.23kb] [文件加载：71]
[ info ] [ LANG ] D:\phpStudy\WWW\lmeriPro\source\thinkphp\lang\zh-cn.php
[ info ] [ ROUTE ] array (
  'type' => 'module',
  'module' => 
  array (
    0 => 'store',
    1 => 'store.rotation_chart',
    2 => 'index',
  ),
)
[ info ] [ HEADER ] array (
  'cookie' => 'PHPSESSID=pqqgngpphe4f1hf37k3cc7mtq7',
  'accept-language' => 'zh-CN,zh;q=0.9,en;q=0.8',
  'accept-encoding' => 'gzip, deflate',
  'referer' => 'http://www.phpstudy.net/index.php?s=/store/store.rotation_chart/index.html',
  'accept' => 'text/html,application/xhtml+xml,application/xml;q=0.9,image/webp,image/apng,*/*;q=0.8,application/signed-exchange;v=b3',
  'user-agent' => 'Mozilla/5.0 (Windows NT 6.1; WOW64) AppleWebKit/537.36 (KHTML, like Gecko) Chrome/78.0.3904.97 Safari/537.36',
  'upgrade-insecure-requests' => '1',
  'connection' => 'close',
  'host' => 'www.phpstudy.net',
)
[ info ] [ PARAM ] array (
)
[ info ] [ BEHAVIOR ] Run app\common\behavior\App @app_begin [ RunTime:0.000000s ]
[ info ] [ SESSION ] INIT array (
  'id' => '',
  'var_session_id' => '',
  'prefix' => '',
  'type' => '',
  'auto_start' => true,
)
[ info ] [ DB ] INIT mysql
[ info ] [ CACHE ] INIT File
[ info ] [ RUN ] app\store\controller\store\RotationChart->index[ D:\phpStudy\WWW\lmeriPro\source\application\store\controller\store\RotationChart.php ]
[ info ] [ VIEW ] D:\phpStudy\WWW\lmeriPro\web/../source/application/store\view\store\rotation_chart\index.php [ array (
  0 => 'base_url',
  1 => 'store_url',
  2 => 'group',
  3 => 'tips_data',
  4 => 'menus',
  5 => 'store',
  6 => 'request',
  7 => 'version',
  8 => 'tipsAuth',
  9 => 'list',
  10 => 'smallimg',
) ]
[ info ] [ LOG ] INIT File
---------------------------------------------------------------
[ 2019-11-20T09:04:41+08:00 ] 127.0.0.1 GET www.phpstudy.net/index.php?s=/store/store.rotation_chart/edit/id/3.html
[运行时间：0.171009s] [吞吐率：5.85req/s] [内存消耗：3,165.90kb] [文件加载：67]
[ info ] [ LANG ] D:\phpStudy\WWW\lmeriPro\source\thinkphp\lang\zh-cn.php
[ info ] [ ROUTE ] array (
  'type' => 'module',
  'module' => 
  array (
    0 => 'store',
    1 => 'store.rotation_chart',
    2 => 'edit',
  ),
)
[ info ] [ HEADER ] array (
  'cookie' => 'PHPSESSID=pqqgngpphe4f1hf37k3cc7mtq7',
  'accept-language' => 'zh-CN,zh;q=0.9,en;q=0.8',
  'accept-encoding' => 'gzip, deflate',
  'referer' => 'http://www.phpstudy.net/index.php?s=/store/store.rotation_chart/index.html',
  'accept' => 'text/html,application/xhtml+xml,application/xml;q=0.9,image/webp,image/apng,*/*;q=0.8,application/signed-exchange;v=b3',
  'user-agent' => 'Mozilla/5.0 (Windows NT 6.1; WOW64) AppleWebKit/537.36 (KHTML, like Gecko) Chrome/78.0.3904.97 Safari/537.36',
  'upgrade-insecure-requests' => '1',
  'connection' => 'close',
  'host' => 'www.phpstudy.net',
)
[ info ] [ PARAM ] array (
  'id' => '3',
)
[ info ] [ BEHAVIOR ] Run app\common\behavior\App @app_begin [ RunTime:0.000000s ]
[ info ] [ SESSION ] INIT array (
  'id' => '',
  'var_session_id' => '',
  'prefix' => '',
  'type' => '',
  'auto_start' => true,
)
[ info ] [ DB ] INIT mysql
[ info ] [ CACHE ] INIT File
[ info ] [ RUN ] app\store\controller\store\RotationChart->edit[ D:\phpStudy\WWW\lmeriPro\source\application\store\controller\store\RotationChart.php ]
[ info ] [ VIEW ] D:\phpStudy\WWW\lmeriPro\web/../source/application/store\view\store\rotation_chart\edit.php [ array (
  0 => 'base_url',
  1 => 'store_url',
  2 => 'group',
  3 => 'tips_data',
  4 => 'menus',
  5 => 'store',
  6 => 'request',
  7 => 'version',
  8 => 'tipsAuth',
  9 => 'roionList',
  10 => 'smallimg',
) ]
[ info ] [ LOG ] INIT File
---------------------------------------------------------------
[ 2019-11-20T09:04:43+08:00 ] 127.0.0.1 GET www.phpstudy.net/index.php?s=/store/store.rotation_chart/index.html
[运行时间：0.140008s] [吞吐率：7.14req/s] [内存消耗：3,281.23kb] [文件加载：71]
[ info ] [ LANG ] D:\phpStudy\WWW\lmeriPro\source\thinkphp\lang\zh-cn.php
[ info ] [ ROUTE ] array (
  'type' => 'module',
  'module' => 
  array (
    0 => 'store',
    1 => 'store.rotation_chart',
    2 => 'index',
  ),
)
[ info ] [ HEADER ] array (
  'cookie' => 'PHPSESSID=pqqgngpphe4f1hf37k3cc7mtq7',
  'accept-language' => 'zh-CN,zh;q=0.9,en;q=0.8',
  'accept-encoding' => 'gzip, deflate',
  'referer' => 'http://www.phpstudy.net/index.php?s=/store/store.rotation_chart/index.html',
  'accept' => 'text/html,application/xhtml+xml,application/xml;q=0.9,image/webp,image/apng,*/*;q=0.8,application/signed-exchange;v=b3',
  'user-agent' => 'Mozilla/5.0 (Windows NT 6.1; WOW64) AppleWebKit/537.36 (KHTML, like Gecko) Chrome/78.0.3904.97 Safari/537.36',
  'upgrade-insecure-requests' => '1',
  'connection' => 'close',
  'host' => 'www.phpstudy.net',
)
[ info ] [ PARAM ] array (
)
[ info ] [ BEHAVIOR ] Run app\common\behavior\App @app_begin [ RunTime:0.000000s ]
[ info ] [ SESSION ] INIT array (
  'id' => '',
  'var_session_id' => '',
  'prefix' => '',
  'type' => '',
  'auto_start' => true,
)
[ info ] [ DB ] INIT mysql
[ info ] [ CACHE ] INIT File
[ info ] [ RUN ] app\store\controller\store\RotationChart->index[ D:\phpStudy\WWW\lmeriPro\source\application\store\controller\store\RotationChart.php ]
[ info ] [ VIEW ] D:\phpStudy\WWW\lmeriPro\web/../source/application/store\view\store\rotation_chart\index.php [ array (
  0 => 'base_url',
  1 => 'store_url',
  2 => 'group',
  3 => 'tips_data',
  4 => 'menus',
  5 => 'store',
  6 => 'request',
  7 => 'version',
  8 => 'tipsAuth',
  9 => 'list',
  10 => 'smallimg',
) ]
[ info ] [ LOG ] INIT File
---------------------------------------------------------------
[ 2019-11-20T09:04:44+08:00 ] 127.0.0.1 GET www.phpstudy.net/index.php?s=/store/store.rotation_chart/edit/id/2.html
[运行时间：0.165009s] [吞吐率：6.06req/s] [内存消耗：3,166.11kb] [文件加载：67]
[ info ] [ LANG ] D:\phpStudy\WWW\lmeriPro\source\thinkphp\lang\zh-cn.php
[ info ] [ ROUTE ] array (
  'type' => 'module',
  'module' => 
  array (
    0 => 'store',
    1 => 'store.rotation_chart',
    2 => 'edit',
  ),
)
[ info ] [ HEADER ] array (
  'cookie' => 'PHPSESSID=pqqgngpphe4f1hf37k3cc7mtq7',
  'accept-language' => 'zh-CN,zh;q=0.9,en;q=0.8',
  'accept-encoding' => 'gzip, deflate',
  'referer' => 'http://www.phpstudy.net/index.php?s=/store/store.rotation_chart/index.html',
  'accept' => 'text/html,application/xhtml+xml,application/xml;q=0.9,image/webp,image/apng,*/*;q=0.8,application/signed-exchange;v=b3',
  'user-agent' => 'Mozilla/5.0 (Windows NT 6.1; WOW64) AppleWebKit/537.36 (KHTML, like Gecko) Chrome/78.0.3904.97 Safari/537.36',
  'upgrade-insecure-requests' => '1',
  'connection' => 'close',
  'host' => 'www.phpstudy.net',
)
[ info ] [ PARAM ] array (
  'id' => '2',
)
[ info ] [ BEHAVIOR ] Run app\common\behavior\App @app_begin [ RunTime:0.001000s ]
[ info ] [ SESSION ] INIT array (
  'id' => '',
  'var_session_id' => '',
  'prefix' => '',
  'type' => '',
  'auto_start' => true,
)
[ info ] [ DB ] INIT mysql
[ info ] [ CACHE ] INIT File
[ info ] [ RUN ] app\store\controller\store\RotationChart->edit[ D:\phpStudy\WWW\lmeriPro\source\application\store\controller\store\RotationChart.php ]
[ info ] [ VIEW ] D:\phpStudy\WWW\lmeriPro\web/../source/application/store\view\store\rotation_chart\edit.php [ array (
  0 => 'base_url',
  1 => 'store_url',
  2 => 'group',
  3 => 'tips_data',
  4 => 'menus',
  5 => 'store',
  6 => 'request',
  7 => 'version',
  8 => 'tipsAuth',
  9 => 'roionList',
  10 => 'smallimg',
) ]
[ info ] [ LOG ] INIT File
---------------------------------------------------------------
[ 2019-11-20T09:13:19+08:00 ] 127.0.0.1 GET www.phpstudy.net/index.php?s=/store/store.rotation_chart/index.html
[运行时间：0.190011s] [吞吐率：5.26req/s] [内存消耗：3,281.24kb] [文件加载：71]
[ info ] [ LANG ] D:\phpStudy\WWW\lmeriPro\source\thinkphp\lang\zh-cn.php
[ info ] [ ROUTE ] array (
  'type' => 'module',
  'module' => 
  array (
    0 => 'store',
    1 => 'store.rotation_chart',
    2 => 'index',
  ),
)
[ info ] [ HEADER ] array (
  'cookie' => 'PHPSESSID=pqqgngpphe4f1hf37k3cc7mtq7',
  'accept-language' => 'zh-CN,zh;q=0.9,en;q=0.8',
  'accept-encoding' => 'gzip, deflate',
  'referer' => 'http://www.phpstudy.net/index.php?s=/store/store.rotation_chart/edit/id/2.html',
  'accept' => 'text/html,application/xhtml+xml,application/xml;q=0.9,image/webp,image/apng,*/*;q=0.8,application/signed-exchange;v=b3',
  'user-agent' => 'Mozilla/5.0 (Windows NT 6.1; WOW64) AppleWebKit/537.36 (KHTML, like Gecko) Chrome/78.0.3904.97 Safari/537.36',
  'upgrade-insecure-requests' => '1',
  'connection' => 'close',
  'host' => 'www.phpstudy.net',
)
[ info ] [ PARAM ] array (
)
[ info ] [ BEHAVIOR ] Run app\common\behavior\App @app_begin [ RunTime:0.000000s ]
[ info ] [ SESSION ] INIT array (
  'id' => '',
  'var_session_id' => '',
  'prefix' => '',
  'type' => '',
  'auto_start' => true,
)
[ info ] [ DB ] INIT mysql
[ info ] [ CACHE ] INIT File
[ info ] [ RUN ] app\store\controller\store\RotationChart->index[ D:\phpStudy\WWW\lmeriPro\source\application\store\controller\store\RotationChart.php ]
[ info ] [ VIEW ] D:\phpStudy\WWW\lmeriPro\web/../source/application/store\view\store\rotation_chart\index.php [ array (
  0 => 'base_url',
  1 => 'store_url',
  2 => 'group',
  3 => 'tips_data',
  4 => 'menus',
  5 => 'store',
  6 => 'request',
  7 => 'version',
  8 => 'tipsAuth',
  9 => 'list',
  10 => 'smallimg',
) ]
[ info ] [ LOG ] INIT File
---------------------------------------------------------------
[ 2019-11-20T09:16:07+08:00 ] 127.0.0.1 GET www.phpstudy.net/index.php?s=/store/store.activity/index.html
[运行时间：0.194011s] [吞吐率：5.15req/s] [内存消耗：3,389.95kb] [文件加载：71]
[ info ] [ LANG ] D:\phpStudy\WWW\lmeriPro\source\thinkphp\lang\zh-cn.php
[ info ] [ ROUTE ] array (
  'type' => 'module',
  'module' => 
  array (
    0 => 'store',
    1 => 'store.activity',
    2 => 'index',
  ),
)
[ info ] [ HEADER ] array (
  'cookie' => 'PHPSESSID=pqqgngpphe4f1hf37k3cc7mtq7',
  'accept-language' => 'zh-CN,zh;q=0.9,en;q=0.8',
  'accept-encoding' => 'gzip, deflate',
  'referer' => 'http://www.phpstudy.net/index.php?s=/store/store.rotation_chart/index.html',
  'accept' => 'text/html,application/xhtml+xml,application/xml;q=0.9,image/webp,image/apng,*/*;q=0.8,application/signed-exchange;v=b3',
  'user-agent' => 'Mozilla/5.0 (Windows NT 6.1; WOW64) AppleWebKit/537.36 (KHTML, like Gecko) Chrome/78.0.3904.97 Safari/537.36',
  'upgrade-insecure-requests' => '1',
  'connection' => 'close',
  'host' => 'www.phpstudy.net',
)
[ info ] [ PARAM ] array (
)
[ info ] [ BEHAVIOR ] Run app\common\behavior\App @app_begin [ RunTime:0.001000s ]
[ info ] [ SESSION ] INIT array (
  'id' => '',
  'var_session_id' => '',
  'prefix' => '',
  'type' => '',
  'auto_start' => true,
)
[ info ] [ DB ] INIT mysql
[ info ] [ CACHE ] INIT File
[ info ] [ RUN ] app\store\controller\store\Activity->index[ D:\phpStudy\WWW\lmeriPro\source\application\store\controller\store\Activity.php ]
[ info ] [ VIEW ] D:\phpStudy\WWW\lmeriPro\web/../source/application/store\view\store\activity\index.php [ array (
  0 => 'base_url',
  1 => 'store_url',
  2 => 'group',
  3 => 'tips_data',
  4 => 'menus',
  5 => 'store',
  6 => 'request',
  7 => 'version',
  8 => 'tipsAuth',
  9 => 'list',
) ]
[ info ] [ LOG ] INIT File
---------------------------------------------------------------
[ 2019-11-20T09:40:43+08:00 ] 127.0.0.1 GET www.phpstudy.net/index.php?s=/store/store.shop/index.html
[运行时间：0.288016s] [吞吐率：3.47req/s] [内存消耗：3,493.34kb] [文件加载：70]
[ info ] [ LANG ] D:\phpStudy\WWW\lmeriPro\source\thinkphp\lang\zh-cn.php
[ info ] [ ROUTE ] array (
  'type' => 'module',
  'module' => 
  array (
    0 => 'store',
    1 => 'store.shop',
    2 => 'index',
  ),
)
[ info ] [ HEADER ] array (
  'cookie' => 'PHPSESSID=pqqgngpphe4f1hf37k3cc7mtq7',
  'accept-language' => 'zh-CN,zh;q=0.9,en;q=0.8',
  'accept-encoding' => 'gzip, deflate',
  'referer' => 'http://www.phpstudy.net/index.php?s=/store/store.activity/index.html',
  'accept' => 'text/html,application/xhtml+xml,application/xml;q=0.9,image/webp,image/apng,*/*;q=0.8,application/signed-exchange;v=b3',
  'user-agent' => 'Mozilla/5.0 (Windows NT 6.1; WOW64) AppleWebKit/537.36 (KHTML, like Gecko) Chrome/78.0.3904.97 Safari/537.36',
  'upgrade-insecure-requests' => '1',
  'connection' => 'close',
  'host' => 'www.phpstudy.net',
)
[ info ] [ PARAM ] array (
)
[ info ] [ BEHAVIOR ] Run app\common\behavior\App @app_begin [ RunTime:0.001000s ]
[ info ] [ SESSION ] INIT array (
  'id' => '',
  'var_session_id' => '',
  'prefix' => '',
  'type' => '',
  'auto_start' => true,
)
[ info ] [ DB ] INIT mysql
[ info ] [ CACHE ] INIT File
[ info ] [ RUN ] app\store\controller\store\Shop->index[ D:\phpStudy\WWW\lmeriPro\source\application\store\controller\store\Shop.php ]
[ info ] [ VIEW ] D:\phpStudy\WWW\lmeriPro\web/../source/application/store\view\store\shop\index.php [ array (
  0 => 'base_url',
  1 => 'store_url',
  2 => 'group',
  3 => 'tips_data',
  4 => 'menus',
  5 => 'store',
  6 => 'request',
  7 => 'version',
  8 => 'tipsAuth',
  9 => 'list',
) ]
[ info ] [ LOG ] INIT File
---------------------------------------------------------------
[ 2019-11-20T09:40:48+08:00 ] 127.0.0.1 GET www.phpstudy.net/index.php?s=%2Fstore%2Fstore.shop%2Findex.html&page=2
[运行时间：0.183011s] [吞吐率：5.46req/s] [内存消耗：3,394.82kb] [文件加载：70]
[ info ] [ LANG ] D:\phpStudy\WWW\lmeriPro\source\thinkphp\lang\zh-cn.php
[ info ] [ ROUTE ] array (
  'type' => 'module',
  'module' => 
  array (
    0 => 'store',
    1 => 'store.shop',
    2 => 'index',
  ),
)
[ info ] [ HEADER ] array (
  'cookie' => 'PHPSESSID=pqqgngpphe4f1hf37k3cc7mtq7',
  'accept-language' => 'zh-CN,zh;q=0.9,en;q=0.8',
  'accept-encoding' => 'gzip, deflate',
  'referer' => 'http://www.phpstudy.net/index.php?s=/store/store.shop/index.html',
  'accept' => 'text/html,application/xhtml+xml,application/xml;q=0.9,image/webp,image/apng,*/*;q=0.8,application/signed-exchange;v=b3',
  'user-agent' => 'Mozilla/5.0 (Windows NT 6.1; WOW64) AppleWebKit/537.36 (KHTML, like Gecko) Chrome/78.0.3904.97 Safari/537.36',
  'upgrade-insecure-requests' => '1',
  'connection' => 'close',
  'host' => 'www.phpstudy.net',
)
[ info ] [ PARAM ] array (
  'page' => '2',
)
[ info ] [ BEHAVIOR ] Run app\common\behavior\App @app_begin [ RunTime:0.000000s ]
[ info ] [ SESSION ] INIT array (
  'id' => '',
  'var_session_id' => '',
  'prefix' => '',
  'type' => '',
  'auto_start' => true,
)
[ info ] [ DB ] INIT mysql
[ info ] [ CACHE ] INIT File
[ info ] [ RUN ] app\store\controller\store\Shop->index[ D:\phpStudy\WWW\lmeriPro\source\application\store\controller\store\Shop.php ]
[ info ] [ VIEW ] D:\phpStudy\WWW\lmeriPro\web/../source/application/store\view\store\shop\index.php [ array (
  0 => 'base_url',
  1 => 'store_url',
  2 => 'group',
  3 => 'tips_data',
  4 => 'menus',
  5 => 'store',
  6 => 'request',
  7 => 'version',
  8 => 'tipsAuth',
  9 => 'list',
) ]
[ info ] [ LOG ] INIT File
---------------------------------------------------------------
[ 2019-11-20T09:40:57+08:00 ] 127.0.0.1 GET www.phpstudy.net/index.php?s=/store/store.shop/edit/store_id/98.html
[运行时间：0.195011s] [吞吐率：5.13req/s] [内存消耗：3,713.58kb] [文件加载：76]
[ info ] [ LANG ] D:\phpStudy\WWW\lmeriPro\source\thinkphp\lang\zh-cn.php
[ info ] [ ROUTE ] array (
  'type' => 'module',
  'module' => 
  array (
    0 => 'store',
    1 => 'store.shop',
    2 => 'edit',
  ),
)
[ info ] [ HEADER ] array (
  'cookie' => 'PHPSESSID=pqqgngpphe4f1hf37k3cc7mtq7',
  'accept-language' => 'zh-CN,zh;q=0.9,en;q=0.8',
  'accept-encoding' => 'gzip, deflate',
  'referer' => 'http://www.phpstudy.net/index.php?s=%2Fstore%2Fstore.shop%2Findex.html&page=2',
  'accept' => 'text/html,application/xhtml+xml,application/xml;q=0.9,image/webp,image/apng,*/*;q=0.8,application/signed-exchange;v=b3',
  'user-agent' => 'Mozilla/5.0 (Windows NT 6.1; WOW64) AppleWebKit/537.36 (KHTML, like Gecko) Chrome/78.0.3904.97 Safari/537.36',
  'upgrade-insecure-requests' => '1',
  'connection' => 'close',
  'host' => 'www.phpstudy.net',
)
[ info ] [ PARAM ] array (
  'store_id' => '98',
)
[ info ] [ BEHAVIOR ] Run app\common\behavior\App @app_begin [ RunTime:0.001000s ]
[ info ] [ SESSION ] INIT array (
  'id' => '',
  'var_session_id' => '',
  'prefix' => '',
  'type' => '',
  'auto_start' => true,
)
[ info ] [ DB ] INIT mysql
[ info ] [ CACHE ] INIT File
[ info ] [ RUN ] app\store\controller\store\Shop->edit[ D:\phpStudy\WWW\lmeriPro\source\application\store\controller\store\Shop.php ]
[ info ] [ VIEW ] D:\phpStudy\WWW\lmeriPro\web/../source/application/store\view\store\shop\edit.php [ array (
  0 => 'base_url',
  1 => 'store_url',
  2 => 'group',
  3 => 'tips_data',
  4 => 'menus',
  5 => 'store',
  6 => 'request',
  7 => 'version',
  8 => 'tipsAuth',
  9 => 'model',
  10 => 'storeType',
  11 => 'business',
) ]
[ info ] [ LOG ] INIT File
---------------------------------------------------------------
[ 2019-11-20T09:40:57+08:00 ] 127.0.0.1 GET www.phpstudy.net/index.php?s=/store/store.shop/index/getpoint/1.html
[运行时间：0.181011s] [吞吐率：5.52req/s] [内存消耗：3,123.97kb] [文件加载：65]
[ info ] [ LANG ] D:\phpStudy\WWW\lmeriPro\source\thinkphp\lang\zh-cn.php
[ info ] [ ROUTE ] array (
  'type' => 'module',
  'module' => 
  array (
    0 => 'store',
    1 => 'store.shop',
    2 => 'index',
  ),
)
[ info ] [ HEADER ] array (
  'cookie' => 'PHPSESSID=pqqgngpphe4f1hf37k3cc7mtq7',
  'accept-language' => 'zh-CN,zh;q=0.9,en;q=0.8',
  'accept-encoding' => 'gzip, deflate',
  'referer' => 'http://www.phpstudy.net/index.php?s=/store/store.shop/edit/store_id/98.html',
  'accept' => 'text/html,application/xhtml+xml,application/xml;q=0.9,image/webp,image/apng,*/*;q=0.8,application/signed-exchange;v=b3',
  'user-agent' => 'Mozilla/5.0 (Windows NT 6.1; WOW64) AppleWebKit/537.36 (KHTML, like Gecko) Chrome/78.0.3904.97 Safari/537.36',
  'upgrade-insecure-requests' => '1',
  'connection' => 'close',
  'host' => 'www.phpstudy.net',
)
[ info ] [ PARAM ] array (
  'getpoint' => '1',
)
[ info ] [ BEHAVIOR ] Run app\common\behavior\App @app_begin [ RunTime:0.000000s ]
[ info ] [ SESSION ] INIT array (
  'id' => '',
  'var_session_id' => '',
  'prefix' => '',
  'type' => '',
  'auto_start' => true,
)
[ info ] [ DB ] INIT mysql
[ info ] [ CACHE ] INIT File
[ info ] [ RUN ] app\store\controller\store\Shop->index[ D:\phpStudy\WWW\lmeriPro\source\application\store\controller\store\Shop.php ]
[ info ] [ VIEW ] D:\phpStudy\WWW\lmeriPro\web/../source/application/store\view\store\shop\getpoint.php [ array (
  0 => 'base_url',
  1 => 'store_url',
  2 => 'group',
  3 => 'tips_data',
  4 => 'menus',
  5 => 'store',
  6 => 'request',
  7 => 'version',
  8 => 'tipsAuth',
) ]
[ info ] [ LOG ] INIT File
---------------------------------------------------------------
[ 2019-11-20T09:41:03+08:00 ] 127.0.0.1 GET www.phpstudy.net/index.php?s=/store/upload.library/fileList&group_id=-1
[运行时间：0.179011s] [吞吐率：5.59req/s] [内存消耗：3,404.58kb] [文件加载：76]
[ info ] [ LANG ] D:\phpStudy\WWW\lmeriPro\source\thinkphp\lang\zh-cn.php
[ info ] [ ROUTE ] array (
  'type' => 'module',
  'module' => 
  array (
    0 => 'store',
    1 => 'upload.library',
    2 => 'fileList',
  ),
)
[ info ] [ HEADER ] array (
  'cookie' => 'PHPSESSID=pqqgngpphe4f1hf37k3cc7mtq7',
  'accept-language' => 'zh-CN,zh;q=0.9,en;q=0.8',
  'accept-encoding' => 'gzip, deflate',
  'referer' => 'http://www.phpstudy.net/index.php?s=/store/store.shop/edit/store_id/98.html',
  'user-agent' => 'Mozilla/5.0 (Windows NT 6.1; WOW64) AppleWebKit/537.36 (KHTML, like Gecko) Chrome/78.0.3904.97 Safari/537.36',
  'x-requested-with' => 'XMLHttpRequest',
  'accept' => 'application/json, text/javascript, */*; q=0.01',
  'connection' => 'close',
  'host' => 'www.phpstudy.net',
)
[ info ] [ PARAM ] array (
  'group_id' => '-1',
)
[ info ] [ BEHAVIOR ] Run app\common\behavior\App @app_begin [ RunTime:0.000000s ]
[ info ] [ SESSION ] INIT array (
  'id' => '',
  'var_session_id' => '',
  'prefix' => '',
  'type' => '',
  'auto_start' => true,
)
[ info ] [ DB ] INIT mysql
[ info ] [ CACHE ] INIT File
[ info ] [ RUN ] app\store\controller\upload\Library->fileList[ D:\phpStudy\WWW\lmeriPro\source\application\store\controller\upload\Library.php ]
[ info ] [ LOG ] INIT File
---------------------------------------------------------------
[ 2019-11-20T09:41:09+08:00 ] 127.0.0.1 POST www.phpstudy.net/index.php?s=/store/store.shop/edit/store_id/98.html
[运行时间：0.186011s] [吞吐率：5.38req/s] [内存消耗：3,300.79kb] [文件加载：68]
[ info ] [ LANG ] D:\phpStudy\WWW\lmeriPro\source\thinkphp\lang\zh-cn.php
[ info ] [ ROUTE ] array (
  'type' => 'module',
  'module' => 
  array (
    0 => 'store',
    1 => 'store.shop',
    2 => 'edit',
  ),
)
[ info ] [ HEADER ] array (
  'cookie' => 'PHPSESSID=pqqgngpphe4f1hf37k3cc7mtq7',
  'accept-language' => 'zh-CN,zh;q=0.9,en;q=0.8',
  'accept-encoding' => 'gzip, deflate',
  'referer' => 'http://www.phpstudy.net/index.php?s=/store/store.shop/edit/store_id/98.html',
  'content-type' => 'application/x-www-form-urlencoded; charset=UTF-8',
  'user-agent' => 'Mozilla/5.0 (Windows NT 6.1; WOW64) AppleWebKit/537.36 (KHTML, like Gecko) Chrome/78.0.3904.97 Safari/537.36',
  'x-requested-with' => 'XMLHttpRequest',
  'origin' => 'http://www.phpstudy.net',
  'accept' => 'application/json, text/javascript, */*; q=0.01',
  'content-length' => '919',
  'connection' => 'close',
  'host' => 'www.phpstudy.net',
)
[ info ] [ PARAM ] array (
  'shop' => 
  array (
    'id' => '98',
    'store_type' => '3',
    'store_name' => '测试南京中华门站点',
    'logo' => '0/Store/20191008/20191008155347de1b75898.jpg',
    'url' => 
    array (
      0 => '',
      1 => 'pages/exercise/exercise55',
    ),
    'background_img' => 
    array (
      0 => '0/Store/20191008/20191008155347de1b75898.jpg',
      1 => '120/Store/20191012/201910121547236ebea4034.jpg',
    ),
    'store_mobile' => '18005709029',
    'store_start_time' => '08:00',
    'store_end_time' => '22:58',
    'business_id' => '135',
    'province_id' => '11',
    'city_id' => '109',
    'region_id' => '1180',
    'addr_detail' => '南京市雨花台区中华门-地铁站',
    'coordinate' => '32.013023,118.781161',
    'store_notice' => '1111111',
    'fee' => '2.50',
    'sort' => '101',
    'is_open' => '1',
  ),
  'store_id' => '98',
)
[ info ] [ BEHAVIOR ] Run app\common\behavior\App @app_begin [ RunTime:0.001000s ]
[ info ] [ SESSION ] INIT array (
  'id' => '',
  'var_session_id' => '',
  'prefix' => '',
  'type' => '',
  'auto_start' => true,
)
[ info ] [ DB ] INIT mysql
[ info ] [ CACHE ] INIT File
[ info ] [ RUN ] app\store\controller\store\Shop->edit[ D:\phpStudy\WWW\lmeriPro\source\application\store\controller\store\Shop.php ]
[ info ] [ LOG ] INIT File
---------------------------------------------------------------
[ 2019-11-20T09:41:10+08:00 ] 127.0.0.1 GET www.phpstudy.net/index.php?s=/store/store.shop/index.html
[运行时间：0.164009s] [吞吐率：6.10req/s] [内存消耗：3,493.44kb] [文件加载：70]
[ info ] [ LANG ] D:\phpStudy\WWW\lmeriPro\source\thinkphp\lang\zh-cn.php
[ info ] [ ROUTE ] array (
  'type' => 'module',
  'module' => 
  array (
    0 => 'store',
    1 => 'store.shop',
    2 => 'index',
  ),
)
[ info ] [ HEADER ] array (
  'cookie' => 'PHPSESSID=pqqgngpphe4f1hf37k3cc7mtq7',
  'accept-language' => 'zh-CN,zh;q=0.9,en;q=0.8',
  'accept-encoding' => 'gzip, deflate',
  'referer' => 'http://www.phpstudy.net/index.php?s=/store/store.shop/edit/store_id/98.html',
  'accept' => 'text/html,application/xhtml+xml,application/xml;q=0.9,image/webp,image/apng,*/*;q=0.8,application/signed-exchange;v=b3',
  'user-agent' => 'Mozilla/5.0 (Windows NT 6.1; WOW64) AppleWebKit/537.36 (KHTML, like Gecko) Chrome/78.0.3904.97 Safari/537.36',
  'upgrade-insecure-requests' => '1',
  'connection' => 'close',
  'host' => 'www.phpstudy.net',
)
[ info ] [ PARAM ] array (
)
[ info ] [ BEHAVIOR ] Run app\common\behavior\App @app_begin [ RunTime:0.000000s ]
[ info ] [ SESSION ] INIT array (
  'id' => '',
  'var_session_id' => '',
  'prefix' => '',
  'type' => '',
  'auto_start' => true,
)
[ info ] [ DB ] INIT mysql
[ info ] [ CACHE ] INIT File
[ info ] [ RUN ] app\store\controller\store\Shop->index[ D:\phpStudy\WWW\lmeriPro\source\application\store\controller\store\Shop.php ]
[ info ] [ VIEW ] D:\phpStudy\WWW\lmeriPro\web/../source/application/store\view\store\shop\index.php [ array (
  0 => 'base_url',
  1 => 'store_url',
  2 => 'group',
  3 => 'tips_data',
  4 => 'menus',
  5 => 'store',
  6 => 'request',
  7 => 'version',
  8 => 'tipsAuth',
  9 => 'list',
) ]
[ info ] [ LOG ] INIT File
---------------------------------------------------------------
[ 2019-11-20T09:41:15+08:00 ] 127.0.0.1 GET www.phpstudy.net/index.php?s=%2Fstore%2Fstore.shop%2Findex.html&page=2
[运行时间：0.189011s] [吞吐率：5.29req/s] [内存消耗：3,395.67kb] [文件加载：70]
[ info ] [ LANG ] D:\phpStudy\WWW\lmeriPro\source\thinkphp\lang\zh-cn.php
[ info ] [ ROUTE ] array (
  'type' => 'module',
  'module' => 
  array (
    0 => 'store',
    1 => 'store.shop',
    2 => 'index',
  ),
)
[ info ] [ HEADER ] array (
  'cookie' => 'PHPSESSID=pqqgngpphe4f1hf37k3cc7mtq7',
  'accept-language' => 'zh-CN,zh;q=0.9,en;q=0.8',
  'accept-encoding' => 'gzip, deflate',
  'referer' => 'http://www.phpstudy.net/index.php?s=/store/store.shop/index.html',
  'accept' => 'text/html,application/xhtml+xml,application/xml;q=0.9,image/webp,image/apng,*/*;q=0.8,application/signed-exchange;v=b3',
  'user-agent' => 'Mozilla/5.0 (Windows NT 6.1; WOW64) AppleWebKit/537.36 (KHTML, like Gecko) Chrome/78.0.3904.97 Safari/537.36',
  'upgrade-insecure-requests' => '1',
  'connection' => 'close',
  'host' => 'www.phpstudy.net',
)
[ info ] [ PARAM ] array (
  'page' => '2',
)
[ info ] [ BEHAVIOR ] Run app\common\behavior\App @app_begin [ RunTime:0.000000s ]
[ info ] [ SESSION ] INIT array (
  'id' => '',
  'var_session_id' => '',
  'prefix' => '',
  'type' => '',
  'auto_start' => true,
)
[ info ] [ DB ] INIT mysql
[ info ] [ CACHE ] INIT File
[ info ] [ RUN ] app\store\controller\store\Shop->index[ D:\phpStudy\WWW\lmeriPro\source\application\store\controller\store\Shop.php ]
[ info ] [ VIEW ] D:\phpStudy\WWW\lmeriPro\web/../source/application/store\view\store\shop\index.php [ array (
  0 => 'base_url',
  1 => 'store_url',
  2 => 'group',
  3 => 'tips_data',
  4 => 'menus',
  5 => 'store',
  6 => 'request',
  7 => 'version',
  8 => 'tipsAuth',
  9 => 'list',
) ]
[ info ] [ LOG ] INIT File
---------------------------------------------------------------
[ 2019-11-20T09:41:19+08:00 ] 127.0.0.1 GET www.phpstudy.net/index.php?s=/store/store.shop/edit/store_id/98.html
[运行时间：0.171009s] [吞吐率：5.85req/s] [内存消耗：3,518.69kb] [文件加载：74]
[ info ] [ LANG ] D:\phpStudy\WWW\lmeriPro\source\thinkphp\lang\zh-cn.php
[ info ] [ ROUTE ] array (
  'type' => 'module',
  'module' => 
  array (
    0 => 'store',
    1 => 'store.shop',
    2 => 'edit',
  ),
)
[ info ] [ HEADER ] array (
  'cookie' => 'PHPSESSID=pqqgngpphe4f1hf37k3cc7mtq7',
  'accept-language' => 'zh-CN,zh;q=0.9,en;q=0.8',
  'accept-encoding' => 'gzip, deflate',
  'referer' => 'http://www.phpstudy.net/index.php?s=%2Fstore%2Fstore.shop%2Findex.html&page=2',
  'accept' => 'text/html,application/xhtml+xml,application/xml;q=0.9,image/webp,image/apng,*/*;q=0.8,application/signed-exchange;v=b3',
  'user-agent' => 'Mozilla/5.0 (Windows NT 6.1; WOW64) AppleWebKit/537.36 (KHTML, like Gecko) Chrome/78.0.3904.97 Safari/537.36',
  'upgrade-insecure-requests' => '1',
  'connection' => 'close',
  'host' => 'www.phpstudy.net',
)
[ info ] [ PARAM ] array (
  'store_id' => '98',
)
[ info ] [ BEHAVIOR ] Run app\common\behavior\App @app_begin [ RunTime:0.001000s ]
[ info ] [ SESSION ] INIT array (
  'id' => '',
  'var_session_id' => '',
  'prefix' => '',
  'type' => '',
  'auto_start' => true,
)
[ info ] [ DB ] INIT mysql
[ info ] [ CACHE ] INIT File
[ info ] [ RUN ] app\store\controller\store\Shop->edit[ D:\phpStudy\WWW\lmeriPro\source\application\store\controller\store\Shop.php ]
[ info ] [ VIEW ] D:\phpStudy\WWW\lmeriPro\web/../source/application/store\view\store\shop\edit.php [ array (
  0 => 'base_url',
  1 => 'store_url',
  2 => 'group',
  3 => 'tips_data',
  4 => 'menus',
  5 => 'store',
  6 => 'request',
  7 => 'version',
  8 => 'tipsAuth',
  9 => 'model',
  10 => 'storeType',
  11 => 'business',
) ]
[ info ] [ LOG ] INIT File
---------------------------------------------------------------
[ 2019-11-20T09:41:19+08:00 ] 127.0.0.1 GET www.phpstudy.net/index.php?s=/store/store.shop/index/getpoint/1.html
[运行时间：0.299017s] [吞吐率：3.34req/s] [内存消耗：3,124.13kb] [文件加载：65]
[ info ] [ LANG ] D:\phpStudy\WWW\lmeriPro\source\thinkphp\lang\zh-cn.php
[ info ] [ ROUTE ] array (
  'type' => 'module',
  'module' => 
  array (
    0 => 'store',
    1 => 'store.shop',
    2 => 'index',
  ),
)
[ info ] [ HEADER ] array (
  'cookie' => 'PHPSESSID=pqqgngpphe4f1hf37k3cc7mtq7',
  'accept-language' => 'zh-CN,zh;q=0.9,en;q=0.8',
  'accept-encoding' => 'gzip, deflate',
  'referer' => 'http://www.phpstudy.net/index.php?s=/store/store.shop/edit/store_id/98.html',
  'accept' => 'text/html,application/xhtml+xml,application/xml;q=0.9,image/webp,image/apng,*/*;q=0.8,application/signed-exchange;v=b3',
  'user-agent' => 'Mozilla/5.0 (Windows NT 6.1; WOW64) AppleWebKit/537.36 (KHTML, like Gecko) Chrome/78.0.3904.97 Safari/537.36',
  'upgrade-insecure-requests' => '1',
  'connection' => 'close',
  'host' => 'www.phpstudy.net',
)
[ info ] [ PARAM ] array (
  'getpoint' => '1',
)
[ info ] [ BEHAVIOR ] Run app\common\behavior\App @app_begin [ RunTime:0.000000s ]
[ info ] [ SESSION ] INIT array (
  'id' => '',
  'var_session_id' => '',
  'prefix' => '',
  'type' => '',
  'auto_start' => true,
)
[ info ] [ DB ] INIT mysql
[ info ] [ CACHE ] INIT File
[ info ] [ RUN ] app\store\controller\store\Shop->index[ D:\phpStudy\WWW\lmeriPro\source\application\store\controller\store\Shop.php ]
[ info ] [ VIEW ] D:\phpStudy\WWW\lmeriPro\web/../source/application/store\view\store\shop\getpoint.php [ array (
  0 => 'base_url',
  1 => 'store_url',
  2 => 'group',
  3 => 'tips_data',
  4 => 'menus',
  5 => 'store',
  6 => 'request',
  7 => 'version',
  8 => 'tipsAuth',
) ]
[ info ] [ LOG ] INIT File
---------------------------------------------------------------
[ 2019-11-20T10:16:20+08:00 ] 127.0.0.1 GET www.phpstudy.net/index.php?s=/store/store.shop/index.html
[运行时间：0.415024s] [吞吐率：2.41req/s] [内存消耗：3,493.40kb] [文件加载：70]
[ info ] [ LANG ] D:\phpStudy\WWW\lmeriPro\source\thinkphp\lang\zh-cn.php
[ info ] [ ROUTE ] array (
  'type' => 'module',
  'module' => 
  array (
    0 => 'store',
    1 => 'store.shop',
    2 => 'index',
  ),
)
[ info ] [ HEADER ] array (
  'cookie' => 'PHPSESSID=pqqgngpphe4f1hf37k3cc7mtq7',
  'accept-language' => 'zh-CN,zh;q=0.9,en;q=0.8',
  'accept-encoding' => 'gzip, deflate',
  'referer' => 'http://www.phpstudy.net/index.php?s=/store/store.shop/edit/store_id/98.html',
  'accept' => 'text/html,application/xhtml+xml,application/xml;q=0.9,image/webp,image/apng,*/*;q=0.8,application/signed-exchange;v=b3',
  'user-agent' => 'Mozilla/5.0 (Windows NT 6.1; WOW64) AppleWebKit/537.36 (KHTML, like Gecko) Chrome/78.0.3904.97 Safari/537.36',
  'upgrade-insecure-requests' => '1',
  'connection' => 'close',
  'host' => 'www.phpstudy.net',
)
[ info ] [ PARAM ] array (
)
[ info ] [ BEHAVIOR ] Run app\common\behavior\App @app_begin [ RunTime:0.001000s ]
[ info ] [ SESSION ] INIT array (
  'id' => '',
  'var_session_id' => '',
  'prefix' => '',
  'type' => '',
  'auto_start' => true,
)
[ info ] [ DB ] INIT mysql
[ info ] [ CACHE ] INIT File
[ info ] [ RUN ] app\store\controller\store\Shop->index[ D:\phpStudy\WWW\lmeriPro\source\application\store\controller\store\Shop.php ]
[ info ] [ VIEW ] D:\phpStudy\WWW\lmeriPro\web/../source/application/store\view\store\shop\index.php [ array (
  0 => 'base_url',
  1 => 'store_url',
  2 => 'group',
  3 => 'tips_data',
  4 => 'menus',
  5 => 'store',
  6 => 'request',
  7 => 'version',
  8 => 'tipsAuth',
  9 => 'list',
) ]
[ info ] [ LOG ] INIT File
---------------------------------------------------------------
[ 2019-11-20T10:16:40+08:00 ] 127.0.0.1 GET www.phpstudy.net/index.php?s=/store/store.shop/edit/store_id/196.html
[运行时间：0.189010s] [吞吐率：5.29req/s] [内存消耗：3,516.25kb] [文件加载：74]
[ info ] [ LANG ] D:\phpStudy\WWW\lmeriPro\source\thinkphp\lang\zh-cn.php
[ info ] [ ROUTE ] array (
  'type' => 'module',
  'module' => 
  array (
    0 => 'store',
    1 => 'store.shop',
    2 => 'edit',
  ),
)
[ info ] [ HEADER ] array (
  'cookie' => 'PHPSESSID=pqqgngpphe4f1hf37k3cc7mtq7',
  'accept-language' => 'zh-CN,zh;q=0.9,en;q=0.8',
  'accept-encoding' => 'gzip, deflate',
  'referer' => 'http://www.phpstudy.net/index.php?s=/store/store.shop/index.html',
  'accept' => 'text/html,application/xhtml+xml,application/xml;q=0.9,image/webp,image/apng,*/*;q=0.8,application/signed-exchange;v=b3',
  'user-agent' => 'Mozilla/5.0 (Windows NT 6.1; WOW64) AppleWebKit/537.36 (KHTML, like Gecko) Chrome/78.0.3904.97 Safari/537.36',
  'upgrade-insecure-requests' => '1',
  'connection' => 'close',
  'host' => 'www.phpstudy.net',
)
[ info ] [ PARAM ] array (
  'store_id' => '196',
)
[ info ] [ BEHAVIOR ] Run app\common\behavior\App @app_begin [ RunTime:0.001000s ]
[ info ] [ SESSION ] INIT array (
  'id' => '',
  'var_session_id' => '',
  'prefix' => '',
  'type' => '',
  'auto_start' => true,
)
[ info ] [ DB ] INIT mysql
[ info ] [ CACHE ] INIT File
[ info ] [ RUN ] app\store\controller\store\Shop->edit[ D:\phpStudy\WWW\lmeriPro\source\application\store\controller\store\Shop.php ]
[ info ] [ VIEW ] D:\phpStudy\WWW\lmeriPro\web/../source/application/store\view\store\shop\edit.php [ array (
  0 => 'base_url',
  1 => 'store_url',
  2 => 'group',
  3 => 'tips_data',
  4 => 'menus',
  5 => 'store',
  6 => 'request',
  7 => 'version',
  8 => 'tipsAuth',
  9 => 'model',
  10 => 'storeType',
  11 => 'business',
) ]
[ info ] [ LOG ] INIT File
---------------------------------------------------------------
[ 2019-11-20T10:16:40+08:00 ] 127.0.0.1 GET www.phpstudy.net/index.php?s=/store/store.shop/index/getpoint/1.html
[运行时间：0.169010s] [吞吐率：5.92req/s] [内存消耗：3,124.14kb] [文件加载：65]
[ info ] [ LANG ] D:\phpStudy\WWW\lmeriPro\source\thinkphp\lang\zh-cn.php
[ info ] [ ROUTE ] array (
  'type' => 'module',
  'module' => 
  array (
    0 => 'store',
    1 => 'store.shop',
    2 => 'index',
  ),
)
[ info ] [ HEADER ] array (
  'cookie' => 'PHPSESSID=pqqgngpphe4f1hf37k3cc7mtq7',
  'accept-language' => 'zh-CN,zh;q=0.9,en;q=0.8',
  'accept-encoding' => 'gzip, deflate',
  'referer' => 'http://www.phpstudy.net/index.php?s=/store/store.shop/edit/store_id/196.html',
  'accept' => 'text/html,application/xhtml+xml,application/xml;q=0.9,image/webp,image/apng,*/*;q=0.8,application/signed-exchange;v=b3',
  'user-agent' => 'Mozilla/5.0 (Windows NT 6.1; WOW64) AppleWebKit/537.36 (KHTML, like Gecko) Chrome/78.0.3904.97 Safari/537.36',
  'upgrade-insecure-requests' => '1',
  'connection' => 'close',
  'host' => 'www.phpstudy.net',
)
[ info ] [ PARAM ] array (
  'getpoint' => '1',
)
[ info ] [ BEHAVIOR ] Run app\common\behavior\App @app_begin [ RunTime:0.000000s ]
[ info ] [ SESSION ] INIT array (
  'id' => '',
  'var_session_id' => '',
  'prefix' => '',
  'type' => '',
  'auto_start' => true,
)
[ info ] [ DB ] INIT mysql
[ info ] [ CACHE ] INIT File
[ info ] [ RUN ] app\store\controller\store\Shop->index[ D:\phpStudy\WWW\lmeriPro\source\application\store\controller\store\Shop.php ]
[ info ] [ VIEW ] D:\phpStudy\WWW\lmeriPro\web/../source/application/store\view\store\shop\getpoint.php [ array (
  0 => 'base_url',
  1 => 'store_url',
  2 => 'group',
  3 => 'tips_data',
  4 => 'menus',
  5 => 'store',
  6 => 'request',
  7 => 'version',
  8 => 'tipsAuth',
) ]
[ info ] [ LOG ] INIT File
---------------------------------------------------------------
[ 2019-11-20T10:17:06+08:00 ] 127.0.0.1 GET www.phpstudy.net/index.php?s=/store/store.shop/edit/store_id/196.html
[运行时间：0.211012s] [吞吐率：4.74req/s] [内存消耗：3,715.93kb] [文件加载：76]
[ info ] [ LANG ] D:\phpStudy\WWW\lmeriPro\source\thinkphp\lang\zh-cn.php
[ info ] [ ROUTE ] array (
  'type' => 'module',
  'module' => 
  array (
    0 => 'store',
    1 => 'store.shop',
    2 => 'edit',
  ),
)
[ info ] [ HEADER ] array (
  'cookie' => 'PHPSESSID=pqqgngpphe4f1hf37k3cc7mtq7',
  'accept-language' => 'zh-CN,zh;q=0.9,en;q=0.8',
  'accept-encoding' => 'gzip, deflate',
  'referer' => 'http://www.phpstudy.net/index.php?s=/store/store.shop/index.html',
  'accept' => 'text/html,application/xhtml+xml,application/xml;q=0.9,image/webp,image/apng,*/*;q=0.8,application/signed-exchange;v=b3',
  'user-agent' => 'Mozilla/5.0 (Windows NT 6.1; WOW64) AppleWebKit/537.36 (KHTML, like Gecko) Chrome/78.0.3904.97 Safari/537.36',
  'upgrade-insecure-requests' => '1',
  'cache-control' => 'max-age=0',
  'connection' => 'close',
  'host' => 'www.phpstudy.net',
)
[ info ] [ PARAM ] array (
  'store_id' => '196',
)
[ info ] [ BEHAVIOR ] Run app\common\behavior\App @app_begin [ RunTime:0.001000s ]
[ info ] [ SESSION ] INIT array (
  'id' => '',
  'var_session_id' => '',
  'prefix' => '',
  'type' => '',
  'auto_start' => true,
)
[ info ] [ DB ] INIT mysql
[ info ] [ CACHE ] INIT File
[ info ] [ RUN ] app\store\controller\store\Shop->edit[ D:\phpStudy\WWW\lmeriPro\source\application\store\controller\store\Shop.php ]
[ info ] [ VIEW ] D:\phpStudy\WWW\lmeriPro\web/../source/application/store\view\store\shop\edit.php [ array (
  0 => 'base_url',
  1 => 'store_url',
  2 => 'group',
  3 => 'tips_data',
  4 => 'menus',
  5 => 'store',
  6 => 'request',
  7 => 'version',
  8 => 'tipsAuth',
  9 => 'model',
  10 => 'storeType',
  11 => 'business',
) ]
[ info ] [ LOG ] INIT File
---------------------------------------------------------------
[ 2019-11-20T10:17:07+08:00 ] 127.0.0.1 GET www.phpstudy.net/index.php?s=/store/store.shop/index/getpoint/1.html
[运行时间：0.242014s] [吞吐率：4.13req/s] [内存消耗：3,124.14kb] [文件加载：65]
[ info ] [ LANG ] D:\phpStudy\WWW\lmeriPro\source\thinkphp\lang\zh-cn.php
[ info ] [ ROUTE ] array (
  'type' => 'module',
  'module' => 
  array (
    0 => 'store',
    1 => 'store.shop',
    2 => 'index',
  ),
)
[ info ] [ HEADER ] array (
  'cookie' => 'PHPSESSID=pqqgngpphe4f1hf37k3cc7mtq7',
  'accept-language' => 'zh-CN,zh;q=0.9,en;q=0.8',
  'accept-encoding' => 'gzip, deflate',
  'referer' => 'http://www.phpstudy.net/index.php?s=/store/store.shop/edit/store_id/196.html',
  'accept' => 'text/html,application/xhtml+xml,application/xml;q=0.9,image/webp,image/apng,*/*;q=0.8,application/signed-exchange;v=b3',
  'user-agent' => 'Mozilla/5.0 (Windows NT 6.1; WOW64) AppleWebKit/537.36 (KHTML, like Gecko) Chrome/78.0.3904.97 Safari/537.36',
  'upgrade-insecure-requests' => '1',
  'connection' => 'close',
  'host' => 'www.phpstudy.net',
)
[ info ] [ PARAM ] array (
  'getpoint' => '1',
)
[ info ] [ BEHAVIOR ] Run app\common\behavior\App @app_begin [ RunTime:0.000000s ]
[ info ] [ SESSION ] INIT array (
  'id' => '',
  'var_session_id' => '',
  'prefix' => '',
  'type' => '',
  'auto_start' => true,
)
[ info ] [ DB ] INIT mysql
[ info ] [ CACHE ] INIT File
[ info ] [ RUN ] app\store\controller\store\Shop->index[ D:\phpStudy\WWW\lmeriPro\source\application\store\controller\store\Shop.php ]
[ info ] [ VIEW ] D:\phpStudy\WWW\lmeriPro\web/../source/application/store\view\store\shop\getpoint.php [ array (
  0 => 'base_url',
  1 => 'store_url',
  2 => 'group',
  3 => 'tips_data',
  4 => 'menus',
  5 => 'store',
  6 => 'request',
  7 => 'version',
  8 => 'tipsAuth',
) ]
[ info ] [ LOG ] INIT File
---------------------------------------------------------------
[ 2019-11-20T10:17:13+08:00 ] 127.0.0.1 GET www.phpstudy.net/index.php?s=/store/store.shop/edit/store_id/196.html
[运行时间：0.273016s] [吞吐率：3.66req/s] [内存消耗：3,516.63kb] [文件加载：74]
[ info ] [ LANG ] D:\phpStudy\WWW\lmeriPro\source\thinkphp\lang\zh-cn.php
[ info ] [ ROUTE ] array (
  'type' => 'module',
  'module' => 
  array (
    0 => 'store',
    1 => 'store.shop',
    2 => 'edit',
  ),
)
[ info ] [ HEADER ] array (
  'cookie' => 'PHPSESSID=pqqgngpphe4f1hf37k3cc7mtq7',
  'accept-language' => 'zh-CN,zh;q=0.9,en;q=0.8',
  'accept-encoding' => 'gzip, deflate',
  'referer' => 'http://www.phpstudy.net/index.php?s=/store/store.shop/index.html',
  'accept' => 'text/html,application/xhtml+xml,application/xml;q=0.9,image/webp,image/apng,*/*;q=0.8,application/signed-exchange;v=b3',
  'user-agent' => 'Mozilla/5.0 (Windows NT 6.1; WOW64) AppleWebKit/537.36 (KHTML, like Gecko) Chrome/78.0.3904.97 Safari/537.36',
  'upgrade-insecure-requests' => '1',
  'cache-control' => 'no-cache',
  'pragma' => 'no-cache',
  'connection' => 'close',
  'host' => 'www.phpstudy.net',
)
[ info ] [ PARAM ] array (
  'store_id' => '196',
)
[ info ] [ BEHAVIOR ] Run app\common\behavior\App @app_begin [ RunTime:0.001000s ]
[ info ] [ SESSION ] INIT array (
  'id' => '',
  'var_session_id' => '',
  'prefix' => '',
  'type' => '',
  'auto_start' => true,
)
[ info ] [ DB ] INIT mysql
[ info ] [ CACHE ] INIT File
[ info ] [ RUN ] app\store\controller\store\Shop->edit[ D:\phpStudy\WWW\lmeriPro\source\application\store\controller\store\Shop.php ]
[ info ] [ VIEW ] D:\phpStudy\WWW\lmeriPro\web/../source/application/store\view\store\shop\edit.php [ array (
  0 => 'base_url',
  1 => 'store_url',
  2 => 'group',
  3 => 'tips_data',
  4 => 'menus',
  5 => 'store',
  6 => 'request',
  7 => 'version',
  8 => 'tipsAuth',
  9 => 'model',
  10 => 'storeType',
  11 => 'business',
) ]
[ info ] [ LOG ] INIT File
---------------------------------------------------------------
[ 2019-11-20T10:17:14+08:00 ] 127.0.0.1 GET www.phpstudy.net/index.php?s=/store/store.shop/index/getpoint/1.html
[运行时间：0.247014s] [吞吐率：4.05req/s] [内存消耗：3,124.44kb] [文件加载：65]
[ info ] [ LANG ] D:\phpStudy\WWW\lmeriPro\source\thinkphp\lang\zh-cn.php
[ info ] [ ROUTE ] array (
  'type' => 'module',
  'module' => 
  array (
    0 => 'store',
    1 => 'store.shop',
    2 => 'index',
  ),
)
[ info ] [ HEADER ] array (
  'cookie' => 'PHPSESSID=pqqgngpphe4f1hf37k3cc7mtq7',
  'accept-language' => 'zh-CN,zh;q=0.9,en;q=0.8',
  'accept-encoding' => 'gzip, deflate',
  'referer' => 'http://www.phpstudy.net/index.php?s=/store/store.shop/edit/store_id/196.html',
  'accept' => 'text/html,application/xhtml+xml,application/xml;q=0.9,image/webp,image/apng,*/*;q=0.8,application/signed-exchange;v=b3',
  'user-agent' => 'Mozilla/5.0 (Windows NT 6.1; WOW64) AppleWebKit/537.36 (KHTML, like Gecko) Chrome/78.0.3904.97 Safari/537.36',
  'upgrade-insecure-requests' => '1',
  'cache-control' => 'no-cache',
  'pragma' => 'no-cache',
  'connection' => 'close',
  'host' => 'www.phpstudy.net',
)
[ info ] [ PARAM ] array (
  'getpoint' => '1',
)
[ info ] [ BEHAVIOR ] Run app\common\behavior\App @app_begin [ RunTime:0.000000s ]
[ info ] [ SESSION ] INIT array (
  'id' => '',
  'var_session_id' => '',
  'prefix' => '',
  'type' => '',
  'auto_start' => true,
)
[ info ] [ DB ] INIT mysql
[ info ] [ CACHE ] INIT File
[ info ] [ RUN ] app\store\controller\store\Shop->index[ D:\phpStudy\WWW\lmeriPro\source\application\store\controller\store\Shop.php ]
[ info ] [ VIEW ] D:\phpStudy\WWW\lmeriPro\web/../source/application/store\view\store\shop\getpoint.php [ array (
  0 => 'base_url',
  1 => 'store_url',
  2 => 'group',
  3 => 'tips_data',
  4 => 'menus',
  5 => 'store',
  6 => 'request',
  7 => 'version',
  8 => 'tipsAuth',
) ]
[ info ] [ LOG ] INIT File
---------------------------------------------------------------
[ 2019-11-20T10:19:10+08:00 ] 127.0.0.1 GET www.phpstudy.net/index.php?s=/store/store.shop/edit/store_id/196.html
[运行时间：0.192011s] [吞吐率：5.21req/s] [内存消耗：3,516.60kb] [文件加载：74]
[ info ] [ LANG ] D:\phpStudy\WWW\lmeriPro\source\thinkphp\lang\zh-cn.php
[ info ] [ ROUTE ] array (
  'type' => 'module',
  'module' => 
  array (
    0 => 'store',
    1 => 'store.shop',
    2 => 'edit',
  ),
)
[ info ] [ HEADER ] array (
  'cookie' => 'PHPSESSID=pqqgngpphe4f1hf37k3cc7mtq7',
  'accept-language' => 'zh-CN,zh;q=0.9,en;q=0.8',
  'accept-encoding' => 'gzip, deflate',
  'referer' => 'http://www.phpstudy.net/index.php?s=/store/store.shop/index.html',
  'accept' => 'text/html,application/xhtml+xml,application/xml;q=0.9,image/webp,image/apng,*/*;q=0.8,application/signed-exchange;v=b3',
  'user-agent' => 'Mozilla/5.0 (Windows NT 6.1; WOW64) AppleWebKit/537.36 (KHTML, like Gecko) Chrome/78.0.3904.97 Safari/537.36',
  'upgrade-insecure-requests' => '1',
  'cache-control' => 'max-age=0',
  'connection' => 'close',
  'host' => 'www.phpstudy.net',
)
[ info ] [ PARAM ] array (
  'store_id' => '196',
)
[ info ] [ BEHAVIOR ] Run app\common\behavior\App @app_begin [ RunTime:0.000000s ]
[ info ] [ SESSION ] INIT array (
  'id' => '',
  'var_session_id' => '',
  'prefix' => '',
  'type' => '',
  'auto_start' => true,
)
[ info ] [ DB ] INIT mysql
[ info ] [ CACHE ] INIT File
[ info ] [ RUN ] app\store\controller\store\Shop->edit[ D:\phpStudy\WWW\lmeriPro\source\application\store\controller\store\Shop.php ]
[ info ] [ VIEW ] D:\phpStudy\WWW\lmeriPro\web/../source/application/store\view\store\shop\edit.php [ array (
  0 => 'base_url',
  1 => 'store_url',
  2 => 'group',
  3 => 'tips_data',
  4 => 'menus',
  5 => 'store',
  6 => 'request',
  7 => 'version',
  8 => 'tipsAuth',
  9 => 'model',
  10 => 'storeType',
  11 => 'business',
) ]
[ info ] [ LOG ] INIT File
---------------------------------------------------------------
[ 2019-11-20T10:19:11+08:00 ] 127.0.0.1 GET www.phpstudy.net/index.php?s=/store/store.shop/index/getpoint/1.html
[运行时间：0.179011s] [吞吐率：5.59req/s] [内存消耗：3,124.14kb] [文件加载：65]
[ info ] [ LANG ] D:\phpStudy\WWW\lmeriPro\source\thinkphp\lang\zh-cn.php
[ info ] [ ROUTE ] array (
  'type' => 'module',
  'module' => 
  array (
    0 => 'store',
    1 => 'store.shop',
    2 => 'index',
  ),
)
[ info ] [ HEADER ] array (
  'cookie' => 'PHPSESSID=pqqgngpphe4f1hf37k3cc7mtq7',
  'accept-language' => 'zh-CN,zh;q=0.9,en;q=0.8',
  'accept-encoding' => 'gzip, deflate',
  'referer' => 'http://www.phpstudy.net/index.php?s=/store/store.shop/edit/store_id/196.html',
  'accept' => 'text/html,application/xhtml+xml,application/xml;q=0.9,image/webp,image/apng,*/*;q=0.8,application/signed-exchange;v=b3',
  'user-agent' => 'Mozilla/5.0 (Windows NT 6.1; WOW64) AppleWebKit/537.36 (KHTML, like Gecko) Chrome/78.0.3904.97 Safari/537.36',
  'upgrade-insecure-requests' => '1',
  'connection' => 'close',
  'host' => 'www.phpstudy.net',
)
[ info ] [ PARAM ] array (
  'getpoint' => '1',
)
[ info ] [ BEHAVIOR ] Run app\common\behavior\App @app_begin [ RunTime:0.000000s ]
[ info ] [ SESSION ] INIT array (
  'id' => '',
  'var_session_id' => '',
  'prefix' => '',
  'type' => '',
  'auto_start' => true,
)
[ info ] [ DB ] INIT mysql
[ info ] [ CACHE ] INIT File
[ info ] [ RUN ] app\store\controller\store\Shop->index[ D:\phpStudy\WWW\lmeriPro\source\application\store\controller\store\Shop.php ]
[ info ] [ VIEW ] D:\phpStudy\WWW\lmeriPro\web/../source/application/store\view\store\shop\getpoint.php [ array (
  0 => 'base_url',
  1 => 'store_url',
  2 => 'group',
  3 => 'tips_data',
  4 => 'menus',
  5 => 'store',
  6 => 'request',
  7 => 'version',
  8 => 'tipsAuth',
) ]
[ info ] [ LOG ] INIT File
---------------------------------------------------------------
[ 2019-11-20T10:22:58+08:00 ] 127.0.0.1 GET www.phpstudy.net/index.php?s=/store/store.shop/edit/store_id/196.html
[运行时间：0.380022s] [吞吐率：2.63req/s] [内存消耗：3,516.55kb] [文件加载：74]
[ info ] [ LANG ] D:\phpStudy\WWW\lmeriPro\source\thinkphp\lang\zh-cn.php
[ info ] [ ROUTE ] array (
  'type' => 'module',
  'module' => 
  array (
    0 => 'store',
    1 => 'store.shop',
    2 => 'edit',
  ),
)
[ info ] [ HEADER ] array (
  'cookie' => 'PHPSESSID=pqqgngpphe4f1hf37k3cc7mtq7',
  'accept-language' => 'zh-CN,zh;q=0.9,en;q=0.8',
  'accept-encoding' => 'gzip, deflate',
  'referer' => 'http://www.phpstudy.net/index.php?s=/store/store.shop/index.html',
  'accept' => 'text/html,application/xhtml+xml,application/xml;q=0.9,image/webp,image/apng,*/*;q=0.8,application/signed-exchange;v=b3',
  'user-agent' => 'Mozilla/5.0 (Windows NT 6.1; WOW64) AppleWebKit/537.36 (KHTML, like Gecko) Chrome/78.0.3904.97 Safari/537.36',
  'upgrade-insecure-requests' => '1',
  'cache-control' => 'max-age=0',
  'connection' => 'close',
  'host' => 'www.phpstudy.net',
)
[ info ] [ PARAM ] array (
  'store_id' => '196',
)
[ info ] [ BEHAVIOR ] Run app\common\behavior\App @app_begin [ RunTime:0.001000s ]
[ info ] [ SESSION ] INIT array (
  'id' => '',
  'var_session_id' => '',
  'prefix' => '',
  'type' => '',
  'auto_start' => true,
)
[ info ] [ DB ] INIT mysql
[ info ] [ CACHE ] INIT File
[ info ] [ RUN ] app\store\controller\store\Shop->edit[ D:\phpStudy\WWW\lmeriPro\source\application\store\controller\store\Shop.php ]
[ info ] [ VIEW ] D:\phpStudy\WWW\lmeriPro\web/../source/application/store\view\store\shop\edit.php [ array (
  0 => 'base_url',
  1 => 'store_url',
  2 => 'group',
  3 => 'tips_data',
  4 => 'menus',
  5 => 'store',
  6 => 'request',
  7 => 'version',
  8 => 'tipsAuth',
  9 => 'model',
  10 => 'storeType',
  11 => 'business',
) ]
[ info ] [ LOG ] INIT File
---------------------------------------------------------------
[ 2019-11-20T10:22:59+08:00 ] 127.0.0.1 GET www.phpstudy.net/index.php?s=/store/store.shop/index/getpoint/1.html
[运行时间：0.165009s] [吞吐率：6.06req/s] [内存消耗：3,124.14kb] [文件加载：65]
[ info ] [ LANG ] D:\phpStudy\WWW\lmeriPro\source\thinkphp\lang\zh-cn.php
[ info ] [ ROUTE ] array (
  'type' => 'module',
  'module' => 
  array (
    0 => 'store',
    1 => 'store.shop',
    2 => 'index',
  ),
)
[ info ] [ HEADER ] array (
  'cookie' => 'PHPSESSID=pqqgngpphe4f1hf37k3cc7mtq7',
  'accept-language' => 'zh-CN,zh;q=0.9,en;q=0.8',
  'accept-encoding' => 'gzip, deflate',
  'referer' => 'http://www.phpstudy.net/index.php?s=/store/store.shop/edit/store_id/196.html',
  'accept' => 'text/html,application/xhtml+xml,application/xml;q=0.9,image/webp,image/apng,*/*;q=0.8,application/signed-exchange;v=b3',
  'user-agent' => 'Mozilla/5.0 (Windows NT 6.1; WOW64) AppleWebKit/537.36 (KHTML, like Gecko) Chrome/78.0.3904.97 Safari/537.36',
  'upgrade-insecure-requests' => '1',
  'connection' => 'close',
  'host' => 'www.phpstudy.net',
)
[ info ] [ PARAM ] array (
  'getpoint' => '1',
)
[ info ] [ BEHAVIOR ] Run app\common\behavior\App @app_begin [ RunTime:0.000000s ]
[ info ] [ SESSION ] INIT array (
  'id' => '',
  'var_session_id' => '',
  'prefix' => '',
  'type' => '',
  'auto_start' => true,
)
[ info ] [ DB ] INIT mysql
[ info ] [ CACHE ] INIT File
[ info ] [ RUN ] app\store\controller\store\Shop->index[ D:\phpStudy\WWW\lmeriPro\source\application\store\controller\store\Shop.php ]
[ info ] [ VIEW ] D:\phpStudy\WWW\lmeriPro\web/../source/application/store\view\store\shop\getpoint.php [ array (
  0 => 'base_url',
  1 => 'store_url',
  2 => 'group',
  3 => 'tips_data',
  4 => 'menus',
  5 => 'store',
  6 => 'request',
  7 => 'version',
  8 => 'tipsAuth',
) ]
[ info ] [ LOG ] INIT File
