---------------------------------------------------------------
[ 2019-11-20T09:00:37+08:00 ] 127.0.0.1 GET www.phpstudy.net/index.php?s=/store/store.rotation_chart/index.html
[ sql ] [ DB ] CONNECT:[ UseTime:0.045003s ] mysql:host=127.0.0.1;port=3306;dbname=lmeri;charset=utf8
[ sql ] [ SQL ] SHOW COLUMNS FROM `bs_store_user_business` [ RunTime:0.007000s ]
[ sql ] [ SQL ] SELECT * FROM `bs_store_user_business` WHERE  `store_user_id` = 52 LIMIT 1 [ RunTime:0.000000s ]
[ sql ] [ SQL ] SHOW COLUMNS FROM `bs_store_user` [ RunTime:0.010001s ]
[ sql ] [ SQL ] SELECT * FROM `bs_store_user` WHERE  `id` = 52 LIMIT 1 [ RunTime:0.001000s ]
[ sql ] [ SQL ] SHOW COLUMNS FROM `bs_order_95` [ RunTime:0.007000s ]
[ sql ] [ SQL ] SELECT COUNT(*) AS tp_count FROM `bs_order_95` WHERE  `order_state` = 20  AND `mark` = 1 LIMIT 1 [ RunTime:0.001000s ]
[ sql ] [ SQL ] SELECT COUNT(*) AS tp_count FROM `bs_order_95` WHERE  `order_state` = 60  AND `mark` = 1 LIMIT 1 [ RunTime:0.000000s ]
[ sql ] [ SQL ] SHOW COLUMNS FROM `bs_store_console` [ RunTime:0.007001s ]
[ sql ] [ SQL ] SELECT * FROM `bs_store_console` WHERE  `relation_1` = '58'  AND `type` = 11 LIMIT 1 [ RunTime:0.001000s ]
[ sql ] [ SQL ] SHOW COLUMNS FROM `bs_order_58` [ RunTime:0.006000s ]
[ sql ] [ SQL ] SELECT `a`.`order_sn` FROM `bs_order_58` `a` INNER JOIN `bs_order_details_58` `b` ON `a`.`order_sn`=`b`.`order_sn` WHERE  `a`.`mark` = 1  AND `a`.`order_state` >= 20  AND `b`.`warning_tone` = 1  AND `a`.`add_time` BETWEEN '1574179200' AND '1574265599' [ RunTime:0.002001s ]
[ sql ] [ SQL ] SHOW COLUMNS FROM `bs_rotation_chart` [ RunTime:0.008000s ]
[ sql ] [ SQL ] SELECT COUNT(*) AS tp_count FROM `bs_rotation_chart` `a` LEFT JOIN `bs_store_user` `c` ON `c`.`id`=`a`.`update_user` LIMIT 1 [ RunTime:0.001000s ]
[ sql ] [ SQL ] SELECT `a`.`id`,`a`.`img_url`,`a`.`type`,`a`.`update_user`,`a`.`update_time`,`c`.`user_name` FROM `bs_rotation_chart` `a` LEFT JOIN `bs_store_user` `c` ON `c`.`id`=`a`.`update_user` ORDER BY `id` ASC LIMIT 0,15 [ RunTime:0.001000s ]
---------------------------------------------------------------
[ 2019-11-20T09:00:38+08:00 ] 127.0.0.1 GET www.phpstudy.net/index.php?s=/store/store.rotation_chart/index.html
[ sql ] [ DB ] CONNECT:[ UseTime:0.012001s ] mysql:host=127.0.0.1;port=3306;dbname=lmeri;charset=utf8
[ sql ] [ SQL ] SHOW COLUMNS FROM `bs_store_user_business` [ RunTime:0.009000s ]
[ sql ] [ SQL ] SELECT * FROM `bs_store_user_business` WHERE  `store_user_id` = 52 LIMIT 1 [ RunTime:0.001000s ]
[ sql ] [ SQL ] SHOW COLUMNS FROM `bs_store_user` [ RunTime:0.007000s ]
[ sql ] [ SQL ] SELECT * FROM `bs_store_user` WHERE  `id` = 52 LIMIT 1 [ RunTime:0.000000s ]
[ sql ] [ SQL ] SHOW COLUMNS FROM `bs_order_95` [ RunTime:0.008001s ]
[ sql ] [ SQL ] SELECT COUNT(*) AS tp_count FROM `bs_order_95` WHERE  `order_state` = 20  AND `mark` = 1 LIMIT 1 [ RunTime:0.000000s ]
[ sql ] [ SQL ] SELECT COUNT(*) AS tp_count FROM `bs_order_95` WHERE  `order_state` = 60  AND `mark` = 1 LIMIT 1 [ RunTime:0.001000s ]
[ sql ] [ SQL ] SHOW COLUMNS FROM `bs_store_console` [ RunTime:0.007001s ]
[ sql ] [ SQL ] SELECT * FROM `bs_store_console` WHERE  `relation_1` = '58'  AND `type` = 11 LIMIT 1 [ RunTime:0.002000s ]
[ sql ] [ SQL ] SHOW COLUMNS FROM `bs_order_58` [ RunTime:0.011001s ]
[ sql ] [ SQL ] SELECT `a`.`order_sn` FROM `bs_order_58` `a` INNER JOIN `bs_order_details_58` `b` ON `a`.`order_sn`=`b`.`order_sn` WHERE  `a`.`mark` = 1  AND `a`.`order_state` >= 20  AND `b`.`warning_tone` = 1  AND `a`.`add_time` BETWEEN '1574179200' AND '1574265599' [ RunTime:0.001000s ]
[ sql ] [ SQL ] SHOW COLUMNS FROM `bs_rotation_chart` [ RunTime:0.007000s ]
[ sql ] [ SQL ] SELECT COUNT(*) AS tp_count FROM `bs_rotation_chart` `a` LEFT JOIN `bs_store_user` `c` ON `c`.`id`=`a`.`update_user` LIMIT 1 [ RunTime:0.001000s ]
[ sql ] [ SQL ] SELECT `a`.`id`,`a`.`img_url`,`a`.`type`,`a`.`update_user`,`a`.`update_time`,`c`.`user_name` FROM `bs_rotation_chart` `a` LEFT JOIN `bs_store_user` `c` ON `c`.`id`=`a`.`update_user` ORDER BY `id` ASC LIMIT 0,15 [ RunTime:0.002000s ]
---------------------------------------------------------------
[ 2019-11-20T09:04:41+08:00 ] 127.0.0.1 GET www.phpstudy.net/index.php?s=/store/store.rotation_chart/edit/id/3.html
[ sql ] [ DB ] CONNECT:[ UseTime:0.004000s ] mysql:host=127.0.0.1;port=3306;dbname=lmeri;charset=utf8
[ sql ] [ SQL ] SHOW COLUMNS FROM `bs_store_user_business` [ RunTime:0.009000s ]
[ sql ] [ SQL ] SELECT * FROM `bs_store_user_business` WHERE  `store_user_id` = 52 LIMIT 1 [ RunTime:0.001000s ]
[ sql ] [ SQL ] SHOW COLUMNS FROM `bs_store_user` [ RunTime:0.009001s ]
[ sql ] [ SQL ] SELECT * FROM `bs_store_user` WHERE  `id` = 52 LIMIT 1 [ RunTime:0.001000s ]
[ sql ] [ SQL ] SHOW COLUMNS FROM `bs_order_95` [ RunTime:0.008001s ]
[ sql ] [ SQL ] SELECT COUNT(*) AS tp_count FROM `bs_order_95` WHERE  `order_state` = 20  AND `mark` = 1 LIMIT 1 [ RunTime:0.001000s ]
[ sql ] [ SQL ] SELECT COUNT(*) AS tp_count FROM `bs_order_95` WHERE  `order_state` = 60  AND `mark` = 1 LIMIT 1 [ RunTime:0.001000s ]
[ sql ] [ SQL ] SHOW COLUMNS FROM `bs_store_console` [ RunTime:0.008000s ]
[ sql ] [ SQL ] SELECT * FROM `bs_store_console` WHERE  `relation_1` = '58'  AND `type` = 11 LIMIT 1 [ RunTime:0.002000s ]
[ sql ] [ SQL ] SHOW COLUMNS FROM `bs_order_58` [ RunTime:0.008000s ]
[ sql ] [ SQL ] SELECT `a`.`order_sn` FROM `bs_order_58` `a` INNER JOIN `bs_order_details_58` `b` ON `a`.`order_sn`=`b`.`order_sn` WHERE  `a`.`mark` = 1  AND `a`.`order_state` >= 20  AND `b`.`warning_tone` = 1  AND `a`.`add_time` BETWEEN '1574179200' AND '1574265599' [ RunTime:0.002000s ]
[ sql ] [ SQL ] SHOW COLUMNS FROM `bs_rotation_chart` [ RunTime:0.010001s ]
[ sql ] [ SQL ] SELECT * FROM `bs_rotation_chart` WHERE  `id` = 3 LIMIT 1 [ RunTime:0.001000s ]
---------------------------------------------------------------
[ 2019-11-20T09:04:43+08:00 ] 127.0.0.1 GET www.phpstudy.net/index.php?s=/store/store.rotation_chart/index.html
[ sql ] [ DB ] CONNECT:[ UseTime:0.011001s ] mysql:host=127.0.0.1;port=3306;dbname=lmeri;charset=utf8
[ sql ] [ SQL ] SHOW COLUMNS FROM `bs_store_user_business` [ RunTime:0.007000s ]
[ sql ] [ SQL ] SELECT * FROM `bs_store_user_business` WHERE  `store_user_id` = 52 LIMIT 1 [ RunTime:0.001000s ]
[ sql ] [ SQL ] SHOW COLUMNS FROM `bs_store_user` [ RunTime:0.007000s ]
[ sql ] [ SQL ] SELECT * FROM `bs_store_user` WHERE  `id` = 52 LIMIT 1 [ RunTime:0.000000s ]
[ sql ] [ SQL ] SHOW COLUMNS FROM `bs_order_95` [ RunTime:0.006001s ]
[ sql ] [ SQL ] SELECT COUNT(*) AS tp_count FROM `bs_order_95` WHERE  `order_state` = 20  AND `mark` = 1 LIMIT 1 [ RunTime:0.001000s ]
[ sql ] [ SQL ] SELECT COUNT(*) AS tp_count FROM `bs_order_95` WHERE  `order_state` = 60  AND `mark` = 1 LIMIT 1 [ RunTime:0.001000s ]
[ sql ] [ SQL ] SHOW COLUMNS FROM `bs_store_console` [ RunTime:0.005000s ]
[ sql ] [ SQL ] SELECT * FROM `bs_store_console` WHERE  `relation_1` = '58'  AND `type` = 11 LIMIT 1 [ RunTime:0.001000s ]
[ sql ] [ SQL ] SHOW COLUMNS FROM `bs_order_58` [ RunTime:0.006001s ]
[ sql ] [ SQL ] SELECT `a`.`order_sn` FROM `bs_order_58` `a` INNER JOIN `bs_order_details_58` `b` ON `a`.`order_sn`=`b`.`order_sn` WHERE  `a`.`mark` = 1  AND `a`.`order_state` >= 20  AND `b`.`warning_tone` = 1  AND `a`.`add_time` BETWEEN '1574179200' AND '1574265599' [ RunTime:0.001000s ]
[ sql ] [ SQL ] SHOW COLUMNS FROM `bs_rotation_chart` [ RunTime:0.007000s ]
[ sql ] [ SQL ] SELECT COUNT(*) AS tp_count FROM `bs_rotation_chart` `a` LEFT JOIN `bs_store_user` `c` ON `c`.`id`=`a`.`update_user` LIMIT 1 [ RunTime:0.000000s ]
[ sql ] [ SQL ] SELECT `a`.`id`,`a`.`img_url`,`a`.`type`,`a`.`update_user`,`a`.`update_time`,`c`.`user_name` FROM `bs_rotation_chart` `a` LEFT JOIN `bs_store_user` `c` ON `c`.`id`=`a`.`update_user` ORDER BY `id` ASC LIMIT 0,15 [ RunTime:0.001001s ]
---------------------------------------------------------------
[ 2019-11-20T09:04:44+08:00 ] 127.0.0.1 GET www.phpstudy.net/index.php?s=/store/store.rotation_chart/edit/id/2.html
[ sql ] [ DB ] CONNECT:[ UseTime:0.011001s ] mysql:host=127.0.0.1;port=3306;dbname=lmeri;charset=utf8
[ sql ] [ SQL ] SHOW COLUMNS FROM `bs_store_user_business` [ RunTime:0.007000s ]
[ sql ] [ SQL ] SELECT * FROM `bs_store_user_business` WHERE  `store_user_id` = 52 LIMIT 1 [ RunTime:0.000000s ]
[ sql ] [ SQL ] SHOW COLUMNS FROM `bs_store_user` [ RunTime:0.012000s ]
[ sql ] [ SQL ] SELECT * FROM `bs_store_user` WHERE  `id` = 52 LIMIT 1 [ RunTime:0.001000s ]
[ sql ] [ SQL ] SHOW COLUMNS FROM `bs_order_95` [ RunTime:0.008001s ]
[ sql ] [ SQL ] SELECT COUNT(*) AS tp_count FROM `bs_order_95` WHERE  `order_state` = 20  AND `mark` = 1 LIMIT 1 [ RunTime:0.001000s ]
[ sql ] [ SQL ] SELECT COUNT(*) AS tp_count FROM `bs_order_95` WHERE  `order_state` = 60  AND `mark` = 1 LIMIT 1 [ RunTime:0.001000s ]
[ sql ] [ SQL ] SHOW COLUMNS FROM `bs_store_console` [ RunTime:0.008000s ]
[ sql ] [ SQL ] SELECT * FROM `bs_store_console` WHERE  `relation_1` = '58'  AND `type` = 11 LIMIT 1 [ RunTime:0.002000s ]
[ sql ] [ SQL ] SHOW COLUMNS FROM `bs_order_58` [ RunTime:0.012001s ]
[ sql ] [ SQL ] SELECT `a`.`order_sn` FROM `bs_order_58` `a` INNER JOIN `bs_order_details_58` `b` ON `a`.`order_sn`=`b`.`order_sn` WHERE  `a`.`mark` = 1  AND `a`.`order_state` >= 20  AND `b`.`warning_tone` = 1  AND `a`.`add_time` BETWEEN '1574179200' AND '1574265599' [ RunTime:0.002000s ]
[ sql ] [ SQL ] SHOW COLUMNS FROM `bs_rotation_chart` [ RunTime:0.008001s ]
[ sql ] [ SQL ] SELECT * FROM `bs_rotation_chart` WHERE  `id` = 2 LIMIT 1 [ RunTime:0.001000s ]
---------------------------------------------------------------
[ 2019-11-20T09:13:19+08:00 ] 127.0.0.1 GET www.phpstudy.net/index.php?s=/store/store.rotation_chart/index.html
[ sql ] [ DB ] CONNECT:[ UseTime:0.038002s ] mysql:host=127.0.0.1;port=3306;dbname=lmeri;charset=utf8
[ sql ] [ SQL ] SHOW COLUMNS FROM `bs_store_user_business` [ RunTime:0.007001s ]
[ sql ] [ SQL ] SELECT * FROM `bs_store_user_business` WHERE  `store_user_id` = 52 LIMIT 1 [ RunTime:0.000000s ]
[ sql ] [ SQL ] SHOW COLUMNS FROM `bs_store_user` [ RunTime:0.008001s ]
[ sql ] [ SQL ] SELECT * FROM `bs_store_user` WHERE  `id` = 52 LIMIT 1 [ RunTime:0.001000s ]
[ sql ] [ SQL ] SHOW COLUMNS FROM `bs_order_95` [ RunTime:0.006000s ]
[ sql ] [ SQL ] SELECT COUNT(*) AS tp_count FROM `bs_order_95` WHERE  `order_state` = 20  AND `mark` = 1 LIMIT 1 [ RunTime:0.000000s ]
[ sql ] [ SQL ] SELECT COUNT(*) AS tp_count FROM `bs_order_95` WHERE  `order_state` = 60  AND `mark` = 1 LIMIT 1 [ RunTime:0.000000s ]
[ sql ] [ SQL ] SHOW COLUMNS FROM `bs_store_console` [ RunTime:0.007000s ]
[ sql ] [ SQL ] SELECT * FROM `bs_store_console` WHERE  `relation_1` = '58'  AND `type` = 11 LIMIT 1 [ RunTime:0.001000s ]
[ sql ] [ SQL ] SHOW COLUMNS FROM `bs_order_58` [ RunTime:0.007001s ]
[ sql ] [ SQL ] SELECT `a`.`order_sn` FROM `bs_order_58` `a` INNER JOIN `bs_order_details_58` `b` ON `a`.`order_sn`=`b`.`order_sn` WHERE  `a`.`mark` = 1  AND `a`.`order_state` >= 20  AND `b`.`warning_tone` = 1  AND `a`.`add_time` BETWEEN '1574179200' AND '1574265599' [ RunTime:0.001000s ]
[ sql ] [ SQL ] SHOW COLUMNS FROM `bs_rotation_chart` [ RunTime:0.006000s ]
[ sql ] [ SQL ] SELECT COUNT(*) AS tp_count FROM `bs_rotation_chart` `a` LEFT JOIN `bs_store_user` `c` ON `c`.`id`=`a`.`update_user` LIMIT 1 [ RunTime:0.001000s ]
[ sql ] [ SQL ] SELECT `a`.`id`,`a`.`img_url`,`a`.`type`,`a`.`update_user`,`a`.`update_time`,`c`.`user_name` FROM `bs_rotation_chart` `a` LEFT JOIN `bs_store_user` `c` ON `c`.`id`=`a`.`update_user` ORDER BY `id` ASC LIMIT 0,15 [ RunTime:0.001000s ]
---------------------------------------------------------------
[ 2019-11-20T09:16:07+08:00 ] 127.0.0.1 GET www.phpstudy.net/index.php?s=/store/store.activity/index.html
[ sql ] [ DB ] CONNECT:[ UseTime:0.002000s ] mysql:host=127.0.0.1;port=3306;dbname=lmeri;charset=utf8
[ sql ] [ SQL ] SHOW COLUMNS FROM `bs_store_user_business` [ RunTime:0.013001s ]
[ sql ] [ SQL ] SELECT * FROM `bs_store_user_business` WHERE  `store_user_id` = 52 LIMIT 1 [ RunTime:0.001000s ]
[ sql ] [ SQL ] SHOW COLUMNS FROM `bs_store_user` [ RunTime:0.009001s ]
[ sql ] [ SQL ] SELECT * FROM `bs_store_user` WHERE  `id` = 52 LIMIT 1 [ RunTime:0.001000s ]
[ sql ] [ SQL ] SHOW COLUMNS FROM `bs_order_95` [ RunTime:0.008001s ]
[ sql ] [ SQL ] SELECT COUNT(*) AS tp_count FROM `bs_order_95` WHERE  `order_state` = 20  AND `mark` = 1 LIMIT 1 [ RunTime:0.001000s ]
[ sql ] [ SQL ] SELECT COUNT(*) AS tp_count FROM `bs_order_95` WHERE  `order_state` = 60  AND `mark` = 1 LIMIT 1 [ RunTime:0.001000s ]
[ sql ] [ SQL ] SHOW COLUMNS FROM `bs_store_console` [ RunTime:0.007001s ]
[ sql ] [ SQL ] SELECT * FROM `bs_store_console` WHERE  `relation_1` = '58'  AND `type` = 11 LIMIT 1 [ RunTime:0.001000s ]
[ sql ] [ SQL ] SHOW COLUMNS FROM `bs_order_58` [ RunTime:0.008000s ]
[ sql ] [ SQL ] SELECT `a`.`order_sn` FROM `bs_order_58` `a` INNER JOIN `bs_order_details_58` `b` ON `a`.`order_sn`=`b`.`order_sn` WHERE  `a`.`mark` = 1  AND `a`.`order_state` >= 20  AND `b`.`warning_tone` = 1  AND `a`.`add_time` BETWEEN '1574179200' AND '1574265599' [ RunTime:0.001000s ]
[ sql ] [ SQL ] SHOW COLUMNS FROM `bs_store_activity` [ RunTime:0.019001s ]
[ sql ] [ SQL ] SELECT COUNT(*) AS tp_count FROM `bs_store_activity` WHERE  `mark` = 1 LIMIT 1 [ RunTime:0.004000s ]
[ sql ] [ SQL ] SELECT * FROM `bs_store_activity` WHERE  `mark` = 1 ORDER BY `id` DESC LIMIT 0,15 [ RunTime:0.012001s ]
---------------------------------------------------------------
[ 2019-11-20T09:40:43+08:00 ] 127.0.0.1 GET www.phpstudy.net/index.php?s=/store/store.shop/index.html
[ sql ] [ DB ] CONNECT:[ UseTime:0.037002s ] mysql:host=127.0.0.1;port=3306;dbname=lmeri;charset=utf8
[ sql ] [ SQL ] SHOW COLUMNS FROM `bs_store_user_business` [ RunTime:0.009001s ]
[ sql ] [ SQL ] SELECT * FROM `bs_store_user_business` WHERE  `store_user_id` = 52 LIMIT 1 [ RunTime:0.001000s ]
[ sql ] [ SQL ] SHOW COLUMNS FROM `bs_store_user` [ RunTime:0.006000s ]
[ sql ] [ SQL ] SELECT * FROM `bs_store_user` WHERE  `id` = 52 LIMIT 1 [ RunTime:0.001000s ]
[ sql ] [ SQL ] SHOW COLUMNS FROM `bs_order_95` [ RunTime:0.007000s ]
[ sql ] [ SQL ] SELECT COUNT(*) AS tp_count FROM `bs_order_95` WHERE  `order_state` = 20  AND `mark` = 1 LIMIT 1 [ RunTime:0.001000s ]
[ sql ] [ SQL ] SELECT COUNT(*) AS tp_count FROM `bs_order_95` WHERE  `order_state` = 60  AND `mark` = 1 LIMIT 1 [ RunTime:0.001000s ]
[ sql ] [ SQL ] SHOW COLUMNS FROM `bs_store_console` [ RunTime:0.006000s ]
[ sql ] [ SQL ] SELECT * FROM `bs_store_console` WHERE  `relation_1` = '58'  AND `type` = 11 LIMIT 1 [ RunTime:0.000000s ]
[ sql ] [ SQL ] SHOW COLUMNS FROM `bs_order_58` [ RunTime:0.008001s ]
[ sql ] [ SQL ] SELECT `a`.`order_sn` FROM `bs_order_58` `a` INNER JOIN `bs_order_details_58` `b` ON `a`.`order_sn`=`b`.`order_sn` WHERE  `a`.`mark` = 1  AND `a`.`order_state` >= 20  AND `b`.`warning_tone` = 1  AND `a`.`add_time` BETWEEN '1574179200' AND '1574265599' [ RunTime:0.002000s ]
[ sql ] [ SQL ] SHOW COLUMNS FROM `bs_store` [ RunTime:0.009001s ]
[ sql ] [ SQL ] SELECT COUNT(*) AS tp_count FROM `bs_store` WHERE  `store_cate_id` = 17 LIMIT 1 [ RunTime:0.002000s ]
[ sql ] [ SQL ] SELECT * FROM `bs_store` WHERE  `store_cate_id` = 17 ORDER BY `is_open` ASC,`sort` ASC,`add_time` DESC LIMIT 0,15 [ RunTime:0.002000s ]
---------------------------------------------------------------
[ 2019-11-20T09:40:48+08:00 ] 127.0.0.1 GET www.phpstudy.net/index.php?s=%2Fstore%2Fstore.shop%2Findex.html&page=2
[ sql ] [ DB ] CONNECT:[ UseTime:0.013001s ] mysql:host=127.0.0.1;port=3306;dbname=lmeri;charset=utf8
[ sql ] [ SQL ] SHOW COLUMNS FROM `bs_store_user_business` [ RunTime:0.009000s ]
[ sql ] [ SQL ] SELECT * FROM `bs_store_user_business` WHERE  `store_user_id` = 52 LIMIT 1 [ RunTime:0.002001s ]
[ sql ] [ SQL ] SHOW COLUMNS FROM `bs_store_user` [ RunTime:0.008001s ]
[ sql ] [ SQL ] SELECT * FROM `bs_store_user` WHERE  `id` = 52 LIMIT 1 [ RunTime:0.001000s ]
[ sql ] [ SQL ] SHOW COLUMNS FROM `bs_order_95` [ RunTime:0.006001s ]
[ sql ] [ SQL ] SELECT COUNT(*) AS tp_count FROM `bs_order_95` WHERE  `order_state` = 20  AND `mark` = 1 LIMIT 1 [ RunTime:0.001000s ]
[ sql ] [ SQL ] SELECT COUNT(*) AS tp_count FROM `bs_order_95` WHERE  `order_state` = 60  AND `mark` = 1 LIMIT 1 [ RunTime:0.001000s ]
[ sql ] [ SQL ] SHOW COLUMNS FROM `bs_store_console` [ RunTime:0.007000s ]
[ sql ] [ SQL ] SELECT * FROM `bs_store_console` WHERE  `relation_1` = '58'  AND `type` = 11 LIMIT 1 [ RunTime:0.001001s ]
[ sql ] [ SQL ] SHOW COLUMNS FROM `bs_order_58` [ RunTime:0.010000s ]
[ sql ] [ SQL ] SELECT `a`.`order_sn` FROM `bs_order_58` `a` INNER JOIN `bs_order_details_58` `b` ON `a`.`order_sn`=`b`.`order_sn` WHERE  `a`.`mark` = 1  AND `a`.`order_state` >= 20  AND `b`.`warning_tone` = 1  AND `a`.`add_time` BETWEEN '1574179200' AND '1574265599' [ RunTime:0.002000s ]
[ sql ] [ SQL ] SHOW COLUMNS FROM `bs_store` [ RunTime:0.010001s ]
[ sql ] [ SQL ] SELECT COUNT(*) AS tp_count FROM `bs_store` WHERE  `store_cate_id` = 17 LIMIT 1 [ RunTime:0.003000s ]
[ sql ] [ SQL ] SELECT * FROM `bs_store` WHERE  `store_cate_id` = 17 ORDER BY `is_open` ASC,`sort` ASC,`add_time` DESC LIMIT 15,15 [ RunTime:0.002000s ]
---------------------------------------------------------------
[ 2019-11-20T09:40:57+08:00 ] 127.0.0.1 GET www.phpstudy.net/index.php?s=/store/store.shop/edit/store_id/98.html
[ sql ] [ DB ] CONNECT:[ UseTime:0.004001s ] mysql:host=127.0.0.1;port=3306;dbname=lmeri;charset=utf8
[ sql ] [ SQL ] SHOW COLUMNS FROM `bs_store_user_business` [ RunTime:0.006000s ]
[ sql ] [ SQL ] SELECT * FROM `bs_store_user_business` WHERE  `store_user_id` = 52 LIMIT 1 [ RunTime:0.001000s ]
[ sql ] [ SQL ] SHOW COLUMNS FROM `bs_store_user` [ RunTime:0.009000s ]
[ sql ] [ SQL ] SELECT * FROM `bs_store_user` WHERE  `id` = 52 LIMIT 1 [ RunTime:0.002000s ]
[ sql ] [ SQL ] SHOW COLUMNS FROM `bs_order_95` [ RunTime:0.007000s ]
[ sql ] [ SQL ] SELECT COUNT(*) AS tp_count FROM `bs_order_95` WHERE  `order_state` = 20  AND `mark` = 1 LIMIT 1 [ RunTime:0.002000s ]
[ sql ] [ SQL ] SELECT COUNT(*) AS tp_count FROM `bs_order_95` WHERE  `order_state` = 60  AND `mark` = 1 LIMIT 1 [ RunTime:0.001000s ]
[ sql ] [ SQL ] SHOW COLUMNS FROM `bs_store_console` [ RunTime:0.007001s ]
[ sql ] [ SQL ] SELECT * FROM `bs_store_console` WHERE  `relation_1` = '58'  AND `type` = 11 LIMIT 1 [ RunTime:0.001000s ]
[ sql ] [ SQL ] SHOW COLUMNS FROM `bs_order_58` [ RunTime:0.009000s ]
[ sql ] [ SQL ] SELECT `a`.`order_sn` FROM `bs_order_58` `a` INNER JOIN `bs_order_details_58` `b` ON `a`.`order_sn`=`b`.`order_sn` WHERE  `a`.`mark` = 1  AND `a`.`order_state` >= 20  AND `b`.`warning_tone` = 1  AND `a`.`add_time` BETWEEN '1574179200' AND '1574265599' [ RunTime:0.001000s ]
[ sql ] [ SQL ] SHOW COLUMNS FROM `bs_city` [ RunTime:0.011000s ]
[ sql ] [ SQL ] SELECT * FROM `bs_city` WHERE  `parent_id` = 1 [ RunTime:0.005001s ]
[ sql ] [ SQL ] SELECT * FROM `bs_city` WHERE  `parent_id` = 11 [ RunTime:0.002000s ]
[ sql ] [ SQL ] SELECT * FROM `bs_city` WHERE  `parent_id` = 109 [ RunTime:0.002000s ]
---------------------------------------------------------------
[ 2019-11-20T09:40:57+08:00 ] 127.0.0.1 GET www.phpstudy.net/index.php?s=/store/store.shop/index/getpoint/1.html
[ sql ] [ DB ] CONNECT:[ UseTime:0.009000s ] mysql:host=127.0.0.1;port=3306;dbname=lmeri;charset=utf8
[ sql ] [ SQL ] SHOW COLUMNS FROM `bs_store_user_business` [ RunTime:0.013001s ]
[ sql ] [ SQL ] SELECT * FROM `bs_store_user_business` WHERE  `store_user_id` = 52 LIMIT 1 [ RunTime:0.001000s ]
[ sql ] [ SQL ] SHOW COLUMNS FROM `bs_store_user` [ RunTime:0.018001s ]
[ sql ] [ SQL ] SELECT * FROM `bs_store_user` WHERE  `id` = 52 LIMIT 1 [ RunTime:0.001000s ]
[ sql ] [ SQL ] SHOW COLUMNS FROM `bs_order_95` [ RunTime:0.009001s ]
[ sql ] [ SQL ] SELECT COUNT(*) AS tp_count FROM `bs_order_95` WHERE  `order_state` = 20  AND `mark` = 1 LIMIT 1 [ RunTime:0.001000s ]
[ sql ] [ SQL ] SELECT COUNT(*) AS tp_count FROM `bs_order_95` WHERE  `order_state` = 60  AND `mark` = 1 LIMIT 1 [ RunTime:0.001000s ]
[ sql ] [ SQL ] SHOW COLUMNS FROM `bs_store_console` [ RunTime:0.007000s ]
[ sql ] [ SQL ] SELECT * FROM `bs_store_console` WHERE  `relation_1` = '58'  AND `type` = 11 LIMIT 1 [ RunTime:0.001000s ]
[ sql ] [ SQL ] SHOW COLUMNS FROM `bs_order_58` [ RunTime:0.009000s ]
[ sql ] [ SQL ] SELECT `a`.`order_sn` FROM `bs_order_58` `a` INNER JOIN `bs_order_details_58` `b` ON `a`.`order_sn`=`b`.`order_sn` WHERE  `a`.`mark` = 1  AND `a`.`order_state` >= 20  AND `b`.`warning_tone` = 1  AND `a`.`add_time` BETWEEN '1574179200' AND '1574265599' [ RunTime:0.001000s ]
---------------------------------------------------------------
[ 2019-11-20T09:41:03+08:00 ] 127.0.0.1 GET www.phpstudy.net/index.php?s=/store/upload.library/fileList&group_id=-1
[ sql ] [ DB ] CONNECT:[ UseTime:0.006000s ] mysql:host=127.0.0.1;port=3306;dbname=lmeri;charset=utf8
[ sql ] [ SQL ] SHOW COLUMNS FROM `bs_store_user_business` [ RunTime:0.009001s ]
[ sql ] [ SQL ] SELECT * FROM `bs_store_user_business` WHERE  `store_user_id` = 52 LIMIT 1 [ RunTime:0.001000s ]
[ sql ] [ SQL ] SHOW COLUMNS FROM `bs_store_user` [ RunTime:0.008001s ]
[ sql ] [ SQL ] SELECT * FROM `bs_store_user` WHERE  `id` = 52 LIMIT 1 [ RunTime:0.001000s ]
[ sql ] [ SQL ] SHOW COLUMNS FROM `bs_order_95` [ RunTime:0.009001s ]
[ sql ] [ SQL ] SELECT COUNT(*) AS tp_count FROM `bs_order_95` WHERE  `order_state` = 20  AND `mark` = 1 LIMIT 1 [ RunTime:0.001000s ]
[ sql ] [ SQL ] SELECT COUNT(*) AS tp_count FROM `bs_order_95` WHERE  `order_state` = 60  AND `mark` = 1 LIMIT 1 [ RunTime:0.001000s ]
[ sql ] [ SQL ] SHOW COLUMNS FROM `bs_store_console` [ RunTime:0.009001s ]
[ sql ] [ SQL ] SELECT * FROM `bs_store_console` WHERE  `relation_1` = '58'  AND `type` = 11 LIMIT 1 [ RunTime:0.001000s ]
[ sql ] [ SQL ] SHOW COLUMNS FROM `bs_order_58` [ RunTime:0.011001s ]
[ sql ] [ SQL ] SELECT `a`.`order_sn` FROM `bs_order_58` `a` INNER JOIN `bs_order_details_58` `b` ON `a`.`order_sn`=`b`.`order_sn` WHERE  `a`.`mark` = 1  AND `a`.`order_state` >= 20  AND `b`.`warning_tone` = 1  AND `a`.`add_time` BETWEEN '1574179200' AND '1574265599' [ RunTime:0.001000s ]
[ sql ] [ SQL ] SHOW COLUMNS FROM `bs_upload_group` [ RunTime:0.009000s ]
[ sql ] [ SQL ] SELECT * FROM `bs_upload_group` WHERE  `group_type` = 'image'  AND `is_delete` = 0 ORDER BY `sort` ASC,`create_time` DESC [ RunTime:0.001000s ]
[ sql ] [ SQL ] SHOW COLUMNS FROM `bs_upload_file` [ RunTime:0.009001s ]
[ sql ] [ SQL ] SELECT COUNT(*) AS tp_count FROM `bs_upload_file` WHERE  `file_type` = 'image'  AND `is_user` = 0  AND `is_delete` = 0 LIMIT 1 [ RunTime:0.001000s ]
[ sql ] [ SQL ] SELECT * FROM `bs_upload_file` WHERE  `file_type` = 'image'  AND `is_user` = 0  AND `is_delete` = 0 ORDER BY `file_id` DESC LIMIT 0,32 [ RunTime:0.002000s ]
[ sql ] [ SQL ] SELECT * FROM `bs_upload_group` WHERE  `group_id` IN (0) [ RunTime:0.001000s ]
---------------------------------------------------------------
[ 2019-11-20T09:41:09+08:00 ] 127.0.0.1 POST www.phpstudy.net/index.php?s=/store/store.shop/edit/store_id/98.html
[ sql ] [ DB ] CONNECT:[ UseTime:0.002000s ] mysql:host=127.0.0.1;port=3306;dbname=lmeri;charset=utf8
[ sql ] [ SQL ] SHOW COLUMNS FROM `bs_store_user_business` [ RunTime:0.006001s ]
[ sql ] [ SQL ] SELECT * FROM `bs_store_user_business` WHERE  `store_user_id` = 52 LIMIT 1 [ RunTime:0.001000s ]
[ sql ] [ SQL ] SHOW COLUMNS FROM `bs_store_user` [ RunTime:0.009001s ]
[ sql ] [ SQL ] SELECT * FROM `bs_store_user` WHERE  `id` = 52 LIMIT 1 [ RunTime:0.002000s ]
[ sql ] [ SQL ] SHOW COLUMNS FROM `bs_order_95` [ RunTime:0.009001s ]
[ sql ] [ SQL ] SELECT COUNT(*) AS tp_count FROM `bs_order_95` WHERE  `order_state` = 20  AND `mark` = 1 LIMIT 1 [ RunTime:0.000000s ]
[ sql ] [ SQL ] SELECT COUNT(*) AS tp_count FROM `bs_order_95` WHERE  `order_state` = 60  AND `mark` = 1 LIMIT 1 [ RunTime:0.000000s ]
[ sql ] [ SQL ] SHOW COLUMNS FROM `bs_store_console` [ RunTime:0.007001s ]
[ sql ] [ SQL ] SELECT * FROM `bs_store_console` WHERE  `relation_1` = '58'  AND `type` = 11 LIMIT 1 [ RunTime:0.001000s ]
[ sql ] [ SQL ] SHOW COLUMNS FROM `bs_order_58` [ RunTime:0.011000s ]
[ sql ] [ SQL ] SELECT `a`.`order_sn` FROM `bs_order_58` `a` INNER JOIN `bs_order_details_58` `b` ON `a`.`order_sn`=`b`.`order_sn` WHERE  `a`.`mark` = 1  AND `a`.`order_state` >= 20  AND `b`.`warning_tone` = 1  AND `a`.`add_time` BETWEEN '1574179200' AND '1574265599' [ RunTime:0.001000s ]
[ sql ] [ SQL ] SHOW COLUMNS FROM `bs_store` [ RunTime:0.009000s ]
[ sql ] [ SQL ] UPDATE `bs_store`  SET `store_type`=3,`store_name`='测试南京中华门站点',`logo`='0/Store/20191008/20191008155347de1b75898.jpg',`background_img`='a:2:{i:0;a:3:{s:10:\"background\";s:44:\"0/Store/20191008/20191008155347de1b75898.jpg\";s:11:\"activity_id\";i:0;s:3:\"url\";s:0:\"\";}i:1;a:3:{s:10:\"background\";s:46:\"120/Store/20191012/201910121547236ebea4034.jpg\";s:11:\"activity_id\";i:0;s:3:\"url\";s:25:\"pages/exercise/exercise55\";}}',`store_mobile`='18005709029',`store_start_time`='08:00',`store_end_time`='22:58',`business_id`=135,`addr_detail`='南京市雨花台区中华门-地铁站',`store_notice`='1111111',`fee`=2.5,`sort`=101,`is_open`=1,`store_address`='11_109_1180',`latitude`='32.013023',`longitude`='118.781161',`is_site`=2,`store_cate_id`=17,`lang_id`=29,`modity_time`=1574214068  WHERE  `id` = 98 [ RunTime:0.002001s ]
[ sql ] [ SQL ] SELECT * FROM `bs_store` ORDER BY `sort` ASC,`add_time` DESC [ RunTime:0.003000s ]
---------------------------------------------------------------
[ 2019-11-20T09:41:10+08:00 ] 127.0.0.1 GET www.phpstudy.net/index.php?s=/store/store.shop/index.html
[ sql ] [ DB ] CONNECT:[ UseTime:0.003000s ] mysql:host=127.0.0.1;port=3306;dbname=lmeri;charset=utf8
[ sql ] [ SQL ] SHOW COLUMNS FROM `bs_store_user_business` [ RunTime:0.010001s ]
[ sql ] [ SQL ] SELECT * FROM `bs_store_user_business` WHERE  `store_user_id` = 52 LIMIT 1 [ RunTime:0.001000s ]
[ sql ] [ SQL ] SHOW COLUMNS FROM `bs_store_user` [ RunTime:0.006001s ]
[ sql ] [ SQL ] SELECT * FROM `bs_store_user` WHERE  `id` = 52 LIMIT 1 [ RunTime:0.001000s ]
[ sql ] [ SQL ] SHOW COLUMNS FROM `bs_order_95` [ RunTime:0.007001s ]
[ sql ] [ SQL ] SELECT COUNT(*) AS tp_count FROM `bs_order_95` WHERE  `order_state` = 20  AND `mark` = 1 LIMIT 1 [ RunTime:0.001000s ]
[ sql ] [ SQL ] SELECT COUNT(*) AS tp_count FROM `bs_order_95` WHERE  `order_state` = 60  AND `mark` = 1 LIMIT 1 [ RunTime:0.000000s ]
[ sql ] [ SQL ] SHOW COLUMNS FROM `bs_store_console` [ RunTime:0.008000s ]
[ sql ] [ SQL ] SELECT * FROM `bs_store_console` WHERE  `relation_1` = '58'  AND `type` = 11 LIMIT 1 [ RunTime:0.001000s ]
[ sql ] [ SQL ] SHOW COLUMNS FROM `bs_order_58` [ RunTime:0.007000s ]
[ sql ] [ SQL ] SELECT `a`.`order_sn` FROM `bs_order_58` `a` INNER JOIN `bs_order_details_58` `b` ON `a`.`order_sn`=`b`.`order_sn` WHERE  `a`.`mark` = 1  AND `a`.`order_state` >= 20  AND `b`.`warning_tone` = 1  AND `a`.`add_time` BETWEEN '1574179200' AND '1574265599' [ RunTime:0.002000s ]
[ sql ] [ SQL ] SHOW COLUMNS FROM `bs_store` [ RunTime:0.008001s ]
[ sql ] [ SQL ] SELECT COUNT(*) AS tp_count FROM `bs_store` WHERE  `store_cate_id` = 17 LIMIT 1 [ RunTime:0.001000s ]
[ sql ] [ SQL ] SELECT * FROM `bs_store` WHERE  `store_cate_id` = 17 ORDER BY `is_open` ASC,`sort` ASC,`add_time` DESC LIMIT 0,15 [ RunTime:0.001000s ]
---------------------------------------------------------------
[ 2019-11-20T09:41:15+08:00 ] 127.0.0.1 GET www.phpstudy.net/index.php?s=%2Fstore%2Fstore.shop%2Findex.html&page=2
[ sql ] [ DB ] CONNECT:[ UseTime:0.004001s ] mysql:host=127.0.0.1;port=3306;dbname=lmeri;charset=utf8
[ sql ] [ SQL ] SHOW COLUMNS FROM `bs_store_user_business` [ RunTime:0.008000s ]
[ sql ] [ SQL ] SELECT * FROM `bs_store_user_business` WHERE  `store_user_id` = 52 LIMIT 1 [ RunTime:0.001000s ]
[ sql ] [ SQL ] SHOW COLUMNS FROM `bs_store_user` [ RunTime:0.009000s ]
[ sql ] [ SQL ] SELECT * FROM `bs_store_user` WHERE  `id` = 52 LIMIT 1 [ RunTime:0.001000s ]
[ sql ] [ SQL ] SHOW COLUMNS FROM `bs_order_95` [ RunTime:0.012001s ]
[ sql ] [ SQL ] SELECT COUNT(*) AS tp_count FROM `bs_order_95` WHERE  `order_state` = 20  AND `mark` = 1 LIMIT 1 [ RunTime:0.001000s ]
[ sql ] [ SQL ] SELECT COUNT(*) AS tp_count FROM `bs_order_95` WHERE  `order_state` = 60  AND `mark` = 1 LIMIT 1 [ RunTime:0.001000s ]
[ sql ] [ SQL ] SHOW COLUMNS FROM `bs_store_console` [ RunTime:0.010001s ]
[ sql ] [ SQL ] SELECT * FROM `bs_store_console` WHERE  `relation_1` = '58'  AND `type` = 11 LIMIT 1 [ RunTime:0.001000s ]
[ sql ] [ SQL ] SHOW COLUMNS FROM `bs_order_58` [ RunTime:0.008000s ]
[ sql ] [ SQL ] SELECT `a`.`order_sn` FROM `bs_order_58` `a` INNER JOIN `bs_order_details_58` `b` ON `a`.`order_sn`=`b`.`order_sn` WHERE  `a`.`mark` = 1  AND `a`.`order_state` >= 20  AND `b`.`warning_tone` = 1  AND `a`.`add_time` BETWEEN '1574179200' AND '1574265599' [ RunTime:0.002000s ]
[ sql ] [ SQL ] SHOW COLUMNS FROM `bs_store` [ RunTime:0.010001s ]
[ sql ] [ SQL ] SELECT COUNT(*) AS tp_count FROM `bs_store` WHERE  `store_cate_id` = 17 LIMIT 1 [ RunTime:0.002000s ]
[ sql ] [ SQL ] SELECT * FROM `bs_store` WHERE  `store_cate_id` = 17 ORDER BY `is_open` ASC,`sort` ASC,`add_time` DESC LIMIT 15,15 [ RunTime:0.002000s ]
---------------------------------------------------------------
[ 2019-11-20T09:41:19+08:00 ] 127.0.0.1 GET www.phpstudy.net/index.php?s=/store/store.shop/edit/store_id/98.html
[ sql ] [ DB ] CONNECT:[ UseTime:0.002001s ] mysql:host=127.0.0.1;port=3306;dbname=lmeri;charset=utf8
[ sql ] [ SQL ] SHOW COLUMNS FROM `bs_store_user_business` [ RunTime:0.008000s ]
[ sql ] [ SQL ] SELECT * FROM `bs_store_user_business` WHERE  `store_user_id` = 52 LIMIT 1 [ RunTime:0.001000s ]
[ sql ] [ SQL ] SHOW COLUMNS FROM `bs_store_user` [ RunTime:0.008000s ]
[ sql ] [ SQL ] SELECT * FROM `bs_store_user` WHERE  `id` = 52 LIMIT 1 [ RunTime:0.001000s ]
[ sql ] [ SQL ] SHOW COLUMNS FROM `bs_order_95` [ RunTime:0.008001s ]
[ sql ] [ SQL ] SELECT COUNT(*) AS tp_count FROM `bs_order_95` WHERE  `order_state` = 20  AND `mark` = 1 LIMIT 1 [ RunTime:0.001000s ]
[ sql ] [ SQL ] SELECT COUNT(*) AS tp_count FROM `bs_order_95` WHERE  `order_state` = 60  AND `mark` = 1 LIMIT 1 [ RunTime:0.000000s ]
[ sql ] [ SQL ] SHOW COLUMNS FROM `bs_store_console` [ RunTime:0.008001s ]
[ sql ] [ SQL ] SELECT * FROM `bs_store_console` WHERE  `relation_1` = '58'  AND `type` = 11 LIMIT 1 [ RunTime:0.002000s ]
[ sql ] [ SQL ] SHOW COLUMNS FROM `bs_order_58` [ RunTime:0.008000s ]
[ sql ] [ SQL ] SELECT `a`.`order_sn` FROM `bs_order_58` `a` INNER JOIN `bs_order_details_58` `b` ON `a`.`order_sn`=`b`.`order_sn` WHERE  `a`.`mark` = 1  AND `a`.`order_state` >= 20  AND `b`.`warning_tone` = 1  AND `a`.`add_time` BETWEEN '1574179200' AND '1574265599' [ RunTime:0.002001s ]
[ sql ] [ SQL ] SHOW COLUMNS FROM `bs_city` [ RunTime:0.009000s ]
[ sql ] [ SQL ] SELECT * FROM `bs_city` WHERE  `parent_id` = 1 [ RunTime:0.002001s ]
[ sql ] [ SQL ] SELECT * FROM `bs_city` WHERE  `parent_id` = 11 [ RunTime:0.002000s ]
[ sql ] [ SQL ] SELECT * FROM `bs_city` WHERE  `parent_id` = 109 [ RunTime:0.002000s ]
---------------------------------------------------------------
[ 2019-11-20T09:41:19+08:00 ] 127.0.0.1 GET www.phpstudy.net/index.php?s=/store/store.shop/index/getpoint/1.html
[ sql ] [ DB ] CONNECT:[ UseTime:0.004000s ] mysql:host=127.0.0.1;port=3306;dbname=lmeri;charset=utf8
[ sql ] [ SQL ] SHOW COLUMNS FROM `bs_store_user_business` [ RunTime:0.008001s ]
[ sql ] [ SQL ] SELECT * FROM `bs_store_user_business` WHERE  `store_user_id` = 52 LIMIT 1 [ RunTime:0.000000s ]
[ sql ] [ SQL ] SHOW COLUMNS FROM `bs_store_user` [ RunTime:0.008000s ]
[ sql ] [ SQL ] SELECT * FROM `bs_store_user` WHERE  `id` = 52 LIMIT 1 [ RunTime:0.001000s ]
[ sql ] [ SQL ] SHOW COLUMNS FROM `bs_order_95` [ RunTime:0.008000s ]
[ sql ] [ SQL ] SELECT COUNT(*) AS tp_count FROM `bs_order_95` WHERE  `order_state` = 20  AND `mark` = 1 LIMIT 1 [ RunTime:0.001000s ]
[ sql ] [ SQL ] SELECT COUNT(*) AS tp_count FROM `bs_order_95` WHERE  `order_state` = 60  AND `mark` = 1 LIMIT 1 [ RunTime:0.000000s ]
[ sql ] [ SQL ] SHOW COLUMNS FROM `bs_store_console` [ RunTime:0.006000s ]
[ sql ] [ SQL ] SELECT * FROM `bs_store_console` WHERE  `relation_1` = '58'  AND `type` = 11 LIMIT 1 [ RunTime:0.001000s ]
[ sql ] [ SQL ] SHOW COLUMNS FROM `bs_order_58` [ RunTime:0.008000s ]
[ sql ] [ SQL ] SELECT `a`.`order_sn` FROM `bs_order_58` `a` INNER JOIN `bs_order_details_58` `b` ON `a`.`order_sn`=`b`.`order_sn` WHERE  `a`.`mark` = 1  AND `a`.`order_state` >= 20  AND `b`.`warning_tone` = 1  AND `a`.`add_time` BETWEEN '1574179200' AND '1574265599' [ RunTime:0.001000s ]
---------------------------------------------------------------
[ 2019-11-20T10:16:20+08:00 ] 127.0.0.1 GET www.phpstudy.net/index.php?s=/store/store.shop/index.html
[ sql ] [ DB ] CONNECT:[ UseTime:0.070004s ] mysql:host=127.0.0.1;port=3306;dbname=lmeri;charset=utf8
[ sql ] [ SQL ] SHOW COLUMNS FROM `bs_store_user_business` [ RunTime:0.036002s ]
[ sql ] [ SQL ] SELECT * FROM `bs_store_user_business` WHERE  `store_user_id` = 52 LIMIT 1 [ RunTime:0.006000s ]
[ sql ] [ SQL ] SHOW COLUMNS FROM `bs_store_user` [ RunTime:0.010001s ]
[ sql ] [ SQL ] SELECT * FROM `bs_store_user` WHERE  `id` = 52 LIMIT 1 [ RunTime:0.002000s ]
[ sql ] [ SQL ] SHOW COLUMNS FROM `bs_order_95` [ RunTime:0.010000s ]
[ sql ] [ SQL ] SELECT COUNT(*) AS tp_count FROM `bs_order_95` WHERE  `order_state` = 20  AND `mark` = 1 LIMIT 1 [ RunTime:0.007001s ]
[ sql ] [ SQL ] SELECT COUNT(*) AS tp_count FROM `bs_order_95` WHERE  `order_state` = 60  AND `mark` = 1 LIMIT 1 [ RunTime:0.001000s ]
[ sql ] [ SQL ] SHOW COLUMNS FROM `bs_store_console` [ RunTime:0.011001s ]
[ sql ] [ SQL ] SELECT * FROM `bs_store_console` WHERE  `relation_1` = '58'  AND `type` = 11 LIMIT 1 [ RunTime:0.002000s ]
[ sql ] [ SQL ] SHOW COLUMNS FROM `bs_order_58` [ RunTime:0.007000s ]
[ sql ] [ SQL ] SELECT `a`.`order_sn` FROM `bs_order_58` `a` INNER JOIN `bs_order_details_58` `b` ON `a`.`order_sn`=`b`.`order_sn` WHERE  `a`.`mark` = 1  AND `a`.`order_state` >= 20  AND `b`.`warning_tone` = 1  AND `a`.`add_time` BETWEEN '1574179200' AND '1574265599' [ RunTime:0.009001s ]
[ sql ] [ SQL ] SHOW COLUMNS FROM `bs_store` [ RunTime:0.012001s ]
[ sql ] [ SQL ] SELECT COUNT(*) AS tp_count FROM `bs_store` WHERE  `store_cate_id` = 17 LIMIT 1 [ RunTime:0.000000s ]
[ sql ] [ SQL ] SELECT * FROM `bs_store` WHERE  `store_cate_id` = 17 ORDER BY `is_open` ASC,`sort` ASC,`add_time` DESC LIMIT 0,15 [ RunTime:0.004001s ]
---------------------------------------------------------------
[ 2019-11-20T10:16:40+08:00 ] 127.0.0.1 GET www.phpstudy.net/index.php?s=/store/store.shop/edit/store_id/196.html
[ sql ] [ DB ] CONNECT:[ UseTime:0.011000s ] mysql:host=127.0.0.1;port=3306;dbname=lmeri;charset=utf8
[ sql ] [ SQL ] SHOW COLUMNS FROM `bs_store_user_business` [ RunTime:0.009001s ]
[ sql ] [ SQL ] SELECT * FROM `bs_store_user_business` WHERE  `store_user_id` = 52 LIMIT 1 [ RunTime:0.001000s ]
[ sql ] [ SQL ] SHOW COLUMNS FROM `bs_store_user` [ RunTime:0.008001s ]
[ sql ] [ SQL ] SELECT * FROM `bs_store_user` WHERE  `id` = 52 LIMIT 1 [ RunTime:0.002000s ]
[ sql ] [ SQL ] SHOW COLUMNS FROM `bs_order_95` [ RunTime:0.007001s ]
[ sql ] [ SQL ] SELECT COUNT(*) AS tp_count FROM `bs_order_95` WHERE  `order_state` = 20  AND `mark` = 1 LIMIT 1 [ RunTime:0.001000s ]
[ sql ] [ SQL ] SELECT COUNT(*) AS tp_count FROM `bs_order_95` WHERE  `order_state` = 60  AND `mark` = 1 LIMIT 1 [ RunTime:0.001000s ]
[ sql ] [ SQL ] SHOW COLUMNS FROM `bs_store_console` [ RunTime:0.008001s ]
[ sql ] [ SQL ] SELECT * FROM `bs_store_console` WHERE  `relation_1` = '58'  AND `type` = 11 LIMIT 1 [ RunTime:0.001000s ]
[ sql ] [ SQL ] SHOW COLUMNS FROM `bs_order_58` [ RunTime:0.010000s ]
[ sql ] [ SQL ] SELECT `a`.`order_sn` FROM `bs_order_58` `a` INNER JOIN `bs_order_details_58` `b` ON `a`.`order_sn`=`b`.`order_sn` WHERE  `a`.`mark` = 1  AND `a`.`order_state` >= 20  AND `b`.`warning_tone` = 1  AND `a`.`add_time` BETWEEN '1574179200' AND '1574265599' [ RunTime:0.001000s ]
[ sql ] [ SQL ] SHOW COLUMNS FROM `bs_city` [ RunTime:0.011000s ]
[ sql ] [ SQL ] SELECT * FROM `bs_city` WHERE  `parent_id` = 1 [ RunTime:0.006001s ]
[ sql ] [ SQL ] SELECT * FROM `bs_city` WHERE  `parent_id` = 13 [ RunTime:0.002000s ]
[ sql ] [ SQL ] SELECT * FROM `bs_city` WHERE  `parent_id` = 137 [ RunTime:0.002000s ]
---------------------------------------------------------------
[ 2019-11-20T10:16:40+08:00 ] 127.0.0.1 GET www.phpstudy.net/index.php?s=/store/store.shop/index/getpoint/1.html
[ sql ] [ DB ] CONNECT:[ UseTime:0.011001s ] mysql:host=127.0.0.1;port=3306;dbname=lmeri;charset=utf8
[ sql ] [ SQL ] SHOW COLUMNS FROM `bs_store_user_business` [ RunTime:0.009000s ]
[ sql ] [ SQL ] SELECT * FROM `bs_store_user_business` WHERE  `store_user_id` = 52 LIMIT 1 [ RunTime:0.001001s ]
[ sql ] [ SQL ] SHOW COLUMNS FROM `bs_store_user` [ RunTime:0.007001s ]
[ sql ] [ SQL ] SELECT * FROM `bs_store_user` WHERE  `id` = 52 LIMIT 1 [ RunTime:0.001000s ]
[ sql ] [ SQL ] SHOW COLUMNS FROM `bs_order_95` [ RunTime:0.007001s ]
[ sql ] [ SQL ] SELECT COUNT(*) AS tp_count FROM `bs_order_95` WHERE  `order_state` = 20  AND `mark` = 1 LIMIT 1 [ RunTime:0.001000s ]
[ sql ] [ SQL ] SELECT COUNT(*) AS tp_count FROM `bs_order_95` WHERE  `order_state` = 60  AND `mark` = 1 LIMIT 1 [ RunTime:0.001000s ]
[ sql ] [ SQL ] SHOW COLUMNS FROM `bs_store_console` [ RunTime:0.008000s ]
[ sql ] [ SQL ] SELECT * FROM `bs_store_console` WHERE  `relation_1` = '58'  AND `type` = 11 LIMIT 1 [ RunTime:0.001000s ]
[ sql ] [ SQL ] SHOW COLUMNS FROM `bs_order_58` [ RunTime:0.007001s ]
[ sql ] [ SQL ] SELECT `a`.`order_sn` FROM `bs_order_58` `a` INNER JOIN `bs_order_details_58` `b` ON `a`.`order_sn`=`b`.`order_sn` WHERE  `a`.`mark` = 1  AND `a`.`order_state` >= 20  AND `b`.`warning_tone` = 1  AND `a`.`add_time` BETWEEN '1574179200' AND '1574265599' [ RunTime:0.001000s ]
---------------------------------------------------------------
[ 2019-11-20T10:17:06+08:00 ] 127.0.0.1 GET www.phpstudy.net/index.php?s=/store/store.shop/edit/store_id/196.html
[ sql ] [ DB ] CONNECT:[ UseTime:0.003000s ] mysql:host=127.0.0.1;port=3306;dbname=lmeri;charset=utf8
[ sql ] [ SQL ] SHOW COLUMNS FROM `bs_store_user_business` [ RunTime:0.009001s ]
[ sql ] [ SQL ] SELECT * FROM `bs_store_user_business` WHERE  `store_user_id` = 52 LIMIT 1 [ RunTime:0.001000s ]
[ sql ] [ SQL ] SHOW COLUMNS FROM `bs_store_user` [ RunTime:0.008001s ]
[ sql ] [ SQL ] SELECT * FROM `bs_store_user` WHERE  `id` = 52 LIMIT 1 [ RunTime:0.001000s ]
[ sql ] [ SQL ] SHOW COLUMNS FROM `bs_order_95` [ RunTime:0.009001s ]
[ sql ] [ SQL ] SELECT COUNT(*) AS tp_count FROM `bs_order_95` WHERE  `order_state` = 20  AND `mark` = 1 LIMIT 1 [ RunTime:0.000000s ]
[ sql ] [ SQL ] SELECT COUNT(*) AS tp_count FROM `bs_order_95` WHERE  `order_state` = 60  AND `mark` = 1 LIMIT 1 [ RunTime:0.000000s ]
[ sql ] [ SQL ] SHOW COLUMNS FROM `bs_store_console` [ RunTime:0.009001s ]
[ sql ] [ SQL ] SELECT * FROM `bs_store_console` WHERE  `relation_1` = '58'  AND `type` = 11 LIMIT 1 [ RunTime:0.002000s ]
[ sql ] [ SQL ] SHOW COLUMNS FROM `bs_order_58` [ RunTime:0.011001s ]
[ sql ] [ SQL ] SELECT `a`.`order_sn` FROM `bs_order_58` `a` INNER JOIN `bs_order_details_58` `b` ON `a`.`order_sn`=`b`.`order_sn` WHERE  `a`.`mark` = 1  AND `a`.`order_state` >= 20  AND `b`.`warning_tone` = 1  AND `a`.`add_time` BETWEEN '1574179200' AND '1574265599' [ RunTime:0.001000s ]
[ sql ] [ SQL ] SHOW COLUMNS FROM `bs_city` [ RunTime:0.012001s ]
[ sql ] [ SQL ] SELECT * FROM `bs_city` WHERE  `parent_id` = 1 [ RunTime:0.002000s ]
[ sql ] [ SQL ] SELECT * FROM `bs_city` WHERE  `parent_id` = 13 [ RunTime:0.005001s ]
[ sql ] [ SQL ] SELECT * FROM `bs_city` WHERE  `parent_id` = 137 [ RunTime:0.002000s ]
---------------------------------------------------------------
[ 2019-11-20T10:17:07+08:00 ] 127.0.0.1 GET www.phpstudy.net/index.php?s=/store/store.shop/index/getpoint/1.html
[ sql ] [ DB ] CONNECT:[ UseTime:0.003000s ] mysql:host=127.0.0.1;port=3306;dbname=lmeri;charset=utf8
[ sql ] [ SQL ] SHOW COLUMNS FROM `bs_store_user_business` [ RunTime:0.007001s ]
[ sql ] [ SQL ] SELECT * FROM `bs_store_user_business` WHERE  `store_user_id` = 52 LIMIT 1 [ RunTime:0.001000s ]
[ sql ] [ SQL ] SHOW COLUMNS FROM `bs_store_user` [ RunTime:0.010001s ]
[ sql ] [ SQL ] SELECT * FROM `bs_store_user` WHERE  `id` = 52 LIMIT 1 [ RunTime:0.002000s ]
[ sql ] [ SQL ] SHOW COLUMNS FROM `bs_order_95` [ RunTime:0.012000s ]
[ sql ] [ SQL ] SELECT COUNT(*) AS tp_count FROM `bs_order_95` WHERE  `order_state` = 20  AND `mark` = 1 LIMIT 1 [ RunTime:0.001001s ]
[ sql ] [ SQL ] SELECT COUNT(*) AS tp_count FROM `bs_order_95` WHERE  `order_state` = 60  AND `mark` = 1 LIMIT 1 [ RunTime:0.001000s ]
[ sql ] [ SQL ] SHOW COLUMNS FROM `bs_store_console` [ RunTime:0.007000s ]
[ sql ] [ SQL ] SELECT * FROM `bs_store_console` WHERE  `relation_1` = '58'  AND `type` = 11 LIMIT 1 [ RunTime:0.001000s ]
[ sql ] [ SQL ] SHOW COLUMNS FROM `bs_order_58` [ RunTime:0.032002s ]
[ sql ] [ SQL ] SELECT `a`.`order_sn` FROM `bs_order_58` `a` INNER JOIN `bs_order_details_58` `b` ON `a`.`order_sn`=`b`.`order_sn` WHERE  `a`.`mark` = 1  AND `a`.`order_state` >= 20  AND `b`.`warning_tone` = 1  AND `a`.`add_time` BETWEEN '1574179200' AND '1574265599' [ RunTime:0.002000s ]
---------------------------------------------------------------
[ 2019-11-20T10:17:13+08:00 ] 127.0.0.1 GET www.phpstudy.net/index.php?s=/store/store.shop/edit/store_id/196.html
[ sql ] [ DB ] CONNECT:[ UseTime:0.020001s ] mysql:host=127.0.0.1;port=3306;dbname=lmeri;charset=utf8
[ sql ] [ SQL ] SHOW COLUMNS FROM `bs_store_user_business` [ RunTime:0.024001s ]
[ sql ] [ SQL ] SELECT * FROM `bs_store_user_business` WHERE  `store_user_id` = 52 LIMIT 1 [ RunTime:0.001001s ]
[ sql ] [ SQL ] SHOW COLUMNS FROM `bs_store_user` [ RunTime:0.013001s ]
[ sql ] [ SQL ] SELECT * FROM `bs_store_user` WHERE  `id` = 52 LIMIT 1 [ RunTime:0.005000s ]
[ sql ] [ SQL ] SHOW COLUMNS FROM `bs_order_95` [ RunTime:0.007000s ]
[ sql ] [ SQL ] SELECT COUNT(*) AS tp_count FROM `bs_order_95` WHERE  `order_state` = 20  AND `mark` = 1 LIMIT 1 [ RunTime:0.001000s ]
[ sql ] [ SQL ] SELECT COUNT(*) AS tp_count FROM `bs_order_95` WHERE  `order_state` = 60  AND `mark` = 1 LIMIT 1 [ RunTime:0.003000s ]
[ sql ] [ SQL ] SHOW COLUMNS FROM `bs_store_console` [ RunTime:0.007000s ]
[ sql ] [ SQL ] SELECT * FROM `bs_store_console` WHERE  `relation_1` = '58'  AND `type` = 11 LIMIT 1 [ RunTime:0.001000s ]
[ sql ] [ SQL ] SHOW COLUMNS FROM `bs_order_58` [ RunTime:0.010001s ]
[ sql ] [ SQL ] SELECT `a`.`order_sn` FROM `bs_order_58` `a` INNER JOIN `bs_order_details_58` `b` ON `a`.`order_sn`=`b`.`order_sn` WHERE  `a`.`mark` = 1  AND `a`.`order_state` >= 20  AND `b`.`warning_tone` = 1  AND `a`.`add_time` BETWEEN '1574179200' AND '1574265599' [ RunTime:0.002000s ]
[ sql ] [ SQL ] SHOW COLUMNS FROM `bs_city` [ RunTime:0.009001s ]
[ sql ] [ SQL ] SELECT * FROM `bs_city` WHERE  `parent_id` = 1 [ RunTime:0.002000s ]
[ sql ] [ SQL ] SELECT * FROM `bs_city` WHERE  `parent_id` = 13 [ RunTime:0.003000s ]
[ sql ] [ SQL ] SELECT * FROM `bs_city` WHERE  `parent_id` = 137 [ RunTime:0.002001s ]
---------------------------------------------------------------
[ 2019-11-20T10:17:14+08:00 ] 127.0.0.1 GET www.phpstudy.net/index.php?s=/store/store.shop/index/getpoint/1.html
[ sql ] [ DB ] CONNECT:[ UseTime:0.002000s ] mysql:host=127.0.0.1;port=3306;dbname=lmeri;charset=utf8
[ sql ] [ SQL ] SHOW COLUMNS FROM `bs_store_user_business` [ RunTime:0.008001s ]
[ sql ] [ SQL ] SELECT * FROM `bs_store_user_business` WHERE  `store_user_id` = 52 LIMIT 1 [ RunTime:0.001000s ]
[ sql ] [ SQL ] SHOW COLUMNS FROM `bs_store_user` [ RunTime:0.010001s ]
[ sql ] [ SQL ] SELECT * FROM `bs_store_user` WHERE  `id` = 52 LIMIT 1 [ RunTime:0.001000s ]
[ sql ] [ SQL ] SHOW COLUMNS FROM `bs_order_95` [ RunTime:0.011001s ]
[ sql ] [ SQL ] SELECT COUNT(*) AS tp_count FROM `bs_order_95` WHERE  `order_state` = 20  AND `mark` = 1 LIMIT 1 [ RunTime:0.001000s ]
[ sql ] [ SQL ] SELECT COUNT(*) AS tp_count FROM `bs_order_95` WHERE  `order_state` = 60  AND `mark` = 1 LIMIT 1 [ RunTime:0.001000s ]
[ sql ] [ SQL ] SHOW COLUMNS FROM `bs_store_console` [ RunTime:0.007001s ]
[ sql ] [ SQL ] SELECT * FROM `bs_store_console` WHERE  `relation_1` = '58'  AND `type` = 11 LIMIT 1 [ RunTime:0.000000s ]
[ sql ] [ SQL ] SHOW COLUMNS FROM `bs_order_58` [ RunTime:0.018001s ]
[ sql ] [ SQL ] SELECT `a`.`order_sn` FROM `bs_order_58` `a` INNER JOIN `bs_order_details_58` `b` ON `a`.`order_sn`=`b`.`order_sn` WHERE  `a`.`mark` = 1  AND `a`.`order_state` >= 20  AND `b`.`warning_tone` = 1  AND `a`.`add_time` BETWEEN '1574179200' AND '1574265599' [ RunTime:0.001000s ]
---------------------------------------------------------------
[ 2019-11-20T10:19:10+08:00 ] 127.0.0.1 GET www.phpstudy.net/index.php?s=/store/store.shop/edit/store_id/196.html
[ sql ] [ DB ] CONNECT:[ UseTime:0.007001s ] mysql:host=127.0.0.1;port=3306;dbname=lmeri;charset=utf8
[ sql ] [ SQL ] SHOW COLUMNS FROM `bs_store_user_business` [ RunTime:0.011000s ]
[ sql ] [ SQL ] SELECT * FROM `bs_store_user_business` WHERE  `store_user_id` = 52 LIMIT 1 [ RunTime:0.002000s ]
[ sql ] [ SQL ] SHOW COLUMNS FROM `bs_store_user` [ RunTime:0.008000s ]
[ sql ] [ SQL ] SELECT * FROM `bs_store_user` WHERE  `id` = 52 LIMIT 1 [ RunTime:0.003001s ]
[ sql ] [ SQL ] SHOW COLUMNS FROM `bs_order_95` [ RunTime:0.007000s ]
[ sql ] [ SQL ] SELECT COUNT(*) AS tp_count FROM `bs_order_95` WHERE  `order_state` = 20  AND `mark` = 1 LIMIT 1 [ RunTime:0.001000s ]
[ sql ] [ SQL ] SELECT COUNT(*) AS tp_count FROM `bs_order_95` WHERE  `order_state` = 60  AND `mark` = 1 LIMIT 1 [ RunTime:0.001000s ]
[ sql ] [ SQL ] SHOW COLUMNS FROM `bs_store_console` [ RunTime:0.012001s ]
[ sql ] [ SQL ] SELECT * FROM `bs_store_console` WHERE  `relation_1` = '58'  AND `type` = 11 LIMIT 1 [ RunTime:0.001000s ]
[ sql ] [ SQL ] SHOW COLUMNS FROM `bs_order_58` [ RunTime:0.008000s ]
[ sql ] [ SQL ] SELECT `a`.`order_sn` FROM `bs_order_58` `a` INNER JOIN `bs_order_details_58` `b` ON `a`.`order_sn`=`b`.`order_sn` WHERE  `a`.`mark` = 1  AND `a`.`order_state` >= 20  AND `b`.`warning_tone` = 1  AND `a`.`add_time` BETWEEN '1574179200' AND '1574265599' [ RunTime:0.002000s ]
[ sql ] [ SQL ] SHOW COLUMNS FROM `bs_city` [ RunTime:0.007000s ]
[ sql ] [ SQL ] SELECT * FROM `bs_city` WHERE  `parent_id` = 1 [ RunTime:0.002000s ]
[ sql ] [ SQL ] SELECT * FROM `bs_city` WHERE  `parent_id` = 13 [ RunTime:0.003001s ]
[ sql ] [ SQL ] SELECT * FROM `bs_city` WHERE  `parent_id` = 137 [ RunTime:0.003000s ]
---------------------------------------------------------------
[ 2019-11-20T10:19:11+08:00 ] 127.0.0.1 GET www.phpstudy.net/index.php?s=/store/store.shop/index/getpoint/1.html
[ sql ] [ DB ] CONNECT:[ UseTime:0.008000s ] mysql:host=127.0.0.1;port=3306;dbname=lmeri;charset=utf8
[ sql ] [ SQL ] SHOW COLUMNS FROM `bs_store_user_business` [ RunTime:0.008001s ]
[ sql ] [ SQL ] SELECT * FROM `bs_store_user_business` WHERE  `store_user_id` = 52 LIMIT 1 [ RunTime:0.001000s ]
[ sql ] [ SQL ] SHOW COLUMNS FROM `bs_store_user` [ RunTime:0.007000s ]
[ sql ] [ SQL ] SELECT * FROM `bs_store_user` WHERE  `id` = 52 LIMIT 1 [ RunTime:0.002000s ]
[ sql ] [ SQL ] SHOW COLUMNS FROM `bs_order_95` [ RunTime:0.007001s ]
[ sql ] [ SQL ] SELECT COUNT(*) AS tp_count FROM `bs_order_95` WHERE  `order_state` = 20  AND `mark` = 1 LIMIT 1 [ RunTime:0.002000s ]
[ sql ] [ SQL ] SELECT COUNT(*) AS tp_count FROM `bs_order_95` WHERE  `order_state` = 60  AND `mark` = 1 LIMIT 1 [ RunTime:0.001000s ]
[ sql ] [ SQL ] SHOW COLUMNS FROM `bs_store_console` [ RunTime:0.007001s ]
[ sql ] [ SQL ] SELECT * FROM `bs_store_console` WHERE  `relation_1` = '58'  AND `type` = 11 LIMIT 1 [ RunTime:0.001000s ]
[ sql ] [ SQL ] SHOW COLUMNS FROM `bs_order_58` [ RunTime:0.009000s ]
[ sql ] [ SQL ] SELECT `a`.`order_sn` FROM `bs_order_58` `a` INNER JOIN `bs_order_details_58` `b` ON `a`.`order_sn`=`b`.`order_sn` WHERE  `a`.`mark` = 1  AND `a`.`order_state` >= 20  AND `b`.`warning_tone` = 1  AND `a`.`add_time` BETWEEN '1574179200' AND '1574265599' [ RunTime:0.001000s ]
---------------------------------------------------------------
[ 2019-11-20T10:22:58+08:00 ] 127.0.0.1 GET www.phpstudy.net/index.php?s=/store/store.shop/edit/store_id/196.html
[ sql ] [ DB ] CONNECT:[ UseTime:0.046003s ] mysql:host=127.0.0.1;port=3306;dbname=lmeri;charset=utf8
[ sql ] [ SQL ] SHOW COLUMNS FROM `bs_store_user_business` [ RunTime:0.014001s ]
[ sql ] [ SQL ] SELECT * FROM `bs_store_user_business` WHERE  `store_user_id` = 52 LIMIT 1 [ RunTime:0.000000s ]
[ sql ] [ SQL ] SHOW COLUMNS FROM `bs_store_user` [ RunTime:0.014000s ]
[ sql ] [ SQL ] SELECT * FROM `bs_store_user` WHERE  `id` = 52 LIMIT 1 [ RunTime:0.001000s ]
[ sql ] [ SQL ] SHOW COLUMNS FROM `bs_order_95` [ RunTime:0.016001s ]
[ sql ] [ SQL ] SELECT COUNT(*) AS tp_count FROM `bs_order_95` WHERE  `order_state` = 20  AND `mark` = 1 LIMIT 1 [ RunTime:0.001000s ]
[ sql ] [ SQL ] SELECT COUNT(*) AS tp_count FROM `bs_order_95` WHERE  `order_state` = 60  AND `mark` = 1 LIMIT 1 [ RunTime:0.001000s ]
[ sql ] [ SQL ] SHOW COLUMNS FROM `bs_store_console` [ RunTime:0.016001s ]
[ sql ] [ SQL ] SELECT * FROM `bs_store_console` WHERE  `relation_1` = '58'  AND `type` = 11 LIMIT 1 [ RunTime:0.005000s ]
[ sql ] [ SQL ] SHOW COLUMNS FROM `bs_order_58` [ RunTime:0.020001s ]
[ sql ] [ SQL ] SELECT `a`.`order_sn` FROM `bs_order_58` `a` INNER JOIN `bs_order_details_58` `b` ON `a`.`order_sn`=`b`.`order_sn` WHERE  `a`.`mark` = 1  AND `a`.`order_state` >= 20  AND `b`.`warning_tone` = 1  AND `a`.`add_time` BETWEEN '1574179200' AND '1574265599' [ RunTime:0.017001s ]
[ sql ] [ SQL ] SHOW COLUMNS FROM `bs_city` [ RunTime:0.014000s ]
[ sql ] [ SQL ] SELECT * FROM `bs_city` WHERE  `parent_id` = 1 [ RunTime:0.002001s ]
[ sql ] [ SQL ] SELECT * FROM `bs_city` WHERE  `parent_id` = 13 [ RunTime:0.002000s ]
[ sql ] [ SQL ] SELECT * FROM `bs_city` WHERE  `parent_id` = 137 [ RunTime:0.002000s ]
---------------------------------------------------------------
[ 2019-11-20T10:22:59+08:00 ] 127.0.0.1 GET www.phpstudy.net/index.php?s=/store/store.shop/index/getpoint/1.html
[ sql ] [ DB ] CONNECT:[ UseTime:0.007000s ] mysql:host=127.0.0.1;port=3306;dbname=lmeri;charset=utf8
[ sql ] [ SQL ] SHOW COLUMNS FROM `bs_store_user_business` [ RunTime:0.020002s ]
[ sql ] [ SQL ] SELECT * FROM `bs_store_user_business` WHERE  `store_user_id` = 52 LIMIT 1 [ RunTime:0.001000s ]
[ sql ] [ SQL ] SHOW COLUMNS FROM `bs_store_user` [ RunTime:0.007001s ]
[ sql ] [ SQL ] SELECT * FROM `bs_store_user` WHERE  `id` = 52 LIMIT 1 [ RunTime:0.001000s ]
[ sql ] [ SQL ] SHOW COLUMNS FROM `bs_order_95` [ RunTime:0.009001s ]
[ sql ] [ SQL ] SELECT COUNT(*) AS tp_count FROM `bs_order_95` WHERE  `order_state` = 20  AND `mark` = 1 LIMIT 1 [ RunTime:0.007000s ]
[ sql ] [ SQL ] SELECT COUNT(*) AS tp_count FROM `bs_order_95` WHERE  `order_state` = 60  AND `mark` = 1 LIMIT 1 [ RunTime:0.000000s ]
[ sql ] [ SQL ] SHOW COLUMNS FROM `bs_store_console` [ RunTime:0.011001s ]
[ sql ] [ SQL ] SELECT * FROM `bs_store_console` WHERE  `relation_1` = '58'  AND `type` = 11 LIMIT 1 [ RunTime:0.002000s ]
[ sql ] [ SQL ] SHOW COLUMNS FROM `bs_order_58` [ RunTime:0.012001s ]
[ sql ] [ SQL ] SELECT `a`.`order_sn` FROM `bs_order_58` `a` INNER JOIN `bs_order_details_58` `b` ON `a`.`order_sn`=`b`.`order_sn` WHERE  `a`.`mark` = 1  AND `a`.`order_state` >= 20  AND `b`.`warning_tone` = 1  AND `a`.`add_time` BETWEEN '1574179200' AND '1574265599' [ RunTime:0.002000s ]
